MPASM  5.35                  ENVIA_SERIAL.ASM   5-9-2011  22:16:45         PAGE  1


LOC  OBJECT CODE     LINE SOURCE TEXT
  VALUE

                      00001 ;CÓDIGO BASE
                      00002 ;PIC16F628A
                      00003 ;OSCILADOR INTERNO 4MHZ
                      00004 ;PROF. IVAIR TEIXERA
                      00005 
                      00006 ; ******************************************************************************
                      00007 ;                         CONFIGURAÇÃO DO MICROCONTROLADOR.
                      00008 ; ******************************************************************************
                      00009     LIST                P=16F628A                 ;INFORMA O PIC UTILIZADO. 
                      00010     INCLUDE     <P16F628A.INC>            ;INCLUSÃO DA BIBLIOTECA.
                      00001         LIST
                      00002 ; P16F628A.INC  Standard Header File, Version 1.10    Microchip Technology, Inc.
                      00265         LIST
                      00266 
2007   3F18           00011     __CONFIG    _CP_OFF & _WDT_OFF & _PWRTE_OFF & _BODEN_OFF & _MCLRE_OFF   &   _INTRC_OSC_NOCLKOUT   & 
                              _LVP_OFF 
                      00012                 ;ATENÇÃO O CONFIG TEM QUE SER EM UMA ÚNICA LINHA.
                      00013     ERRORLEVEL  -302                      ;RETIRA MSG OPERAÇÃO NO BANCO 1.
                      00014 
                      00015 ; ******************************************************************************
                      00016 ;                          DECLARAÇÃO DE VARIÁVEIS E CONSTANTES.
                      00017 ; ******************************************************************************
                      00018     
                      00019     CBLOCK 0X20                         ;0X20 É O INÍCIO DA MEMÓRIA RAM
  00000020            00020         T1                                              ;T1 NO ENDEREÇO 0X20
  00000021            00021          T2
  00000022            00022         DADO_RX 
                      00023                         
                      00024     ENDC
                      00025                 #DEFINE BEEP PORTB,0
                      00026         ; ******************************************************************************
                      00027 ;                          VETORES DE RESET E INTERRUPÇÃO.
                      00028 ; ******************************************************************************
                      00029 
0000                  00030     ORG 0X00                                    ;A EXECUÇÃO INICIA NESSE ENDEREÇO.
0000   2851           00031     GOTO           INICIO                   ;VAI PARA A SUB-ROTINA INÍCIO. 
                      00032         
0004                  00033     ORG 0X04                            ;VEM NESSE ENDEREÇO COM A INTERRUPÇÃO.
0004   0009           00034     RETFIE                                  ;RETORNA DA INTERRUPÇÃO.
                      00035 
                      00036 ; ******************************************************************************
                      00037 ;                                 ROTINAS GERAIS.
                      00038 ; ******************************************************************************
                      00039 
                      00040 
0005                  00041 TESTE
0005   1406           00042         BSF             BEEP
0006   2048           00043         CALL            TEMPO
0007   1006           00044         BCF             BEEP
0008   3050           00045         MOVLW    'P'
0009   2041           00046         CALL             TRANSMITE
000A   2048           00047         CALL             TEMPO
000B   3049           00048         MOVLW    'I'
MPASM  5.35                  ENVIA_SERIAL.ASM   5-9-2011  22:16:45         PAGE  2


LOC  OBJECT CODE     LINE SOURCE TEXT
  VALUE

000C   2041           00049         CALL            TRANSMITE
000D   2048           00050         CALL             TEMPO
000E   3043           00051         MOVLW   'C'
000F   2041           00052         CALL            TRANSMITE
0010   2048           00053         CALL            TEMPO
0011   3031           00054         MOVLW    '1'
0012   2041           00055         CALL             TRANSMITE
0013   2048           00056         CALL            TEMPO
0014   3036           00057         MOVLW    '6'
0015   2041           00058         CALL             TRANSMITE
0016   2048           00059         CALL            TEMPO
0017   3046           00060         MOVLW    'F'
0018   2041           00061         CALL            TRANSMITE
0019   2048           00062         CALL            TEMPO
001A   3036           00063         MOVLW   '6'
001B   2041           00064         CALL            TRANSMITE
001C   2048           00065         CALL            TEMPO
001D   3032           00066         MOVLW    '2'
001E   2041           00067         CALL            TRANSMITE
001F   2048           00068         CALL            TEMPO
0020   3038           00069         MOVLW    '8'
0021   2041           00070         CALL            TRANSMITE
0022   2048           00071         CALL            TEMPO
0023   3041           00072         MOVLW   'A'
0024   2041           00073         CALL            TRANSMITE
0025   2048           00074         CALL            TEMPO
0026   1406           00075         BSF              BEEP
0027   2048           00076       CALL              TEMPO
0028   1006           00077         BCF             BEEP
0029   282A           00078         GOTO            PRINCIPAL
                      00079 
002A                  00080 PRINCIPAL
002A   1E8C           00081         BTFSS                   PIR1,RCIF
002B   282A           00082         GOTO                    $-1
002C   2031           00083         CALL                    RECEBE
002D   2035           00084         CALL                    DECODIFICA
002E   00A2           00085         MOVWF           DADO_RX
002F   2045           00086         CALL                    DISPLAY
0030   282A           00087         GOTO                    PRINCIPAL
                      00088 
0031                  00089 RECEBE
0031   3030           00090         MOVLW   .48
0032   021A           00091         SUBWF           RCREG,W
0033   00A2           00092         MOVWF   DADO_RX
0034   0008           00093         RETURN
                      00094 
0035                  00095 DECODIFICA
0035   0822           00096         MOVF                    DADO_RX,W
0036   0782           00097         ADDWF           PCL,F 
0037   3400           00098         RETLW                   B'00000000'
0038   3480           00099         RETLW           B'10000000' 
0039   3440           00100         RETLW           B'01000000' 
003A   34C0           00101         RETLW                   B'11000000' 
MPASM  5.35                  ENVIA_SERIAL.ASM   5-9-2011  22:16:45         PAGE  3


LOC  OBJECT CODE     LINE SOURCE TEXT
  VALUE

003B   3420           00102         RETLW           B'00100000' 
003C   34A0           00103         RETLW           B'10100000'
003D   3460           00104         RETLW           B'01100000'
003E   34E0           00105         RETLW           B'11100000'
003F   3410           00106         RETLW           B'00010000'
0040   3490           00107         RETLW           B'10010000'
                      00108 
0041                  00109 TRANSMITE
0041   0099           00110         MOVWF   TXREG
0042   1E0C           00111         BTFSS           PIR1,TXIF
0043   2842           00112         GOTO            $-1
0044   0008           00113         RETURN
                      00114 
0045                  00115 DISPLAY
0045   0822           00116         MOVF            DADO_RX,W
0046   0086           00117         MOVWF   PORTB
0047   0008           00118         RETURN
                      00119 
                      00120 
                      00121 
                      00122 ; ******************************************************************************
                      00123 ;                                 ROTINAS DE TEMPORIZAÇÃO.
                      00124 ; ******************************************************************************
                      00125 
0048                  00126 TEMPO                               ;TEMPO DE 196MS
0048   30FF           00127     MOVLW       .255
0049   00A1           00128     MOVWF       T2                                  ;INICIALIZA T2 COM 255
004A   30FF           00129     MOVLW       .255
004B   00A0           00130     MOVWF       T1                      ;INICIALIZA T1 COM 255
004C   0BA0           00131     DECFSZ      T1, F                           ;DECREMENTA T1 E SALTA SE T1 = 0
004D   284C           00132     GOTO        $-1                                 ;VOLTA UMA LINHA
004E   0BA1           00133     DECFSZ      T2, F
004F   284A           00134     GOTO        $-5
0050   0008           00135     RETURN                                          ;RETORNA DA CHAMADA CALL
                      00136 
                      00137 ; ******************************************************************************
                      00138 ;                               CONFIGURAÇÃO INICIAL.
                      00139 ; ******************************************************************************
0051                  00140 INICIO
0051   1683           00141         BSF             STATUS,RP0 ;MUDA PARA O BANCO 1
0052   0185           00142         CLRF            PORTA ;PORTA TODO SAÍDA
0053   3002           00143         MOVLW    B'00000010'
0054   0086           00144         MOVWF   TRISB ;PORTB,1 ENTRADA, RESTANTE SAÍDA
0055   1698           00145         BSF             TXSTA, TXEN ;HABILITA A TRANSMISSÃO SERIAL
0056   1498           00146         BSF              TXSTA, TRMT ;LIMPA O REGISTRADOR DE TRANSMISSÃO
0057   1518           00147         BSF             TXSTA, BRGH ;MODO ALTA VELOCIDADE
0058   3019           00148         MOVLW   .25 ;BAUD RATE PARA 9.600 BPS
0059   0099           00149         MOVWF   SPBRG ;
005A   1283           00150         BCF             STATUS,RP0 ;VOLTA PARA O BANCO 0
005B   3007           00151         MOVLW   B'00000111' ;DESABILITA OS...
005C   009F           00152         MOVWF   CMCON ;... COMPARADORES ANALÓGICOS
005D   1798           00153         BSF             RCSTA,SPEN ;HABILITA A COMUNICAÇÃO SERIAL
005E   1618           00154         BSF             RCSTA,CREN ;HABILITA A RECEPÇÃO CONTÍNUA
MPASM  5.35                  ENVIA_SERIAL.ASM   5-9-2011  22:16:45         PAGE  4


LOC  OBJECT CODE     LINE SOURCE TEXT
  VALUE

005F   0185           00155         CLRF            PORTA                       ;INICIALIZA PORTA COM 0
0060   0186           00156       CLRF              PORTB                           
0061   2805           00157      GOTO               TESTE                           ;VAI PARA A ROTINA PRINCIPAL    
Warning[205]: Found directive in column 1. (END)
                      00158 END
MPASM  5.35                  ENVIA_SERIAL.ASM   5-9-2011  22:16:45         PAGE  5


SYMBOL TABLE
  LABEL                             VALUE 

ADEN                              00000003
BEEP                              PORTB,0
BRGH                              00000002
C                                 00000000
C1INV                             00000004
C1OUT                             00000006
C2INV                             00000005
C2OUT                             00000007
CCP1CON                           00000017
CCP1IE                            00000002
CCP1IF                            00000002
CCP1M0                            00000000
CCP1M1                            00000001
CCP1M2                            00000002
CCP1M3                            00000003
CCP1X                             00000005
CCP1Y                             00000004
CCPR1H                            00000016
CCPR1L                            00000015
CIS                               00000003
CM0                               00000000
CM1                               00000001
CM2                               00000002
CMCON                             0000001F
CMIE                              00000006
CMIF                              00000006
CREN                              00000004
CSRC                              00000007
DADO_RX                           00000022
DC                                00000001
DECODIFICA                        00000035
DISPLAY                           00000045
EEADR                             0000009B
EECON1                            0000009C
EECON2                            0000009D
EEDATA                            0000009A
EEIE                              00000007
EEIF                              00000007
F                                 00000001
FERR                              00000002
FSR                               00000004
GIE                               00000007
INDF                              00000000
INICIO                            00000051
INTCON                            0000000B
INTE                              00000004
INTEDG                            00000006
INTF                              00000001
IRP                               00000007
NOT_BO                            00000000
NOT_BOD                           00000000
NOT_BOR                           00000000
NOT_PD                            00000003
MPASM  5.35                  ENVIA_SERIAL.ASM   5-9-2011  22:16:45         PAGE  6


SYMBOL TABLE
  LABEL                             VALUE 

NOT_POR                           00000001
NOT_RBPU                          00000007
NOT_T1SYNC                        00000002
NOT_TO                            00000004
OERR                              00000001
OPTION_REG                        00000081
OSCF                              00000003
PCL                               00000002
PCLATH                            0000000A
PCON                              0000008E
PEIE                              00000006
PIE1                              0000008C
PIR1                              0000000C
PORTA                             00000005
PORTB                             00000006
PR2                               00000092
PRINCIPAL                         0000002A
PS0                               00000000
PS1                               00000001
PS2                               00000002
PSA                               00000003
RBIE                              00000003
RBIF                              00000000
RCIE                              00000005
RCIF                              00000005
RCREG                             0000001A
RCSTA                             00000018
RD                                00000000
RECEBE                            00000031
RP0                               00000005
RP1                               00000006
RX9                               00000006
RX9D                              00000000
SPBRG                             00000099
SPEN                              00000007
SREN                              00000005
STATUS                            00000003
SYNC                              00000004
T0CS                              00000005
T0IE                              00000005
T0IF                              00000002
T0SE                              00000004
T1                                00000020
T1CKPS0                           00000004
T1CKPS1                           00000005
T1CON                             00000010
T1OSCEN                           00000003
T2                                00000021
T2CKPS0                           00000000
T2CKPS1                           00000001
T2CON                             00000012
TEMPO                             00000048
TESTE                             00000005
MPASM  5.35                  ENVIA_SERIAL.ASM   5-9-2011  22:16:45         PAGE  7


SYMBOL TABLE
  LABEL                             VALUE 

TMR0                              00000001
TMR1CS                            00000001
TMR1H                             0000000F
TMR1IE                            00000000
TMR1IF                            00000000
TMR1L                             0000000E
TMR1ON                            00000000
TMR2                              00000011
TMR2IE                            00000001
TMR2IF                            00000001
TMR2ON                            00000002
TOUTPS0                           00000003
TOUTPS1                           00000004
TOUTPS2                           00000005
TOUTPS3                           00000006
TRANSMITE                         00000041
TRISA                             00000085
TRISB                             00000086
TRMT                              00000001
TX9                               00000006
TX9D                              00000000
TXEN                              00000005
TXIE                              00000004
TXIF                              00000004
TXREG                             00000019
TXSTA                             00000098
VR0                               00000000
VR1                               00000001
VR2                               00000002
VR3                               00000003
VRCON                             0000009F
VREN                              00000007
VROE                              00000006
VRR                               00000005
W                                 00000000
WR                                00000001
WREN                              00000002
WRERR                             00000003
Z                                 00000002
_BODEN_OFF                        00003FBF
_BODEN_ON                         00003FFF
_BOREN_OFF                        00003FBF
_BOREN_ON                         00003FFF
_CP_OFF                           00003FFF
_CP_ON                            00001FFF
_DATA_CP_OFF                      00003FFF
_DATA_CP_ON                       00003EFF
_ER_OSC_CLKOUT                    00003FFF
_ER_OSC_NOCLKOUT                  00003FFE
_EXTCLK_OSC                       00003FEF
_HS_OSC                           00003FEE
_INTOSC_OSC_CLKOUT                00003FFD
_INTOSC_OSC_NOCLKOUT              00003FFC
MPASM  5.35                  ENVIA_SERIAL.ASM   5-9-2011  22:16:45         PAGE  8


SYMBOL TABLE
  LABEL                             VALUE 

_INTRC_OSC_CLKOUT                 00003FFD
_INTRC_OSC_NOCLKOUT               00003FFC
_LP_OSC                           00003FEC
_LVP_OFF                          00003F7F
_LVP_ON                           00003FFF
_MCLRE_OFF                        00003FDF
_MCLRE_ON                         00003FFF
_PWRTE_OFF                        00003FFF
_PWRTE_ON                         00003FF7
_RC_OSC_CLKOUT                    00003FFF
_RC_OSC_NOCLKOUT                  00003FFE
_WDT_OFF                          00003FFB
_WDT_ON                           00003FFF
_XT_OSC                           00003FED
__16F628A                         00000001
__DEBUG                           1


MEMORY USAGE MAP ('X' = Used,  '-' = Unused)

0000 : X---XXXXXXXXXXXX XXXXXXXXXXXXXXXX XXXXXXXXXXXXXXXX XXXXXXXXXXXXXXXX
0040 : XXXXXXXXXXXXXXXX XXXXXXXXXXXXXXXX XX-------------- ----------------
2000 : -------X-------- ---------------- ---------------- ----------------

All other memory blocks unused.

Program Memory Words Used:    95
Program Memory Words Free:  1953


Errors   :     0
Warnings :     1 reported,     0 suppressed
Messages :     0 reported,     5 suppressed

