MPASM  5.14                        ALARME.ASM   3-28-2011  21:50:14         PAGE  1


LOC  OBJECT CODE     LINE SOURCE TEXT
  VALUE

                      00001 ;CÓDIGO BASE
                      00002 ;PIC16F628A
                      00003 ;OSCILADOR INTERNO 4MHZ
                      00004 ;PROF. IVAIR TEIXERA
                      00005 
                      00006 ; ******************************************************************************
                      00007 ;                         CONFIGURAÇÃO DO MICROCONTROLADOR.
                      00008 ; ******************************************************************************
                      00009     LIST                P=16F628A                 ;INFORMA O PIC UTILIZADO. 
                      00010     INCLUDE     <P16F628A.INC>            ;INCLUSÃO DA BIBLIOTECA.
                      00001         LIST
                      00002 ; P16F628A.INC  Standard Header File, Version 1.10    Microchip Technology, Inc.
                      00265         LIST
                      00266 
2007   3F18           00011     __CONFIG    _CP_OFF & _WDT_OFF & _PWRTE_OFF & _BODEN_OFF & _MCLRE_OFF   &   _INTRC_OSC_NOCLKOUT   & 
                              _LVP_OFF 
                      00012                 ;ATENÇÃO O CONFIG TEM QUE SER EM UMA ÚNICA LINHA.
                      00013     ERRORLEVEL  -302                      ;RETIRA MSG OPERAÇÃO NO BANCO 1.
                      00014 
                      00015 ; ******************************************************************************
                      00016 ;                          DECLARAÇÃO DE VARIÁVEIS E CONSTANTES.
                      00017 ; ******************************************************************************
                      00018     
                      00019     CBLOCK 0X20                         ;0X20 É O INÍCIO DA MEMÓRIA RAM
  00000020            00020         T1                                  ;T1 NO ENDEREÇO 0X20
  00000021            00021         T2                                  ;T2 NO ENDEREÇO 0X21
  00000022            00022                 T3                          ;T3 NO ENDEREÇO 0X22
  00000023            00023                 T4                          ;T4 NO ENDEREÇO 0X23 CONTADOR PARA OS TEMPOS
                      00024     ENDC
                      00025     #DEFINE     PORTAS PORTA,1      ;BOTAO PARA ACIONAR AS PORTAS
                      00026         #DEFINE         IGNICAO PORTB,0         ;BOTAO DE IGNIÇÃO
                      00027         #DEFINE         FAROIS PORTB,3          ;BOTAO DE FAROIS
                      00028         #DEFINE     SIRENE PORTB,4              ;BOTAO DA SIRENE
                      00029 
                      00030 
                      00031 ; ******************************************************************************
                      00032 ;                          VETORES DE RESET E INTERRUPÇÃO.
                      00033 ; ******************************************************************************
                      00034 
0000                  00035     ORG 0X00                                    ;A EXECUÇÃO INICIA NESSE ENDEREÇO.
0000   2835           00036     GOTO           INICIO                   ;VAI PARA A SUB-ROTINA INÍCIO. 
                      00037         
0004                  00038     ORG 0X04                            ;VEM NESSE ENDEREÇO COM A INTERRUPÇÃO.
0004   0009           00039     RETFIE                                  ;RETORNA DA INTERRUPÇÃO.
                      00040 
                      00041 ; ******************************************************************************
                      00042 ;                                 ROTINAS GERAIS.
                      00043 ; ******************************************************************************
0005                  00044 TEMPO_SAIDA
0005   3003           00045         MOVLW   .3
0006   00A3           00046         MOVWF   T4
0007   2028           00047         CALL    TEMPO_2S
0008   0BA3           00048         DECFSZ  T4, F
MPASM  5.14                        ALARME.ASM   3-28-2011  21:50:14         PAGE  2


LOC  OBJECT CODE     LINE SOURCE TEXT
  VALUE

0009   2807           00049         GOTO    $-2
000A   1586           00050         BSF     FAROIS 
000B   1606           00051         BSF     SIRENE
000C   201F           00052         CALL    TEMPO_200MS
000D   1186           00053         BCF     FAROIS
000E   1206           00054         BCF             SIRENE
                      00055         
                      00056 
000F                  00057 MONITORAR_PORTAS
000F   1C85           00058         BTFSS   PORTAS
0010   280F           00059         GOTO    MONITORAR_PORTAS
0011   2812           00060         GOTO    TEMPO_ENTRADA
                      00061 
0012                  00062 TEMPO_ENTRADA
0012   2028           00063         CALL    TEMPO_2S
0013   2028           00064         CALL    TEMPO_2S
0014   2815           00065         GOTO    DISPARO
                      00066 
0015                  00067 DISPARO
0015   1586           00068         BSF             FAROIS
0016   1606           00069         BSF             SIRENE
0017   1406           00070         BSF             IGNICAO
0018   201F           00071         CALL    TEMPO_200MS
0019   201F           00072         CALL    TEMPO_200MS
001A   1186           00073         BCF             FAROIS
001B   1206           00074         BCF             SIRENE
001C   201F           00075         CALL    TEMPO_200MS
001D   201F           00076         CALL    TEMPO_200MS
001E   2815           00077         GOTO    DISPARO
                      00078 
                      00079 ; ******************************************************************************
                      00080 ;                                 ROTINAS DE TEMPORIZAÇÃO.
                      00081 ; ******************************************************************************
                      00082 
001F                  00083 TEMPO_200MS                         ;TEMPO DE 196MS
001F   30FF           00084     MOVLW       .255
0020   00A1           00085     MOVWF       T2                                  ;INICIALIZA T2 COM 255
0021   30FF           00086     MOVLW       .255
0022   00A0           00087     MOVWF       T1                      ;INICIALIZA T1 COM 255
0023   0BA0           00088     DECFSZ      T1, F                           ;DECREMENTA T1 E SALTA SE T1 = 0
0024   2823           00089     GOTO        $-1                                 ;VOLTA UMA LINHA
0025   0BA1           00090     DECFSZ      T2, F
0026   2821           00091     GOTO        $-5
0027   0008           00092     RETURN                                          ;RETORNA DA CHAMADA CALL
                      00093 
0028                  00094 TEMPO_2S                               ;TEMPO DE 196MS
0028   3018           00095     MOVLW   .24
0029   00A2           00096         MOVWF   T3 
002A   30A6           00097         MOVLW   .166
002B   00A1           00098     MOVWF       T2                                  ;INICIALIZA T2 COM 255
002C   30A6           00099     MOVLW       .166
002D   00A0           00100     MOVWF       T1                      ;INICIALIZA T1 COM 255
002E   0BA0           00101     DECFSZ      T1, F                           ;DECREMENTA T1 E SALTA SE T1 = 0
MPASM  5.14                        ALARME.ASM   3-28-2011  21:50:14         PAGE  3


LOC  OBJECT CODE     LINE SOURCE TEXT
  VALUE

002F   282E           00102     GOTO        $-1                                 ;VOLTA UMA LINHA
0030   0BA1           00103     DECFSZ      T2, F
0031   282C           00104     GOTO        $-5
0032   0BA2           00105         DECFSZ  T3, F
0033   282A           00106         GOTO    $-9
0034   0008           00107     RETURN                                          ;RETORNA DA CHAMADA CALL
                      00108 
                      00109 
                      00110 ; ******************************************************************************
                      00111 ;                               CONFIGURAÇÃO INICIAL.
                      00112 ; ******************************************************************************
0035                  00113 INICIO
0035   1683           00114     BSF     STATUS,RP0                      ;VAI PARA O BANCO 1
0036   3000           00115     MOVLW   B'00000000'                         ;0=SAÍDA    1=ENTRADA
0037   0085           00116     MOVWF   TRISA                                   ;PORTA,0 ENTRADA RESTANTE SAÍDA
0038   3000           00117     MOVLW   B'00000000'                         ;0=SAÍDA    1=ENTRADA
0039   0086           00118     MOVWF   TRISB                                   ;PORTB TODO SAÍDA
003A   1283           00119     BCF     STATUS,RP0                  ;VOLTA PARA O BANCO 0
003B   3007           00120     MOVLW   B'00000111'                 ;MOVE 00000111 PARA W
003C   009F           00121     MOVWF   CMCON                   ;DESABILITA OS COMPARADORES ANALÓGICOS
003D   0185           00122     CLRF    PORTA                           ;INICIALIZA PORTA COM 0
003E   0186           00123     CLRF    PORTB                               
003F   2805           00124     GOTO    TEMPO_SAIDA                         ;VAI PARA A ROTINA PRINCIPAL    
                      00125 
                      00126     END
MPASM  5.14                        ALARME.ASM   3-28-2011  21:50:14         PAGE  4


SYMBOL TABLE
  LABEL                             VALUE 

ADEN                              00000003
BRGH                              00000002
C                                 00000000
C1INV                             00000004
C1OUT                             00000006
C2INV                             00000005
C2OUT                             00000007
CCP1CON                           00000017
CCP1IE                            00000002
CCP1IF                            00000002
CCP1M0                            00000000
CCP1M1                            00000001
CCP1M2                            00000002
CCP1M3                            00000003
CCP1X                             00000005
CCP1Y                             00000004
CCPR1H                            00000016
CCPR1L                            00000015
CIS                               00000003
CM0                               00000000
CM1                               00000001
CM2                               00000002
CMCON                             0000001F
CMIE                              00000006
CMIF                              00000006
CREN                              00000004
CSRC                              00000007
DC                                00000001
DISPARO                           00000015
EEADR                             0000009B
EECON1                            0000009C
EECON2                            0000009D
EEDATA                            0000009A
EEIE                              00000007
EEIF                              00000007
F                                 00000001
FAROIS                            PORTB,3
FERR                              00000002
FSR                               00000004
GIE                               00000007
IGNICAO                           PORTB,0
INDF                              00000000
INICIO                            00000035
INTCON                            0000000B
INTE                              00000004
INTEDG                            00000006
INTF                              00000001
IRP                               00000007
MONITORAR_PORTAS                  0000000F
NOT_BO                            00000000
NOT_BOD                           00000000
NOT_BOR                           00000000
NOT_PD                            00000003
MPASM  5.14                        ALARME.ASM   3-28-2011  21:50:14         PAGE  5


SYMBOL TABLE
  LABEL                             VALUE 

NOT_POR                           00000001
NOT_RBPU                          00000007
NOT_T1SYNC                        00000002
NOT_TO                            00000004
OERR                              00000001
OPTION_REG                        00000081
OSCF                              00000003
PCL                               00000002
PCLATH                            0000000A
PCON                              0000008E
PEIE                              00000006
PIE1                              0000008C
PIR1                              0000000C
PORTA                             00000005
PORTAS                            PORTA,1
PORTB                             00000006
PR2                               00000092
PS0                               00000000
PS1                               00000001
PS2                               00000002
PSA                               00000003
RBIE                              00000003
RBIF                              00000000
RCIE                              00000005
RCIF                              00000005
RCREG                             0000001A
RCSTA                             00000018
RD                                00000000
RP0                               00000005
RP1                               00000006
RX9                               00000006
RX9D                              00000000
SIRENE                            PORTB,4
SPBRG                             00000099
SPEN                              00000007
SREN                              00000005
STATUS                            00000003
SYNC                              00000004
T0CS                              00000005
T0IE                              00000005
T0IF                              00000002
T0SE                              00000004
T1                                00000020
T1CKPS0                           00000004
T1CKPS1                           00000005
T1CON                             00000010
T1OSCEN                           00000003
T2                                00000021
T2CKPS0                           00000000
T2CKPS1                           00000001
T2CON                             00000012
T3                                00000022
T4                                00000023
MPASM  5.14                        ALARME.ASM   3-28-2011  21:50:14         PAGE  6


SYMBOL TABLE
  LABEL                             VALUE 

TEMPO_200MS                       0000001F
TEMPO_2S                          00000028
TEMPO_ENTRADA                     00000012
TEMPO_SAIDA                       00000005
TMR0                              00000001
TMR1CS                            00000001
TMR1H                             0000000F
TMR1IE                            00000000
TMR1IF                            00000000
TMR1L                             0000000E
TMR1ON                            00000000
TMR2                              00000011
TMR2IE                            00000001
TMR2IF                            00000001
TMR2ON                            00000002
TOUTPS0                           00000003
TOUTPS1                           00000004
TOUTPS2                           00000005
TOUTPS3                           00000006
TRISA                             00000085
TRISB                             00000086
TRMT                              00000001
TX9                               00000006
TX9D                              00000000
TXEN                              00000005
TXIE                              00000004
TXIF                              00000004
TXREG                             00000019
TXSTA                             00000098
VR0                               00000000
VR1                               00000001
VR2                               00000002
VR3                               00000003
VRCON                             0000009F
VREN                              00000007
VROE                              00000006
VRR                               00000005
W                                 00000000
WR                                00000001
WREN                              00000002
WRERR                             00000003
Z                                 00000002
_BODEN_OFF                        00003FBF
_BODEN_ON                         00003FFF
_BOREN_OFF                        00003FBF
_BOREN_ON                         00003FFF
_CP_OFF                           00003FFF
_CP_ON                            00001FFF
_DATA_CP_OFF                      00003FFF
_DATA_CP_ON                       00003EFF
_ER_OSC_CLKOUT                    00003FFF
_ER_OSC_NOCLKOUT                  00003FFE
_EXTCLK_OSC                       00003FEF
MPASM  5.14                        ALARME.ASM   3-28-2011  21:50:14         PAGE  7


SYMBOL TABLE
  LABEL                             VALUE 

_HS_OSC                           00003FEE
_INTOSC_OSC_CLKOUT                00003FFD
_INTOSC_OSC_NOCLKOUT              00003FFC
_INTRC_OSC_CLKOUT                 00003FFD
_INTRC_OSC_NOCLKOUT               00003FFC
_LP_OSC                           00003FEC
_LVP_OFF                          00003F7F
_LVP_ON                           00003FFF
_MCLRE_OFF                        00003FDF
_MCLRE_ON                         00003FFF
_PWRTE_OFF                        00003FFF
_PWRTE_ON                         00003FF7
_RC_OSC_CLKOUT                    00003FFF
_RC_OSC_NOCLKOUT                  00003FFE
_WDT_OFF                          00003FFB
_WDT_ON                           00003FFF
_XT_OSC                           00003FED
__16F628A                         00000001


MEMORY USAGE MAP ('X' = Used,  '-' = Unused)

0000 : X---XXXXXXXXXXXX XXXXXXXXXXXXXXXX XXXXXXXXXXXXXXXX XXXXXXXXXXXXXXXX
2000 : -------X-------- ---------------- ---------------- ----------------

All other memory blocks unused.

Program Memory Words Used:    61
Program Memory Words Free:  1987


Errors   :     0
Warnings :     0 reported,     0 suppressed
Messages :     0 reported,     2 suppressed

