10/08/2011 22:43:09 org.apache.catalina.core.AprLifecycleListener init
INFO: The APR based Apache Tomcat Native library which allows optimal performance in production environments was not found on the java.library.path: C:\Program Files\Java\jdk1.6.0_23\bin;.;C:\Windows\Sun\Java\bin;C:\Windows\system32;C:\Windows;C:\Program Files\Common Files\Microsoft Shared\Windows Live;C:\Windows\system32;C:\Windows;C:\Windows\System32\Wbem;D:\Programacao\Android\android-sdk-windows\tools;C:\Program Files\TortoiseSVN\bin;C:\Program Files\Java\jdk1.6.0_23\bin;C:\Program Files\Windows Live\Shared;C:\Windows\System32\WindowsPowerShell\v1.0\
10/08/2011 22:43:09 org.apache.coyote.AbstractProtocol init
INFO: Initializing ProtocolHandler ["http-bio-8080"]
10/08/2011 22:43:10 org.apache.coyote.AbstractProtocol init
INFO: Initializing ProtocolHandler ["ajp-bio-8009"]
10/08/2011 22:43:10 org.apache.catalina.startup.Catalina load
INFO: Initialization processed in 725 ms
10/08/2011 22:43:10 org.apache.catalina.core.StandardService startInternal
INFO: Starting service Catalina
10/08/2011 22:43:10 org.apache.catalina.core.StandardEngine startInternal
INFO: Starting Servlet Engine: Apache Tomcat/7.0.19
10/08/2011 22:43:10 org.apache.catalina.startup.HostConfig deployDirectory
INFO: Deploying web application directory AlarmeAndroid
10/08/2011 22:43:12 com.sun.faces.config.ConfigureListener contextInitialized
INFO: Initializing Mojarra (1.2_14-b01-FCS) for context '/AlarmeAndroid'
10/08/2011 22:43:14 com.sun.faces.spi.InjectionProviderFactory createInstance
INFO: JSF1048: PostConstruct/PreDestroy annotations present.  ManagedBeans methods marked with these annotations will have said annotations processed.
10/08/2011 22:43:15 org.ajax4jsf.cache.CacheManager getCacheFactory
INFO: Selected [org.ajax4jsf.cache.LRUMapCacheFactory] cache factory
10/08/2011 22:43:15 org.ajax4jsf.cache.LRUMapCacheFactory createCache
INFO: Creating LRUMap cache instance using parameters: {facelets.DEVELOPMENT=true, org.richfaces.SKIN=blueSky, facelets.REFRESH_PERIOD=2, javax.faces.STATE_SAVING_METHOD=server, javax.faces.DEFAULT_SUFFIX=.jsp}
10/08/2011 22:43:15 org.ajax4jsf.cache.LRUMapCacheFactory createCache
INFO: Creating LRUMap cache instance of default capacity
10/08/2011 22:43:15 org.ajax4jsf.cache.CacheManager getCacheFactory
INFO: Selected [org.ajax4jsf.cache.LRUMapCacheFactory] cache factory
10/08/2011 22:43:15 org.ajax4jsf.cache.LRUMapCacheFactory createCache
INFO: Creating LRUMap cache instance using parameters: {facelets.DEVELOPMENT=true, org.richfaces.SKIN=blueSky, facelets.REFRESH_PERIOD=2, javax.faces.STATE_SAVING_METHOD=server, javax.faces.DEFAULT_SUFFIX=.jsp}
10/08/2011 22:43:15 org.ajax4jsf.cache.LRUMapCacheFactory createCache
INFO: Creating LRUMap cache instance of default capacity
10/08/2011 22:43:15 org.apache.catalina.startup.HostConfig deployDirectory
INFO: Deploying web application directory alarmeAndroid2
10/08/2011 22:43:16 com.sun.faces.config.ConfigureListener contextInitialized
INFO: Initializing Mojarra (1.2_08-b06-FCS) for context '/alarmeAndroid2'
10/08/2011 22:43:16 com.sun.faces.spi.InjectionProviderFactory createInstance
INFO: JSF1048: PostConstruct/PreDestroy annotations present.  ManagedBeans methods marked with these annotations will have said annotations processed.
10/08/2011 22:43:17 org.ajax4jsf.cache.CacheManager getCacheFactory
INFO: Selected [org.ajax4jsf.cache.LRUMapCacheFactory] cache factory
10/08/2011 22:43:17 org.ajax4jsf.cache.LRUMapCacheFactory createCache
INFO: Creating LRUMap cache instance using parameters: {facelets.DEVELOPMENT=true, org.richfaces.SKIN=blueSky, facelets.REFRESH_PERIOD=2, javax.faces.STATE_SAVING_METHOD=server, javax.faces.DEFAULT_SUFFIX=.jsp}
10/08/2011 22:43:17 org.ajax4jsf.cache.LRUMapCacheFactory createCache
INFO: Creating LRUMap cache instance of default capacity
10/08/2011 22:43:17 org.ajax4jsf.cache.CacheManager getCacheFactory
INFO: Selected [org.ajax4jsf.cache.LRUMapCacheFactory] cache factory
10/08/2011 22:43:17 org.ajax4jsf.cache.LRUMapCacheFactory createCache
INFO: Creating LRUMap cache instance using parameters: {facelets.DEVELOPMENT=true, org.richfaces.SKIN=blueSky, facelets.REFRESH_PERIOD=2, javax.faces.STATE_SAVING_METHOD=server, javax.faces.DEFAULT_SUFFIX=.jsp}
10/08/2011 22:43:17 org.ajax4jsf.cache.LRUMapCacheFactory createCache
INFO: Creating LRUMap cache instance of default capacity
10/08/2011 22:43:17 org.apache.catalina.startup.HostConfig deployDirectory
INFO: Deploying web application directory alarmeAndroid3
10/08/2011 22:43:19 com.sun.faces.config.ConfigureListener contextInitialized
INFO: Initializing Mojarra (1.2_08-b06-FCS) for context '/alarmeAndroid3'
10/08/2011 22:43:19 com.sun.faces.spi.InjectionProviderFactory createInstance
INFO: JSF1048: PostConstruct/PreDestroy annotations present.  ManagedBeans methods marked with these annotations will have said annotations processed.
10/08/2011 22:43:20 org.ajax4jsf.cache.CacheManager getCacheFactory
INFO: Selected [org.ajax4jsf.cache.LRUMapCacheFactory] cache factory
10/08/2011 22:43:20 org.ajax4jsf.cache.LRUMapCacheFactory createCache
INFO: Creating LRUMap cache instance using parameters: {facelets.DEVELOPMENT=true, org.richfaces.SKIN=blueSky, facelets.REFRESH_PERIOD=2, javax.faces.STATE_SAVING_METHOD=server, javax.faces.DEFAULT_SUFFIX=.jsp}
10/08/2011 22:43:20 org.ajax4jsf.cache.LRUMapCacheFactory createCache
INFO: Creating LRUMap cache instance of default capacity
10/08/2011 22:43:20 org.ajax4jsf.cache.CacheManager getCacheFactory
INFO: Selected [org.ajax4jsf.cache.LRUMapCacheFactory] cache factory
10/08/2011 22:43:20 org.ajax4jsf.cache.LRUMapCacheFactory createCache
INFO: Creating LRUMap cache instance using parameters: {facelets.DEVELOPMENT=true, org.richfaces.SKIN=blueSky, facelets.REFRESH_PERIOD=2, javax.faces.STATE_SAVING_METHOD=server, javax.faces.DEFAULT_SUFFIX=.jsp}
10/08/2011 22:43:20 org.ajax4jsf.cache.LRUMapCacheFactory createCache
INFO: Creating LRUMap cache instance of default capacity
10/08/2011 22:43:20 org.apache.catalina.startup.HostConfig deployDirectory
INFO: Deploying web application directory AlarmeAndroid4
10/08/2011 22:43:22 com.sun.faces.config.ConfigureListener contextInitialized
INFO: Initializing Mojarra (1.2_14-b01-FCS) for context '/AlarmeAndroid4'
10/08/2011 22:43:22 com.sun.faces.spi.InjectionProviderFactory createInstance
INFO: JSF1048: PostConstruct/PreDestroy annotations present.  ManagedBeans methods marked with these annotations will have said annotations processed.
10/08/2011 22:43:23 org.ajax4jsf.cache.CacheManager getCacheFactory
INFO: Selected [org.ajax4jsf.cache.LRUMapCacheFactory] cache factory
10/08/2011 22:43:23 org.ajax4jsf.cache.LRUMapCacheFactory createCache
INFO: Creating LRUMap cache instance using parameters: {facelets.DEVELOPMENT=true, org.richfaces.SKIN=blueSky, facelets.REFRESH_PERIOD=2, javax.faces.STATE_SAVING_METHOD=server, javax.faces.DEFAULT_SUFFIX=.jsp}
10/08/2011 22:43:23 org.ajax4jsf.cache.LRUMapCacheFactory createCache
INFO: Creating LRUMap cache instance of default capacity
10/08/2011 22:43:23 org.ajax4jsf.cache.CacheManager getCacheFactory
INFO: Selected [org.ajax4jsf.cache.LRUMapCacheFactory] cache factory
10/08/2011 22:43:23 org.ajax4jsf.cache.LRUMapCacheFactory createCache
INFO: Creating LRUMap cache instance using parameters: {facelets.DEVELOPMENT=true, org.richfaces.SKIN=blueSky, facelets.REFRESH_PERIOD=2, javax.faces.STATE_SAVING_METHOD=server, javax.faces.DEFAULT_SUFFIX=.jsp}
10/08/2011 22:43:23 org.ajax4jsf.cache.LRUMapCacheFactory createCache
INFO: Creating LRUMap cache instance of default capacity
10/08/2011 22:43:23 org.apache.catalina.startup.HostConfig deployDirectory
INFO: Deploying web application directory docs
10/08/2011 22:43:23 org.apache.catalina.startup.HostConfig deployDirectory
INFO: Deploying web application directory examples
10/08/2011 22:43:24 org.apache.catalina.startup.HostConfig deployDirectory
INFO: Deploying web application directory host-manager
10/08/2011 22:43:24 org.apache.catalina.startup.HostConfig deployDirectory
INFO: Deploying web application directory manager
10/08/2011 22:43:24 org.apache.catalina.startup.HostConfig deployDirectory
INFO: Deploying web application directory ROOT
10/08/2011 22:43:24 org.apache.coyote.AbstractProtocol start
INFO: Starting ProtocolHandler ["http-bio-8080"]
10/08/2011 22:43:24 org.apache.coyote.AbstractProtocol start
INFO: Starting ProtocolHandler ["ajp-bio-8009"]
10/08/2011 22:43:24 org.apache.catalina.startup.Catalina start
INFO: Server startup in 14432 ms
10/08/2011 22:44:29 org.apache.jasper.compiler.TldLocationsCache tldScanJar
INFO: At least one JAR was scanned for TLDs yet contained no TLDs. Enable debug logging for this logger for a complete list of JARs that were scanned but no TLDs were found in them. Skipping unneeded JARs during scanning can improve startup time and JSP compilation time.
10/08/2011 22:56:25 org.apache.catalina.startup.HostConfig checkResources
INFO: Reloading context [/AlarmeAndroid]
10/08/2011 22:56:25 org.apache.catalina.loader.WebappClassLoader clearReferencesJdbc
GRAVE: The web application [/AlarmeAndroid] registered the JDBC driver [com.mysql.jdbc.Driver] but failed to unregister it when the web application was stopped. To prevent a memory leak, the JDBC Driver has been forcibly unregistered.
10/08/2011 22:56:25 org.apache.catalina.loader.WebappClassLoader clearReferencesThreads
GRAVE: The web application [/AlarmeAndroid] appears to have started a thread named [AWT-Windows] but has failed to stop it. This is very likely to create a memory leak.
10/08/2011 22:56:26 com.sun.faces.config.ConfigureListener contextInitialized
INFO: Initializing Mojarra (1.2_14-b01-FCS) for context '/AlarmeAndroid'
10/08/2011 22:56:27 com.sun.faces.spi.InjectionProviderFactory createInstance
INFO: JSF1048: PostConstruct/PreDestroy annotations present.  ManagedBeans methods marked with these annotations will have said annotations processed.
10/08/2011 22:56:28 org.ajax4jsf.cache.CacheManager getCacheFactory
INFO: Selected [org.ajax4jsf.cache.LRUMapCacheFactory] cache factory
10/08/2011 22:56:28 org.ajax4jsf.cache.LRUMapCacheFactory createCache
INFO: Creating LRUMap cache instance using parameters: {facelets.DEVELOPMENT=true, org.richfaces.SKIN=blueSky, facelets.REFRESH_PERIOD=2, javax.faces.STATE_SAVING_METHOD=server, javax.faces.DEFAULT_SUFFIX=.jsp}
10/08/2011 22:56:28 org.ajax4jsf.cache.LRUMapCacheFactory createCache
INFO: Creating LRUMap cache instance of default capacity
10/08/2011 22:56:28 org.ajax4jsf.cache.CacheManager getCacheFactory
INFO: Selected [org.ajax4jsf.cache.LRUMapCacheFactory] cache factory
10/08/2011 22:56:28 org.ajax4jsf.cache.LRUMapCacheFactory createCache
INFO: Creating LRUMap cache instance using parameters: {facelets.DEVELOPMENT=true, org.richfaces.SKIN=blueSky, facelets.REFRESH_PERIOD=2, javax.faces.STATE_SAVING_METHOD=server, javax.faces.DEFAULT_SUFFIX=.jsp}
10/08/2011 22:56:28 org.ajax4jsf.cache.LRUMapCacheFactory createCache
INFO: Creating LRUMap cache instance of default capacity
10/08/2011 22:56:43 org.apache.catalina.core.StandardServer await
INFO: A valid shutdown command was received via the shutdown port. Stopping the Server instance.
10/08/2011 22:56:43 org.apache.coyote.AbstractProtocol pause
INFO: Pausing ProtocolHandler ["http-bio-8080"]
10/08/2011 22:56:44 org.apache.coyote.AbstractProtocol pause
INFO: Pausing ProtocolHandler ["ajp-bio-8009"]
10/08/2011 22:56:45 org.apache.catalina.core.StandardService stopInternal
INFO: Stopping service Catalina
10/08/2011 22:56:46 org.apache.coyote.AbstractProtocol stop
INFO: Stopping ProtocolHandler ["http-bio-8080"]
10/08/2011 22:56:46 org.apache.coyote.AbstractProtocol stop
INFO: Stopping ProtocolHandler ["ajp-bio-8009"]
10/08/2011 22:56:46 org.apache.coyote.AbstractProtocol destroy
INFO: Destroying ProtocolHandler ["http-bio-8080"]
10/08/2011 22:56:46 org.apache.coyote.AbstractProtocol destroy
INFO: Destroying ProtocolHandler ["ajp-bio-8009"]
10/08/2011 22:56:46 org.apache.catalina.core.AprLifecycleListener init
INFO: The APR based Apache Tomcat Native library which allows optimal performance in production environments was not found on the java.library.path: C:\Program Files\Java\jdk1.6.0_23\bin;.;C:\Windows\Sun\Java\bin;C:\Windows\system32;C:\Windows;C:\Program Files\Common Files\Microsoft Shared\Windows Live;C:\Windows\system32;C:\Windows;C:\Windows\System32\Wbem;D:\Programacao\Android\android-sdk-windows\tools;C:\Program Files\TortoiseSVN\bin;C:\Program Files\Java\jdk1.6.0_23\bin;C:\Program Files\Windows Live\Shared;C:\Windows\System32\WindowsPowerShell\v1.0\
10/08/2011 22:56:47 org.apache.coyote.AbstractProtocol init
INFO: Initializing ProtocolHandler ["http-bio-8080"]
10/08/2011 22:56:47 org.apache.coyote.AbstractProtocol init
INFO: Initializing ProtocolHandler ["ajp-bio-8009"]
10/08/2011 22:56:47 org.apache.catalina.startup.Catalina load
INFO: Initialization processed in 1589 ms
10/08/2011 22:56:47 org.apache.catalina.core.StandardService startInternal
INFO: Starting service Catalina
10/08/2011 22:56:47 org.apache.catalina.core.StandardEngine startInternal
INFO: Starting Servlet Engine: Apache Tomcat/7.0.19
10/08/2011 22:56:47 org.apache.catalina.startup.HostConfig deployDirectory
INFO: Deploying web application directory AlarmeAndroid
10/08/2011 22:56:49 com.sun.faces.config.ConfigureListener contextInitialized
INFO: Initializing Mojarra (1.2_14-b01-FCS) for context '/AlarmeAndroid'
10/08/2011 22:56:50 com.sun.faces.spi.InjectionProviderFactory createInstance
INFO: JSF1048: PostConstruct/PreDestroy annotations present.  ManagedBeans methods marked with these annotations will have said annotations processed.
10/08/2011 22:56:51 org.ajax4jsf.cache.CacheManager getCacheFactory
INFO: Selected [org.ajax4jsf.cache.LRUMapCacheFactory] cache factory
10/08/2011 22:56:51 org.ajax4jsf.cache.LRUMapCacheFactory createCache
INFO: Creating LRUMap cache instance using parameters: {facelets.DEVELOPMENT=true, org.richfaces.SKIN=blueSky, facelets.REFRESH_PERIOD=2, javax.faces.STATE_SAVING_METHOD=server, javax.faces.DEFAULT_SUFFIX=.jsp}
10/08/2011 22:56:51 org.ajax4jsf.cache.LRUMapCacheFactory createCache
INFO: Creating LRUMap cache instance of default capacity
10/08/2011 22:56:51 org.ajax4jsf.cache.CacheManager getCacheFactory
INFO: Selected [org.ajax4jsf.cache.LRUMapCacheFactory] cache factory
10/08/2011 22:56:51 org.ajax4jsf.cache.LRUMapCacheFactory createCache
INFO: Creating LRUMap cache instance using parameters: {facelets.DEVELOPMENT=true, org.richfaces.SKIN=blueSky, facelets.REFRESH_PERIOD=2, javax.faces.STATE_SAVING_METHOD=server, javax.faces.DEFAULT_SUFFIX=.jsp}
10/08/2011 22:56:51 org.ajax4jsf.cache.LRUMapCacheFactory createCache
INFO: Creating LRUMap cache instance of default capacity
10/08/2011 22:56:52 org.apache.catalina.startup.HostConfig deployDirectory
INFO: Deploying web application directory alarmeAndroid2
10/08/2011 22:56:53 com.sun.faces.config.ConfigureListener contextInitialized
INFO: Initializing Mojarra (1.2_08-b06-FCS) for context '/alarmeAndroid2'
10/08/2011 22:56:53 com.sun.faces.spi.InjectionProviderFactory createInstance
INFO: JSF1048: PostConstruct/PreDestroy annotations present.  ManagedBeans methods marked with these annotations will have said annotations processed.
10/08/2011 22:56:54 org.ajax4jsf.cache.CacheManager getCacheFactory
INFO: Selected [org.ajax4jsf.cache.LRUMapCacheFactory] cache factory
10/08/2011 22:56:54 org.ajax4jsf.cache.LRUMapCacheFactory createCache
INFO: Creating LRUMap cache instance using parameters: {facelets.DEVELOPMENT=true, org.richfaces.SKIN=blueSky, facelets.REFRESH_PERIOD=2, javax.faces.STATE_SAVING_METHOD=server, javax.faces.DEFAULT_SUFFIX=.jsp}
10/08/2011 22:56:54 org.ajax4jsf.cache.LRUMapCacheFactory createCache
INFO: Creating LRUMap cache instance of default capacity
10/08/2011 22:56:54 org.ajax4jsf.cache.CacheManager getCacheFactory
INFO: Selected [org.ajax4jsf.cache.LRUMapCacheFactory] cache factory
10/08/2011 22:56:54 org.ajax4jsf.cache.LRUMapCacheFactory createCache
INFO: Creating LRUMap cache instance using parameters: {facelets.DEVELOPMENT=true, org.richfaces.SKIN=blueSky, facelets.REFRESH_PERIOD=2, javax.faces.STATE_SAVING_METHOD=server, javax.faces.DEFAULT_SUFFIX=.jsp}
10/08/2011 22:56:54 org.ajax4jsf.cache.LRUMapCacheFactory createCache
INFO: Creating LRUMap cache instance of default capacity
10/08/2011 22:56:54 org.apache.catalina.startup.HostConfig deployDirectory
INFO: Deploying web application directory alarmeAndroid3
10/08/2011 22:56:56 com.sun.faces.config.ConfigureListener contextInitialized
INFO: Initializing Mojarra (1.2_08-b06-FCS) for context '/alarmeAndroid3'
10/08/2011 22:56:56 com.sun.faces.spi.InjectionProviderFactory createInstance
INFO: JSF1048: PostConstruct/PreDestroy annotations present.  ManagedBeans methods marked with these annotations will have said annotations processed.
10/08/2011 22:56:57 org.ajax4jsf.cache.CacheManager getCacheFactory
INFO: Selected [org.ajax4jsf.cache.LRUMapCacheFactory] cache factory
10/08/2011 22:56:57 org.ajax4jsf.cache.LRUMapCacheFactory createCache
INFO: Creating LRUMap cache instance using parameters: {facelets.DEVELOPMENT=true, org.richfaces.SKIN=blueSky, facelets.REFRESH_PERIOD=2, javax.faces.STATE_SAVING_METHOD=server, javax.faces.DEFAULT_SUFFIX=.jsp}
10/08/2011 22:56:57 org.ajax4jsf.cache.LRUMapCacheFactory createCache
INFO: Creating LRUMap cache instance of default capacity
10/08/2011 22:56:57 org.ajax4jsf.cache.CacheManager getCacheFactory
INFO: Selected [org.ajax4jsf.cache.LRUMapCacheFactory] cache factory
10/08/2011 22:56:57 org.ajax4jsf.cache.LRUMapCacheFactory createCache
INFO: Creating LRUMap cache instance using parameters: {facelets.DEVELOPMENT=true, org.richfaces.SKIN=blueSky, facelets.REFRESH_PERIOD=2, javax.faces.STATE_SAVING_METHOD=server, javax.faces.DEFAULT_SUFFIX=.jsp}
10/08/2011 22:56:57 org.ajax4jsf.cache.LRUMapCacheFactory createCache
INFO: Creating LRUMap cache instance of default capacity
10/08/2011 22:56:57 org.apache.catalina.startup.HostConfig deployDirectory
INFO: Deploying web application directory AlarmeAndroid4
10/08/2011 22:56:58 com.sun.faces.config.ConfigureListener contextInitialized
INFO: Initializing Mojarra (1.2_14-b01-FCS) for context '/AlarmeAndroid4'
10/08/2011 22:56:59 com.sun.faces.spi.InjectionProviderFactory createInstance
INFO: JSF1048: PostConstruct/PreDestroy annotations present.  ManagedBeans methods marked with these annotations will have said annotations processed.
10/08/2011 22:57:00 org.ajax4jsf.cache.CacheManager getCacheFactory
INFO: Selected [org.ajax4jsf.cache.LRUMapCacheFactory] cache factory
10/08/2011 22:57:00 org.ajax4jsf.cache.LRUMapCacheFactory createCache
INFO: Creating LRUMap cache instance using parameters: {facelets.DEVELOPMENT=true, org.richfaces.SKIN=blueSky, facelets.REFRESH_PERIOD=2, javax.faces.STATE_SAVING_METHOD=server, javax.faces.DEFAULT_SUFFIX=.jsp}
10/08/2011 22:57:00 org.ajax4jsf.cache.LRUMapCacheFactory createCache
INFO: Creating LRUMap cache instance of default capacity
10/08/2011 22:57:00 org.ajax4jsf.cache.CacheManager getCacheFactory
INFO: Selected [org.ajax4jsf.cache.LRUMapCacheFactory] cache factory
10/08/2011 22:57:00 org.ajax4jsf.cache.LRUMapCacheFactory createCache
INFO: Creating LRUMap cache instance using parameters: {facelets.DEVELOPMENT=true, org.richfaces.SKIN=blueSky, facelets.REFRESH_PERIOD=2, javax.faces.STATE_SAVING_METHOD=server, javax.faces.DEFAULT_SUFFIX=.jsp}
10/08/2011 22:57:00 org.ajax4jsf.cache.LRUMapCacheFactory createCache
INFO: Creating LRUMap cache instance of default capacity
10/08/2011 22:57:00 org.apache.catalina.startup.HostConfig deployDirectory
INFO: Deploying web application directory docs
10/08/2011 22:57:00 org.apache.catalina.startup.HostConfig deployDirectory
INFO: Deploying web application directory examples
10/08/2011 22:57:00 org.apache.catalina.startup.HostConfig deployDirectory
INFO: Deploying web application directory host-manager
10/08/2011 22:57:00 org.apache.catalina.startup.HostConfig deployDirectory
INFO: Deploying web application directory manager
10/08/2011 22:57:00 org.apache.catalina.startup.HostConfig deployDirectory
INFO: Deploying web application directory ROOT
10/08/2011 22:57:01 org.apache.coyote.AbstractProtocol start
INFO: Starting ProtocolHandler ["http-bio-8080"]
10/08/2011 22:57:01 org.apache.coyote.AbstractProtocol start
INFO: Starting ProtocolHandler ["ajp-bio-8009"]
10/08/2011 22:57:01 org.apache.catalina.startup.Catalina start
INFO: Server startup in 13390 ms
10/08/2011 22:57:41 org.apache.catalina.core.StandardServer await
INFO: A valid shutdown command was received via the shutdown port. Stopping the Server instance.
10/08/2011 22:57:41 org.apache.coyote.AbstractProtocol pause
INFO: Pausing ProtocolHandler ["http-bio-8080"]
10/08/2011 22:57:42 org.apache.coyote.AbstractProtocol pause
INFO: Pausing ProtocolHandler ["ajp-bio-8009"]
10/08/2011 22:57:43 org.apache.catalina.core.AprLifecycleListener init
INFO: The APR based Apache Tomcat Native library which allows optimal performance in production environments was not found on the java.library.path: C:\Program Files\Java\jdk1.6.0_23\bin;.;C:\Windows\Sun\Java\bin;C:\Windows\system32;C:\Windows;C:\Program Files\Common Files\Microsoft Shared\Windows Live;C:\Windows\system32;C:\Windows;C:\Windows\System32\Wbem;D:\Programacao\Android\android-sdk-windows\tools;C:\Program Files\TortoiseSVN\bin;C:\Program Files\Java\jdk1.6.0_23\bin;C:\Program Files\Windows Live\Shared;C:\Windows\System32\WindowsPowerShell\v1.0\
10/08/2011 22:57:43 org.apache.catalina.core.StandardService stopInternal
INFO: Stopping service Catalina
10/08/2011 22:57:43 org.apache.catalina.loader.WebappClassLoader clearReferencesJdbc
GRAVE: The web application [/AlarmeAndroid] registered the JDBC driver [com.mysql.jdbc.Driver] but failed to unregister it when the web application was stopped. To prevent a memory leak, the JDBC Driver has been forcibly unregistered.
10/08/2011 22:57:43 org.apache.coyote.AbstractProtocol stop
INFO: Stopping ProtocolHandler ["http-bio-8080"]
10/08/2011 22:57:43 org.apache.coyote.AbstractProtocol stop
INFO: Stopping ProtocolHandler ["ajp-bio-8009"]
10/08/2011 22:57:43 org.apache.coyote.AbstractProtocol destroy
INFO: Destroying ProtocolHandler ["http-bio-8080"]
10/08/2011 22:57:43 org.apache.coyote.AbstractProtocol destroy
INFO: Destroying ProtocolHandler ["ajp-bio-8009"]
10/08/2011 22:57:43 org.apache.coyote.AbstractProtocol init
INFO: Initializing ProtocolHandler ["http-bio-8080"]
10/08/2011 22:57:43 org.apache.coyote.AbstractProtocol init
INFO: Initializing ProtocolHandler ["ajp-bio-8009"]
10/08/2011 22:57:43 org.apache.catalina.startup.Catalina load
INFO: Initialization processed in 782 ms
10/08/2011 22:57:43 org.apache.catalina.core.StandardService startInternal
INFO: Starting service Catalina
10/08/2011 22:57:43 org.apache.catalina.core.StandardEngine startInternal
INFO: Starting Servlet Engine: Apache Tomcat/7.0.19
10/08/2011 22:57:43 org.apache.catalina.startup.HostConfig deployDirectory
INFO: Deploying web application directory AlarmeAndroid
10/08/2011 22:57:45 com.sun.faces.config.ConfigureListener contextInitialized
INFO: Initializing Mojarra (1.2_14-b01-FCS) for context '/AlarmeAndroid'
10/08/2011 22:57:46 com.sun.faces.spi.InjectionProviderFactory createInstance
INFO: JSF1048: PostConstruct/PreDestroy annotations present.  ManagedBeans methods marked with these annotations will have said annotations processed.
10/08/2011 22:57:47 org.ajax4jsf.cache.CacheManager getCacheFactory
INFO: Selected [org.ajax4jsf.cache.LRUMapCacheFactory] cache factory
10/08/2011 22:57:47 org.ajax4jsf.cache.LRUMapCacheFactory createCache
INFO: Creating LRUMap cache instance using parameters: {facelets.DEVELOPMENT=true, org.richfaces.SKIN=blueSky, facelets.REFRESH_PERIOD=2, javax.faces.STATE_SAVING_METHOD=server, javax.faces.DEFAULT_SUFFIX=.jsp}
10/08/2011 22:57:47 org.ajax4jsf.cache.LRUMapCacheFactory createCache
INFO: Creating LRUMap cache instance of default capacity
10/08/2011 22:57:47 org.ajax4jsf.cache.CacheManager getCacheFactory
INFO: Selected [org.ajax4jsf.cache.LRUMapCacheFactory] cache factory
10/08/2011 22:57:47 org.ajax4jsf.cache.LRUMapCacheFactory createCache
INFO: Creating LRUMap cache instance using parameters: {facelets.DEVELOPMENT=true, org.richfaces.SKIN=blueSky, facelets.REFRESH_PERIOD=2, javax.faces.STATE_SAVING_METHOD=server, javax.faces.DEFAULT_SUFFIX=.jsp}
10/08/2011 22:57:47 org.ajax4jsf.cache.LRUMapCacheFactory createCache
INFO: Creating LRUMap cache instance of default capacity
10/08/2011 22:57:47 org.apache.catalina.startup.HostConfig deployDirectory
INFO: Deploying web application directory alarmeAndroid2
10/08/2011 22:57:48 com.sun.faces.config.ConfigureListener contextInitialized
INFO: Initializing Mojarra (1.2_08-b06-FCS) for context '/alarmeAndroid2'
10/08/2011 22:57:48 com.sun.faces.spi.InjectionProviderFactory createInstance
INFO: JSF1048: PostConstruct/PreDestroy annotations present.  ManagedBeans methods marked with these annotations will have said annotations processed.
10/08/2011 22:57:49 org.ajax4jsf.cache.CacheManager getCacheFactory
INFO: Selected [org.ajax4jsf.cache.LRUMapCacheFactory] cache factory
10/08/2011 22:57:49 org.ajax4jsf.cache.LRUMapCacheFactory createCache
INFO: Creating LRUMap cache instance using parameters: {facelets.DEVELOPMENT=true, org.richfaces.SKIN=blueSky, facelets.REFRESH_PERIOD=2, javax.faces.STATE_SAVING_METHOD=server, javax.faces.DEFAULT_SUFFIX=.jsp}
10/08/2011 22:57:49 org.ajax4jsf.cache.LRUMapCacheFactory createCache
INFO: Creating LRUMap cache instance of default capacity
10/08/2011 22:57:49 org.ajax4jsf.cache.CacheManager getCacheFactory
INFO: Selected [org.ajax4jsf.cache.LRUMapCacheFactory] cache factory
10/08/2011 22:57:49 org.ajax4jsf.cache.LRUMapCacheFactory createCache
INFO: Creating LRUMap cache instance using parameters: {facelets.DEVELOPMENT=true, org.richfaces.SKIN=blueSky, facelets.REFRESH_PERIOD=2, javax.faces.STATE_SAVING_METHOD=server, javax.faces.DEFAULT_SUFFIX=.jsp}
10/08/2011 22:57:49 org.ajax4jsf.cache.LRUMapCacheFactory createCache
INFO: Creating LRUMap cache instance of default capacity
10/08/2011 22:57:49 org.apache.catalina.startup.HostConfig deployDirectory
INFO: Deploying web application directory alarmeAndroid3
10/08/2011 22:57:50 com.sun.faces.config.ConfigureListener contextInitialized
INFO: Initializing Mojarra (1.2_08-b06-FCS) for context '/alarmeAndroid3'
10/08/2011 22:57:50 com.sun.faces.spi.InjectionProviderFactory createInstance
INFO: JSF1048: PostConstruct/PreDestroy annotations present.  ManagedBeans methods marked with these annotations will have said annotations processed.
10/08/2011 22:57:51 org.ajax4jsf.cache.CacheManager getCacheFactory
INFO: Selected [org.ajax4jsf.cache.LRUMapCacheFactory] cache factory
10/08/2011 22:57:51 org.ajax4jsf.cache.LRUMapCacheFactory createCache
INFO: Creating LRUMap cache instance using parameters: {facelets.DEVELOPMENT=true, org.richfaces.SKIN=blueSky, facelets.REFRESH_PERIOD=2, javax.faces.STATE_SAVING_METHOD=server, javax.faces.DEFAULT_SUFFIX=.jsp}
10/08/2011 22:57:51 org.ajax4jsf.cache.LRUMapCacheFactory createCache
INFO: Creating LRUMap cache instance of default capacity
10/08/2011 22:57:51 org.ajax4jsf.cache.CacheManager getCacheFactory
INFO: Selected [org.ajax4jsf.cache.LRUMapCacheFactory] cache factory
10/08/2011 22:57:51 org.ajax4jsf.cache.LRUMapCacheFactory createCache
INFO: Creating LRUMap cache instance using parameters: {facelets.DEVELOPMENT=true, org.richfaces.SKIN=blueSky, facelets.REFRESH_PERIOD=2, javax.faces.STATE_SAVING_METHOD=server, javax.faces.DEFAULT_SUFFIX=.jsp}
10/08/2011 22:57:51 org.ajax4jsf.cache.LRUMapCacheFactory createCache
INFO: Creating LRUMap cache instance of default capacity
10/08/2011 22:57:51 org.apache.catalina.startup.HostConfig deployDirectory
INFO: Deploying web application directory AlarmeAndroid4
10/08/2011 22:57:52 com.sun.faces.config.ConfigureListener contextInitialized
INFO: Initializing Mojarra (1.2_14-b01-FCS) for context '/AlarmeAndroid4'
10/08/2011 22:57:53 com.sun.faces.spi.InjectionProviderFactory createInstance
INFO: JSF1048: PostConstruct/PreDestroy annotations present.  ManagedBeans methods marked with these annotations will have said annotations processed.
10/08/2011 22:57:54 org.ajax4jsf.cache.CacheManager getCacheFactory
INFO: Selected [org.ajax4jsf.cache.LRUMapCacheFactory] cache factory
10/08/2011 22:57:54 org.ajax4jsf.cache.LRUMapCacheFactory createCache
INFO: Creating LRUMap cache instance using parameters: {facelets.DEVELOPMENT=true, org.richfaces.SKIN=blueSky, facelets.REFRESH_PERIOD=2, javax.faces.STATE_SAVING_METHOD=server, javax.faces.DEFAULT_SUFFIX=.jsp}
10/08/2011 22:57:54 org.ajax4jsf.cache.LRUMapCacheFactory createCache
INFO: Creating LRUMap cache instance of default capacity
10/08/2011 22:57:54 org.ajax4jsf.cache.CacheManager getCacheFactory
INFO: Selected [org.ajax4jsf.cache.LRUMapCacheFactory] cache factory
10/08/2011 22:57:54 org.ajax4jsf.cache.LRUMapCacheFactory createCache
INFO: Creating LRUMap cache instance using parameters: {facelets.DEVELOPMENT=true, org.richfaces.SKIN=blueSky, facelets.REFRESH_PERIOD=2, javax.faces.STATE_SAVING_METHOD=server, javax.faces.DEFAULT_SUFFIX=.jsp}
10/08/2011 22:57:54 org.ajax4jsf.cache.LRUMapCacheFactory createCache
INFO: Creating LRUMap cache instance of default capacity
10/08/2011 22:57:54 org.apache.catalina.startup.HostConfig deployDirectory
INFO: Deploying web application directory docs
10/08/2011 22:57:54 org.apache.catalina.startup.HostConfig deployDirectory
INFO: Deploying web application directory examples
10/08/2011 22:57:54 org.apache.catalina.startup.HostConfig deployDirectory
INFO: Deploying web application directory host-manager
10/08/2011 22:57:54 org.apache.catalina.startup.HostConfig deployDirectory
INFO: Deploying web application directory manager
10/08/2011 22:57:54 org.apache.catalina.startup.HostConfig deployDirectory
INFO: Deploying web application directory ROOT
10/08/2011 22:57:54 org.apache.coyote.AbstractProtocol start
INFO: Starting ProtocolHandler ["http-bio-8080"]
10/08/2011 22:57:54 org.apache.coyote.AbstractProtocol start
INFO: Starting ProtocolHandler ["ajp-bio-8009"]
10/08/2011 22:57:54 org.apache.catalina.startup.Catalina start
INFO: Server startup in 11090 ms
10/08/2011 23:16:15 org.apache.catalina.core.StandardServer await
INFO: A valid shutdown command was received via the shutdown port. Stopping the Server instance.
10/08/2011 23:16:15 org.apache.coyote.AbstractProtocol pause
INFO: Pausing ProtocolHandler ["http-bio-8080"]
10/08/2011 23:16:15 org.apache.catalina.startup.HostConfig checkResources
INFO: Reloading context [/AlarmeAndroid]
10/08/2011 23:16:15 org.apache.catalina.loader.WebappClassLoader clearReferencesJdbc
GRAVE: The web application [/AlarmeAndroid] registered the JDBC driver [com.mysql.jdbc.Driver] but failed to unregister it when the web application was stopped. To prevent a memory leak, the JDBC Driver has been forcibly unregistered.
10/08/2011 23:16:16 org.apache.coyote.AbstractProtocol pause
INFO: Pausing ProtocolHandler ["ajp-bio-8009"]
10/08/2011 23:16:16 com.sun.faces.config.ConfigureListener contextInitialized
INFO: Initializing Mojarra (1.2_14-b01-FCS) for context '/AlarmeAndroid'
10/08/2011 23:16:17 org.apache.catalina.core.StandardService stopInternal
INFO: Stopping service Catalina
10/08/2011 23:16:17 org.apache.catalina.core.AprLifecycleListener init
INFO: The APR based Apache Tomcat Native library which allows optimal performance in production environments was not found on the java.library.path: C:\Program Files\Java\jdk1.6.0_23\bin;.;C:\Windows\Sun\Java\bin;C:\Windows\system32;C:\Windows;C:\Program Files\Common Files\Microsoft Shared\Windows Live;C:\Windows\system32;C:\Windows;C:\Windows\System32\Wbem;D:\Programacao\Android\android-sdk-windows\tools;C:\Program Files\TortoiseSVN\bin;C:\Program Files\Java\jdk1.6.0_23\bin;C:\Program Files\Windows Live\Shared;C:\Windows\System32\WindowsPowerShell\v1.0\
10/08/2011 23:16:18 com.sun.faces.spi.InjectionProviderFactory createInstance
INFO: JSF1048: PostConstruct/PreDestroy annotations present.  ManagedBeans methods marked with these annotations will have said annotations processed.
10/08/2011 23:16:18 org.apache.coyote.AbstractProtocol init
INFO: Initializing ProtocolHandler ["http-bio-8080"]
10/08/2011 23:16:18 org.apache.coyote.AbstractProtocol init
GRAVE: Failed to initialize end point associated with ProtocolHandler ["http-bio-8080"]
java.net.BindException: Address already in use: JVM_Bind <null>:8080
	at org.apache.tomcat.util.net.JIoEndpoint.bind(JIoEndpoint.java:384)
	at org.apache.tomcat.util.net.AbstractEndpoint.init(AbstractEndpoint.java:492)
	at org.apache.coyote.AbstractProtocol.init(AbstractProtocol.java:369)
	at org.apache.coyote.http11.AbstractHttp11JsseProtocol.init(AbstractHttp11JsseProtocol.java:119)
	at org.apache.catalina.connector.Connector.initInternal(Connector.java:910)
	at org.apache.catalina.util.LifecycleBase.init(LifecycleBase.java:101)
	at org.apache.catalina.core.StandardService.initInternal(StandardService.java:559)
	at org.apache.catalina.util.LifecycleBase.init(LifecycleBase.java:101)
	at org.apache.catalina.core.StandardServer.initInternal(StandardServer.java:781)
	at org.apache.catalina.util.LifecycleBase.init(LifecycleBase.java:101)
	at org.apache.catalina.startup.Catalina.load(Catalina.java:573)
	at org.apache.catalina.startup.Catalina.load(Catalina.java:596)
	at sun.reflect.NativeMethodAccessorImpl.invoke0(Native Method)
	at sun.reflect.NativeMethodAccessorImpl.invoke(NativeMethodAccessorImpl.java:39)
	at sun.reflect.DelegatingMethodAccessorImpl.invoke(DelegatingMethodAccessorImpl.java:25)
	at java.lang.reflect.Method.invoke(Method.java:597)
	at org.apache.catalina.startup.Bootstrap.load(Bootstrap.java:281)
	at org.apache.catalina.startup.Bootstrap.main(Bootstrap.java:449)
Caused by: java.net.BindException: Address already in use: JVM_Bind
	at java.net.PlainSocketImpl.socketBind(Native Method)
	at java.net.PlainSocketImpl.bind(PlainSocketImpl.java:365)
	at java.net.ServerSocket.bind(ServerSocket.java:328)
	at java.net.ServerSocket.<init>(ServerSocket.java:194)
	at java.net.ServerSocket.<init>(ServerSocket.java:150)
	at org.apache.tomcat.util.net.DefaultServerSocketFactory.createSocket(DefaultServerSocketFactory.java:48)
	at org.apache.tomcat.util.net.JIoEndpoint.bind(JIoEndpoint.java:371)
	... 17 more
10/08/2011 23:16:18 org.apache.catalina.core.StandardService initInternal
GRAVE: Failed to initialize connector [Connector[HTTP/1.1-8080]]
org.apache.catalina.LifecycleException: Protocol handler initialization failed
	at org.apache.catalina.connector.Connector.initInternal(Connector.java:912)
	at org.apache.catalina.util.LifecycleBase.init(LifecycleBase.java:101)
	at org.apache.catalina.core.StandardService.initInternal(StandardService.java:559)
	at org.apache.catalina.util.LifecycleBase.init(LifecycleBase.java:101)
	at org.apache.catalina.core.StandardServer.initInternal(StandardServer.java:781)
	at org.apache.catalina.util.LifecycleBase.init(LifecycleBase.java:101)
	at org.apache.catalina.startup.Catalina.load(Catalina.java:573)
	at org.apache.catalina.startup.Catalina.load(Catalina.java:596)
	at sun.reflect.NativeMethodAccessorImpl.invoke0(Native Method)
	at sun.reflect.NativeMethodAccessorImpl.invoke(NativeMethodAccessorImpl.java:39)
	at sun.reflect.DelegatingMethodAccessorImpl.invoke(DelegatingMethodAccessorImpl.java:25)
	at java.lang.reflect.Method.invoke(Method.java:597)
	at org.apache.catalina.startup.Bootstrap.load(Bootstrap.java:281)
	at org.apache.catalina.startup.Bootstrap.main(Bootstrap.java:449)
Caused by: java.net.BindException: Address already in use: JVM_Bind <null>:8080
	at org.apache.tomcat.util.net.JIoEndpoint.bind(JIoEndpoint.java:384)
	at org.apache.tomcat.util.net.AbstractEndpoint.init(AbstractEndpoint.java:492)
	at org.apache.coyote.AbstractProtocol.init(AbstractProtocol.java:369)
	at org.apache.coyote.http11.AbstractHttp11JsseProtocol.init(AbstractHttp11JsseProtocol.java:119)
	at org.apache.catalina.connector.Connector.initInternal(Connector.java:910)
	... 13 more
Caused by: java.net.BindException: Address already in use: JVM_Bind
	at java.net.PlainSocketImpl.socketBind(Native Method)
	at java.net.PlainSocketImpl.bind(PlainSocketImpl.java:365)
	at java.net.ServerSocket.bind(ServerSocket.java:328)
	at java.net.ServerSocket.<init>(ServerSocket.java:194)
	at java.net.ServerSocket.<init>(ServerSocket.java:150)
	at org.apache.tomcat.util.net.DefaultServerSocketFactory.createSocket(DefaultServerSocketFactory.java:48)
	at org.apache.tomcat.util.net.JIoEndpoint.bind(JIoEndpoint.java:371)
	... 17 more
10/08/2011 23:16:18 org.apache.coyote.AbstractProtocol init
INFO: Initializing ProtocolHandler ["ajp-bio-8009"]
10/08/2011 23:16:18 org.apache.coyote.AbstractProtocol init
GRAVE: Failed to initialize end point associated with ProtocolHandler ["ajp-bio-8009"]
java.net.BindException: Address already in use: JVM_Bind <null>:8009
	at org.apache.tomcat.util.net.JIoEndpoint.bind(JIoEndpoint.java:384)
	at org.apache.tomcat.util.net.AbstractEndpoint.init(AbstractEndpoint.java:492)
	at org.apache.coyote.AbstractProtocol.init(AbstractProtocol.java:369)
	at org.apache.catalina.connector.Connector.initInternal(Connector.java:910)
	at org.apache.catalina.util.LifecycleBase.init(LifecycleBase.java:101)
	at org.apache.catalina.core.StandardService.initInternal(StandardService.java:559)
	at org.apache.catalina.util.LifecycleBase.init(LifecycleBase.java:101)
	at org.apache.catalina.core.StandardServer.initInternal(StandardServer.java:781)
	at org.apache.catalina.util.LifecycleBase.init(LifecycleBase.java:101)
	at org.apache.catalina.startup.Catalina.load(Catalina.java:573)
	at org.apache.catalina.startup.Catalina.load(Catalina.java:596)
	at sun.reflect.NativeMethodAccessorImpl.invoke0(Native Method)
	at sun.reflect.NativeMethodAccessorImpl.invoke(NativeMethodAccessorImpl.java:39)
	at sun.reflect.DelegatingMethodAccessorImpl.invoke(DelegatingMethodAccessorImpl.java:25)
	at java.lang.reflect.Method.invoke(Method.java:597)
	at org.apache.catalina.startup.Bootstrap.load(Bootstrap.java:281)
	at org.apache.catalina.startup.Bootstrap.main(Bootstrap.java:449)
Caused by: java.net.BindException: Address already in use: JVM_Bind
	at java.net.PlainSocketImpl.socketBind(Native Method)
	at java.net.PlainSocketImpl.bind(PlainSocketImpl.java:365)
	at java.net.ServerSocket.bind(ServerSocket.java:328)
	at java.net.ServerSocket.<init>(ServerSocket.java:194)
	at java.net.ServerSocket.<init>(ServerSocket.java:150)
	at org.apache.tomcat.util.net.DefaultServerSocketFactory.createSocket(DefaultServerSocketFactory.java:48)
	at org.apache.tomcat.util.net.JIoEndpoint.bind(JIoEndpoint.java:371)
	... 16 more
10/08/2011 23:16:18 org.apache.catalina.core.StandardService initInternal
GRAVE: Failed to initialize connector [Connector[AJP/1.3-8009]]
org.apache.catalina.LifecycleException: Protocol handler initialization failed
	at org.apache.catalina.connector.Connector.initInternal(Connector.java:912)
	at org.apache.catalina.util.LifecycleBase.init(LifecycleBase.java:101)
	at org.apache.catalina.core.StandardService.initInternal(StandardService.java:559)
	at org.apache.catalina.util.LifecycleBase.init(LifecycleBase.java:101)
	at org.apache.catalina.core.StandardServer.initInternal(StandardServer.java:781)
	at org.apache.catalina.util.LifecycleBase.init(LifecycleBase.java:101)
	at org.apache.catalina.startup.Catalina.load(Catalina.java:573)
	at org.apache.catalina.startup.Catalina.load(Catalina.java:596)
	at sun.reflect.NativeMethodAccessorImpl.invoke0(Native Method)
	at sun.reflect.NativeMethodAccessorImpl.invoke(NativeMethodAccessorImpl.java:39)
	at sun.reflect.DelegatingMethodAccessorImpl.invoke(DelegatingMethodAccessorImpl.java:25)
	at java.lang.reflect.Method.invoke(Method.java:597)
	at org.apache.catalina.startup.Bootstrap.load(Bootstrap.java:281)
	at org.apache.catalina.startup.Bootstrap.main(Bootstrap.java:449)
Caused by: java.net.BindException: Address already in use: JVM_Bind <null>:8009
	at org.apache.tomcat.util.net.JIoEndpoint.bind(JIoEndpoint.java:384)
	at org.apache.tomcat.util.net.AbstractEndpoint.init(AbstractEndpoint.java:492)
	at org.apache.coyote.AbstractProtocol.init(AbstractProtocol.java:369)
	at org.apache.catalina.connector.Connector.initInternal(Connector.java:910)
	... 13 more
Caused by: java.net.BindException: Address already in use: JVM_Bind
	at java.net.PlainSocketImpl.socketBind(Native Method)
	at java.net.PlainSocketImpl.bind(PlainSocketImpl.java:365)
	at java.net.ServerSocket.bind(ServerSocket.java:328)
	at java.net.ServerSocket.<init>(ServerSocket.java:194)
	at java.net.ServerSocket.<init>(ServerSocket.java:150)
	at org.apache.tomcat.util.net.DefaultServerSocketFactory.createSocket(DefaultServerSocketFactory.java:48)
	at org.apache.tomcat.util.net.JIoEndpoint.bind(JIoEndpoint.java:371)
	... 16 more
10/08/2011 23:16:18 org.apache.catalina.startup.Catalina load
INFO: Initialization processed in 1218 ms
10/08/2011 23:16:18 org.apache.catalina.core.StandardService startInternal
INFO: Starting service Catalina
10/08/2011 23:16:18 org.apache.catalina.core.StandardEngine startInternal
INFO: Starting Servlet Engine: Apache Tomcat/7.0.19
10/08/2011 23:16:18 org.apache.catalina.startup.HostConfig deployDirectory
INFO: Deploying web application directory AlarmeAndroid
10/08/2011 23:16:19 org.ajax4jsf.cache.CacheManager getCacheFactory
INFO: Selected [org.ajax4jsf.cache.LRUMapCacheFactory] cache factory
10/08/2011 23:16:19 org.ajax4jsf.cache.LRUMapCacheFactory createCache
INFO: Creating LRUMap cache instance using parameters: {facelets.DEVELOPMENT=true, org.richfaces.SKIN=blueSky, facelets.REFRESH_PERIOD=2, javax.faces.STATE_SAVING_METHOD=server, javax.faces.DEFAULT_SUFFIX=.jsp}
10/08/2011 23:16:19 org.ajax4jsf.cache.LRUMapCacheFactory createCache
INFO: Creating LRUMap cache instance of default capacity
10/08/2011 23:16:19 org.ajax4jsf.cache.CacheManager getCacheFactory
INFO: Selected [org.ajax4jsf.cache.LRUMapCacheFactory] cache factory
10/08/2011 23:16:19 org.ajax4jsf.cache.LRUMapCacheFactory createCache
INFO: Creating LRUMap cache instance using parameters: {facelets.DEVELOPMENT=true, org.richfaces.SKIN=blueSky, facelets.REFRESH_PERIOD=2, javax.faces.STATE_SAVING_METHOD=server, javax.faces.DEFAULT_SUFFIX=.jsp}
10/08/2011 23:16:19 org.ajax4jsf.cache.LRUMapCacheFactory createCache
INFO: Creating LRUMap cache instance of default capacity
10/08/2011 23:16:19 org.apache.coyote.AbstractProtocol stop
INFO: Stopping ProtocolHandler ["http-bio-8080"]
10/08/2011 23:16:19 org.apache.coyote.AbstractProtocol stop
INFO: Stopping ProtocolHandler ["ajp-bio-8009"]
10/08/2011 23:16:19 org.apache.coyote.AbstractProtocol destroy
INFO: Destroying ProtocolHandler ["http-bio-8080"]
10/08/2011 23:16:19 org.apache.coyote.AbstractProtocol destroy
INFO: Destroying ProtocolHandler ["ajp-bio-8009"]
10/08/2011 23:16:20 com.sun.faces.config.ConfigureListener contextInitialized
INFO: Initializing Mojarra (1.2_14-b01-FCS) for context '/AlarmeAndroid'
10/08/2011 23:16:21 com.sun.faces.spi.InjectionProviderFactory createInstance
INFO: JSF1048: PostConstruct/PreDestroy annotations present.  ManagedBeans methods marked with these annotations will have said annotations processed.
10/08/2011 23:16:22 org.ajax4jsf.cache.CacheManager getCacheFactory
INFO: Selected [org.ajax4jsf.cache.LRUMapCacheFactory] cache factory
10/08/2011 23:16:22 org.ajax4jsf.cache.LRUMapCacheFactory createCache
INFO: Creating LRUMap cache instance using parameters: {facelets.DEVELOPMENT=true, org.richfaces.SKIN=blueSky, facelets.REFRESH_PERIOD=2, javax.faces.STATE_SAVING_METHOD=server, javax.faces.DEFAULT_SUFFIX=.jsp}
10/08/2011 23:16:22 org.ajax4jsf.cache.LRUMapCacheFactory createCache
INFO: Creating LRUMap cache instance of default capacity
10/08/2011 23:16:23 org.ajax4jsf.cache.CacheManager getCacheFactory
INFO: Selected [org.ajax4jsf.cache.LRUMapCacheFactory] cache factory
10/08/2011 23:16:23 org.ajax4jsf.cache.LRUMapCacheFactory createCache
INFO: Creating LRUMap cache instance using parameters: {facelets.DEVELOPMENT=true, org.richfaces.SKIN=blueSky, facelets.REFRESH_PERIOD=2, javax.faces.STATE_SAVING_METHOD=server, javax.faces.DEFAULT_SUFFIX=.jsp}
10/08/2011 23:16:23 org.ajax4jsf.cache.LRUMapCacheFactory createCache
INFO: Creating LRUMap cache instance of default capacity
10/08/2011 23:16:23 org.apache.catalina.startup.HostConfig deployDirectory
INFO: Deploying web application directory alarmeAndroid2
10/08/2011 23:16:23 com.sun.faces.config.ConfigureListener contextInitialized
INFO: Initializing Mojarra (1.2_08-b06-FCS) for context '/alarmeAndroid2'
10/08/2011 23:16:24 com.sun.faces.spi.InjectionProviderFactory createInstance
INFO: JSF1048: PostConstruct/PreDestroy annotations present.  ManagedBeans methods marked with these annotations will have said annotations processed.
10/08/2011 23:16:25 org.ajax4jsf.cache.CacheManager getCacheFactory
INFO: Selected [org.ajax4jsf.cache.LRUMapCacheFactory] cache factory
10/08/2011 23:16:25 org.ajax4jsf.cache.LRUMapCacheFactory createCache
INFO: Creating LRUMap cache instance using parameters: {facelets.DEVELOPMENT=true, org.richfaces.SKIN=blueSky, facelets.REFRESH_PERIOD=2, javax.faces.STATE_SAVING_METHOD=server, javax.faces.DEFAULT_SUFFIX=.jsp}
10/08/2011 23:16:25 org.ajax4jsf.cache.LRUMapCacheFactory createCache
INFO: Creating LRUMap cache instance of default capacity
10/08/2011 23:16:25 org.ajax4jsf.cache.CacheManager getCacheFactory
INFO: Selected [org.ajax4jsf.cache.LRUMapCacheFactory] cache factory
10/08/2011 23:16:25 org.ajax4jsf.cache.LRUMapCacheFactory createCache
INFO: Creating LRUMap cache instance using parameters: {facelets.DEVELOPMENT=true, org.richfaces.SKIN=blueSky, facelets.REFRESH_PERIOD=2, javax.faces.STATE_SAVING_METHOD=server, javax.faces.DEFAULT_SUFFIX=.jsp}
10/08/2011 23:16:25 org.ajax4jsf.cache.LRUMapCacheFactory createCache
INFO: Creating LRUMap cache instance of default capacity
10/08/2011 23:16:25 org.apache.catalina.startup.HostConfig deployDirectory
INFO: Deploying web application directory alarmeAndroid3
10/08/2011 23:16:26 com.sun.faces.config.ConfigureListener contextInitialized
INFO: Initializing Mojarra (1.2_08-b06-FCS) for context '/alarmeAndroid3'
10/08/2011 23:16:26 com.sun.faces.spi.InjectionProviderFactory createInstance
INFO: JSF1048: PostConstruct/PreDestroy annotations present.  ManagedBeans methods marked with these annotations will have said annotations processed.
10/08/2011 23:16:27 org.ajax4jsf.cache.CacheManager getCacheFactory
INFO: Selected [org.ajax4jsf.cache.LRUMapCacheFactory] cache factory
10/08/2011 23:16:27 org.ajax4jsf.cache.LRUMapCacheFactory createCache
INFO: Creating LRUMap cache instance using parameters: {facelets.DEVELOPMENT=true, org.richfaces.SKIN=blueSky, facelets.REFRESH_PERIOD=2, javax.faces.STATE_SAVING_METHOD=server, javax.faces.DEFAULT_SUFFIX=.jsp}
10/08/2011 23:16:27 org.ajax4jsf.cache.LRUMapCacheFactory createCache
INFO: Creating LRUMap cache instance of default capacity
10/08/2011 23:16:27 org.ajax4jsf.cache.CacheManager getCacheFactory
INFO: Selected [org.ajax4jsf.cache.LRUMapCacheFactory] cache factory
10/08/2011 23:16:27 org.ajax4jsf.cache.LRUMapCacheFactory createCache
INFO: Creating LRUMap cache instance using parameters: {facelets.DEVELOPMENT=true, org.richfaces.SKIN=blueSky, facelets.REFRESH_PERIOD=2, javax.faces.STATE_SAVING_METHOD=server, javax.faces.DEFAULT_SUFFIX=.jsp}
10/08/2011 23:16:27 org.ajax4jsf.cache.LRUMapCacheFactory createCache
INFO: Creating LRUMap cache instance of default capacity
10/08/2011 23:16:27 org.apache.catalina.startup.HostConfig deployDirectory
INFO: Deploying web application directory AlarmeAndroid4
10/08/2011 23:16:28 com.sun.faces.config.ConfigureListener contextInitialized
INFO: Initializing Mojarra (1.2_14-b01-FCS) for context '/AlarmeAndroid4'
10/08/2011 23:16:29 com.sun.faces.spi.InjectionProviderFactory createInstance
INFO: JSF1048: PostConstruct/PreDestroy annotations present.  ManagedBeans methods marked with these annotations will have said annotations processed.
10/08/2011 23:16:30 org.ajax4jsf.cache.CacheManager getCacheFactory
INFO: Selected [org.ajax4jsf.cache.LRUMapCacheFactory] cache factory
10/08/2011 23:16:30 org.ajax4jsf.cache.LRUMapCacheFactory createCache
INFO: Creating LRUMap cache instance using parameters: {facelets.DEVELOPMENT=true, org.richfaces.SKIN=blueSky, facelets.REFRESH_PERIOD=2, javax.faces.STATE_SAVING_METHOD=server, javax.faces.DEFAULT_SUFFIX=.jsp}
10/08/2011 23:16:30 org.ajax4jsf.cache.LRUMapCacheFactory createCache
INFO: Creating LRUMap cache instance of default capacity
10/08/2011 23:16:30 org.ajax4jsf.cache.CacheManager getCacheFactory
INFO: Selected [org.ajax4jsf.cache.LRUMapCacheFactory] cache factory
10/08/2011 23:16:30 org.ajax4jsf.cache.LRUMapCacheFactory createCache
INFO: Creating LRUMap cache instance using parameters: {facelets.DEVELOPMENT=true, org.richfaces.SKIN=blueSky, facelets.REFRESH_PERIOD=2, javax.faces.STATE_SAVING_METHOD=server, javax.faces.DEFAULT_SUFFIX=.jsp}
10/08/2011 23:16:30 org.ajax4jsf.cache.LRUMapCacheFactory createCache
INFO: Creating LRUMap cache instance of default capacity
10/08/2011 23:16:30 org.apache.catalina.startup.HostConfig deployDirectory
INFO: Deploying web application directory docs
10/08/2011 23:16:30 org.apache.catalina.startup.HostConfig deployDirectory
INFO: Deploying web application directory examples
10/08/2011 23:16:30 org.apache.catalina.startup.HostConfig deployDirectory
INFO: Deploying web application directory host-manager
10/08/2011 23:16:31 org.apache.catalina.startup.HostConfig deployDirectory
INFO: Deploying web application directory manager
10/08/2011 23:16:31 org.apache.catalina.startup.HostConfig deployDirectory
INFO: Deploying web application directory ROOT
10/08/2011 23:16:31 org.apache.catalina.startup.Catalina start
INFO: Server startup in 12705 ms
10/08/2011 23:16:56 org.apache.catalina.startup.Catalina stopServer
GRAVE: Catalina.stop: 
java.net.ConnectException: Connection refused: connect
	at java.net.PlainSocketImpl.socketConnect(Native Method)
	at java.net.PlainSocketImpl.doConnect(PlainSocketImpl.java:333)
	at java.net.PlainSocketImpl.connectToAddress(PlainSocketImpl.java:195)
	at java.net.PlainSocketImpl.connect(PlainSocketImpl.java:182)
	at java.net.SocksSocketImpl.connect(SocksSocketImpl.java:366)
	at java.net.Socket.connect(Socket.java:529)
	at java.net.Socket.connect(Socket.java:478)
	at java.net.Socket.<init>(Socket.java:375)
	at java.net.Socket.<init>(Socket.java:189)
	at org.apache.catalina.startup.Catalina.stopServer(Catalina.java:457)
	at sun.reflect.NativeMethodAccessorImpl.invoke0(Native Method)
	at sun.reflect.NativeMethodAccessorImpl.invoke(NativeMethodAccessorImpl.java:39)
	at sun.reflect.DelegatingMethodAccessorImpl.invoke(DelegatingMethodAccessorImpl.java:25)
	at java.lang.reflect.Method.invoke(Method.java:597)
	at org.apache.catalina.startup.Bootstrap.stopServer(Bootstrap.java:371)
	at org.apache.catalina.startup.Bootstrap.main(Bootstrap.java:452)
10/08/2011 23:16:59 org.apache.catalina.core.AprLifecycleListener init
INFO: The APR based Apache Tomcat Native library which allows optimal performance in production environments was not found on the java.library.path: C:\Program Files\Java\jdk1.6.0_23\bin;.;C:\Windows\Sun\Java\bin;C:\Windows\system32;C:\Windows;C:\Program Files\Common Files\Microsoft Shared\Windows Live;C:\Windows\system32;C:\Windows;C:\Windows\System32\Wbem;D:\Programacao\Android\android-sdk-windows\tools;C:\Program Files\TortoiseSVN\bin;C:\Program Files\Java\jdk1.6.0_23\bin;C:\Program Files\Windows Live\Shared;C:\Windows\System32\WindowsPowerShell\v1.0\
10/08/2011 23:16:59 org.apache.coyote.AbstractProtocol init
INFO: Initializing ProtocolHandler ["http-bio-8080"]
10/08/2011 23:16:59 org.apache.coyote.AbstractProtocol init
INFO: Initializing ProtocolHandler ["ajp-bio-8009"]
10/08/2011 23:16:59 org.apache.catalina.startup.Catalina load
INFO: Initialization processed in 786 ms
10/08/2011 23:16:59 org.apache.catalina.core.StandardService startInternal
INFO: Starting service Catalina
10/08/2011 23:16:59 org.apache.catalina.core.StandardEngine startInternal
INFO: Starting Servlet Engine: Apache Tomcat/7.0.19
10/08/2011 23:16:59 org.apache.catalina.startup.HostConfig deployDirectory
INFO: Deploying web application directory AlarmeAndroid
10/08/2011 23:17:01 com.sun.faces.config.ConfigureListener contextInitialized
INFO: Initializing Mojarra (1.2_14-b01-FCS) for context '/AlarmeAndroid'
10/08/2011 23:17:02 com.sun.faces.spi.InjectionProviderFactory createInstance
INFO: JSF1048: PostConstruct/PreDestroy annotations present.  ManagedBeans methods marked with these annotations will have said annotations processed.
10/08/2011 23:17:03 org.ajax4jsf.cache.CacheManager getCacheFactory
INFO: Selected [org.ajax4jsf.cache.LRUMapCacheFactory] cache factory
10/08/2011 23:17:03 org.ajax4jsf.cache.LRUMapCacheFactory createCache
INFO: Creating LRUMap cache instance using parameters: {facelets.DEVELOPMENT=true, org.richfaces.SKIN=blueSky, facelets.REFRESH_PERIOD=2, javax.faces.STATE_SAVING_METHOD=server, javax.faces.DEFAULT_SUFFIX=.jsp}
10/08/2011 23:17:03 org.ajax4jsf.cache.LRUMapCacheFactory createCache
INFO: Creating LRUMap cache instance of default capacity
10/08/2011 23:17:03 org.ajax4jsf.cache.CacheManager getCacheFactory
INFO: Selected [org.ajax4jsf.cache.LRUMapCacheFactory] cache factory
10/08/2011 23:17:03 org.ajax4jsf.cache.LRUMapCacheFactory createCache
INFO: Creating LRUMap cache instance using parameters: {facelets.DEVELOPMENT=true, org.richfaces.SKIN=blueSky, facelets.REFRESH_PERIOD=2, javax.faces.STATE_SAVING_METHOD=server, javax.faces.DEFAULT_SUFFIX=.jsp}
10/08/2011 23:17:03 org.ajax4jsf.cache.LRUMapCacheFactory createCache
INFO: Creating LRUMap cache instance of default capacity
10/08/2011 23:17:03 org.apache.catalina.startup.HostConfig deployDirectory
INFO: Deploying web application directory alarmeAndroid2
10/08/2011 23:17:04 com.sun.faces.config.ConfigureListener contextInitialized
INFO: Initializing Mojarra (1.2_08-b06-FCS) for context '/alarmeAndroid2'
10/08/2011 23:17:05 com.sun.faces.spi.InjectionProviderFactory createInstance
INFO: JSF1048: PostConstruct/PreDestroy annotations present.  ManagedBeans methods marked with these annotations will have said annotations processed.
10/08/2011 23:17:06 org.ajax4jsf.cache.CacheManager getCacheFactory
INFO: Selected [org.ajax4jsf.cache.LRUMapCacheFactory] cache factory
10/08/2011 23:17:06 org.ajax4jsf.cache.LRUMapCacheFactory createCache
INFO: Creating LRUMap cache instance using parameters: {facelets.DEVELOPMENT=true, org.richfaces.SKIN=blueSky, facelets.REFRESH_PERIOD=2, javax.faces.STATE_SAVING_METHOD=server, javax.faces.DEFAULT_SUFFIX=.jsp}
10/08/2011 23:17:06 org.ajax4jsf.cache.LRUMapCacheFactory createCache
INFO: Creating LRUMap cache instance of default capacity
10/08/2011 23:17:06 org.ajax4jsf.cache.CacheManager getCacheFactory
INFO: Selected [org.ajax4jsf.cache.LRUMapCacheFactory] cache factory
10/08/2011 23:17:06 org.ajax4jsf.cache.LRUMapCacheFactory createCache
INFO: Creating LRUMap cache instance using parameters: {facelets.DEVELOPMENT=true, org.richfaces.SKIN=blueSky, facelets.REFRESH_PERIOD=2, javax.faces.STATE_SAVING_METHOD=server, javax.faces.DEFAULT_SUFFIX=.jsp}
10/08/2011 23:17:06 org.ajax4jsf.cache.LRUMapCacheFactory createCache
INFO: Creating LRUMap cache instance of default capacity
10/08/2011 23:17:06 org.apache.catalina.startup.HostConfig deployDirectory
INFO: Deploying web application directory alarmeAndroid3
10/08/2011 23:17:07 com.sun.faces.config.ConfigureListener contextInitialized
INFO: Initializing Mojarra (1.2_08-b06-FCS) for context '/alarmeAndroid3'
10/08/2011 23:17:07 com.sun.faces.spi.InjectionProviderFactory createInstance
INFO: JSF1048: PostConstruct/PreDestroy annotations present.  ManagedBeans methods marked with these annotations will have said annotations processed.
10/08/2011 23:17:08 org.ajax4jsf.cache.CacheManager getCacheFactory
INFO: Selected [org.ajax4jsf.cache.LRUMapCacheFactory] cache factory
10/08/2011 23:17:08 org.ajax4jsf.cache.LRUMapCacheFactory createCache
INFO: Creating LRUMap cache instance using parameters: {facelets.DEVELOPMENT=true, org.richfaces.SKIN=blueSky, facelets.REFRESH_PERIOD=2, javax.faces.STATE_SAVING_METHOD=server, javax.faces.DEFAULT_SUFFIX=.jsp}
10/08/2011 23:17:08 org.ajax4jsf.cache.LRUMapCacheFactory createCache
INFO: Creating LRUMap cache instance of default capacity
10/08/2011 23:17:08 org.ajax4jsf.cache.CacheManager getCacheFactory
INFO: Selected [org.ajax4jsf.cache.LRUMapCacheFactory] cache factory
10/08/2011 23:17:08 org.ajax4jsf.cache.LRUMapCacheFactory createCache
INFO: Creating LRUMap cache instance using parameters: {facelets.DEVELOPMENT=true, org.richfaces.SKIN=blueSky, facelets.REFRESH_PERIOD=2, javax.faces.STATE_SAVING_METHOD=server, javax.faces.DEFAULT_SUFFIX=.jsp}
10/08/2011 23:17:08 org.ajax4jsf.cache.LRUMapCacheFactory createCache
INFO: Creating LRUMap cache instance of default capacity
10/08/2011 23:17:08 org.apache.catalina.startup.HostConfig deployDirectory
INFO: Deploying web application directory AlarmeAndroid4
10/08/2011 23:17:10 com.sun.faces.config.ConfigureListener contextInitialized
INFO: Initializing Mojarra (1.2_14-b01-FCS) for context '/AlarmeAndroid4'
10/08/2011 23:17:10 com.sun.faces.spi.InjectionProviderFactory createInstance
INFO: JSF1048: PostConstruct/PreDestroy annotations present.  ManagedBeans methods marked with these annotations will have said annotations processed.
10/08/2011 23:17:11 org.ajax4jsf.cache.CacheManager getCacheFactory
INFO: Selected [org.ajax4jsf.cache.LRUMapCacheFactory] cache factory
10/08/2011 23:17:11 org.ajax4jsf.cache.LRUMapCacheFactory createCache
INFO: Creating LRUMap cache instance using parameters: {facelets.DEVELOPMENT=true, org.richfaces.SKIN=blueSky, facelets.REFRESH_PERIOD=2, javax.faces.STATE_SAVING_METHOD=server, javax.faces.DEFAULT_SUFFIX=.jsp}
10/08/2011 23:17:11 org.ajax4jsf.cache.LRUMapCacheFactory createCache
INFO: Creating LRUMap cache instance of default capacity
10/08/2011 23:17:11 org.ajax4jsf.cache.CacheManager getCacheFactory
INFO: Selected [org.ajax4jsf.cache.LRUMapCacheFactory] cache factory
10/08/2011 23:17:11 org.ajax4jsf.cache.LRUMapCacheFactory createCache
INFO: Creating LRUMap cache instance using parameters: {facelets.DEVELOPMENT=true, org.richfaces.SKIN=blueSky, facelets.REFRESH_PERIOD=2, javax.faces.STATE_SAVING_METHOD=server, javax.faces.DEFAULT_SUFFIX=.jsp}
10/08/2011 23:17:11 org.ajax4jsf.cache.LRUMapCacheFactory createCache
INFO: Creating LRUMap cache instance of default capacity
10/08/2011 23:17:11 org.apache.catalina.startup.HostConfig deployDirectory
INFO: Deploying web application directory docs
10/08/2011 23:17:11 org.apache.catalina.startup.HostConfig deployDirectory
INFO: Deploying web application directory examples
10/08/2011 23:17:11 org.apache.catalina.startup.HostConfig deployDirectory
INFO: Deploying web application directory host-manager
10/08/2011 23:17:12 org.apache.catalina.startup.HostConfig deployDirectory
INFO: Deploying web application directory manager
10/08/2011 23:17:12 org.apache.catalina.startup.HostConfig deployDirectory
INFO: Deploying web application directory ROOT
10/08/2011 23:17:12 org.apache.coyote.AbstractProtocol start
INFO: Starting ProtocolHandler ["http-bio-8080"]
10/08/2011 23:17:12 org.apache.coyote.AbstractProtocol start
INFO: Starting ProtocolHandler ["ajp-bio-8009"]
10/08/2011 23:17:12 org.apache.catalina.startup.Catalina start
INFO: Server startup in 12228 ms
10/08/2011 23:20:41 org.apache.catalina.core.StandardServer await
INFO: A valid shutdown command was received via the shutdown port. Stopping the Server instance.
10/08/2011 23:20:41 org.apache.coyote.AbstractProtocol pause
INFO: Pausing ProtocolHandler ["http-bio-8080"]
10/08/2011 23:20:42 org.apache.coyote.AbstractProtocol pause
INFO: Pausing ProtocolHandler ["ajp-bio-8009"]
10/08/2011 23:20:43 org.apache.catalina.core.StandardService stopInternal
INFO: Stopping service Catalina
10/08/2011 23:20:44 org.apache.catalina.loader.WebappClassLoader clearReferencesJdbc
GRAVE: The web application [/AlarmeAndroid] registered the JDBC driver [com.mysql.jdbc.Driver] but failed to unregister it when the web application was stopped. To prevent a memory leak, the JDBC Driver has been forcibly unregistered.
10/08/2011 23:20:44 org.apache.coyote.AbstractProtocol stop
INFO: Stopping ProtocolHandler ["http-bio-8080"]
10/08/2011 23:20:44 org.apache.coyote.AbstractProtocol stop
INFO: Stopping ProtocolHandler ["ajp-bio-8009"]
10/08/2011 23:20:44 org.apache.coyote.AbstractProtocol destroy
INFO: Destroying ProtocolHandler ["http-bio-8080"]
10/08/2011 23:20:44 org.apache.coyote.AbstractProtocol destroy
INFO: Destroying ProtocolHandler ["ajp-bio-8009"]
10/08/2011 23:21:01 org.apache.catalina.core.AprLifecycleListener init
INFO: The APR based Apache Tomcat Native library which allows optimal performance in production environments was not found on the java.library.path: C:\Program Files\Java\jdk1.6.0_23\bin;.;C:\Windows\Sun\Java\bin;C:\Windows\system32;C:\Windows;C:\Program Files\Common Files\Microsoft Shared\Windows Live;C:\Windows\system32;C:\Windows;C:\Windows\System32\Wbem;D:\Programacao\Android\android-sdk-windows\tools;C:\Program Files\TortoiseSVN\bin;C:\Program Files\Java\jdk1.6.0_23\bin;C:\Program Files\Windows Live\Shared;C:\Windows\System32\WindowsPowerShell\v1.0\
10/08/2011 23:21:01 org.apache.coyote.AbstractProtocol init
INFO: Initializing ProtocolHandler ["http-bio-8080"]
10/08/2011 23:21:01 org.apache.coyote.AbstractProtocol init
INFO: Initializing ProtocolHandler ["ajp-bio-8009"]
10/08/2011 23:21:01 org.apache.catalina.startup.Catalina load
INFO: Initialization processed in 744 ms
10/08/2011 23:21:01 org.apache.catalina.core.StandardService startInternal
INFO: Starting service Catalina
10/08/2011 23:21:01 org.apache.catalina.core.StandardEngine startInternal
INFO: Starting Servlet Engine: Apache Tomcat/7.0.19
10/08/2011 23:21:01 org.apache.catalina.startup.HostConfig deployDirectory
INFO: Deploying web application directory AlarmeAndroid
10/08/2011 23:21:03 com.sun.faces.config.ConfigureListener contextInitialized
INFO: Initializing Mojarra (1.2_14-b01-FCS) for context '/AlarmeAndroid'
10/08/2011 23:21:04 com.sun.faces.spi.InjectionProviderFactory createInstance
INFO: JSF1048: PostConstruct/PreDestroy annotations present.  ManagedBeans methods marked with these annotations will have said annotations processed.
10/08/2011 23:21:05 org.ajax4jsf.cache.CacheManager getCacheFactory
INFO: Selected [org.ajax4jsf.cache.LRUMapCacheFactory] cache factory
10/08/2011 23:21:05 org.ajax4jsf.cache.LRUMapCacheFactory createCache
INFO: Creating LRUMap cache instance using parameters: {facelets.DEVELOPMENT=true, org.richfaces.SKIN=blueSky, facelets.REFRESH_PERIOD=2, javax.faces.STATE_SAVING_METHOD=server, javax.faces.DEFAULT_SUFFIX=.jsp}
10/08/2011 23:21:05 org.ajax4jsf.cache.LRUMapCacheFactory createCache
INFO: Creating LRUMap cache instance of default capacity
10/08/2011 23:21:05 org.ajax4jsf.cache.CacheManager getCacheFactory
INFO: Selected [org.ajax4jsf.cache.LRUMapCacheFactory] cache factory
10/08/2011 23:21:05 org.ajax4jsf.cache.LRUMapCacheFactory createCache
INFO: Creating LRUMap cache instance using parameters: {facelets.DEVELOPMENT=true, org.richfaces.SKIN=blueSky, facelets.REFRESH_PERIOD=2, javax.faces.STATE_SAVING_METHOD=server, javax.faces.DEFAULT_SUFFIX=.jsp}
10/08/2011 23:21:05 org.ajax4jsf.cache.LRUMapCacheFactory createCache
INFO: Creating LRUMap cache instance of default capacity
10/08/2011 23:21:06 org.apache.catalina.startup.HostConfig deployDirectory
INFO: Deploying web application directory alarmeAndroid2
10/08/2011 23:21:07 com.sun.faces.config.ConfigureListener contextInitialized
INFO: Initializing Mojarra (1.2_08-b06-FCS) for context '/alarmeAndroid2'
10/08/2011 23:21:07 com.sun.faces.spi.InjectionProviderFactory createInstance
INFO: JSF1048: PostConstruct/PreDestroy annotations present.  ManagedBeans methods marked with these annotations will have said annotations processed.
10/08/2011 23:21:08 org.ajax4jsf.cache.CacheManager getCacheFactory
INFO: Selected [org.ajax4jsf.cache.LRUMapCacheFactory] cache factory
10/08/2011 23:21:08 org.ajax4jsf.cache.LRUMapCacheFactory createCache
INFO: Creating LRUMap cache instance using parameters: {facelets.DEVELOPMENT=true, org.richfaces.SKIN=blueSky, facelets.REFRESH_PERIOD=2, javax.faces.STATE_SAVING_METHOD=server, javax.faces.DEFAULT_SUFFIX=.jsp}
10/08/2011 23:21:08 org.ajax4jsf.cache.LRUMapCacheFactory createCache
INFO: Creating LRUMap cache instance of default capacity
10/08/2011 23:21:08 org.ajax4jsf.cache.CacheManager getCacheFactory
INFO: Selected [org.ajax4jsf.cache.LRUMapCacheFactory] cache factory
10/08/2011 23:21:08 org.ajax4jsf.cache.LRUMapCacheFactory createCache
INFO: Creating LRUMap cache instance using parameters: {facelets.DEVELOPMENT=true, org.richfaces.SKIN=blueSky, facelets.REFRESH_PERIOD=2, javax.faces.STATE_SAVING_METHOD=server, javax.faces.DEFAULT_SUFFIX=.jsp}
10/08/2011 23:21:08 org.ajax4jsf.cache.LRUMapCacheFactory createCache
INFO: Creating LRUMap cache instance of default capacity
10/08/2011 23:21:08 org.apache.catalina.startup.HostConfig deployDirectory
INFO: Deploying web application directory alarmeAndroid3
10/08/2011 23:21:09 com.sun.faces.config.ConfigureListener contextInitialized
INFO: Initializing Mojarra (1.2_08-b06-FCS) for context '/alarmeAndroid3'
10/08/2011 23:21:10 com.sun.faces.spi.InjectionProviderFactory createInstance
INFO: JSF1048: PostConstruct/PreDestroy annotations present.  ManagedBeans methods marked with these annotations will have said annotations processed.
10/08/2011 23:21:11 org.ajax4jsf.cache.CacheManager getCacheFactory
INFO: Selected [org.ajax4jsf.cache.LRUMapCacheFactory] cache factory
10/08/2011 23:21:11 org.ajax4jsf.cache.LRUMapCacheFactory createCache
INFO: Creating LRUMap cache instance using parameters: {facelets.DEVELOPMENT=true, org.richfaces.SKIN=blueSky, facelets.REFRESH_PERIOD=2, javax.faces.STATE_SAVING_METHOD=server, javax.faces.DEFAULT_SUFFIX=.jsp}
10/08/2011 23:21:11 org.ajax4jsf.cache.LRUMapCacheFactory createCache
INFO: Creating LRUMap cache instance of default capacity
10/08/2011 23:21:11 org.ajax4jsf.cache.CacheManager getCacheFactory
INFO: Selected [org.ajax4jsf.cache.LRUMapCacheFactory] cache factory
10/08/2011 23:21:11 org.ajax4jsf.cache.LRUMapCacheFactory createCache
INFO: Creating LRUMap cache instance using parameters: {facelets.DEVELOPMENT=true, org.richfaces.SKIN=blueSky, facelets.REFRESH_PERIOD=2, javax.faces.STATE_SAVING_METHOD=server, javax.faces.DEFAULT_SUFFIX=.jsp}
10/08/2011 23:21:11 org.ajax4jsf.cache.LRUMapCacheFactory createCache
INFO: Creating LRUMap cache instance of default capacity
10/08/2011 23:21:11 org.apache.catalina.startup.HostConfig deployDirectory
INFO: Deploying web application directory AlarmeAndroid4
10/08/2011 23:21:12 com.sun.faces.config.ConfigureListener contextInitialized
INFO: Initializing Mojarra (1.2_14-b01-FCS) for context '/AlarmeAndroid4'
10/08/2011 23:21:13 com.sun.faces.spi.InjectionProviderFactory createInstance
INFO: JSF1048: PostConstruct/PreDestroy annotations present.  ManagedBeans methods marked with these annotations will have said annotations processed.
10/08/2011 23:21:14 org.ajax4jsf.cache.CacheManager getCacheFactory
INFO: Selected [org.ajax4jsf.cache.LRUMapCacheFactory] cache factory
10/08/2011 23:21:14 org.ajax4jsf.cache.LRUMapCacheFactory createCache
INFO: Creating LRUMap cache instance using parameters: {facelets.DEVELOPMENT=true, org.richfaces.SKIN=blueSky, facelets.REFRESH_PERIOD=2, javax.faces.STATE_SAVING_METHOD=server, javax.faces.DEFAULT_SUFFIX=.jsp}
10/08/2011 23:21:14 org.ajax4jsf.cache.LRUMapCacheFactory createCache
INFO: Creating LRUMap cache instance of default capacity
10/08/2011 23:21:14 org.ajax4jsf.cache.CacheManager getCacheFactory
INFO: Selected [org.ajax4jsf.cache.LRUMapCacheFactory] cache factory
10/08/2011 23:21:14 org.ajax4jsf.cache.LRUMapCacheFactory createCache
INFO: Creating LRUMap cache instance using parameters: {facelets.DEVELOPMENT=true, org.richfaces.SKIN=blueSky, facelets.REFRESH_PERIOD=2, javax.faces.STATE_SAVING_METHOD=server, javax.faces.DEFAULT_SUFFIX=.jsp}
10/08/2011 23:21:14 org.ajax4jsf.cache.LRUMapCacheFactory createCache
INFO: Creating LRUMap cache instance of default capacity
10/08/2011 23:21:14 org.apache.catalina.startup.HostConfig deployDirectory
INFO: Deploying web application directory docs
10/08/2011 23:21:14 org.apache.catalina.startup.HostConfig deployDirectory
INFO: Deploying web application directory examples
10/08/2011 23:21:14 org.apache.catalina.startup.HostConfig deployDirectory
INFO: Deploying web application directory host-manager
10/08/2011 23:21:14 org.apache.catalina.startup.HostConfig deployDirectory
INFO: Deploying web application directory manager
10/08/2011 23:21:14 org.apache.catalina.startup.HostConfig deployDirectory
INFO: Deploying web application directory ROOT
10/08/2011 23:21:14 org.apache.coyote.AbstractProtocol start
INFO: Starting ProtocolHandler ["http-bio-8080"]
10/08/2011 23:21:14 org.apache.coyote.AbstractProtocol start
INFO: Starting ProtocolHandler ["ajp-bio-8009"]
10/08/2011 23:21:14 org.apache.catalina.startup.Catalina start
INFO: Server startup in 13173 ms
