11/08/2011 18:49:13 org.apache.catalina.core.AprLifecycleListener init
INFO: The APR based Apache Tomcat Native library which allows optimal performance in production environments was not found on the java.library.path: C:\Program Files\Java\jdk1.6.0_23\bin;.;C:\Windows\Sun\Java\bin;C:\Windows\system32;C:\Windows;C:\Program Files\Common Files\Microsoft Shared\Windows Live;C:\Windows\system32;C:\Windows;C:\Windows\System32\Wbem;D:\Programacao\Android\android-sdk-windows\tools;C:\Program Files\TortoiseSVN\bin;C:\Program Files\Java\jdk1.6.0_23\bin;C:\Program Files\Windows Live\Shared;C:\Windows\System32\WindowsPowerShell\v1.0\
11/08/2011 18:49:23 org.apache.coyote.AbstractProtocol init
INFO: Initializing ProtocolHandler ["http-bio-8080"]
11/08/2011 18:49:24 org.apache.coyote.AbstractProtocol init
INFO: Initializing ProtocolHandler ["ajp-bio-8009"]
11/08/2011 18:49:24 org.apache.catalina.startup.Catalina load
INFO: Initialization processed in 14027 ms
11/08/2011 18:49:24 org.apache.catalina.core.StandardService startInternal
INFO: Starting service Catalina
11/08/2011 18:49:24 org.apache.catalina.core.StandardEngine startInternal
INFO: Starting Servlet Engine: Apache Tomcat/7.0.19
11/08/2011 18:49:24 org.apache.catalina.startup.HostConfig deployDirectory
INFO: Deploying web application directory AlarmeAndroid
11/08/2011 18:49:38 com.sun.faces.config.ConfigureListener contextInitialized
INFO: Initializing Mojarra (1.2_14-b01-FCS) for context '/AlarmeAndroid'
11/08/2011 18:49:47 com.sun.faces.spi.InjectionProviderFactory createInstance
INFO: JSF1048: PostConstruct/PreDestroy annotations present.  ManagedBeans methods marked with these annotations will have said annotations processed.
11/08/2011 18:49:48 org.apache.catalina.util.SessionIdGenerator createSecureRandom
INFO: Creation of SecureRandom instance for session ID generation using [SHA1PRNG] took [431] milliseconds.
11/08/2011 18:49:48 org.ajax4jsf.cache.CacheManager getCacheFactory
INFO: Selected [org.ajax4jsf.cache.LRUMapCacheFactory] cache factory
11/08/2011 18:49:48 org.ajax4jsf.cache.LRUMapCacheFactory createCache
INFO: Creating LRUMap cache instance using parameters: {facelets.DEVELOPMENT=true, org.richfaces.SKIN=blueSky, facelets.REFRESH_PERIOD=2, javax.faces.STATE_SAVING_METHOD=server, javax.faces.DEFAULT_SUFFIX=.jsp}
11/08/2011 18:49:48 org.ajax4jsf.cache.LRUMapCacheFactory createCache
INFO: Creating LRUMap cache instance of default capacity
11/08/2011 18:49:48 org.ajax4jsf.cache.CacheManager getCacheFactory
INFO: Selected [org.ajax4jsf.cache.LRUMapCacheFactory] cache factory
11/08/2011 18:49:49 org.ajax4jsf.cache.LRUMapCacheFactory createCache
INFO: Creating LRUMap cache instance using parameters: {facelets.DEVELOPMENT=true, org.richfaces.SKIN=blueSky, facelets.REFRESH_PERIOD=2, javax.faces.STATE_SAVING_METHOD=server, javax.faces.DEFAULT_SUFFIX=.jsp}
11/08/2011 18:49:49 org.ajax4jsf.cache.LRUMapCacheFactory createCache
INFO: Creating LRUMap cache instance of default capacity
11/08/2011 18:49:49 org.apache.catalina.startup.HostConfig deployDirectory
INFO: Deploying web application directory alarmeAndroid2
11/08/2011 18:49:51 com.sun.faces.config.ConfigureListener contextInitialized
INFO: Initializing Mojarra (1.2_08-b06-FCS) for context '/alarmeAndroid2'
11/08/2011 18:49:52 com.sun.faces.spi.InjectionProviderFactory createInstance
INFO: JSF1048: PostConstruct/PreDestroy annotations present.  ManagedBeans methods marked with these annotations will have said annotations processed.
11/08/2011 18:49:54 org.ajax4jsf.cache.CacheManager getCacheFactory
INFO: Selected [org.ajax4jsf.cache.LRUMapCacheFactory] cache factory
11/08/2011 18:49:54 org.ajax4jsf.cache.LRUMapCacheFactory createCache
INFO: Creating LRUMap cache instance using parameters: {facelets.DEVELOPMENT=true, org.richfaces.SKIN=blueSky, facelets.REFRESH_PERIOD=2, javax.faces.STATE_SAVING_METHOD=server, javax.faces.DEFAULT_SUFFIX=.jsp}
11/08/2011 18:49:54 org.ajax4jsf.cache.LRUMapCacheFactory createCache
INFO: Creating LRUMap cache instance of default capacity
11/08/2011 18:49:54 org.ajax4jsf.cache.CacheManager getCacheFactory
INFO: Selected [org.ajax4jsf.cache.LRUMapCacheFactory] cache factory
11/08/2011 18:49:54 org.ajax4jsf.cache.LRUMapCacheFactory createCache
INFO: Creating LRUMap cache instance using parameters: {facelets.DEVELOPMENT=true, org.richfaces.SKIN=blueSky, facelets.REFRESH_PERIOD=2, javax.faces.STATE_SAVING_METHOD=server, javax.faces.DEFAULT_SUFFIX=.jsp}
11/08/2011 18:49:54 org.ajax4jsf.cache.LRUMapCacheFactory createCache
INFO: Creating LRUMap cache instance of default capacity
11/08/2011 18:49:54 org.apache.catalina.startup.HostConfig deployDirectory
INFO: Deploying web application directory alarmeAndroid3
11/08/2011 18:50:01 com.sun.faces.config.ConfigureListener contextInitialized
INFO: Initializing Mojarra (1.2_08-b06-FCS) for context '/alarmeAndroid3'
11/08/2011 18:50:03 com.sun.faces.spi.InjectionProviderFactory createInstance
INFO: JSF1048: PostConstruct/PreDestroy annotations present.  ManagedBeans methods marked with these annotations will have said annotations processed.
11/08/2011 18:50:04 org.ajax4jsf.cache.CacheManager getCacheFactory
INFO: Selected [org.ajax4jsf.cache.LRUMapCacheFactory] cache factory
11/08/2011 18:50:04 org.ajax4jsf.cache.LRUMapCacheFactory createCache
INFO: Creating LRUMap cache instance using parameters: {facelets.DEVELOPMENT=true, org.richfaces.SKIN=blueSky, facelets.REFRESH_PERIOD=2, javax.faces.STATE_SAVING_METHOD=server, javax.faces.DEFAULT_SUFFIX=.jsp}
11/08/2011 18:50:04 org.ajax4jsf.cache.LRUMapCacheFactory createCache
INFO: Creating LRUMap cache instance of default capacity
11/08/2011 18:50:04 org.ajax4jsf.cache.CacheManager getCacheFactory
INFO: Selected [org.ajax4jsf.cache.LRUMapCacheFactory] cache factory
11/08/2011 18:50:04 org.ajax4jsf.cache.LRUMapCacheFactory createCache
INFO: Creating LRUMap cache instance using parameters: {facelets.DEVELOPMENT=true, org.richfaces.SKIN=blueSky, facelets.REFRESH_PERIOD=2, javax.faces.STATE_SAVING_METHOD=server, javax.faces.DEFAULT_SUFFIX=.jsp}
11/08/2011 18:50:04 org.ajax4jsf.cache.LRUMapCacheFactory createCache
INFO: Creating LRUMap cache instance of default capacity
11/08/2011 18:50:04 org.apache.catalina.startup.HostConfig deployDirectory
INFO: Deploying web application directory AlarmeAndroid4
11/08/2011 18:50:12 com.sun.faces.config.ConfigureListener contextInitialized
INFO: Initializing Mojarra (1.2_14-b01-FCS) for context '/AlarmeAndroid4'
11/08/2011 18:50:13 com.sun.faces.spi.InjectionProviderFactory createInstance
INFO: JSF1048: PostConstruct/PreDestroy annotations present.  ManagedBeans methods marked with these annotations will have said annotations processed.
11/08/2011 18:50:14 org.ajax4jsf.cache.CacheManager getCacheFactory
INFO: Selected [org.ajax4jsf.cache.LRUMapCacheFactory] cache factory
11/08/2011 18:50:14 org.ajax4jsf.cache.LRUMapCacheFactory createCache
INFO: Creating LRUMap cache instance using parameters: {facelets.DEVELOPMENT=true, org.richfaces.SKIN=blueSky, facelets.REFRESH_PERIOD=2, javax.faces.STATE_SAVING_METHOD=server, javax.faces.DEFAULT_SUFFIX=.jsp}
11/08/2011 18:50:14 org.ajax4jsf.cache.LRUMapCacheFactory createCache
INFO: Creating LRUMap cache instance of default capacity
11/08/2011 18:50:14 org.ajax4jsf.cache.CacheManager getCacheFactory
INFO: Selected [org.ajax4jsf.cache.LRUMapCacheFactory] cache factory
11/08/2011 18:50:14 org.ajax4jsf.cache.LRUMapCacheFactory createCache
INFO: Creating LRUMap cache instance using parameters: {facelets.DEVELOPMENT=true, org.richfaces.SKIN=blueSky, facelets.REFRESH_PERIOD=2, javax.faces.STATE_SAVING_METHOD=server, javax.faces.DEFAULT_SUFFIX=.jsp}
11/08/2011 18:50:14 org.ajax4jsf.cache.LRUMapCacheFactory createCache
INFO: Creating LRUMap cache instance of default capacity
11/08/2011 18:50:14 org.apache.catalina.startup.HostConfig deployDirectory
INFO: Deploying web application directory docs
11/08/2011 18:50:14 org.apache.catalina.startup.HostConfig deployDirectory
INFO: Deploying web application directory examples
11/08/2011 18:50:15 org.apache.catalina.startup.HostConfig deployDirectory
INFO: Deploying web application directory host-manager
11/08/2011 18:50:15 org.apache.catalina.startup.HostConfig deployDirectory
INFO: Deploying web application directory manager
11/08/2011 18:50:15 org.apache.catalina.startup.HostConfig deployDirectory
INFO: Deploying web application directory ROOT
11/08/2011 18:50:16 org.apache.coyote.AbstractProtocol start
INFO: Starting ProtocolHandler ["http-bio-8080"]
11/08/2011 18:50:16 org.apache.coyote.AbstractProtocol start
INFO: Starting ProtocolHandler ["ajp-bio-8009"]
11/08/2011 18:50:16 org.apache.catalina.startup.Catalina start
INFO: Server startup in 51701 ms
