26/07/2011 19:37:07 org.apache.catalina.core.ApplicationContext log
INFO: ContextListener: contextInitialized()
26/07/2011 19:37:07 org.apache.catalina.core.ApplicationContext log
INFO: SessionListener: contextInitialized()
26/07/2011 19:37:07 org.apache.catalina.core.ApplicationContext log
INFO: ContextListener: attributeAdded('org.apache.jasper.compiler.TldLocationsCache', 'org.apache.jasper.compiler.TldLocationsCache@57828d')
26/07/2011 19:52:13 org.apache.catalina.core.ApplicationContext log
INFO: SessionListener: contextDestroyed()
26/07/2011 19:52:13 org.apache.catalina.core.ApplicationContext log
INFO: ContextListener: contextDestroyed()
26/07/2011 19:56:33 org.apache.catalina.core.ApplicationContext log
INFO: ContextListener: contextInitialized()
26/07/2011 19:56:33 org.apache.catalina.core.ApplicationContext log
INFO: SessionListener: contextInitialized()
26/07/2011 19:56:33 org.apache.catalina.core.ApplicationContext log
INFO: ContextListener: attributeAdded('org.apache.jasper.compiler.TldLocationsCache', 'org.apache.jasper.compiler.TldLocationsCache@ec6bb1')
26/07/2011 20:14:49 org.apache.catalina.core.StandardContext listenerStart
GRAVE: Exception sending context initialized event to listener instance of class com.sun.faces.config.ConfigureListener
java.lang.NoClassDefFoundError: org/apache/commons/logging/LogFactory
	at org.ajax4jsf.renderkit.ChameleonRenderKitFactory.<clinit>(ChameleonRenderKitFactory.java:50)
	at sun.reflect.NativeConstructorAccessorImpl.newInstance0(Native Method)
	at sun.reflect.NativeConstructorAccessorImpl.newInstance(NativeConstructorAccessorImpl.java:39)
	at sun.reflect.DelegatingConstructorAccessorImpl.newInstance(DelegatingConstructorAccessorImpl.java:27)
	at java.lang.reflect.Constructor.newInstance(Constructor.java:513)
	at javax.faces.FactoryFinder.getImplGivenPreviousImpl(FactoryFinder.java:519)
	at javax.faces.FactoryFinder.getImplementationInstance(FactoryFinder.java:405)
	at javax.faces.FactoryFinder.access$400(FactoryFinder.java:135)
	at javax.faces.FactoryFinder$FactoryManager.getFactory(FactoryFinder.java:717)
	at javax.faces.FactoryFinder.getFactory(FactoryFinder.java:239)
	at com.sun.faces.config.processor.FactoryConfigProcessor.verifyFactoriesExist(FactoryConfigProcessor.java:187)
	at com.sun.faces.config.processor.FactoryConfigProcessor.process(FactoryConfigProcessor.java:132)
	at com.sun.faces.config.ConfigManager.initialize(ConfigManager.java:204)
	at com.sun.faces.config.ConfigureListener.contextInitialized(ConfigureListener.java:199)
	at org.apache.catalina.core.StandardContext.listenerStart(StandardContext.java:4723)
	at org.apache.catalina.core.StandardContext$1.call(StandardContext.java:5226)
	at org.apache.catalina.core.StandardContext$1.call(StandardContext.java:5221)
	at java.util.concurrent.FutureTask$Sync.innerRun(FutureTask.java:303)
	at java.util.concurrent.FutureTask.run(FutureTask.java:138)
	at java.util.concurrent.ThreadPoolExecutor$Worker.runTask(ThreadPoolExecutor.java:886)
	at java.util.concurrent.ThreadPoolExecutor$Worker.run(ThreadPoolExecutor.java:908)
	at java.lang.Thread.run(Thread.java:662)
Caused by: java.lang.ClassNotFoundException: org.apache.commons.logging.LogFactory
	at org.apache.catalina.loader.WebappClassLoader.loadClass(WebappClassLoader.java:1678)
	at org.apache.catalina.loader.WebappClassLoader.loadClass(WebappClassLoader.java:1523)
	... 22 more
26/07/2011 20:16:16 org.apache.catalina.core.ApplicationContext log
INFO: SessionListener: contextDestroyed()
26/07/2011 20:16:16 org.apache.catalina.core.ApplicationContext log
INFO: ContextListener: contextDestroyed()
26/07/2011 20:16:23 org.apache.catalina.core.StandardContext listenerStart
GRAVE: Exception sending context initialized event to listener instance of class com.sun.faces.config.ConfigureListener
java.lang.NoClassDefFoundError: org/apache/commons/logging/LogFactory
	at org.ajax4jsf.renderkit.ChameleonRenderKitFactory.<clinit>(ChameleonRenderKitFactory.java:50)
	at sun.reflect.NativeConstructorAccessorImpl.newInstance0(Native Method)
	at sun.reflect.NativeConstructorAccessorImpl.newInstance(NativeConstructorAccessorImpl.java:39)
	at sun.reflect.DelegatingConstructorAccessorImpl.newInstance(DelegatingConstructorAccessorImpl.java:27)
	at java.lang.reflect.Constructor.newInstance(Constructor.java:513)
	at javax.faces.FactoryFinder.getImplGivenPreviousImpl(FactoryFinder.java:519)
	at javax.faces.FactoryFinder.getImplementationInstance(FactoryFinder.java:405)
	at javax.faces.FactoryFinder.access$400(FactoryFinder.java:135)
	at javax.faces.FactoryFinder$FactoryManager.getFactory(FactoryFinder.java:717)
	at javax.faces.FactoryFinder.getFactory(FactoryFinder.java:239)
	at com.sun.faces.config.processor.FactoryConfigProcessor.verifyFactoriesExist(FactoryConfigProcessor.java:187)
	at com.sun.faces.config.processor.FactoryConfigProcessor.process(FactoryConfigProcessor.java:132)
	at com.sun.faces.config.ConfigManager.initialize(ConfigManager.java:204)
	at com.sun.faces.config.ConfigureListener.contextInitialized(ConfigureListener.java:199)
	at org.apache.catalina.core.StandardContext.listenerStart(StandardContext.java:4723)
	at org.apache.catalina.core.StandardContext$1.call(StandardContext.java:5226)
	at org.apache.catalina.core.StandardContext$1.call(StandardContext.java:5221)
	at java.util.concurrent.FutureTask$Sync.innerRun(FutureTask.java:303)
	at java.util.concurrent.FutureTask.run(FutureTask.java:138)
	at java.util.concurrent.ThreadPoolExecutor$Worker.runTask(ThreadPoolExecutor.java:886)
	at java.util.concurrent.ThreadPoolExecutor$Worker.run(ThreadPoolExecutor.java:908)
	at java.lang.Thread.run(Thread.java:662)
Caused by: java.lang.ClassNotFoundException: org.apache.commons.logging.LogFactory
	at org.apache.catalina.loader.WebappClassLoader.loadClass(WebappClassLoader.java:1678)
	at org.apache.catalina.loader.WebappClassLoader.loadClass(WebappClassLoader.java:1523)
	... 22 more
26/07/2011 20:16:23 org.apache.catalina.core.ApplicationContext log
INFO: ContextListener: contextInitialized()
26/07/2011 20:16:23 org.apache.catalina.core.ApplicationContext log
INFO: SessionListener: contextInitialized()
26/07/2011 20:16:23 org.apache.catalina.core.ApplicationContext log
INFO: ContextListener: attributeAdded('org.apache.jasper.compiler.TldLocationsCache', 'org.apache.jasper.compiler.TldLocationsCache@1ba1d9')
26/07/2011 20:21:34 org.apache.catalina.core.ApplicationContext log
INFO: SessionListener: contextDestroyed()
26/07/2011 20:21:34 org.apache.catalina.core.ApplicationContext log
INFO: ContextListener: contextDestroyed()
26/07/2011 20:21:43 org.apache.catalina.core.ApplicationContext log
INFO: ContextListener: contextInitialized()
26/07/2011 20:21:43 org.apache.catalina.core.ApplicationContext log
INFO: SessionListener: contextInitialized()
26/07/2011 20:21:43 org.apache.catalina.core.ApplicationContext log
INFO: ContextListener: attributeAdded('org.apache.jasper.compiler.TldLocationsCache', 'org.apache.jasper.compiler.TldLocationsCache@fb6763')
26/07/2011 20:22:57 org.apache.catalina.core.ApplicationContext log
INFO: SessionListener: contextDestroyed()
26/07/2011 20:22:57 org.apache.catalina.core.ApplicationContext log
INFO: ContextListener: contextDestroyed()
26/07/2011 20:23:06 org.apache.catalina.core.ApplicationContext log
INFO: ContextListener: contextInitialized()
26/07/2011 20:23:06 org.apache.catalina.core.ApplicationContext log
INFO: SessionListener: contextInitialized()
26/07/2011 20:23:06 org.apache.catalina.core.ApplicationContext log
INFO: ContextListener: attributeAdded('org.apache.jasper.compiler.TldLocationsCache', 'org.apache.jasper.compiler.TldLocationsCache@d2efa1')
26/07/2011 20:23:16 org.apache.catalina.core.ApplicationContext log
INFO: Marking servlet ReceberCoordenadas as unavailable
26/07/2011 20:23:16 org.apache.catalina.core.StandardWrapperValve invoke
GRAVE: Allocate exception for servlet ReceberCoordenadas
java.lang.ClassNotFoundException: br.fav.alarme.android.web.ReceberCoordenadas
	at org.apache.catalina.loader.WebappClassLoader.loadClass(WebappClassLoader.java:1678)
	at org.apache.catalina.loader.WebappClassLoader.loadClass(WebappClassLoader.java:1523)
	at org.apache.catalina.core.DefaultInstanceManager.loadClass(DefaultInstanceManager.java:415)
	at org.apache.catalina.core.DefaultInstanceManager.loadClassMaybePrivileged(DefaultInstanceManager.java:397)
	at org.apache.catalina.core.DefaultInstanceManager.newInstance(DefaultInstanceManager.java:118)
	at org.apache.catalina.core.StandardWrapper.loadServlet(StandardWrapper.java:1087)
	at org.apache.catalina.core.StandardWrapper.allocate(StandardWrapper.java:824)
	at org.apache.catalina.core.StandardWrapperValve.invoke(StandardWrapperValve.java:135)
	at org.apache.catalina.core.StandardContextValve.invoke(StandardContextValve.java:175)
	at org.apache.catalina.authenticator.AuthenticatorBase.invoke(AuthenticatorBase.java:462)
	at org.apache.catalina.core.StandardHostValve.invoke(StandardHostValve.java:164)
	at org.apache.catalina.valves.ErrorReportValve.invoke(ErrorReportValve.java:100)
	at org.apache.catalina.valves.AccessLogValve.invoke(AccessLogValve.java:851)
	at org.apache.catalina.core.StandardEngineValve.invoke(StandardEngineValve.java:118)
	at org.apache.catalina.connector.CoyoteAdapter.service(CoyoteAdapter.java:405)
	at org.apache.coyote.http11.Http11Processor.process(Http11Processor.java:278)
	at org.apache.coyote.AbstractProtocol$AbstractConnectionHandler.process(AbstractProtocol.java:515)
	at org.apache.tomcat.util.net.JIoEndpoint$SocketProcessor.run(JIoEndpoint.java:302)
	at java.util.concurrent.ThreadPoolExecutor$Worker.runTask(ThreadPoolExecutor.java:886)
	at java.util.concurrent.ThreadPoolExecutor$Worker.run(ThreadPoolExecutor.java:908)
	at java.lang.Thread.run(Thread.java:662)
26/07/2011 20:27:08 org.apache.catalina.core.StandardWrapperValve invoke
INFO: Servlet ReceberCoordenadas is currently unavailable
26/07/2011 20:28:28 org.apache.catalina.core.ApplicationContext log
INFO: SessionListener: contextDestroyed()
26/07/2011 20:28:28 org.apache.catalina.core.ApplicationContext log
INFO: ContextListener: contextDestroyed()
26/07/2011 20:28:39 org.apache.catalina.core.ApplicationContext log
INFO: ContextListener: contextInitialized()
26/07/2011 20:28:39 org.apache.catalina.core.ApplicationContext log
INFO: SessionListener: contextInitialized()
26/07/2011 20:28:39 org.apache.catalina.core.ApplicationContext log
INFO: ContextListener: attributeAdded('org.apache.jasper.compiler.TldLocationsCache', 'org.apache.jasper.compiler.TldLocationsCache@15e00b7')
26/07/2011 20:32:00 org.apache.catalina.core.ApplicationContext log
INFO: SessionListener: contextDestroyed()
26/07/2011 20:32:00 org.apache.catalina.core.ApplicationContext log
INFO: ContextListener: contextDestroyed()
26/07/2011 20:32:41 org.apache.catalina.core.ApplicationContext log
INFO: ContextListener: contextInitialized()
26/07/2011 20:32:41 org.apache.catalina.core.ApplicationContext log
INFO: SessionListener: contextInitialized()
26/07/2011 20:32:41 org.apache.catalina.core.ApplicationContext log
INFO: ContextListener: attributeAdded('org.apache.jasper.compiler.TldLocationsCache', 'org.apache.jasper.compiler.TldLocationsCache@f70ee1')
26/07/2011 20:35:11 org.apache.catalina.core.ApplicationContext log
INFO: SessionListener: contextDestroyed()
26/07/2011 20:35:11 org.apache.catalina.core.ApplicationContext log
INFO: ContextListener: contextDestroyed()
26/07/2011 20:35:20 org.apache.catalina.core.ApplicationContext log
INFO: ContextListener: contextInitialized()
26/07/2011 20:35:20 org.apache.catalina.core.ApplicationContext log
INFO: SessionListener: contextInitialized()
26/07/2011 20:35:20 org.apache.catalina.core.ApplicationContext log
INFO: ContextListener: attributeAdded('org.apache.jasper.compiler.TldLocationsCache', 'org.apache.jasper.compiler.TldLocationsCache@f1f34a')
26/07/2011 20:35:39 org.apache.catalina.core.ApplicationContext log
INFO: SessionListener: contextDestroyed()
26/07/2011 20:35:39 org.apache.catalina.core.ApplicationContext log
INFO: ContextListener: contextDestroyed()
26/07/2011 20:35:57 org.apache.catalina.core.ApplicationContext log
INFO: ContextListener: contextInitialized()
26/07/2011 20:35:57 org.apache.catalina.core.ApplicationContext log
INFO: SessionListener: contextInitialized()
26/07/2011 20:35:57 org.apache.catalina.core.ApplicationContext log
INFO: ContextListener: attributeAdded('org.apache.jasper.compiler.TldLocationsCache', 'org.apache.jasper.compiler.TldLocationsCache@823c6d')
26/07/2011 20:41:43 org.apache.catalina.core.ApplicationContext log
INFO: SessionListener: contextDestroyed()
26/07/2011 20:41:43 org.apache.catalina.core.ApplicationContext log
INFO: ContextListener: contextDestroyed()
26/07/2011 20:42:17 org.apache.catalina.core.ApplicationContext log
INFO: ContextListener: contextInitialized()
26/07/2011 20:42:17 org.apache.catalina.core.ApplicationContext log
INFO: SessionListener: contextInitialized()
26/07/2011 20:42:17 org.apache.catalina.core.ApplicationContext log
INFO: ContextListener: attributeAdded('org.apache.jasper.compiler.TldLocationsCache', 'org.apache.jasper.compiler.TldLocationsCache@6e3e5e')
26/07/2011 20:43:26 org.apache.catalina.core.ApplicationContext log
INFO: SessionListener: contextDestroyed()
26/07/2011 20:43:26 org.apache.catalina.core.ApplicationContext log
INFO: ContextListener: contextDestroyed()
26/07/2011 20:43:35 org.apache.catalina.core.ApplicationContext log
INFO: ContextListener: contextInitialized()
26/07/2011 20:43:35 org.apache.catalina.core.ApplicationContext log
INFO: SessionListener: contextInitialized()
26/07/2011 20:43:35 org.apache.catalina.core.ApplicationContext log
INFO: ContextListener: attributeAdded('org.apache.jasper.compiler.TldLocationsCache', 'org.apache.jasper.compiler.TldLocationsCache@e20ef8')
26/07/2011 20:48:13 org.apache.catalina.core.ApplicationContext log
INFO: SessionListener: contextDestroyed()
26/07/2011 20:48:13 org.apache.catalina.core.ApplicationContext log
INFO: ContextListener: contextDestroyed()
26/07/2011 20:48:22 org.apache.catalina.core.ApplicationContext log
INFO: ContextListener: contextInitialized()
26/07/2011 20:48:22 org.apache.catalina.core.ApplicationContext log
INFO: SessionListener: contextInitialized()
26/07/2011 20:48:22 org.apache.catalina.core.ApplicationContext log
INFO: ContextListener: attributeAdded('org.apache.jasper.compiler.TldLocationsCache', 'org.apache.jasper.compiler.TldLocationsCache@a39de')
26/07/2011 20:52:33 org.apache.catalina.core.ApplicationContext log
INFO: SessionListener: contextDestroyed()
26/07/2011 20:52:33 org.apache.catalina.core.ApplicationContext log
INFO: ContextListener: contextDestroyed()
26/07/2011 20:52:42 org.apache.catalina.core.ApplicationContext log
INFO: ContextListener: contextInitialized()
26/07/2011 20:52:42 org.apache.catalina.core.ApplicationContext log
INFO: SessionListener: contextInitialized()
26/07/2011 20:52:42 org.apache.catalina.core.ApplicationContext log
INFO: ContextListener: attributeAdded('org.apache.jasper.compiler.TldLocationsCache', 'org.apache.jasper.compiler.TldLocationsCache@1d9e5ad')
26/07/2011 20:53:08 org.apache.catalina.core.ApplicationContext log
INFO: SessionListener: contextDestroyed()
26/07/2011 20:53:08 org.apache.catalina.core.ApplicationContext log
INFO: ContextListener: contextDestroyed()
26/07/2011 21:11:35 org.apache.catalina.core.ApplicationContext log
INFO: ContextListener: contextInitialized()
26/07/2011 21:11:35 org.apache.catalina.core.ApplicationContext log
INFO: SessionListener: contextInitialized()
26/07/2011 21:11:35 org.apache.catalina.core.ApplicationContext log
INFO: ContextListener: attributeAdded('org.apache.jasper.compiler.TldLocationsCache', 'org.apache.jasper.compiler.TldLocationsCache@a1c582')
26/07/2011 21:17:21 org.apache.catalina.core.ApplicationContext log
INFO: SessionListener: contextDestroyed()
26/07/2011 21:17:21 org.apache.catalina.core.ApplicationContext log
INFO: ContextListener: contextDestroyed()
