12/08/2011 00:03:08 org.apache.catalina.core.ApplicationContext log
INFO: ContextListener: contextInitialized()
12/08/2011 00:03:08 org.apache.catalina.core.ApplicationContext log
INFO: SessionListener: contextInitialized()
12/08/2011 00:03:08 org.apache.catalina.core.ApplicationContext log
INFO: ContextListener: attributeAdded('org.apache.jasper.compiler.TldLocationsCache', 'org.apache.jasper.compiler.TldLocationsCache@1caefb0')
12/08/2011 00:11:24 org.apache.catalina.core.StandardWrapperValve invoke
GRAVE: Servlet.service() for servlet [jsp] in context with path [/AlarmeAndroid] threw exception [An exception occurred processing JSP page /index.jsp at line 9

6: <title>Insert title here</title>
7: </head>
8: <body>
9: <f:view>
10: <h:form>
11: 
12: </h:form>


Stacktrace:] with root cause
java.lang.RuntimeException: Cannot find FacesContext
	at javax.faces.webapp.UIComponentClassicTagBase.getFacesContext(UIComponentClassicTagBase.java:1855)
	at javax.faces.webapp.UIComponentClassicTagBase.setJspId(UIComponentClassicTagBase.java:1672)
	at org.apache.jsp.index_jsp._jspx_meth_f_005fview_005f0(index_jsp.java:103)
	at org.apache.jsp.index_jsp._jspService(index_jsp.java:77)
	at org.apache.jasper.runtime.HttpJspBase.service(HttpJspBase.java:70)
	at javax.servlet.http.HttpServlet.service(HttpServlet.java:722)
	at org.apache.jasper.servlet.JspServletWrapper.service(JspServletWrapper.java:433)
	at org.apache.jasper.servlet.JspServlet.serviceJspFile(JspServlet.java:389)
	at org.apache.jasper.servlet.JspServlet.service(JspServlet.java:333)
	at javax.servlet.http.HttpServlet.service(HttpServlet.java:722)
	at org.apache.catalina.core.ApplicationFilterChain.internalDoFilter(ApplicationFilterChain.java:304)
	at org.apache.catalina.core.ApplicationFilterChain.doFilter(ApplicationFilterChain.java:210)
	at org.apache.catalina.core.StandardWrapperValve.invoke(StandardWrapperValve.java:224)
	at org.apache.catalina.core.StandardContextValve.invoke(StandardContextValve.java:175)
	at org.apache.catalina.authenticator.AuthenticatorBase.invoke(AuthenticatorBase.java:462)
	at org.apache.catalina.core.StandardHostValve.invoke(StandardHostValve.java:164)
	at org.apache.catalina.valves.ErrorReportValve.invoke(ErrorReportValve.java:100)
	at org.apache.catalina.valves.AccessLogValve.invoke(AccessLogValve.java:851)
	at org.apache.catalina.core.StandardEngineValve.invoke(StandardEngineValve.java:118)
	at org.apache.catalina.connector.CoyoteAdapter.service(CoyoteAdapter.java:405)
	at org.apache.coyote.http11.Http11Processor.process(Http11Processor.java:278)
	at org.apache.coyote.AbstractProtocol$AbstractConnectionHandler.process(AbstractProtocol.java:515)
	at org.apache.tomcat.util.net.JIoEndpoint$SocketProcessor.run(JIoEndpoint.java:300)
	at java.util.concurrent.ThreadPoolExecutor$Worker.runTask(ThreadPoolExecutor.java:886)
	at java.util.concurrent.ThreadPoolExecutor$Worker.run(ThreadPoolExecutor.java:908)
	at java.lang.Thread.run(Thread.java:662)
12/08/2011 00:15:23 org.apache.catalina.core.ApplicationContext log
INFO: SessionListener: contextDestroyed()
12/08/2011 00:15:23 org.apache.catalina.core.ApplicationContext log
INFO: ContextListener: contextDestroyed()
12/08/2011 00:15:39 org.apache.catalina.core.ApplicationContext log
INFO: ContextListener: contextInitialized()
12/08/2011 00:15:39 org.apache.catalina.core.ApplicationContext log
INFO: SessionListener: contextInitialized()
12/08/2011 00:15:39 org.apache.catalina.core.ApplicationContext log
INFO: ContextListener: attributeAdded('org.apache.jasper.compiler.TldLocationsCache', 'org.apache.jasper.compiler.TldLocationsCache@eb840f')
12/08/2011 00:41:06 org.apache.catalina.core.ApplicationContext log
INFO: SessionListener: contextDestroyed()
12/08/2011 00:41:06 org.apache.catalina.core.ApplicationContext log
INFO: ContextListener: contextDestroyed()
12/08/2011 00:41:19 org.apache.catalina.core.ApplicationContext log
INFO: ContextListener: contextInitialized()
12/08/2011 00:41:19 org.apache.catalina.core.ApplicationContext log
INFO: SessionListener: contextInitialized()
12/08/2011 00:41:19 org.apache.catalina.core.ApplicationContext log
INFO: ContextListener: attributeAdded('org.apache.jasper.compiler.TldLocationsCache', 'org.apache.jasper.compiler.TldLocationsCache@eb840f')
12/08/2011 00:46:30 org.apache.catalina.core.ApplicationContext log
INFO: SessionListener: contextDestroyed()
12/08/2011 00:46:30 org.apache.catalina.core.ApplicationContext log
INFO: ContextListener: contextDestroyed()
12/08/2011 00:46:46 org.apache.catalina.core.ApplicationContext log
INFO: ContextListener: contextInitialized()
12/08/2011 00:46:46 org.apache.catalina.core.ApplicationContext log
INFO: SessionListener: contextInitialized()
12/08/2011 00:46:46 org.apache.catalina.core.ApplicationContext log
INFO: ContextListener: attributeAdded('org.apache.jasper.compiler.TldLocationsCache', 'org.apache.jasper.compiler.TldLocationsCache@8e7f54')
12/08/2011 00:50:16 org.apache.catalina.core.StandardWrapperValve invoke
GRAVE: Servlet.service() for servlet [Faces Servlet] in context with path [/AlarmeAndroid] threw exception [#{RastrearBean.consultarUltimaLocalizacao }: java.lang.NullPointerException] with root cause
java.lang.NullPointerException
	at br.fav.alarme.android.jdbc.RastreamentoJDBC.obterUltimoRegistro(RastreamentoJDBC.java:37)
	at br.fav.alarme.android.service.RastreamentoService.obterUltimoRegistro(RastreamentoService.java:18)
	at br.fav.alarme.android.web.controller.RastrearBean.consultarUltimaLocalizacao(RastrearBean.java:20)
	at sun.reflect.NativeMethodAccessorImpl.invoke0(Native Method)
	at sun.reflect.NativeMethodAccessorImpl.invoke(NativeMethodAccessorImpl.java:39)
	at sun.reflect.DelegatingMethodAccessorImpl.invoke(DelegatingMethodAccessorImpl.java:25)
	at java.lang.reflect.Method.invoke(Method.java:597)
	at org.apache.el.parser.AstValue.invoke(AstValue.java:262)
	at org.apache.el.MethodExpressionImpl.invoke(MethodExpressionImpl.java:278)
	at org.apache.jasper.el.JspMethodExpression.invoke(JspMethodExpression.java:70)
	at javax.faces.component.MethodBindingMethodExpressionAdapter.invoke(MethodBindingMethodExpressionAdapter.java:88)
	at com.sun.faces.application.ActionListenerImpl.processAction(ActionListenerImpl.java:102)
	at javax.faces.component.UICommand.broadcast(UICommand.java:387)
	at org.ajax4jsf.component.AjaxViewRoot.processEvents(AjaxViewRoot.java:329)
	at org.ajax4jsf.component.AjaxViewRoot.broadcastEventsForPhase(AjaxViewRoot.java:304)
	at org.ajax4jsf.component.AjaxViewRoot.processPhase(AjaxViewRoot.java:261)
	at org.ajax4jsf.component.AjaxViewRoot.processApplication(AjaxViewRoot.java:474)
	at com.sun.faces.lifecycle.InvokeApplicationPhase.execute(InvokeApplicationPhase.java:82)
	at com.sun.faces.lifecycle.Phase.doPhase(Phase.java:100)
	at com.sun.faces.lifecycle.LifecycleImpl.execute(LifecycleImpl.java:118)
	at javax.faces.webapp.FacesServlet.service(FacesServlet.java:265)
	at org.apache.catalina.core.ApplicationFilterChain.internalDoFilter(ApplicationFilterChain.java:304)
	at org.apache.catalina.core.ApplicationFilterChain.doFilter(ApplicationFilterChain.java:210)
	at org.ajax4jsf.webapp.BaseXMLFilter.doXmlFilter(BaseXMLFilter.java:206)
	at org.ajax4jsf.webapp.BaseFilter.handleRequest(BaseFilter.java:290)
	at org.ajax4jsf.webapp.BaseFilter.processUploadsAndHandleRequest(BaseFilter.java:388)
	at org.ajax4jsf.webapp.BaseFilter.doFilter(BaseFilter.java:515)
	at org.apache.catalina.core.ApplicationFilterChain.internalDoFilter(ApplicationFilterChain.java:243)
	at org.apache.catalina.core.ApplicationFilterChain.doFilter(ApplicationFilterChain.java:210)
	at org.apache.catalina.core.StandardWrapperValve.invoke(StandardWrapperValve.java:224)
	at org.apache.catalina.core.StandardContextValve.invoke(StandardContextValve.java:175)
	at org.apache.catalina.authenticator.AuthenticatorBase.invoke(AuthenticatorBase.java:462)
	at org.apache.catalina.core.StandardHostValve.invoke(StandardHostValve.java:164)
	at org.apache.catalina.valves.ErrorReportValve.invoke(ErrorReportValve.java:100)
	at org.apache.catalina.valves.AccessLogValve.invoke(AccessLogValve.java:851)
	at org.apache.catalina.core.StandardEngineValve.invoke(StandardEngineValve.java:118)
	at org.apache.catalina.connector.CoyoteAdapter.service(CoyoteAdapter.java:405)
	at org.apache.coyote.http11.Http11Processor.process(Http11Processor.java:278)
	at org.apache.coyote.AbstractProtocol$AbstractConnectionHandler.process(AbstractProtocol.java:515)
	at org.apache.tomcat.util.net.JIoEndpoint$SocketProcessor.run(JIoEndpoint.java:302)
	at java.util.concurrent.ThreadPoolExecutor$Worker.runTask(ThreadPoolExecutor.java:886)
	at java.util.concurrent.ThreadPoolExecutor$Worker.run(ThreadPoolExecutor.java:908)
	at java.lang.Thread.run(Thread.java:662)
12/08/2011 00:53:39 org.apache.catalina.core.ApplicationContext log
INFO: SessionListener: contextDestroyed()
12/08/2011 00:53:39 org.apache.catalina.core.ApplicationContext log
INFO: ContextListener: contextDestroyed()
12/08/2011 00:55:43 org.apache.catalina.core.ApplicationContext log
INFO: ContextListener: contextInitialized()
12/08/2011 00:55:43 org.apache.catalina.core.ApplicationContext log
INFO: SessionListener: contextInitialized()
12/08/2011 00:55:43 org.apache.catalina.core.ApplicationContext log
INFO: ContextListener: attributeAdded('org.apache.jasper.compiler.TldLocationsCache', 'org.apache.jasper.compiler.TldLocationsCache@70898b')
12/08/2011 01:04:34 org.apache.catalina.core.ApplicationContext log
INFO: SessionListener: contextDestroyed()
12/08/2011 01:04:34 org.apache.catalina.core.ApplicationContext log
INFO: ContextListener: contextDestroyed()
12/08/2011 01:04:52 org.apache.catalina.core.ApplicationContext log
INFO: ContextListener: contextInitialized()
12/08/2011 01:04:52 org.apache.catalina.core.ApplicationContext log
INFO: SessionListener: contextInitialized()
12/08/2011 01:04:52 org.apache.catalina.core.ApplicationContext log
INFO: ContextListener: attributeAdded('org.apache.jasper.compiler.TldLocationsCache', 'org.apache.jasper.compiler.TldLocationsCache@62be97')
12/08/2011 01:08:05 org.apache.catalina.core.StandardWrapperValve invoke
GRAVE: Servlet.service() for servlet [Faces Servlet] in context with path [/AlarmeAndroid] threw exception [#{RastrearBean.consultarUltimaLocalizacao }: java.lang.NumberFormatException: For input string: ""] with root cause
java.lang.NumberFormatException: For input string: ""
	at java.lang.NumberFormatException.forInputString(NumberFormatException.java:48)
	at java.lang.Integer.parseInt(Integer.java:470)
	at java.lang.Integer.parseInt(Integer.java:499)
	at br.fav.alarme.android.web.controller.RastrearBean.consultarUltimaLocalizacao(RastrearBean.java:49)
	at sun.reflect.NativeMethodAccessorImpl.invoke0(Native Method)
	at sun.reflect.NativeMethodAccessorImpl.invoke(NativeMethodAccessorImpl.java:39)
	at sun.reflect.DelegatingMethodAccessorImpl.invoke(DelegatingMethodAccessorImpl.java:25)
	at java.lang.reflect.Method.invoke(Method.java:597)
	at org.apache.el.parser.AstValue.invoke(AstValue.java:262)
	at org.apache.el.MethodExpressionImpl.invoke(MethodExpressionImpl.java:278)
	at org.apache.jasper.el.JspMethodExpression.invoke(JspMethodExpression.java:70)
	at javax.faces.component.MethodBindingMethodExpressionAdapter.invoke(MethodBindingMethodExpressionAdapter.java:88)
	at com.sun.faces.application.ActionListenerImpl.processAction(ActionListenerImpl.java:102)
	at javax.faces.component.UICommand.broadcast(UICommand.java:387)
	at org.ajax4jsf.component.AjaxViewRoot.processEvents(AjaxViewRoot.java:329)
	at org.ajax4jsf.component.AjaxViewRoot.broadcastEventsForPhase(AjaxViewRoot.java:304)
	at org.ajax4jsf.component.AjaxViewRoot.processPhase(AjaxViewRoot.java:261)
	at org.ajax4jsf.component.AjaxViewRoot.processApplication(AjaxViewRoot.java:474)
	at com.sun.faces.lifecycle.InvokeApplicationPhase.execute(InvokeApplicationPhase.java:82)
	at com.sun.faces.lifecycle.Phase.doPhase(Phase.java:100)
	at com.sun.faces.lifecycle.LifecycleImpl.execute(LifecycleImpl.java:118)
	at javax.faces.webapp.FacesServlet.service(FacesServlet.java:265)
	at org.apache.catalina.core.ApplicationFilterChain.internalDoFilter(ApplicationFilterChain.java:304)
	at org.apache.catalina.core.ApplicationFilterChain.doFilter(ApplicationFilterChain.java:210)
	at org.ajax4jsf.webapp.BaseXMLFilter.doXmlFilter(BaseXMLFilter.java:206)
	at org.ajax4jsf.webapp.BaseFilter.handleRequest(BaseFilter.java:290)
	at org.ajax4jsf.webapp.BaseFilter.processUploadsAndHandleRequest(BaseFilter.java:388)
	at org.ajax4jsf.webapp.BaseFilter.doFilter(BaseFilter.java:515)
	at org.apache.catalina.core.ApplicationFilterChain.internalDoFilter(ApplicationFilterChain.java:243)
	at org.apache.catalina.core.ApplicationFilterChain.doFilter(ApplicationFilterChain.java:210)
	at org.apache.catalina.core.StandardWrapperValve.invoke(StandardWrapperValve.java:224)
	at org.apache.catalina.core.StandardContextValve.invoke(StandardContextValve.java:175)
	at org.apache.catalina.authenticator.AuthenticatorBase.invoke(AuthenticatorBase.java:462)
	at org.apache.catalina.core.StandardHostValve.invoke(StandardHostValve.java:164)
	at org.apache.catalina.valves.ErrorReportValve.invoke(ErrorReportValve.java:100)
	at org.apache.catalina.valves.AccessLogValve.invoke(AccessLogValve.java:851)
	at org.apache.catalina.core.StandardEngineValve.invoke(StandardEngineValve.java:118)
	at org.apache.catalina.connector.CoyoteAdapter.service(CoyoteAdapter.java:405)
	at org.apache.coyote.http11.Http11Processor.process(Http11Processor.java:278)
	at org.apache.coyote.AbstractProtocol$AbstractConnectionHandler.process(AbstractProtocol.java:515)
	at org.apache.tomcat.util.net.JIoEndpoint$SocketProcessor.run(JIoEndpoint.java:302)
	at java.util.concurrent.ThreadPoolExecutor$Worker.runTask(ThreadPoolExecutor.java:886)
	at java.util.concurrent.ThreadPoolExecutor$Worker.run(ThreadPoolExecutor.java:908)
	at java.lang.Thread.run(Thread.java:662)
12/08/2011 01:08:13 org.apache.catalina.core.StandardWrapperValve invoke
GRAVE: Servlet.service() for servlet [Faces Servlet] in context with path [/AlarmeAndroid] threw exception [#{RastrearBean.consultarUltimaLocalizacao }: java.lang.NumberFormatException: For input string: "h"] with root cause
java.lang.NumberFormatException: For input string: "h"
	at java.lang.NumberFormatException.forInputString(NumberFormatException.java:48)
	at java.lang.Integer.parseInt(Integer.java:449)
	at java.lang.Integer.parseInt(Integer.java:499)
	at br.fav.alarme.android.web.controller.RastrearBean.consultarUltimaLocalizacao(RastrearBean.java:49)
	at sun.reflect.NativeMethodAccessorImpl.invoke0(Native Method)
	at sun.reflect.NativeMethodAccessorImpl.invoke(NativeMethodAccessorImpl.java:39)
	at sun.reflect.DelegatingMethodAccessorImpl.invoke(DelegatingMethodAccessorImpl.java:25)
	at java.lang.reflect.Method.invoke(Method.java:597)
	at org.apache.el.parser.AstValue.invoke(AstValue.java:262)
	at org.apache.el.MethodExpressionImpl.invoke(MethodExpressionImpl.java:278)
	at org.apache.jasper.el.JspMethodExpression.invoke(JspMethodExpression.java:70)
	at javax.faces.component.MethodBindingMethodExpressionAdapter.invoke(MethodBindingMethodExpressionAdapter.java:88)
	at com.sun.faces.application.ActionListenerImpl.processAction(ActionListenerImpl.java:102)
	at javax.faces.component.UICommand.broadcast(UICommand.java:387)
	at org.ajax4jsf.component.AjaxViewRoot.processEvents(AjaxViewRoot.java:329)
	at org.ajax4jsf.component.AjaxViewRoot.broadcastEventsForPhase(AjaxViewRoot.java:304)
	at org.ajax4jsf.component.AjaxViewRoot.processPhase(AjaxViewRoot.java:261)
	at org.ajax4jsf.component.AjaxViewRoot.processApplication(AjaxViewRoot.java:474)
	at com.sun.faces.lifecycle.InvokeApplicationPhase.execute(InvokeApplicationPhase.java:82)
	at com.sun.faces.lifecycle.Phase.doPhase(Phase.java:100)
	at com.sun.faces.lifecycle.LifecycleImpl.execute(LifecycleImpl.java:118)
	at javax.faces.webapp.FacesServlet.service(FacesServlet.java:265)
	at org.apache.catalina.core.ApplicationFilterChain.internalDoFilter(ApplicationFilterChain.java:304)
	at org.apache.catalina.core.ApplicationFilterChain.doFilter(ApplicationFilterChain.java:210)
	at org.ajax4jsf.webapp.BaseXMLFilter.doXmlFilter(BaseXMLFilter.java:206)
	at org.ajax4jsf.webapp.BaseFilter.handleRequest(BaseFilter.java:290)
	at org.ajax4jsf.webapp.BaseFilter.processUploadsAndHandleRequest(BaseFilter.java:388)
	at org.ajax4jsf.webapp.BaseFilter.doFilter(BaseFilter.java:515)
	at org.apache.catalina.core.ApplicationFilterChain.internalDoFilter(ApplicationFilterChain.java:243)
	at org.apache.catalina.core.ApplicationFilterChain.doFilter(ApplicationFilterChain.java:210)
	at org.apache.catalina.core.StandardWrapperValve.invoke(StandardWrapperValve.java:224)
	at org.apache.catalina.core.StandardContextValve.invoke(StandardContextValve.java:175)
	at org.apache.catalina.authenticator.AuthenticatorBase.invoke(AuthenticatorBase.java:462)
	at org.apache.catalina.core.StandardHostValve.invoke(StandardHostValve.java:164)
	at org.apache.catalina.valves.ErrorReportValve.invoke(ErrorReportValve.java:100)
	at org.apache.catalina.valves.AccessLogValve.invoke(AccessLogValve.java:851)
	at org.apache.catalina.core.StandardEngineValve.invoke(StandardEngineValve.java:118)
	at org.apache.catalina.connector.CoyoteAdapter.service(CoyoteAdapter.java:405)
	at org.apache.coyote.http11.Http11Processor.process(Http11Processor.java:278)
	at org.apache.coyote.AbstractProtocol$AbstractConnectionHandler.process(AbstractProtocol.java:515)
	at org.apache.tomcat.util.net.JIoEndpoint$SocketProcessor.run(JIoEndpoint.java:300)
	at java.util.concurrent.ThreadPoolExecutor$Worker.runTask(ThreadPoolExecutor.java:886)
	at java.util.concurrent.ThreadPoolExecutor$Worker.run(ThreadPoolExecutor.java:908)
	at java.lang.Thread.run(Thread.java:662)
12/08/2011 01:09:59 org.apache.catalina.core.ApplicationContext log
INFO: SessionListener: contextDestroyed()
12/08/2011 01:09:59 org.apache.catalina.core.ApplicationContext log
INFO: ContextListener: contextDestroyed()
12/08/2011 01:10:13 org.apache.catalina.core.ApplicationContext log
INFO: ContextListener: contextInitialized()
12/08/2011 01:10:13 org.apache.catalina.core.ApplicationContext log
INFO: SessionListener: contextInitialized()
12/08/2011 01:10:13 org.apache.catalina.core.ApplicationContext log
INFO: ContextListener: attributeAdded('org.apache.jasper.compiler.TldLocationsCache', 'org.apache.jasper.compiler.TldLocationsCache@12b9f14')
12/08/2011 01:10:52 org.apache.catalina.core.ApplicationContext log
INFO: SessionListener: contextDestroyed()
12/08/2011 01:10:52 org.apache.catalina.core.ApplicationContext log
INFO: ContextListener: contextDestroyed()
12/08/2011 01:11:12 org.apache.catalina.core.ApplicationContext log
INFO: ContextListener: contextInitialized()
12/08/2011 01:11:12 org.apache.catalina.core.ApplicationContext log
INFO: SessionListener: contextInitialized()
12/08/2011 01:11:12 org.apache.catalina.core.ApplicationContext log
INFO: ContextListener: attributeAdded('org.apache.jasper.compiler.TldLocationsCache', 'org.apache.jasper.compiler.TldLocationsCache@666a53')
12/08/2011 17:51:08 org.apache.catalina.core.ApplicationContext log
INFO: ContextListener: contextInitialized()
12/08/2011 17:51:08 org.apache.catalina.core.ApplicationContext log
INFO: SessionListener: contextInitialized()
12/08/2011 17:51:08 org.apache.catalina.core.ApplicationContext log
INFO: ContextListener: attributeAdded('org.apache.jasper.compiler.TldLocationsCache', 'org.apache.jasper.compiler.TldLocationsCache@1eeba19')
12/08/2011 17:59:18 org.apache.catalina.core.ApplicationContext log
INFO: SessionListener: contextDestroyed()
12/08/2011 17:59:18 org.apache.catalina.core.ApplicationContext log
INFO: ContextListener: contextDestroyed()
12/08/2011 18:08:14 org.apache.catalina.core.ApplicationContext log
INFO: ContextListener: contextInitialized()
12/08/2011 18:08:14 org.apache.catalina.core.ApplicationContext log
INFO: SessionListener: contextInitialized()
12/08/2011 18:08:14 org.apache.catalina.core.ApplicationContext log
INFO: ContextListener: attributeAdded('org.apache.jasper.compiler.TldLocationsCache', 'org.apache.jasper.compiler.TldLocationsCache@13f16b4')
