25/11/2011 18:45:15 org.apache.catalina.core.ApplicationContext log
INFO: ContextListener: contextInitialized()
25/11/2011 18:45:15 org.apache.catalina.core.ApplicationContext log
INFO: SessionListener: contextInitialized()
25/11/2011 18:45:15 org.apache.catalina.core.ApplicationContext log
INFO: ContextListener: attributeAdded('org.apache.jasper.compiler.TldLocationsCache', 'org.apache.jasper.compiler.TldLocationsCache@a638fc')
25/11/2011 18:59:04 org.apache.catalina.core.StandardWrapperValve invoke
GRAVE: Servlet.service() for servlet [Faces Servlet] in context with path [/AlarmeAndroid] threw exception [#{RastrearBean.consultarUltimaLocalizacao }: java.lang.NullPointerException] with root cause
java.lang.NullPointerException
	at br.fav.alarme.android.jdbc.RastreamentoJDBC.obterUltimoRegistro(RastreamentoJDBC.java:37)
	at br.fav.alarme.android.service.RastreamentoService.obterUltimoRegistro(RastreamentoService.java:18)
	at br.fav.alarme.android.web.controller.RastrearBean.consultarUltimaLocalizacao(RastrearBean.java:49)
	at sun.reflect.NativeMethodAccessorImpl.invoke0(Native Method)
	at sun.reflect.NativeMethodAccessorImpl.invoke(NativeMethodAccessorImpl.java:39)
	at sun.reflect.DelegatingMethodAccessorImpl.invoke(DelegatingMethodAccessorImpl.java:25)
	at java.lang.reflect.Method.invoke(Method.java:597)
	at org.apache.el.parser.AstValue.invoke(AstValue.java:262)
	at org.apache.el.MethodExpressionImpl.invoke(MethodExpressionImpl.java:278)
	at org.apache.jasper.el.JspMethodExpression.invoke(JspMethodExpression.java:70)
	at javax.faces.component.MethodBindingMethodExpressionAdapter.invoke(MethodBindingMethodExpressionAdapter.java:88)
	at com.sun.faces.application.ActionListenerImpl.processAction(ActionListenerImpl.java:102)
	at javax.faces.component.UICommand.broadcast(UICommand.java:387)
	at org.ajax4jsf.component.AjaxViewRoot.processEvents(AjaxViewRoot.java:329)
	at org.ajax4jsf.component.AjaxViewRoot.broadcastEventsForPhase(AjaxViewRoot.java:304)
	at org.ajax4jsf.component.AjaxViewRoot.processPhase(AjaxViewRoot.java:261)
	at org.ajax4jsf.component.AjaxViewRoot.processApplication(AjaxViewRoot.java:474)
	at com.sun.faces.lifecycle.InvokeApplicationPhase.execute(InvokeApplicationPhase.java:82)
	at com.sun.faces.lifecycle.Phase.doPhase(Phase.java:100)
	at com.sun.faces.lifecycle.LifecycleImpl.execute(LifecycleImpl.java:118)
	at javax.faces.webapp.FacesServlet.service(FacesServlet.java:265)
	at org.apache.catalina.core.ApplicationFilterChain.internalDoFilter(ApplicationFilterChain.java:304)
	at org.apache.catalina.core.ApplicationFilterChain.doFilter(ApplicationFilterChain.java:210)
	at org.ajax4jsf.webapp.BaseXMLFilter.doXmlFilter(BaseXMLFilter.java:206)
	at org.ajax4jsf.webapp.BaseFilter.handleRequest(BaseFilter.java:290)
	at org.ajax4jsf.webapp.BaseFilter.processUploadsAndHandleRequest(BaseFilter.java:388)
	at org.ajax4jsf.webapp.BaseFilter.doFilter(BaseFilter.java:515)
	at org.apache.catalina.core.ApplicationFilterChain.internalDoFilter(ApplicationFilterChain.java:243)
	at org.apache.catalina.core.ApplicationFilterChain.doFilter(ApplicationFilterChain.java:210)
	at org.apache.catalina.core.StandardWrapperValve.invoke(StandardWrapperValve.java:224)
	at org.apache.catalina.core.StandardContextValve.invoke(StandardContextValve.java:175)
	at org.apache.catalina.authenticator.AuthenticatorBase.invoke(AuthenticatorBase.java:462)
	at org.apache.catalina.core.StandardHostValve.invoke(StandardHostValve.java:164)
	at org.apache.catalina.valves.ErrorReportValve.invoke(ErrorReportValve.java:100)
	at org.apache.catalina.valves.AccessLogValve.invoke(AccessLogValve.java:851)
	at org.apache.catalina.core.StandardEngineValve.invoke(StandardEngineValve.java:118)
	at org.apache.catalina.connector.CoyoteAdapter.service(CoyoteAdapter.java:405)
	at org.apache.coyote.http11.Http11Processor.process(Http11Processor.java:278)
	at org.apache.coyote.AbstractProtocol$AbstractConnectionHandler.process(AbstractProtocol.java:515)
	at org.apache.tomcat.util.net.JIoEndpoint$SocketProcessor.run(JIoEndpoint.java:300)
	at java.util.concurrent.ThreadPoolExecutor$Worker.runTask(ThreadPoolExecutor.java:886)
	at java.util.concurrent.ThreadPoolExecutor$Worker.run(ThreadPoolExecutor.java:908)
	at java.lang.Thread.run(Thread.java:662)
25/11/2011 18:59:09 org.apache.catalina.core.StandardWrapperValve invoke
GRAVE: Servlet.service() for servlet [Faces Servlet] in context with path [/AlarmeAndroid] threw exception [#{RastrearBean.consultarUltimaLocalizacao }: java.lang.NullPointerException] with root cause
java.lang.NullPointerException
	at br.fav.alarme.android.jdbc.RastreamentoJDBC.obterUltimoRegistro(RastreamentoJDBC.java:37)
	at br.fav.alarme.android.service.RastreamentoService.obterUltimoRegistro(RastreamentoService.java:18)
	at br.fav.alarme.android.web.controller.RastrearBean.consultarUltimaLocalizacao(RastrearBean.java:49)
	at sun.reflect.NativeMethodAccessorImpl.invoke0(Native Method)
	at sun.reflect.NativeMethodAccessorImpl.invoke(NativeMethodAccessorImpl.java:39)
	at sun.reflect.DelegatingMethodAccessorImpl.invoke(DelegatingMethodAccessorImpl.java:25)
	at java.lang.reflect.Method.invoke(Method.java:597)
	at org.apache.el.parser.AstValue.invoke(AstValue.java:262)
	at org.apache.el.MethodExpressionImpl.invoke(MethodExpressionImpl.java:278)
	at org.apache.jasper.el.JspMethodExpression.invoke(JspMethodExpression.java:70)
	at javax.faces.component.MethodBindingMethodExpressionAdapter.invoke(MethodBindingMethodExpressionAdapter.java:88)
	at com.sun.faces.application.ActionListenerImpl.processAction(ActionListenerImpl.java:102)
	at javax.faces.component.UICommand.broadcast(UICommand.java:387)
	at org.ajax4jsf.component.AjaxViewRoot.processEvents(AjaxViewRoot.java:329)
	at org.ajax4jsf.component.AjaxViewRoot.broadcastEventsForPhase(AjaxViewRoot.java:304)
	at org.ajax4jsf.component.AjaxViewRoot.processPhase(AjaxViewRoot.java:261)
	at org.ajax4jsf.component.AjaxViewRoot.processApplication(AjaxViewRoot.java:474)
	at com.sun.faces.lifecycle.InvokeApplicationPhase.execute(InvokeApplicationPhase.java:82)
	at com.sun.faces.lifecycle.Phase.doPhase(Phase.java:100)
	at com.sun.faces.lifecycle.LifecycleImpl.execute(LifecycleImpl.java:118)
	at javax.faces.webapp.FacesServlet.service(FacesServlet.java:265)
	at org.apache.catalina.core.ApplicationFilterChain.internalDoFilter(ApplicationFilterChain.java:304)
	at org.apache.catalina.core.ApplicationFilterChain.doFilter(ApplicationFilterChain.java:210)
	at org.ajax4jsf.webapp.BaseXMLFilter.doXmlFilter(BaseXMLFilter.java:206)
	at org.ajax4jsf.webapp.BaseFilter.handleRequest(BaseFilter.java:290)
	at org.ajax4jsf.webapp.BaseFilter.processUploadsAndHandleRequest(BaseFilter.java:388)
	at org.ajax4jsf.webapp.BaseFilter.doFilter(BaseFilter.java:515)
	at org.apache.catalina.core.ApplicationFilterChain.internalDoFilter(ApplicationFilterChain.java:243)
	at org.apache.catalina.core.ApplicationFilterChain.doFilter(ApplicationFilterChain.java:210)
	at org.apache.catalina.core.StandardWrapperValve.invoke(StandardWrapperValve.java:224)
	at org.apache.catalina.core.StandardContextValve.invoke(StandardContextValve.java:175)
	at org.apache.catalina.authenticator.AuthenticatorBase.invoke(AuthenticatorBase.java:462)
	at org.apache.catalina.core.StandardHostValve.invoke(StandardHostValve.java:164)
	at org.apache.catalina.valves.ErrorReportValve.invoke(ErrorReportValve.java:100)
	at org.apache.catalina.valves.AccessLogValve.invoke(AccessLogValve.java:851)
	at org.apache.catalina.core.StandardEngineValve.invoke(StandardEngineValve.java:118)
	at org.apache.catalina.connector.CoyoteAdapter.service(CoyoteAdapter.java:405)
	at org.apache.coyote.http11.Http11Processor.process(Http11Processor.java:278)
	at org.apache.coyote.AbstractProtocol$AbstractConnectionHandler.process(AbstractProtocol.java:515)
	at org.apache.tomcat.util.net.JIoEndpoint$SocketProcessor.run(JIoEndpoint.java:300)
	at java.util.concurrent.ThreadPoolExecutor$Worker.runTask(ThreadPoolExecutor.java:886)
	at java.util.concurrent.ThreadPoolExecutor$Worker.run(ThreadPoolExecutor.java:908)
	at java.lang.Thread.run(Thread.java:662)
25/11/2011 18:59:49 org.apache.catalina.core.ApplicationContext log
INFO: SessionListener: contextDestroyed()
25/11/2011 18:59:49 org.apache.catalina.core.ApplicationContext log
INFO: ContextListener: contextDestroyed()
25/11/2011 19:00:13 org.apache.catalina.core.ApplicationContext log
INFO: ContextListener: contextInitialized()
25/11/2011 19:00:13 org.apache.catalina.core.ApplicationContext log
INFO: SessionListener: contextInitialized()
25/11/2011 19:00:13 org.apache.catalina.core.ApplicationContext log
INFO: ContextListener: attributeAdded('org.apache.jasper.compiler.TldLocationsCache', 'org.apache.jasper.compiler.TldLocationsCache@a33414')
25/11/2011 19:00:16 org.apache.catalina.core.ApplicationDispatcher invoke
GRAVE: Servlet.service() for servlet jsp threw exception
org.apache.jasper.JasperException: /resultadoRastrear.jsp (line: 15, column: 4) Attribute var invalid for tag gmap according to TLD
	at org.apache.jasper.compiler.DefaultErrorHandler.jspError(DefaultErrorHandler.java:41)
	at org.apache.jasper.compiler.ErrorDispatcher.dispatch(ErrorDispatcher.java:407)
	at org.apache.jasper.compiler.ErrorDispatcher.jspError(ErrorDispatcher.java:236)
	at org.apache.jasper.compiler.Validator$ValidateVisitor.checkXmlAttributes(Validator.java:1259)
	at org.apache.jasper.compiler.Validator$ValidateVisitor.visit(Validator.java:870)
	at org.apache.jasper.compiler.Node$CustomTag.accept(Node.java:1539)
	at org.apache.jasper.compiler.Node$Nodes.visit(Node.java:2376)
	at org.apache.jasper.compiler.Node$Visitor.visitBody(Node.java:2428)
	at org.apache.jasper.compiler.Validator$ValidateVisitor.visit(Validator.java:889)
	at org.apache.jasper.compiler.Node$CustomTag.accept(Node.java:1539)
	at org.apache.jasper.compiler.Node$Nodes.visit(Node.java:2376)
	at org.apache.jasper.compiler.Node$Visitor.visitBody(Node.java:2428)
	at org.apache.jasper.compiler.Validator$ValidateVisitor.visit(Validator.java:889)
	at org.apache.jasper.compiler.Node$CustomTag.accept(Node.java:1539)
	at org.apache.jasper.compiler.Node$Nodes.visit(Node.java:2376)
	at org.apache.jasper.compiler.Node$Visitor.visitBody(Node.java:2428)
	at org.apache.jasper.compiler.Node$Visitor.visit(Node.java:2434)
	at org.apache.jasper.compiler.Node$Root.accept(Node.java:475)
	at org.apache.jasper.compiler.Node$Nodes.visit(Node.java:2376)
	at org.apache.jasper.compiler.Validator.validateExDirectives(Validator.java:1789)
	at org.apache.jasper.compiler.Compiler.generateJava(Compiler.java:217)
	at org.apache.jasper.compiler.Compiler.compile(Compiler.java:373)
	at org.apache.jasper.compiler.Compiler.compile(Compiler.java:353)
	at org.apache.jasper.compiler.Compiler.compile(Compiler.java:340)
	at org.apache.jasper.JspCompilationContext.compile(JspCompilationContext.java:644)
	at org.apache.jasper.servlet.JspServletWrapper.service(JspServletWrapper.java:358)
	at org.apache.jasper.servlet.JspServlet.serviceJspFile(JspServlet.java:389)
	at org.apache.jasper.servlet.JspServlet.service(JspServlet.java:333)
	at javax.servlet.http.HttpServlet.service(HttpServlet.java:722)
	at org.apache.catalina.core.ApplicationFilterChain.internalDoFilter(ApplicationFilterChain.java:304)
	at org.apache.catalina.core.ApplicationFilterChain.doFilter(ApplicationFilterChain.java:210)
	at org.apache.catalina.core.ApplicationDispatcher.invoke(ApplicationDispatcher.java:684)
	at org.apache.catalina.core.ApplicationDispatcher.processRequest(ApplicationDispatcher.java:471)
	at org.apache.catalina.core.ApplicationDispatcher.doForward(ApplicationDispatcher.java:402)
	at org.apache.catalina.core.ApplicationDispatcher.forward(ApplicationDispatcher.java:329)
	at com.sun.faces.context.ExternalContextImpl.dispatch(ExternalContextImpl.java:410)
	at com.sun.faces.application.ViewHandlerImpl.executePageToBuildView(ViewHandlerImpl.java:468)
	at com.sun.faces.application.ViewHandlerImpl.renderView(ViewHandlerImpl.java:140)
	at org.ajax4jsf.application.ViewHandlerWrapper.renderView(ViewHandlerWrapper.java:100)
	at org.ajax4jsf.application.AjaxViewHandler.renderView(AjaxViewHandler.java:176)
	at com.sun.faces.lifecycle.RenderResponsePhase.execute(RenderResponsePhase.java:110)
	at com.sun.faces.lifecycle.Phase.doPhase(Phase.java:100)
	at com.sun.faces.lifecycle.LifecycleImpl.render(LifecycleImpl.java:139)
	at javax.faces.webapp.FacesServlet.service(FacesServlet.java:266)
	at org.apache.catalina.core.ApplicationFilterChain.internalDoFilter(ApplicationFilterChain.java:304)
	at org.apache.catalina.core.ApplicationFilterChain.doFilter(ApplicationFilterChain.java:210)
	at org.ajax4jsf.webapp.BaseXMLFilter.doXmlFilter(BaseXMLFilter.java:206)
	at org.ajax4jsf.webapp.BaseFilter.handleRequest(BaseFilter.java:290)
	at org.ajax4jsf.webapp.BaseFilter.processUploadsAndHandleRequest(BaseFilter.java:388)
	at org.ajax4jsf.webapp.BaseFilter.doFilter(BaseFilter.java:515)
	at org.apache.catalina.core.ApplicationFilterChain.internalDoFilter(ApplicationFilterChain.java:243)
	at org.apache.catalina.core.ApplicationFilterChain.doFilter(ApplicationFilterChain.java:210)
	at org.apache.catalina.core.StandardWrapperValve.invoke(StandardWrapperValve.java:224)
	at org.apache.catalina.core.StandardContextValve.invoke(StandardContextValve.java:175)
	at org.apache.catalina.authenticator.AuthenticatorBase.invoke(AuthenticatorBase.java:462)
	at org.apache.catalina.core.StandardHostValve.invoke(StandardHostValve.java:164)
	at org.apache.catalina.valves.ErrorReportValve.invoke(ErrorReportValve.java:100)
	at org.apache.catalina.valves.AccessLogValve.invoke(AccessLogValve.java:851)
	at org.apache.catalina.core.StandardEngineValve.invoke(StandardEngineValve.java:118)
	at org.apache.catalina.connector.CoyoteAdapter.service(CoyoteAdapter.java:405)
	at org.apache.coyote.http11.Http11Processor.process(Http11Processor.java:278)
	at org.apache.coyote.AbstractProtocol$AbstractConnectionHandler.process(AbstractProtocol.java:515)
	at org.apache.tomcat.util.net.JIoEndpoint$SocketProcessor.run(JIoEndpoint.java:300)
	at java.util.concurrent.ThreadPoolExecutor$Worker.runTask(ThreadPoolExecutor.java:886)
	at java.util.concurrent.ThreadPoolExecutor$Worker.run(ThreadPoolExecutor.java:908)
	at java.lang.Thread.run(Thread.java:662)
25/11/2011 19:00:16 org.apache.catalina.core.StandardWrapperValve invoke
GRAVE: Servlet.service() for servlet [Faces Servlet] in context with path [/AlarmeAndroid] threw exception [/resultadoRastrear.jsp (line: 15, column: 4) Attribute var invalid for tag gmap according to TLD] with root cause
org.apache.jasper.JasperException: /resultadoRastrear.jsp (line: 15, column: 4) Attribute var invalid for tag gmap according to TLD
	at org.apache.jasper.compiler.DefaultErrorHandler.jspError(DefaultErrorHandler.java:41)
	at org.apache.jasper.compiler.ErrorDispatcher.dispatch(ErrorDispatcher.java:407)
	at org.apache.jasper.compiler.ErrorDispatcher.jspError(ErrorDispatcher.java:236)
	at org.apache.jasper.compiler.Validator$ValidateVisitor.checkXmlAttributes(Validator.java:1259)
	at org.apache.jasper.compiler.Validator$ValidateVisitor.visit(Validator.java:870)
	at org.apache.jasper.compiler.Node$CustomTag.accept(Node.java:1539)
	at org.apache.jasper.compiler.Node$Nodes.visit(Node.java:2376)
	at org.apache.jasper.compiler.Node$Visitor.visitBody(Node.java:2428)
	at org.apache.jasper.compiler.Validator$ValidateVisitor.visit(Validator.java:889)
	at org.apache.jasper.compiler.Node$CustomTag.accept(Node.java:1539)
	at org.apache.jasper.compiler.Node$Nodes.visit(Node.java:2376)
	at org.apache.jasper.compiler.Node$Visitor.visitBody(Node.java:2428)
	at org.apache.jasper.compiler.Validator$ValidateVisitor.visit(Validator.java:889)
	at org.apache.jasper.compiler.Node$CustomTag.accept(Node.java:1539)
	at org.apache.jasper.compiler.Node$Nodes.visit(Node.java:2376)
	at org.apache.jasper.compiler.Node$Visitor.visitBody(Node.java:2428)
	at org.apache.jasper.compiler.Node$Visitor.visit(Node.java:2434)
	at org.apache.jasper.compiler.Node$Root.accept(Node.java:475)
	at org.apache.jasper.compiler.Node$Nodes.visit(Node.java:2376)
	at org.apache.jasper.compiler.Validator.validateExDirectives(Validator.java:1789)
	at org.apache.jasper.compiler.Compiler.generateJava(Compiler.java:217)
	at org.apache.jasper.compiler.Compiler.compile(Compiler.java:373)
	at org.apache.jasper.compiler.Compiler.compile(Compiler.java:353)
	at org.apache.jasper.compiler.Compiler.compile(Compiler.java:340)
	at org.apache.jasper.JspCompilationContext.compile(JspCompilationContext.java:644)
	at org.apache.jasper.servlet.JspServletWrapper.service(JspServletWrapper.java:358)
	at org.apache.jasper.servlet.JspServlet.serviceJspFile(JspServlet.java:389)
	at org.apache.jasper.servlet.JspServlet.service(JspServlet.java:333)
	at javax.servlet.http.HttpServlet.service(HttpServlet.java:722)
	at org.apache.catalina.core.ApplicationFilterChain.internalDoFilter(ApplicationFilterChain.java:304)
	at org.apache.catalina.core.ApplicationFilterChain.doFilter(ApplicationFilterChain.java:210)
	at org.apache.catalina.core.ApplicationDispatcher.invoke(ApplicationDispatcher.java:684)
	at org.apache.catalina.core.ApplicationDispatcher.processRequest(ApplicationDispatcher.java:471)
	at org.apache.catalina.core.ApplicationDispatcher.doForward(ApplicationDispatcher.java:402)
	at org.apache.catalina.core.ApplicationDispatcher.forward(ApplicationDispatcher.java:329)
	at com.sun.faces.context.ExternalContextImpl.dispatch(ExternalContextImpl.java:410)
	at com.sun.faces.application.ViewHandlerImpl.executePageToBuildView(ViewHandlerImpl.java:468)
	at com.sun.faces.application.ViewHandlerImpl.renderView(ViewHandlerImpl.java:140)
	at org.ajax4jsf.application.ViewHandlerWrapper.renderView(ViewHandlerWrapper.java:100)
	at org.ajax4jsf.application.AjaxViewHandler.renderView(AjaxViewHandler.java:176)
	at com.sun.faces.lifecycle.RenderResponsePhase.execute(RenderResponsePhase.java:110)
	at com.sun.faces.lifecycle.Phase.doPhase(Phase.java:100)
	at com.sun.faces.lifecycle.LifecycleImpl.render(LifecycleImpl.java:139)
	at javax.faces.webapp.FacesServlet.service(FacesServlet.java:266)
	at org.apache.catalina.core.ApplicationFilterChain.internalDoFilter(ApplicationFilterChain.java:304)
	at org.apache.catalina.core.ApplicationFilterChain.doFilter(ApplicationFilterChain.java:210)
	at org.ajax4jsf.webapp.BaseXMLFilter.doXmlFilter(BaseXMLFilter.java:206)
	at org.ajax4jsf.webapp.BaseFilter.handleRequest(BaseFilter.java:290)
	at org.ajax4jsf.webapp.BaseFilter.processUploadsAndHandleRequest(BaseFilter.java:388)
	at org.ajax4jsf.webapp.BaseFilter.doFilter(BaseFilter.java:515)
	at org.apache.catalina.core.ApplicationFilterChain.internalDoFilter(ApplicationFilterChain.java:243)
	at org.apache.catalina.core.ApplicationFilterChain.doFilter(ApplicationFilterChain.java:210)
	at org.apache.catalina.core.StandardWrapperValve.invoke(StandardWrapperValve.java:224)
	at org.apache.catalina.core.StandardContextValve.invoke(StandardContextValve.java:175)
	at org.apache.catalina.authenticator.AuthenticatorBase.invoke(AuthenticatorBase.java:462)
	at org.apache.catalina.core.StandardHostValve.invoke(StandardHostValve.java:164)
	at org.apache.catalina.valves.ErrorReportValve.invoke(ErrorReportValve.java:100)
	at org.apache.catalina.valves.AccessLogValve.invoke(AccessLogValve.java:851)
	at org.apache.catalina.core.StandardEngineValve.invoke(StandardEngineValve.java:118)
	at org.apache.catalina.connector.CoyoteAdapter.service(CoyoteAdapter.java:405)
	at org.apache.coyote.http11.Http11Processor.process(Http11Processor.java:278)
	at org.apache.coyote.AbstractProtocol$AbstractConnectionHandler.process(AbstractProtocol.java:515)
	at org.apache.tomcat.util.net.JIoEndpoint$SocketProcessor.run(JIoEndpoint.java:300)
	at java.util.concurrent.ThreadPoolExecutor$Worker.runTask(ThreadPoolExecutor.java:886)
	at java.util.concurrent.ThreadPoolExecutor$Worker.run(ThreadPoolExecutor.java:908)
	at java.lang.Thread.run(Thread.java:662)
25/11/2011 19:00:50 org.apache.catalina.core.ApplicationContext log
INFO: SessionListener: contextDestroyed()
25/11/2011 19:00:50 org.apache.catalina.core.ApplicationContext log
INFO: ContextListener: contextDestroyed()
25/11/2011 19:01:06 org.apache.catalina.core.ApplicationContext log
INFO: ContextListener: contextInitialized()
25/11/2011 19:01:06 org.apache.catalina.core.ApplicationContext log
INFO: SessionListener: contextInitialized()
25/11/2011 19:01:06 org.apache.catalina.core.ApplicationContext log
INFO: ContextListener: attributeAdded('org.apache.jasper.compiler.TldLocationsCache', 'org.apache.jasper.compiler.TldLocationsCache@1408325')
25/11/2011 19:01:09 org.apache.catalina.core.ApplicationDispatcher invoke
GRAVE: Servlet.service() for servlet jsp threw exception
org.apache.jasper.JasperException: /resultadoRastrear.jsp (line: 15, column: 4) Attribute var invalid for tag gmap according to TLD
	at org.apache.jasper.compiler.DefaultErrorHandler.jspError(DefaultErrorHandler.java:41)
	at org.apache.jasper.compiler.ErrorDispatcher.dispatch(ErrorDispatcher.java:407)
	at org.apache.jasper.compiler.ErrorDispatcher.jspError(ErrorDispatcher.java:236)
	at org.apache.jasper.compiler.Validator$ValidateVisitor.checkXmlAttributes(Validator.java:1259)
	at org.apache.jasper.compiler.Validator$ValidateVisitor.visit(Validator.java:870)
	at org.apache.jasper.compiler.Node$CustomTag.accept(Node.java:1539)
	at org.apache.jasper.compiler.Node$Nodes.visit(Node.java:2376)
	at org.apache.jasper.compiler.Node$Visitor.visitBody(Node.java:2428)
	at org.apache.jasper.compiler.Validator$ValidateVisitor.visit(Validator.java:889)
	at org.apache.jasper.compiler.Node$CustomTag.accept(Node.java:1539)
	at org.apache.jasper.compiler.Node$Nodes.visit(Node.java:2376)
	at org.apache.jasper.compiler.Node$Visitor.visitBody(Node.java:2428)
	at org.apache.jasper.compiler.Validator$ValidateVisitor.visit(Validator.java:889)
	at org.apache.jasper.compiler.Node$CustomTag.accept(Node.java:1539)
	at org.apache.jasper.compiler.Node$Nodes.visit(Node.java:2376)
	at org.apache.jasper.compiler.Node$Visitor.visitBody(Node.java:2428)
	at org.apache.jasper.compiler.Node$Visitor.visit(Node.java:2434)
	at org.apache.jasper.compiler.Node$Root.accept(Node.java:475)
	at org.apache.jasper.compiler.Node$Nodes.visit(Node.java:2376)
	at org.apache.jasper.compiler.Validator.validateExDirectives(Validator.java:1789)
	at org.apache.jasper.compiler.Compiler.generateJava(Compiler.java:217)
	at org.apache.jasper.compiler.Compiler.compile(Compiler.java:373)
	at org.apache.jasper.compiler.Compiler.compile(Compiler.java:353)
	at org.apache.jasper.compiler.Compiler.compile(Compiler.java:340)
	at org.apache.jasper.JspCompilationContext.compile(JspCompilationContext.java:644)
	at org.apache.jasper.servlet.JspServletWrapper.service(JspServletWrapper.java:358)
	at org.apache.jasper.servlet.JspServlet.serviceJspFile(JspServlet.java:389)
	at org.apache.jasper.servlet.JspServlet.service(JspServlet.java:333)
	at javax.servlet.http.HttpServlet.service(HttpServlet.java:722)
	at org.apache.catalina.core.ApplicationFilterChain.internalDoFilter(ApplicationFilterChain.java:304)
	at org.apache.catalina.core.ApplicationFilterChain.doFilter(ApplicationFilterChain.java:210)
	at org.apache.catalina.core.ApplicationDispatcher.invoke(ApplicationDispatcher.java:684)
	at org.apache.catalina.core.ApplicationDispatcher.processRequest(ApplicationDispatcher.java:471)
	at org.apache.catalina.core.ApplicationDispatcher.doForward(ApplicationDispatcher.java:402)
	at org.apache.catalina.core.ApplicationDispatcher.forward(ApplicationDispatcher.java:329)
	at com.sun.faces.context.ExternalContextImpl.dispatch(ExternalContextImpl.java:410)
	at com.sun.faces.application.ViewHandlerImpl.executePageToBuildView(ViewHandlerImpl.java:468)
	at com.sun.faces.application.ViewHandlerImpl.renderView(ViewHandlerImpl.java:140)
	at org.ajax4jsf.application.ViewHandlerWrapper.renderView(ViewHandlerWrapper.java:100)
	at org.ajax4jsf.application.AjaxViewHandler.renderView(AjaxViewHandler.java:176)
	at com.sun.faces.lifecycle.RenderResponsePhase.execute(RenderResponsePhase.java:110)
	at com.sun.faces.lifecycle.Phase.doPhase(Phase.java:100)
	at com.sun.faces.lifecycle.LifecycleImpl.render(LifecycleImpl.java:139)
	at javax.faces.webapp.FacesServlet.service(FacesServlet.java:266)
	at org.apache.catalina.core.ApplicationFilterChain.internalDoFilter(ApplicationFilterChain.java:304)
	at org.apache.catalina.core.ApplicationFilterChain.doFilter(ApplicationFilterChain.java:210)
	at org.ajax4jsf.webapp.BaseXMLFilter.doXmlFilter(BaseXMLFilter.java:206)
	at org.ajax4jsf.webapp.BaseFilter.handleRequest(BaseFilter.java:290)
	at org.ajax4jsf.webapp.BaseFilter.processUploadsAndHandleRequest(BaseFilter.java:388)
	at org.ajax4jsf.webapp.BaseFilter.doFilter(BaseFilter.java:515)
	at org.apache.catalina.core.ApplicationFilterChain.internalDoFilter(ApplicationFilterChain.java:243)
	at org.apache.catalina.core.ApplicationFilterChain.doFilter(ApplicationFilterChain.java:210)
	at org.apache.catalina.core.StandardWrapperValve.invoke(StandardWrapperValve.java:224)
	at org.apache.catalina.core.StandardContextValve.invoke(StandardContextValve.java:175)
	at org.apache.catalina.authenticator.AuthenticatorBase.invoke(AuthenticatorBase.java:462)
	at org.apache.catalina.core.StandardHostValve.invoke(StandardHostValve.java:164)
	at org.apache.catalina.valves.ErrorReportValve.invoke(ErrorReportValve.java:100)
	at org.apache.catalina.valves.AccessLogValve.invoke(AccessLogValve.java:851)
	at org.apache.catalina.core.StandardEngineValve.invoke(StandardEngineValve.java:118)
	at org.apache.catalina.connector.CoyoteAdapter.service(CoyoteAdapter.java:405)
	at org.apache.coyote.http11.Http11Processor.process(Http11Processor.java:278)
	at org.apache.coyote.AbstractProtocol$AbstractConnectionHandler.process(AbstractProtocol.java:515)
	at org.apache.tomcat.util.net.JIoEndpoint$SocketProcessor.run(JIoEndpoint.java:300)
	at java.util.concurrent.ThreadPoolExecutor$Worker.runTask(ThreadPoolExecutor.java:886)
	at java.util.concurrent.ThreadPoolExecutor$Worker.run(ThreadPoolExecutor.java:908)
	at java.lang.Thread.run(Thread.java:662)
25/11/2011 19:01:09 org.apache.catalina.core.StandardWrapperValve invoke
GRAVE: Servlet.service() for servlet [Faces Servlet] in context with path [/AlarmeAndroid] threw exception [/resultadoRastrear.jsp (line: 15, column: 4) Attribute var invalid for tag gmap according to TLD] with root cause
org.apache.jasper.JasperException: /resultadoRastrear.jsp (line: 15, column: 4) Attribute var invalid for tag gmap according to TLD
	at org.apache.jasper.compiler.DefaultErrorHandler.jspError(DefaultErrorHandler.java:41)
	at org.apache.jasper.compiler.ErrorDispatcher.dispatch(ErrorDispatcher.java:407)
	at org.apache.jasper.compiler.ErrorDispatcher.jspError(ErrorDispatcher.java:236)
	at org.apache.jasper.compiler.Validator$ValidateVisitor.checkXmlAttributes(Validator.java:1259)
	at org.apache.jasper.compiler.Validator$ValidateVisitor.visit(Validator.java:870)
	at org.apache.jasper.compiler.Node$CustomTag.accept(Node.java:1539)
	at org.apache.jasper.compiler.Node$Nodes.visit(Node.java:2376)
	at org.apache.jasper.compiler.Node$Visitor.visitBody(Node.java:2428)
	at org.apache.jasper.compiler.Validator$ValidateVisitor.visit(Validator.java:889)
	at org.apache.jasper.compiler.Node$CustomTag.accept(Node.java:1539)
	at org.apache.jasper.compiler.Node$Nodes.visit(Node.java:2376)
	at org.apache.jasper.compiler.Node$Visitor.visitBody(Node.java:2428)
	at org.apache.jasper.compiler.Validator$ValidateVisitor.visit(Validator.java:889)
	at org.apache.jasper.compiler.Node$CustomTag.accept(Node.java:1539)
	at org.apache.jasper.compiler.Node$Nodes.visit(Node.java:2376)
	at org.apache.jasper.compiler.Node$Visitor.visitBody(Node.java:2428)
	at org.apache.jasper.compiler.Node$Visitor.visit(Node.java:2434)
	at org.apache.jasper.compiler.Node$Root.accept(Node.java:475)
	at org.apache.jasper.compiler.Node$Nodes.visit(Node.java:2376)
	at org.apache.jasper.compiler.Validator.validateExDirectives(Validator.java:1789)
	at org.apache.jasper.compiler.Compiler.generateJava(Compiler.java:217)
	at org.apache.jasper.compiler.Compiler.compile(Compiler.java:373)
	at org.apache.jasper.compiler.Compiler.compile(Compiler.java:353)
	at org.apache.jasper.compiler.Compiler.compile(Compiler.java:340)
	at org.apache.jasper.JspCompilationContext.compile(JspCompilationContext.java:644)
	at org.apache.jasper.servlet.JspServletWrapper.service(JspServletWrapper.java:358)
	at org.apache.jasper.servlet.JspServlet.serviceJspFile(JspServlet.java:389)
	at org.apache.jasper.servlet.JspServlet.service(JspServlet.java:333)
	at javax.servlet.http.HttpServlet.service(HttpServlet.java:722)
	at org.apache.catalina.core.ApplicationFilterChain.internalDoFilter(ApplicationFilterChain.java:304)
	at org.apache.catalina.core.ApplicationFilterChain.doFilter(ApplicationFilterChain.java:210)
	at org.apache.catalina.core.ApplicationDispatcher.invoke(ApplicationDispatcher.java:684)
	at org.apache.catalina.core.ApplicationDispatcher.processRequest(ApplicationDispatcher.java:471)
	at org.apache.catalina.core.ApplicationDispatcher.doForward(ApplicationDispatcher.java:402)
	at org.apache.catalina.core.ApplicationDispatcher.forward(ApplicationDispatcher.java:329)
	at com.sun.faces.context.ExternalContextImpl.dispatch(ExternalContextImpl.java:410)
	at com.sun.faces.application.ViewHandlerImpl.executePageToBuildView(ViewHandlerImpl.java:468)
	at com.sun.faces.application.ViewHandlerImpl.renderView(ViewHandlerImpl.java:140)
	at org.ajax4jsf.application.ViewHandlerWrapper.renderView(ViewHandlerWrapper.java:100)
	at org.ajax4jsf.application.AjaxViewHandler.renderView(AjaxViewHandler.java:176)
	at com.sun.faces.lifecycle.RenderResponsePhase.execute(RenderResponsePhase.java:110)
	at com.sun.faces.lifecycle.Phase.doPhase(Phase.java:100)
	at com.sun.faces.lifecycle.LifecycleImpl.render(LifecycleImpl.java:139)
	at javax.faces.webapp.FacesServlet.service(FacesServlet.java:266)
	at org.apache.catalina.core.ApplicationFilterChain.internalDoFilter(ApplicationFilterChain.java:304)
	at org.apache.catalina.core.ApplicationFilterChain.doFilter(ApplicationFilterChain.java:210)
	at org.ajax4jsf.webapp.BaseXMLFilter.doXmlFilter(BaseXMLFilter.java:206)
	at org.ajax4jsf.webapp.BaseFilter.handleRequest(BaseFilter.java:290)
	at org.ajax4jsf.webapp.BaseFilter.processUploadsAndHandleRequest(BaseFilter.java:388)
	at org.ajax4jsf.webapp.BaseFilter.doFilter(BaseFilter.java:515)
	at org.apache.catalina.core.ApplicationFilterChain.internalDoFilter(ApplicationFilterChain.java:243)
	at org.apache.catalina.core.ApplicationFilterChain.doFilter(ApplicationFilterChain.java:210)
	at org.apache.catalina.core.StandardWrapperValve.invoke(StandardWrapperValve.java:224)
	at org.apache.catalina.core.StandardContextValve.invoke(StandardContextValve.java:175)
	at org.apache.catalina.authenticator.AuthenticatorBase.invoke(AuthenticatorBase.java:462)
	at org.apache.catalina.core.StandardHostValve.invoke(StandardHostValve.java:164)
	at org.apache.catalina.valves.ErrorReportValve.invoke(ErrorReportValve.java:100)
	at org.apache.catalina.valves.AccessLogValve.invoke(AccessLogValve.java:851)
	at org.apache.catalina.core.StandardEngineValve.invoke(StandardEngineValve.java:118)
	at org.apache.catalina.connector.CoyoteAdapter.service(CoyoteAdapter.java:405)
	at org.apache.coyote.http11.Http11Processor.process(Http11Processor.java:278)
	at org.apache.coyote.AbstractProtocol$AbstractConnectionHandler.process(AbstractProtocol.java:515)
	at org.apache.tomcat.util.net.JIoEndpoint$SocketProcessor.run(JIoEndpoint.java:300)
	at java.util.concurrent.ThreadPoolExecutor$Worker.runTask(ThreadPoolExecutor.java:886)
	at java.util.concurrent.ThreadPoolExecutor$Worker.run(ThreadPoolExecutor.java:908)
	at java.lang.Thread.run(Thread.java:662)
25/11/2011 19:01:13 org.apache.catalina.core.ApplicationDispatcher invoke
GRAVE: Servlet.service() for servlet jsp threw exception
org.apache.jasper.JasperException: /resultadoRastrear.jsp (line: 15, column: 4) Attribute var invalid for tag gmap according to TLD
	at org.apache.jasper.compiler.DefaultErrorHandler.jspError(DefaultErrorHandler.java:41)
	at org.apache.jasper.compiler.ErrorDispatcher.dispatch(ErrorDispatcher.java:407)
	at org.apache.jasper.compiler.ErrorDispatcher.jspError(ErrorDispatcher.java:236)
	at org.apache.jasper.compiler.Validator$ValidateVisitor.checkXmlAttributes(Validator.java:1259)
	at org.apache.jasper.compiler.Validator$ValidateVisitor.visit(Validator.java:870)
	at org.apache.jasper.compiler.Node$CustomTag.accept(Node.java:1539)
	at org.apache.jasper.compiler.Node$Nodes.visit(Node.java:2376)
	at org.apache.jasper.compiler.Node$Visitor.visitBody(Node.java:2428)
	at org.apache.jasper.compiler.Validator$ValidateVisitor.visit(Validator.java:889)
	at org.apache.jasper.compiler.Node$CustomTag.accept(Node.java:1539)
	at org.apache.jasper.compiler.Node$Nodes.visit(Node.java:2376)
	at org.apache.jasper.compiler.Node$Visitor.visitBody(Node.java:2428)
	at org.apache.jasper.compiler.Validator$ValidateVisitor.visit(Validator.java:889)
	at org.apache.jasper.compiler.Node$CustomTag.accept(Node.java:1539)
	at org.apache.jasper.compiler.Node$Nodes.visit(Node.java:2376)
	at org.apache.jasper.compiler.Node$Visitor.visitBody(Node.java:2428)
	at org.apache.jasper.compiler.Node$Visitor.visit(Node.java:2434)
	at org.apache.jasper.compiler.Node$Root.accept(Node.java:475)
	at org.apache.jasper.compiler.Node$Nodes.visit(Node.java:2376)
	at org.apache.jasper.compiler.Validator.validateExDirectives(Validator.java:1789)
	at org.apache.jasper.compiler.Compiler.generateJava(Compiler.java:217)
	at org.apache.jasper.compiler.Compiler.compile(Compiler.java:373)
	at org.apache.jasper.compiler.Compiler.compile(Compiler.java:353)
	at org.apache.jasper.compiler.Compiler.compile(Compiler.java:340)
	at org.apache.jasper.JspCompilationContext.compile(JspCompilationContext.java:644)
	at org.apache.jasper.servlet.JspServletWrapper.service(JspServletWrapper.java:358)
	at org.apache.jasper.servlet.JspServlet.serviceJspFile(JspServlet.java:389)
	at org.apache.jasper.servlet.JspServlet.service(JspServlet.java:333)
	at javax.servlet.http.HttpServlet.service(HttpServlet.java:722)
	at org.apache.catalina.core.ApplicationFilterChain.internalDoFilter(ApplicationFilterChain.java:304)
	at org.apache.catalina.core.ApplicationFilterChain.doFilter(ApplicationFilterChain.java:210)
	at org.apache.catalina.core.ApplicationDispatcher.invoke(ApplicationDispatcher.java:684)
	at org.apache.catalina.core.ApplicationDispatcher.processRequest(ApplicationDispatcher.java:471)
	at org.apache.catalina.core.ApplicationDispatcher.doForward(ApplicationDispatcher.java:402)
	at org.apache.catalina.core.ApplicationDispatcher.forward(ApplicationDispatcher.java:329)
	at com.sun.faces.context.ExternalContextImpl.dispatch(ExternalContextImpl.java:410)
	at com.sun.faces.application.ViewHandlerImpl.executePageToBuildView(ViewHandlerImpl.java:468)
	at com.sun.faces.application.ViewHandlerImpl.renderView(ViewHandlerImpl.java:140)
	at org.ajax4jsf.application.ViewHandlerWrapper.renderView(ViewHandlerWrapper.java:100)
	at org.ajax4jsf.application.AjaxViewHandler.renderView(AjaxViewHandler.java:176)
	at com.sun.faces.lifecycle.RenderResponsePhase.execute(RenderResponsePhase.java:110)
	at com.sun.faces.lifecycle.Phase.doPhase(Phase.java:100)
	at com.sun.faces.lifecycle.LifecycleImpl.render(LifecycleImpl.java:139)
	at javax.faces.webapp.FacesServlet.service(FacesServlet.java:266)
	at org.apache.catalina.core.ApplicationFilterChain.internalDoFilter(ApplicationFilterChain.java:304)
	at org.apache.catalina.core.ApplicationFilterChain.doFilter(ApplicationFilterChain.java:210)
	at org.ajax4jsf.webapp.BaseXMLFilter.doXmlFilter(BaseXMLFilter.java:206)
	at org.ajax4jsf.webapp.BaseFilter.handleRequest(BaseFilter.java:290)
	at org.ajax4jsf.webapp.BaseFilter.processUploadsAndHandleRequest(BaseFilter.java:388)
	at org.ajax4jsf.webapp.BaseFilter.doFilter(BaseFilter.java:515)
	at org.apache.catalina.core.ApplicationFilterChain.internalDoFilter(ApplicationFilterChain.java:243)
	at org.apache.catalina.core.ApplicationFilterChain.doFilter(ApplicationFilterChain.java:210)
	at org.apache.catalina.core.StandardWrapperValve.invoke(StandardWrapperValve.java:224)
	at org.apache.catalina.core.StandardContextValve.invoke(StandardContextValve.java:175)
	at org.apache.catalina.authenticator.AuthenticatorBase.invoke(AuthenticatorBase.java:462)
	at org.apache.catalina.core.StandardHostValve.invoke(StandardHostValve.java:164)
	at org.apache.catalina.valves.ErrorReportValve.invoke(ErrorReportValve.java:100)
	at org.apache.catalina.valves.AccessLogValve.invoke(AccessLogValve.java:851)
	at org.apache.catalina.core.StandardEngineValve.invoke(StandardEngineValve.java:118)
	at org.apache.catalina.connector.CoyoteAdapter.service(CoyoteAdapter.java:405)
	at org.apache.coyote.http11.Http11Processor.process(Http11Processor.java:278)
	at org.apache.coyote.AbstractProtocol$AbstractConnectionHandler.process(AbstractProtocol.java:515)
	at org.apache.tomcat.util.net.JIoEndpoint$SocketProcessor.run(JIoEndpoint.java:302)
	at java.util.concurrent.ThreadPoolExecutor$Worker.runTask(ThreadPoolExecutor.java:886)
	at java.util.concurrent.ThreadPoolExecutor$Worker.run(ThreadPoolExecutor.java:908)
	at java.lang.Thread.run(Thread.java:662)
25/11/2011 19:01:13 org.apache.catalina.core.StandardWrapperValve invoke
GRAVE: Servlet.service() for servlet [Faces Servlet] in context with path [/AlarmeAndroid] threw exception [/resultadoRastrear.jsp (line: 15, column: 4) Attribute var invalid for tag gmap according to TLD] with root cause
org.apache.jasper.JasperException: /resultadoRastrear.jsp (line: 15, column: 4) Attribute var invalid for tag gmap according to TLD
	at org.apache.jasper.compiler.DefaultErrorHandler.jspError(DefaultErrorHandler.java:41)
	at org.apache.jasper.compiler.ErrorDispatcher.dispatch(ErrorDispatcher.java:407)
	at org.apache.jasper.compiler.ErrorDispatcher.jspError(ErrorDispatcher.java:236)
	at org.apache.jasper.compiler.Validator$ValidateVisitor.checkXmlAttributes(Validator.java:1259)
	at org.apache.jasper.compiler.Validator$ValidateVisitor.visit(Validator.java:870)
	at org.apache.jasper.compiler.Node$CustomTag.accept(Node.java:1539)
	at org.apache.jasper.compiler.Node$Nodes.visit(Node.java:2376)
	at org.apache.jasper.compiler.Node$Visitor.visitBody(Node.java:2428)
	at org.apache.jasper.compiler.Validator$ValidateVisitor.visit(Validator.java:889)
	at org.apache.jasper.compiler.Node$CustomTag.accept(Node.java:1539)
	at org.apache.jasper.compiler.Node$Nodes.visit(Node.java:2376)
	at org.apache.jasper.compiler.Node$Visitor.visitBody(Node.java:2428)
	at org.apache.jasper.compiler.Validator$ValidateVisitor.visit(Validator.java:889)
	at org.apache.jasper.compiler.Node$CustomTag.accept(Node.java:1539)
	at org.apache.jasper.compiler.Node$Nodes.visit(Node.java:2376)
	at org.apache.jasper.compiler.Node$Visitor.visitBody(Node.java:2428)
	at org.apache.jasper.compiler.Node$Visitor.visit(Node.java:2434)
	at org.apache.jasper.compiler.Node$Root.accept(Node.java:475)
	at org.apache.jasper.compiler.Node$Nodes.visit(Node.java:2376)
	at org.apache.jasper.compiler.Validator.validateExDirectives(Validator.java:1789)
	at org.apache.jasper.compiler.Compiler.generateJava(Compiler.java:217)
	at org.apache.jasper.compiler.Compiler.compile(Compiler.java:373)
	at org.apache.jasper.compiler.Compiler.compile(Compiler.java:353)
	at org.apache.jasper.compiler.Compiler.compile(Compiler.java:340)
	at org.apache.jasper.JspCompilationContext.compile(JspCompilationContext.java:644)
	at org.apache.jasper.servlet.JspServletWrapper.service(JspServletWrapper.java:358)
	at org.apache.jasper.servlet.JspServlet.serviceJspFile(JspServlet.java:389)
	at org.apache.jasper.servlet.JspServlet.service(JspServlet.java:333)
	at javax.servlet.http.HttpServlet.service(HttpServlet.java:722)
	at org.apache.catalina.core.ApplicationFilterChain.internalDoFilter(ApplicationFilterChain.java:304)
	at org.apache.catalina.core.ApplicationFilterChain.doFilter(ApplicationFilterChain.java:210)
	at org.apache.catalina.core.ApplicationDispatcher.invoke(ApplicationDispatcher.java:684)
	at org.apache.catalina.core.ApplicationDispatcher.processRequest(ApplicationDispatcher.java:471)
	at org.apache.catalina.core.ApplicationDispatcher.doForward(ApplicationDispatcher.java:402)
	at org.apache.catalina.core.ApplicationDispatcher.forward(ApplicationDispatcher.java:329)
	at com.sun.faces.context.ExternalContextImpl.dispatch(ExternalContextImpl.java:410)
	at com.sun.faces.application.ViewHandlerImpl.executePageToBuildView(ViewHandlerImpl.java:468)
	at com.sun.faces.application.ViewHandlerImpl.renderView(ViewHandlerImpl.java:140)
	at org.ajax4jsf.application.ViewHandlerWrapper.renderView(ViewHandlerWrapper.java:100)
	at org.ajax4jsf.application.AjaxViewHandler.renderView(AjaxViewHandler.java:176)
	at com.sun.faces.lifecycle.RenderResponsePhase.execute(RenderResponsePhase.java:110)
	at com.sun.faces.lifecycle.Phase.doPhase(Phase.java:100)
	at com.sun.faces.lifecycle.LifecycleImpl.render(LifecycleImpl.java:139)
	at javax.faces.webapp.FacesServlet.service(FacesServlet.java:266)
	at org.apache.catalina.core.ApplicationFilterChain.internalDoFilter(ApplicationFilterChain.java:304)
	at org.apache.catalina.core.ApplicationFilterChain.doFilter(ApplicationFilterChain.java:210)
	at org.ajax4jsf.webapp.BaseXMLFilter.doXmlFilter(BaseXMLFilter.java:206)
	at org.ajax4jsf.webapp.BaseFilter.handleRequest(BaseFilter.java:290)
	at org.ajax4jsf.webapp.BaseFilter.processUploadsAndHandleRequest(BaseFilter.java:388)
	at org.ajax4jsf.webapp.BaseFilter.doFilter(BaseFilter.java:515)
	at org.apache.catalina.core.ApplicationFilterChain.internalDoFilter(ApplicationFilterChain.java:243)
	at org.apache.catalina.core.ApplicationFilterChain.doFilter(ApplicationFilterChain.java:210)
	at org.apache.catalina.core.StandardWrapperValve.invoke(StandardWrapperValve.java:224)
	at org.apache.catalina.core.StandardContextValve.invoke(StandardContextValve.java:175)
	at org.apache.catalina.authenticator.AuthenticatorBase.invoke(AuthenticatorBase.java:462)
	at org.apache.catalina.core.StandardHostValve.invoke(StandardHostValve.java:164)
	at org.apache.catalina.valves.ErrorReportValve.invoke(ErrorReportValve.java:100)
	at org.apache.catalina.valves.AccessLogValve.invoke(AccessLogValve.java:851)
	at org.apache.catalina.core.StandardEngineValve.invoke(StandardEngineValve.java:118)
	at org.apache.catalina.connector.CoyoteAdapter.service(CoyoteAdapter.java:405)
	at org.apache.coyote.http11.Http11Processor.process(Http11Processor.java:278)
	at org.apache.coyote.AbstractProtocol$AbstractConnectionHandler.process(AbstractProtocol.java:515)
	at org.apache.tomcat.util.net.JIoEndpoint$SocketProcessor.run(JIoEndpoint.java:302)
	at java.util.concurrent.ThreadPoolExecutor$Worker.runTask(ThreadPoolExecutor.java:886)
	at java.util.concurrent.ThreadPoolExecutor$Worker.run(ThreadPoolExecutor.java:908)
	at java.lang.Thread.run(Thread.java:662)
25/11/2011 19:01:29 org.apache.catalina.core.ApplicationContext log
INFO: SessionListener: contextDestroyed()
25/11/2011 19:01:29 org.apache.catalina.core.ApplicationContext log
INFO: ContextListener: contextDestroyed()
25/11/2011 19:01:50 org.apache.catalina.core.ApplicationContext log
INFO: ContextListener: contextInitialized()
25/11/2011 19:01:50 org.apache.catalina.core.ApplicationContext log
INFO: SessionListener: contextInitialized()
25/11/2011 19:01:50 org.apache.catalina.core.ApplicationContext log
INFO: ContextListener: attributeAdded('org.apache.jasper.compiler.TldLocationsCache', 'org.apache.jasper.compiler.TldLocationsCache@681db8')
25/11/2011 19:07:51 org.apache.catalina.core.ApplicationContext log
INFO: SessionListener: contextDestroyed()
25/11/2011 19:07:51 org.apache.catalina.core.ApplicationContext log
INFO: ContextListener: contextDestroyed()
25/11/2011 19:08:14 org.apache.catalina.core.ApplicationContext log
INFO: ContextListener: contextInitialized()
25/11/2011 19:08:14 org.apache.catalina.core.ApplicationContext log
INFO: SessionListener: contextInitialized()
25/11/2011 19:08:14 org.apache.catalina.core.ApplicationContext log
INFO: ContextListener: attributeAdded('org.apache.jasper.compiler.TldLocationsCache', 'org.apache.jasper.compiler.TldLocationsCache@6f4652')
25/11/2011 19:08:17 org.apache.catalina.core.ApplicationDispatcher invoke
GRAVE: Servlet.service() for servlet jsp threw exception
org.apache.jasper.JasperException: /resultadoRastrear.jsp (line: 21, column: 39) #{...} is not allowed in template text
	at org.apache.jasper.compiler.DefaultErrorHandler.jspError(DefaultErrorHandler.java:41)
	at org.apache.jasper.compiler.ErrorDispatcher.dispatch(ErrorDispatcher.java:407)
	at org.apache.jasper.compiler.ErrorDispatcher.jspError(ErrorDispatcher.java:102)
	at org.apache.jasper.compiler.Validator$ValidateVisitor.visit(Validator.java:728)
	at org.apache.jasper.compiler.Node$ELExpression.accept(Node.java:954)
	at org.apache.jasper.compiler.Node$Nodes.visit(Node.java:2376)
	at org.apache.jasper.compiler.Node$Visitor.visitBody(Node.java:2428)
	at org.apache.jasper.compiler.Validator$ValidateVisitor.visit(Validator.java:889)
	at org.apache.jasper.compiler.Node$CustomTag.accept(Node.java:1539)
	at org.apache.jasper.compiler.Node$Nodes.visit(Node.java:2376)
	at org.apache.jasper.compiler.Node$Visitor.visitBody(Node.java:2428)
	at org.apache.jasper.compiler.Validator$ValidateVisitor.visit(Validator.java:889)
	at org.apache.jasper.compiler.Node$CustomTag.accept(Node.java:1539)
	at org.apache.jasper.compiler.Node$Nodes.visit(Node.java:2376)
	at org.apache.jasper.compiler.Node$Visitor.visitBody(Node.java:2428)
	at org.apache.jasper.compiler.Node$Visitor.visit(Node.java:2434)
	at org.apache.jasper.compiler.Node$Root.accept(Node.java:475)
	at org.apache.jasper.compiler.Node$Nodes.visit(Node.java:2376)
	at org.apache.jasper.compiler.Validator.validateExDirectives(Validator.java:1789)
	at org.apache.jasper.compiler.Compiler.generateJava(Compiler.java:217)
	at org.apache.jasper.compiler.Compiler.compile(Compiler.java:373)
	at org.apache.jasper.compiler.Compiler.compile(Compiler.java:353)
	at org.apache.jasper.compiler.Compiler.compile(Compiler.java:340)
	at org.apache.jasper.JspCompilationContext.compile(JspCompilationContext.java:644)
	at org.apache.jasper.servlet.JspServletWrapper.service(JspServletWrapper.java:358)
	at org.apache.jasper.servlet.JspServlet.serviceJspFile(JspServlet.java:389)
	at org.apache.jasper.servlet.JspServlet.service(JspServlet.java:333)
	at javax.servlet.http.HttpServlet.service(HttpServlet.java:722)
	at org.apache.catalina.core.ApplicationFilterChain.internalDoFilter(ApplicationFilterChain.java:304)
	at org.apache.catalina.core.ApplicationFilterChain.doFilter(ApplicationFilterChain.java:210)
	at org.apache.catalina.core.ApplicationDispatcher.invoke(ApplicationDispatcher.java:684)
	at org.apache.catalina.core.ApplicationDispatcher.processRequest(ApplicationDispatcher.java:471)
	at org.apache.catalina.core.ApplicationDispatcher.doForward(ApplicationDispatcher.java:402)
	at org.apache.catalina.core.ApplicationDispatcher.forward(ApplicationDispatcher.java:329)
	at com.sun.faces.context.ExternalContextImpl.dispatch(ExternalContextImpl.java:410)
	at com.sun.faces.application.ViewHandlerImpl.executePageToBuildView(ViewHandlerImpl.java:468)
	at com.sun.faces.application.ViewHandlerImpl.renderView(ViewHandlerImpl.java:140)
	at org.ajax4jsf.application.ViewHandlerWrapper.renderView(ViewHandlerWrapper.java:100)
	at org.ajax4jsf.application.AjaxViewHandler.renderView(AjaxViewHandler.java:176)
	at com.sun.faces.lifecycle.RenderResponsePhase.execute(RenderResponsePhase.java:110)
	at com.sun.faces.lifecycle.Phase.doPhase(Phase.java:100)
	at com.sun.faces.lifecycle.LifecycleImpl.render(LifecycleImpl.java:139)
	at javax.faces.webapp.FacesServlet.service(FacesServlet.java:266)
	at org.apache.catalina.core.ApplicationFilterChain.internalDoFilter(ApplicationFilterChain.java:304)
	at org.apache.catalina.core.ApplicationFilterChain.doFilter(ApplicationFilterChain.java:210)
	at org.ajax4jsf.webapp.BaseXMLFilter.doXmlFilter(BaseXMLFilter.java:206)
	at org.ajax4jsf.webapp.BaseFilter.handleRequest(BaseFilter.java:290)
	at org.ajax4jsf.webapp.BaseFilter.processUploadsAndHandleRequest(BaseFilter.java:388)
	at org.ajax4jsf.webapp.BaseFilter.doFilter(BaseFilter.java:515)
	at org.apache.catalina.core.ApplicationFilterChain.internalDoFilter(ApplicationFilterChain.java:243)
	at org.apache.catalina.core.ApplicationFilterChain.doFilter(ApplicationFilterChain.java:210)
	at org.apache.catalina.core.StandardWrapperValve.invoke(StandardWrapperValve.java:224)
	at org.apache.catalina.core.StandardContextValve.invoke(StandardContextValve.java:175)
	at org.apache.catalina.authenticator.AuthenticatorBase.invoke(AuthenticatorBase.java:462)
	at org.apache.catalina.core.StandardHostValve.invoke(StandardHostValve.java:164)
	at org.apache.catalina.valves.ErrorReportValve.invoke(ErrorReportValve.java:100)
	at org.apache.catalina.valves.AccessLogValve.invoke(AccessLogValve.java:851)
	at org.apache.catalina.core.StandardEngineValve.invoke(StandardEngineValve.java:118)
	at org.apache.catalina.connector.CoyoteAdapter.service(CoyoteAdapter.java:405)
	at org.apache.coyote.http11.Http11Processor.process(Http11Processor.java:278)
	at org.apache.coyote.AbstractProtocol$AbstractConnectionHandler.process(AbstractProtocol.java:515)
	at org.apache.tomcat.util.net.JIoEndpoint$SocketProcessor.run(JIoEndpoint.java:300)
	at java.util.concurrent.ThreadPoolExecutor$Worker.runTask(ThreadPoolExecutor.java:886)
	at java.util.concurrent.ThreadPoolExecutor$Worker.run(ThreadPoolExecutor.java:908)
	at java.lang.Thread.run(Thread.java:662)
25/11/2011 19:08:17 org.apache.catalina.core.StandardWrapperValve invoke
GRAVE: Servlet.service() for servlet [Faces Servlet] in context with path [/AlarmeAndroid] threw exception [/resultadoRastrear.jsp (line: 21, column: 39) #{...} is not allowed in template text] with root cause
org.apache.jasper.JasperException: /resultadoRastrear.jsp (line: 21, column: 39) #{...} is not allowed in template text
	at org.apache.jasper.compiler.DefaultErrorHandler.jspError(DefaultErrorHandler.java:41)
	at org.apache.jasper.compiler.ErrorDispatcher.dispatch(ErrorDispatcher.java:407)
	at org.apache.jasper.compiler.ErrorDispatcher.jspError(ErrorDispatcher.java:102)
	at org.apache.jasper.compiler.Validator$ValidateVisitor.visit(Validator.java:728)
	at org.apache.jasper.compiler.Node$ELExpression.accept(Node.java:954)
	at org.apache.jasper.compiler.Node$Nodes.visit(Node.java:2376)
	at org.apache.jasper.compiler.Node$Visitor.visitBody(Node.java:2428)
	at org.apache.jasper.compiler.Validator$ValidateVisitor.visit(Validator.java:889)
	at org.apache.jasper.compiler.Node$CustomTag.accept(Node.java:1539)
	at org.apache.jasper.compiler.Node$Nodes.visit(Node.java:2376)
	at org.apache.jasper.compiler.Node$Visitor.visitBody(Node.java:2428)
	at org.apache.jasper.compiler.Validator$ValidateVisitor.visit(Validator.java:889)
	at org.apache.jasper.compiler.Node$CustomTag.accept(Node.java:1539)
	at org.apache.jasper.compiler.Node$Nodes.visit(Node.java:2376)
	at org.apache.jasper.compiler.Node$Visitor.visitBody(Node.java:2428)
	at org.apache.jasper.compiler.Node$Visitor.visit(Node.java:2434)
	at org.apache.jasper.compiler.Node$Root.accept(Node.java:475)
	at org.apache.jasper.compiler.Node$Nodes.visit(Node.java:2376)
	at org.apache.jasper.compiler.Validator.validateExDirectives(Validator.java:1789)
	at org.apache.jasper.compiler.Compiler.generateJava(Compiler.java:217)
	at org.apache.jasper.compiler.Compiler.compile(Compiler.java:373)
	at org.apache.jasper.compiler.Compiler.compile(Compiler.java:353)
	at org.apache.jasper.compiler.Compiler.compile(Compiler.java:340)
	at org.apache.jasper.JspCompilationContext.compile(JspCompilationContext.java:644)
	at org.apache.jasper.servlet.JspServletWrapper.service(JspServletWrapper.java:358)
	at org.apache.jasper.servlet.JspServlet.serviceJspFile(JspServlet.java:389)
	at org.apache.jasper.servlet.JspServlet.service(JspServlet.java:333)
	at javax.servlet.http.HttpServlet.service(HttpServlet.java:722)
	at org.apache.catalina.core.ApplicationFilterChain.internalDoFilter(ApplicationFilterChain.java:304)
	at org.apache.catalina.core.ApplicationFilterChain.doFilter(ApplicationFilterChain.java:210)
	at org.apache.catalina.core.ApplicationDispatcher.invoke(ApplicationDispatcher.java:684)
	at org.apache.catalina.core.ApplicationDispatcher.processRequest(ApplicationDispatcher.java:471)
	at org.apache.catalina.core.ApplicationDispatcher.doForward(ApplicationDispatcher.java:402)
	at org.apache.catalina.core.ApplicationDispatcher.forward(ApplicationDispatcher.java:329)
	at com.sun.faces.context.ExternalContextImpl.dispatch(ExternalContextImpl.java:410)
	at com.sun.faces.application.ViewHandlerImpl.executePageToBuildView(ViewHandlerImpl.java:468)
	at com.sun.faces.application.ViewHandlerImpl.renderView(ViewHandlerImpl.java:140)
	at org.ajax4jsf.application.ViewHandlerWrapper.renderView(ViewHandlerWrapper.java:100)
	at org.ajax4jsf.application.AjaxViewHandler.renderView(AjaxViewHandler.java:176)
	at com.sun.faces.lifecycle.RenderResponsePhase.execute(RenderResponsePhase.java:110)
	at com.sun.faces.lifecycle.Phase.doPhase(Phase.java:100)
	at com.sun.faces.lifecycle.LifecycleImpl.render(LifecycleImpl.java:139)
	at javax.faces.webapp.FacesServlet.service(FacesServlet.java:266)
	at org.apache.catalina.core.ApplicationFilterChain.internalDoFilter(ApplicationFilterChain.java:304)
	at org.apache.catalina.core.ApplicationFilterChain.doFilter(ApplicationFilterChain.java:210)
	at org.ajax4jsf.webapp.BaseXMLFilter.doXmlFilter(BaseXMLFilter.java:206)
	at org.ajax4jsf.webapp.BaseFilter.handleRequest(BaseFilter.java:290)
	at org.ajax4jsf.webapp.BaseFilter.processUploadsAndHandleRequest(BaseFilter.java:388)
	at org.ajax4jsf.webapp.BaseFilter.doFilter(BaseFilter.java:515)
	at org.apache.catalina.core.ApplicationFilterChain.internalDoFilter(ApplicationFilterChain.java:243)
	at org.apache.catalina.core.ApplicationFilterChain.doFilter(ApplicationFilterChain.java:210)
	at org.apache.catalina.core.StandardWrapperValve.invoke(StandardWrapperValve.java:224)
	at org.apache.catalina.core.StandardContextValve.invoke(StandardContextValve.java:175)
	at org.apache.catalina.authenticator.AuthenticatorBase.invoke(AuthenticatorBase.java:462)
	at org.apache.catalina.core.StandardHostValve.invoke(StandardHostValve.java:164)
	at org.apache.catalina.valves.ErrorReportValve.invoke(ErrorReportValve.java:100)
	at org.apache.catalina.valves.AccessLogValve.invoke(AccessLogValve.java:851)
	at org.apache.catalina.core.StandardEngineValve.invoke(StandardEngineValve.java:118)
	at org.apache.catalina.connector.CoyoteAdapter.service(CoyoteAdapter.java:405)
	at org.apache.coyote.http11.Http11Processor.process(Http11Processor.java:278)
	at org.apache.coyote.AbstractProtocol$AbstractConnectionHandler.process(AbstractProtocol.java:515)
	at org.apache.tomcat.util.net.JIoEndpoint$SocketProcessor.run(JIoEndpoint.java:300)
	at java.util.concurrent.ThreadPoolExecutor$Worker.runTask(ThreadPoolExecutor.java:886)
	at java.util.concurrent.ThreadPoolExecutor$Worker.run(ThreadPoolExecutor.java:908)
	at java.lang.Thread.run(Thread.java:662)
25/11/2011 19:08:34 org.apache.catalina.core.ApplicationDispatcher invoke
GRAVE: Servlet.service() for servlet jsp threw exception
org.apache.jasper.JasperException: /resultadoRastrear.jsp (line: 21, column: 39) #{...} is not allowed in template text
	at org.apache.jasper.compiler.DefaultErrorHandler.jspError(DefaultErrorHandler.java:41)
	at org.apache.jasper.compiler.ErrorDispatcher.dispatch(ErrorDispatcher.java:407)
	at org.apache.jasper.compiler.ErrorDispatcher.jspError(ErrorDispatcher.java:102)
	at org.apache.jasper.compiler.Validator$ValidateVisitor.visit(Validator.java:728)
	at org.apache.jasper.compiler.Node$ELExpression.accept(Node.java:954)
	at org.apache.jasper.compiler.Node$Nodes.visit(Node.java:2376)
	at org.apache.jasper.compiler.Node$Visitor.visitBody(Node.java:2428)
	at org.apache.jasper.compiler.Validator$ValidateVisitor.visit(Validator.java:889)
	at org.apache.jasper.compiler.Node$CustomTag.accept(Node.java:1539)
	at org.apache.jasper.compiler.Node$Nodes.visit(Node.java:2376)
	at org.apache.jasper.compiler.Node$Visitor.visitBody(Node.java:2428)
	at org.apache.jasper.compiler.Validator$ValidateVisitor.visit(Validator.java:889)
	at org.apache.jasper.compiler.Node$CustomTag.accept(Node.java:1539)
	at org.apache.jasper.compiler.Node$Nodes.visit(Node.java:2376)
	at org.apache.jasper.compiler.Node$Visitor.visitBody(Node.java:2428)
	at org.apache.jasper.compiler.Node$Visitor.visit(Node.java:2434)
	at org.apache.jasper.compiler.Node$Root.accept(Node.java:475)
	at org.apache.jasper.compiler.Node$Nodes.visit(Node.java:2376)
	at org.apache.jasper.compiler.Validator.validateExDirectives(Validator.java:1789)
	at org.apache.jasper.compiler.Compiler.generateJava(Compiler.java:217)
	at org.apache.jasper.compiler.Compiler.compile(Compiler.java:373)
	at org.apache.jasper.compiler.Compiler.compile(Compiler.java:353)
	at org.apache.jasper.compiler.Compiler.compile(Compiler.java:340)
	at org.apache.jasper.JspCompilationContext.compile(JspCompilationContext.java:644)
	at org.apache.jasper.servlet.JspServletWrapper.service(JspServletWrapper.java:358)
	at org.apache.jasper.servlet.JspServlet.serviceJspFile(JspServlet.java:389)
	at org.apache.jasper.servlet.JspServlet.service(JspServlet.java:333)
	at javax.servlet.http.HttpServlet.service(HttpServlet.java:722)
	at org.apache.catalina.core.ApplicationFilterChain.internalDoFilter(ApplicationFilterChain.java:304)
	at org.apache.catalina.core.ApplicationFilterChain.doFilter(ApplicationFilterChain.java:210)
	at org.apache.catalina.core.ApplicationDispatcher.invoke(ApplicationDispatcher.java:684)
	at org.apache.catalina.core.ApplicationDispatcher.processRequest(ApplicationDispatcher.java:471)
	at org.apache.catalina.core.ApplicationDispatcher.doForward(ApplicationDispatcher.java:402)
	at org.apache.catalina.core.ApplicationDispatcher.forward(ApplicationDispatcher.java:329)
	at com.sun.faces.context.ExternalContextImpl.dispatch(ExternalContextImpl.java:410)
	at com.sun.faces.application.ViewHandlerImpl.executePageToBuildView(ViewHandlerImpl.java:468)
	at com.sun.faces.application.ViewHandlerImpl.renderView(ViewHandlerImpl.java:140)
	at org.ajax4jsf.application.ViewHandlerWrapper.renderView(ViewHandlerWrapper.java:100)
	at org.ajax4jsf.application.AjaxViewHandler.renderView(AjaxViewHandler.java:176)
	at com.sun.faces.lifecycle.RenderResponsePhase.execute(RenderResponsePhase.java:110)
	at com.sun.faces.lifecycle.Phase.doPhase(Phase.java:100)
	at com.sun.faces.lifecycle.LifecycleImpl.render(LifecycleImpl.java:139)
	at javax.faces.webapp.FacesServlet.service(FacesServlet.java:266)
	at org.apache.catalina.core.ApplicationFilterChain.internalDoFilter(ApplicationFilterChain.java:304)
	at org.apache.catalina.core.ApplicationFilterChain.doFilter(ApplicationFilterChain.java:210)
	at org.ajax4jsf.webapp.BaseXMLFilter.doXmlFilter(BaseXMLFilter.java:206)
	at org.ajax4jsf.webapp.BaseFilter.handleRequest(BaseFilter.java:290)
	at org.ajax4jsf.webapp.BaseFilter.processUploadsAndHandleRequest(BaseFilter.java:388)
	at org.ajax4jsf.webapp.BaseFilter.doFilter(BaseFilter.java:515)
	at org.apache.catalina.core.ApplicationFilterChain.internalDoFilter(ApplicationFilterChain.java:243)
	at org.apache.catalina.core.ApplicationFilterChain.doFilter(ApplicationFilterChain.java:210)
	at org.apache.catalina.core.StandardWrapperValve.invoke(StandardWrapperValve.java:224)
	at org.apache.catalina.core.StandardContextValve.invoke(StandardContextValve.java:175)
	at org.apache.catalina.authenticator.AuthenticatorBase.invoke(AuthenticatorBase.java:462)
	at org.apache.catalina.core.StandardHostValve.invoke(StandardHostValve.java:164)
	at org.apache.catalina.valves.ErrorReportValve.invoke(ErrorReportValve.java:100)
	at org.apache.catalina.valves.AccessLogValve.invoke(AccessLogValve.java:851)
	at org.apache.catalina.core.StandardEngineValve.invoke(StandardEngineValve.java:118)
	at org.apache.catalina.connector.CoyoteAdapter.service(CoyoteAdapter.java:405)
	at org.apache.coyote.http11.Http11Processor.process(Http11Processor.java:278)
	at org.apache.coyote.AbstractProtocol$AbstractConnectionHandler.process(AbstractProtocol.java:515)
	at org.apache.tomcat.util.net.JIoEndpoint$SocketProcessor.run(JIoEndpoint.java:300)
	at java.util.concurrent.ThreadPoolExecutor$Worker.runTask(ThreadPoolExecutor.java:886)
	at java.util.concurrent.ThreadPoolExecutor$Worker.run(ThreadPoolExecutor.java:908)
	at java.lang.Thread.run(Thread.java:662)
25/11/2011 19:08:34 org.apache.catalina.core.StandardWrapperValve invoke
GRAVE: Servlet.service() for servlet [Faces Servlet] in context with path [/AlarmeAndroid] threw exception [/resultadoRastrear.jsp (line: 21, column: 39) #{...} is not allowed in template text] with root cause
org.apache.jasper.JasperException: /resultadoRastrear.jsp (line: 21, column: 39) #{...} is not allowed in template text
	at org.apache.jasper.compiler.DefaultErrorHandler.jspError(DefaultErrorHandler.java:41)
	at org.apache.jasper.compiler.ErrorDispatcher.dispatch(ErrorDispatcher.java:407)
	at org.apache.jasper.compiler.ErrorDispatcher.jspError(ErrorDispatcher.java:102)
	at org.apache.jasper.compiler.Validator$ValidateVisitor.visit(Validator.java:728)
	at org.apache.jasper.compiler.Node$ELExpression.accept(Node.java:954)
	at org.apache.jasper.compiler.Node$Nodes.visit(Node.java:2376)
	at org.apache.jasper.compiler.Node$Visitor.visitBody(Node.java:2428)
	at org.apache.jasper.compiler.Validator$ValidateVisitor.visit(Validator.java:889)
	at org.apache.jasper.compiler.Node$CustomTag.accept(Node.java:1539)
	at org.apache.jasper.compiler.Node$Nodes.visit(Node.java:2376)
	at org.apache.jasper.compiler.Node$Visitor.visitBody(Node.java:2428)
	at org.apache.jasper.compiler.Validator$ValidateVisitor.visit(Validator.java:889)
	at org.apache.jasper.compiler.Node$CustomTag.accept(Node.java:1539)
	at org.apache.jasper.compiler.Node$Nodes.visit(Node.java:2376)
	at org.apache.jasper.compiler.Node$Visitor.visitBody(Node.java:2428)
	at org.apache.jasper.compiler.Node$Visitor.visit(Node.java:2434)
	at org.apache.jasper.compiler.Node$Root.accept(Node.java:475)
	at org.apache.jasper.compiler.Node$Nodes.visit(Node.java:2376)
	at org.apache.jasper.compiler.Validator.validateExDirectives(Validator.java:1789)
	at org.apache.jasper.compiler.Compiler.generateJava(Compiler.java:217)
	at org.apache.jasper.compiler.Compiler.compile(Compiler.java:373)
	at org.apache.jasper.compiler.Compiler.compile(Compiler.java:353)
	at org.apache.jasper.compiler.Compiler.compile(Compiler.java:340)
	at org.apache.jasper.JspCompilationContext.compile(JspCompilationContext.java:644)
	at org.apache.jasper.servlet.JspServletWrapper.service(JspServletWrapper.java:358)
	at org.apache.jasper.servlet.JspServlet.serviceJspFile(JspServlet.java:389)
	at org.apache.jasper.servlet.JspServlet.service(JspServlet.java:333)
	at javax.servlet.http.HttpServlet.service(HttpServlet.java:722)
	at org.apache.catalina.core.ApplicationFilterChain.internalDoFilter(ApplicationFilterChain.java:304)
	at org.apache.catalina.core.ApplicationFilterChain.doFilter(ApplicationFilterChain.java:210)
	at org.apache.catalina.core.ApplicationDispatcher.invoke(ApplicationDispatcher.java:684)
	at org.apache.catalina.core.ApplicationDispatcher.processRequest(ApplicationDispatcher.java:471)
	at org.apache.catalina.core.ApplicationDispatcher.doForward(ApplicationDispatcher.java:402)
	at org.apache.catalina.core.ApplicationDispatcher.forward(ApplicationDispatcher.java:329)
	at com.sun.faces.context.ExternalContextImpl.dispatch(ExternalContextImpl.java:410)
	at com.sun.faces.application.ViewHandlerImpl.executePageToBuildView(ViewHandlerImpl.java:468)
	at com.sun.faces.application.ViewHandlerImpl.renderView(ViewHandlerImpl.java:140)
	at org.ajax4jsf.application.ViewHandlerWrapper.renderView(ViewHandlerWrapper.java:100)
	at org.ajax4jsf.application.AjaxViewHandler.renderView(AjaxViewHandler.java:176)
	at com.sun.faces.lifecycle.RenderResponsePhase.execute(RenderResponsePhase.java:110)
	at com.sun.faces.lifecycle.Phase.doPhase(Phase.java:100)
	at com.sun.faces.lifecycle.LifecycleImpl.render(LifecycleImpl.java:139)
	at javax.faces.webapp.FacesServlet.service(FacesServlet.java:266)
	at org.apache.catalina.core.ApplicationFilterChain.internalDoFilter(ApplicationFilterChain.java:304)
	at org.apache.catalina.core.ApplicationFilterChain.doFilter(ApplicationFilterChain.java:210)
	at org.ajax4jsf.webapp.BaseXMLFilter.doXmlFilter(BaseXMLFilter.java:206)
	at org.ajax4jsf.webapp.BaseFilter.handleRequest(BaseFilter.java:290)
	at org.ajax4jsf.webapp.BaseFilter.processUploadsAndHandleRequest(BaseFilter.java:388)
	at org.ajax4jsf.webapp.BaseFilter.doFilter(BaseFilter.java:515)
	at org.apache.catalina.core.ApplicationFilterChain.internalDoFilter(ApplicationFilterChain.java:243)
	at org.apache.catalina.core.ApplicationFilterChain.doFilter(ApplicationFilterChain.java:210)
	at org.apache.catalina.core.StandardWrapperValve.invoke(StandardWrapperValve.java:224)
	at org.apache.catalina.core.StandardContextValve.invoke(StandardContextValve.java:175)
	at org.apache.catalina.authenticator.AuthenticatorBase.invoke(AuthenticatorBase.java:462)
	at org.apache.catalina.core.StandardHostValve.invoke(StandardHostValve.java:164)
	at org.apache.catalina.valves.ErrorReportValve.invoke(ErrorReportValve.java:100)
	at org.apache.catalina.valves.AccessLogValve.invoke(AccessLogValve.java:851)
	at org.apache.catalina.core.StandardEngineValve.invoke(StandardEngineValve.java:118)
	at org.apache.catalina.connector.CoyoteAdapter.service(CoyoteAdapter.java:405)
	at org.apache.coyote.http11.Http11Processor.process(Http11Processor.java:278)
	at org.apache.coyote.AbstractProtocol$AbstractConnectionHandler.process(AbstractProtocol.java:515)
	at org.apache.tomcat.util.net.JIoEndpoint$SocketProcessor.run(JIoEndpoint.java:300)
	at java.util.concurrent.ThreadPoolExecutor$Worker.runTask(ThreadPoolExecutor.java:886)
	at java.util.concurrent.ThreadPoolExecutor$Worker.run(ThreadPoolExecutor.java:908)
	at java.lang.Thread.run(Thread.java:662)
25/11/2011 19:08:36 org.apache.catalina.core.ApplicationDispatcher invoke
GRAVE: Servlet.service() for servlet jsp threw exception
java.lang.ClassNotFoundException: org.apache.jsp.resultadoRastrear_jsp
	at java.net.URLClassLoader$1.run(URLClassLoader.java:202)
	at java.security.AccessController.doPrivileged(Native Method)
	at java.net.URLClassLoader.findClass(URLClassLoader.java:190)
	at org.apache.jasper.servlet.JasperLoader.loadClass(JasperLoader.java:132)
	at org.apache.jasper.servlet.JasperLoader.loadClass(JasperLoader.java:63)
	at org.apache.catalina.core.DefaultInstanceManager.newInstance(DefaultInstanceManager.java:124)
	at org.apache.jasper.servlet.JspServletWrapper.getServlet(JspServletWrapper.java:172)
	at org.apache.jasper.servlet.JspServletWrapper.service(JspServletWrapper.java:370)
	at org.apache.jasper.servlet.JspServlet.serviceJspFile(JspServlet.java:389)
	at org.apache.jasper.servlet.JspServlet.service(JspServlet.java:333)
	at javax.servlet.http.HttpServlet.service(HttpServlet.java:722)
	at org.apache.catalina.core.ApplicationFilterChain.internalDoFilter(ApplicationFilterChain.java:304)
	at org.apache.catalina.core.ApplicationFilterChain.doFilter(ApplicationFilterChain.java:210)
	at org.apache.catalina.core.ApplicationDispatcher.invoke(ApplicationDispatcher.java:684)
	at org.apache.catalina.core.ApplicationDispatcher.processRequest(ApplicationDispatcher.java:471)
	at org.apache.catalina.core.ApplicationDispatcher.doForward(ApplicationDispatcher.java:402)
	at org.apache.catalina.core.ApplicationDispatcher.forward(ApplicationDispatcher.java:329)
	at com.sun.faces.context.ExternalContextImpl.dispatch(ExternalContextImpl.java:410)
	at com.sun.faces.application.ViewHandlerImpl.executePageToBuildView(ViewHandlerImpl.java:468)
	at com.sun.faces.application.ViewHandlerImpl.renderView(ViewHandlerImpl.java:140)
	at org.ajax4jsf.application.ViewHandlerWrapper.renderView(ViewHandlerWrapper.java:100)
	at org.ajax4jsf.application.AjaxViewHandler.renderView(AjaxViewHandler.java:176)
	at com.sun.faces.lifecycle.RenderResponsePhase.execute(RenderResponsePhase.java:110)
	at com.sun.faces.lifecycle.Phase.doPhase(Phase.java:100)
	at com.sun.faces.lifecycle.LifecycleImpl.render(LifecycleImpl.java:139)
	at javax.faces.webapp.FacesServlet.service(FacesServlet.java:266)
	at org.apache.catalina.core.ApplicationFilterChain.internalDoFilter(ApplicationFilterChain.java:304)
	at org.apache.catalina.core.ApplicationFilterChain.doFilter(ApplicationFilterChain.java:210)
	at org.ajax4jsf.webapp.BaseXMLFilter.doXmlFilter(BaseXMLFilter.java:206)
	at org.ajax4jsf.webapp.BaseFilter.handleRequest(BaseFilter.java:290)
	at org.ajax4jsf.webapp.BaseFilter.processUploadsAndHandleRequest(BaseFilter.java:388)
	at org.ajax4jsf.webapp.BaseFilter.doFilter(BaseFilter.java:515)
	at org.apache.catalina.core.ApplicationFilterChain.internalDoFilter(ApplicationFilterChain.java:243)
	at org.apache.catalina.core.ApplicationFilterChain.doFilter(ApplicationFilterChain.java:210)
	at org.apache.catalina.core.StandardWrapperValve.invoke(StandardWrapperValve.java:224)
	at org.apache.catalina.core.StandardContextValve.invoke(StandardContextValve.java:175)
	at org.apache.catalina.authenticator.AuthenticatorBase.invoke(AuthenticatorBase.java:462)
	at org.apache.catalina.core.StandardHostValve.invoke(StandardHostValve.java:164)
	at org.apache.catalina.valves.ErrorReportValve.invoke(ErrorReportValve.java:100)
	at org.apache.catalina.valves.AccessLogValve.invoke(AccessLogValve.java:851)
	at org.apache.catalina.core.StandardEngineValve.invoke(StandardEngineValve.java:118)
	at org.apache.catalina.connector.CoyoteAdapter.service(CoyoteAdapter.java:405)
	at org.apache.coyote.http11.Http11Processor.process(Http11Processor.java:278)
	at org.apache.coyote.AbstractProtocol$AbstractConnectionHandler.process(AbstractProtocol.java:515)
	at org.apache.tomcat.util.net.JIoEndpoint$SocketProcessor.run(JIoEndpoint.java:300)
	at java.util.concurrent.ThreadPoolExecutor$Worker.runTask(ThreadPoolExecutor.java:886)
	at java.util.concurrent.ThreadPoolExecutor$Worker.run(ThreadPoolExecutor.java:908)
	at java.lang.Thread.run(Thread.java:662)
25/11/2011 19:08:36 org.apache.catalina.core.StandardWrapperValve invoke
GRAVE: Servlet.service() for servlet [Faces Servlet] in context with path [/AlarmeAndroid] threw exception [java.lang.ClassNotFoundException: org.apache.jsp.resultadoRastrear_jsp] with root cause
java.lang.ClassNotFoundException: org.apache.jsp.resultadoRastrear_jsp
	at java.net.URLClassLoader$1.run(URLClassLoader.java:202)
	at java.security.AccessController.doPrivileged(Native Method)
	at java.net.URLClassLoader.findClass(URLClassLoader.java:190)
	at org.apache.jasper.servlet.JasperLoader.loadClass(JasperLoader.java:132)
	at org.apache.jasper.servlet.JasperLoader.loadClass(JasperLoader.java:63)
	at org.apache.catalina.core.DefaultInstanceManager.newInstance(DefaultInstanceManager.java:124)
	at org.apache.jasper.servlet.JspServletWrapper.getServlet(JspServletWrapper.java:172)
	at org.apache.jasper.servlet.JspServletWrapper.service(JspServletWrapper.java:370)
	at org.apache.jasper.servlet.JspServlet.serviceJspFile(JspServlet.java:389)
	at org.apache.jasper.servlet.JspServlet.service(JspServlet.java:333)
	at javax.servlet.http.HttpServlet.service(HttpServlet.java:722)
	at org.apache.catalina.core.ApplicationFilterChain.internalDoFilter(ApplicationFilterChain.java:304)
	at org.apache.catalina.core.ApplicationFilterChain.doFilter(ApplicationFilterChain.java:210)
	at org.apache.catalina.core.ApplicationDispatcher.invoke(ApplicationDispatcher.java:684)
	at org.apache.catalina.core.ApplicationDispatcher.processRequest(ApplicationDispatcher.java:471)
	at org.apache.catalina.core.ApplicationDispatcher.doForward(ApplicationDispatcher.java:402)
	at org.apache.catalina.core.ApplicationDispatcher.forward(ApplicationDispatcher.java:329)
	at com.sun.faces.context.ExternalContextImpl.dispatch(ExternalContextImpl.java:410)
	at com.sun.faces.application.ViewHandlerImpl.executePageToBuildView(ViewHandlerImpl.java:468)
	at com.sun.faces.application.ViewHandlerImpl.renderView(ViewHandlerImpl.java:140)
	at org.ajax4jsf.application.ViewHandlerWrapper.renderView(ViewHandlerWrapper.java:100)
	at org.ajax4jsf.application.AjaxViewHandler.renderView(AjaxViewHandler.java:176)
	at com.sun.faces.lifecycle.RenderResponsePhase.execute(RenderResponsePhase.java:110)
	at com.sun.faces.lifecycle.Phase.doPhase(Phase.java:100)
	at com.sun.faces.lifecycle.LifecycleImpl.render(LifecycleImpl.java:139)
	at javax.faces.webapp.FacesServlet.service(FacesServlet.java:266)
	at org.apache.catalina.core.ApplicationFilterChain.internalDoFilter(ApplicationFilterChain.java:304)
	at org.apache.catalina.core.ApplicationFilterChain.doFilter(ApplicationFilterChain.java:210)
	at org.ajax4jsf.webapp.BaseXMLFilter.doXmlFilter(BaseXMLFilter.java:206)
	at org.ajax4jsf.webapp.BaseFilter.handleRequest(BaseFilter.java:290)
	at org.ajax4jsf.webapp.BaseFilter.processUploadsAndHandleRequest(BaseFilter.java:388)
	at org.ajax4jsf.webapp.BaseFilter.doFilter(BaseFilter.java:515)
	at org.apache.catalina.core.ApplicationFilterChain.internalDoFilter(ApplicationFilterChain.java:243)
	at org.apache.catalina.core.ApplicationFilterChain.doFilter(ApplicationFilterChain.java:210)
	at org.apache.catalina.core.StandardWrapperValve.invoke(StandardWrapperValve.java:224)
	at org.apache.catalina.core.StandardContextValve.invoke(StandardContextValve.java:175)
	at org.apache.catalina.authenticator.AuthenticatorBase.invoke(AuthenticatorBase.java:462)
	at org.apache.catalina.core.StandardHostValve.invoke(StandardHostValve.java:164)
	at org.apache.catalina.valves.ErrorReportValve.invoke(ErrorReportValve.java:100)
	at org.apache.catalina.valves.AccessLogValve.invoke(AccessLogValve.java:851)
	at org.apache.catalina.core.StandardEngineValve.invoke(StandardEngineValve.java:118)
	at org.apache.catalina.connector.CoyoteAdapter.service(CoyoteAdapter.java:405)
	at org.apache.coyote.http11.Http11Processor.process(Http11Processor.java:278)
	at org.apache.coyote.AbstractProtocol$AbstractConnectionHandler.process(AbstractProtocol.java:515)
	at org.apache.tomcat.util.net.JIoEndpoint$SocketProcessor.run(JIoEndpoint.java:300)
	at java.util.concurrent.ThreadPoolExecutor$Worker.runTask(ThreadPoolExecutor.java:886)
	at java.util.concurrent.ThreadPoolExecutor$Worker.run(ThreadPoolExecutor.java:908)
	at java.lang.Thread.run(Thread.java:662)
25/11/2011 19:09:14 org.apache.catalina.core.ApplicationContext log
INFO: SessionListener: contextDestroyed()
25/11/2011 19:09:14 org.apache.catalina.core.ApplicationContext log
INFO: ContextListener: contextDestroyed()
25/11/2011 19:09:33 org.apache.catalina.core.ApplicationContext log
INFO: ContextListener: contextInitialized()
25/11/2011 19:09:33 org.apache.catalina.core.ApplicationContext log
INFO: SessionListener: contextInitialized()
25/11/2011 19:09:33 org.apache.catalina.core.ApplicationContext log
INFO: ContextListener: attributeAdded('org.apache.jasper.compiler.TldLocationsCache', 'org.apache.jasper.compiler.TldLocationsCache@1408325')
25/11/2011 19:10:10 org.apache.catalina.core.ApplicationContext log
INFO: SessionListener: contextDestroyed()
25/11/2011 19:10:10 org.apache.catalina.core.ApplicationContext log
INFO: ContextListener: contextDestroyed()
25/11/2011 19:10:35 org.apache.catalina.core.ApplicationContext log
INFO: ContextListener: contextInitialized()
25/11/2011 19:10:35 org.apache.catalina.core.ApplicationContext log
INFO: SessionListener: contextInitialized()
25/11/2011 19:10:35 org.apache.catalina.core.ApplicationContext log
INFO: ContextListener: attributeAdded('org.apache.jasper.compiler.TldLocationsCache', 'org.apache.jasper.compiler.TldLocationsCache@af17c7')
25/11/2011 19:10:37 org.apache.catalina.core.ApplicationDispatcher invoke
GRAVE: Servlet.service() for servlet jsp threw exception
org.apache.jasper.JasperException: /resultadoRastrear.jsp (line: 21, column: 39) #{...} is not allowed in template text
	at org.apache.jasper.compiler.DefaultErrorHandler.jspError(DefaultErrorHandler.java:41)
	at org.apache.jasper.compiler.ErrorDispatcher.dispatch(ErrorDispatcher.java:407)
	at org.apache.jasper.compiler.ErrorDispatcher.jspError(ErrorDispatcher.java:102)
	at org.apache.jasper.compiler.Validator$ValidateVisitor.visit(Validator.java:728)
	at org.apache.jasper.compiler.Node$ELExpression.accept(Node.java:954)
	at org.apache.jasper.compiler.Node$Nodes.visit(Node.java:2376)
	at org.apache.jasper.compiler.Node$Visitor.visitBody(Node.java:2428)
	at org.apache.jasper.compiler.Validator$ValidateVisitor.visit(Validator.java:889)
	at org.apache.jasper.compiler.Node$CustomTag.accept(Node.java:1539)
	at org.apache.jasper.compiler.Node$Nodes.visit(Node.java:2376)
	at org.apache.jasper.compiler.Node$Visitor.visitBody(Node.java:2428)
	at org.apache.jasper.compiler.Validator$ValidateVisitor.visit(Validator.java:889)
	at org.apache.jasper.compiler.Node$CustomTag.accept(Node.java:1539)
	at org.apache.jasper.compiler.Node$Nodes.visit(Node.java:2376)
	at org.apache.jasper.compiler.Node$Visitor.visitBody(Node.java:2428)
	at org.apache.jasper.compiler.Node$Visitor.visit(Node.java:2434)
	at org.apache.jasper.compiler.Node$Root.accept(Node.java:475)
	at org.apache.jasper.compiler.Node$Nodes.visit(Node.java:2376)
	at org.apache.jasper.compiler.Validator.validateExDirectives(Validator.java:1789)
	at org.apache.jasper.compiler.Compiler.generateJava(Compiler.java:217)
	at org.apache.jasper.compiler.Compiler.compile(Compiler.java:373)
	at org.apache.jasper.compiler.Compiler.compile(Compiler.java:353)
	at org.apache.jasper.compiler.Compiler.compile(Compiler.java:340)
	at org.apache.jasper.JspCompilationContext.compile(JspCompilationContext.java:644)
	at org.apache.jasper.servlet.JspServletWrapper.service(JspServletWrapper.java:358)
	at org.apache.jasper.servlet.JspServlet.serviceJspFile(JspServlet.java:389)
	at org.apache.jasper.servlet.JspServlet.service(JspServlet.java:333)
	at javax.servlet.http.HttpServlet.service(HttpServlet.java:722)
	at org.apache.catalina.core.ApplicationFilterChain.internalDoFilter(ApplicationFilterChain.java:304)
	at org.apache.catalina.core.ApplicationFilterChain.doFilter(ApplicationFilterChain.java:210)
	at org.apache.catalina.core.ApplicationDispatcher.invoke(ApplicationDispatcher.java:684)
	at org.apache.catalina.core.ApplicationDispatcher.processRequest(ApplicationDispatcher.java:471)
	at org.apache.catalina.core.ApplicationDispatcher.doForward(ApplicationDispatcher.java:402)
	at org.apache.catalina.core.ApplicationDispatcher.forward(ApplicationDispatcher.java:329)
	at com.sun.faces.context.ExternalContextImpl.dispatch(ExternalContextImpl.java:410)
	at com.sun.faces.application.ViewHandlerImpl.executePageToBuildView(ViewHandlerImpl.java:468)
	at com.sun.faces.application.ViewHandlerImpl.renderView(ViewHandlerImpl.java:140)
	at org.ajax4jsf.application.ViewHandlerWrapper.renderView(ViewHandlerWrapper.java:100)
	at org.ajax4jsf.application.AjaxViewHandler.renderView(AjaxViewHandler.java:176)
	at com.sun.faces.lifecycle.RenderResponsePhase.execute(RenderResponsePhase.java:110)
	at com.sun.faces.lifecycle.Phase.doPhase(Phase.java:100)
	at com.sun.faces.lifecycle.LifecycleImpl.render(LifecycleImpl.java:139)
	at javax.faces.webapp.FacesServlet.service(FacesServlet.java:266)
	at org.apache.catalina.core.ApplicationFilterChain.internalDoFilter(ApplicationFilterChain.java:304)
	at org.apache.catalina.core.ApplicationFilterChain.doFilter(ApplicationFilterChain.java:210)
	at org.ajax4jsf.webapp.BaseXMLFilter.doXmlFilter(BaseXMLFilter.java:206)
	at org.ajax4jsf.webapp.BaseFilter.handleRequest(BaseFilter.java:290)
	at org.ajax4jsf.webapp.BaseFilter.processUploadsAndHandleRequest(BaseFilter.java:388)
	at org.ajax4jsf.webapp.BaseFilter.doFilter(BaseFilter.java:515)
	at org.apache.catalina.core.ApplicationFilterChain.internalDoFilter(ApplicationFilterChain.java:243)
	at org.apache.catalina.core.ApplicationFilterChain.doFilter(ApplicationFilterChain.java:210)
	at org.apache.catalina.core.StandardWrapperValve.invoke(StandardWrapperValve.java:224)
	at org.apache.catalina.core.StandardContextValve.invoke(StandardContextValve.java:175)
	at org.apache.catalina.authenticator.AuthenticatorBase.invoke(AuthenticatorBase.java:462)
	at org.apache.catalina.core.StandardHostValve.invoke(StandardHostValve.java:164)
	at org.apache.catalina.valves.ErrorReportValve.invoke(ErrorReportValve.java:100)
	at org.apache.catalina.valves.AccessLogValve.invoke(AccessLogValve.java:851)
	at org.apache.catalina.core.StandardEngineValve.invoke(StandardEngineValve.java:118)
	at org.apache.catalina.connector.CoyoteAdapter.service(CoyoteAdapter.java:405)
	at org.apache.coyote.http11.Http11Processor.process(Http11Processor.java:278)
	at org.apache.coyote.AbstractProtocol$AbstractConnectionHandler.process(AbstractProtocol.java:515)
	at org.apache.tomcat.util.net.JIoEndpoint$SocketProcessor.run(JIoEndpoint.java:300)
	at java.util.concurrent.ThreadPoolExecutor$Worker.runTask(ThreadPoolExecutor.java:886)
	at java.util.concurrent.ThreadPoolExecutor$Worker.run(ThreadPoolExecutor.java:908)
	at java.lang.Thread.run(Thread.java:662)
25/11/2011 19:10:37 org.apache.catalina.core.StandardWrapperValve invoke
GRAVE: Servlet.service() for servlet [Faces Servlet] in context with path [/AlarmeAndroid] threw exception [/resultadoRastrear.jsp (line: 21, column: 39) #{...} is not allowed in template text] with root cause
org.apache.jasper.JasperException: /resultadoRastrear.jsp (line: 21, column: 39) #{...} is not allowed in template text
	at org.apache.jasper.compiler.DefaultErrorHandler.jspError(DefaultErrorHandler.java:41)
	at org.apache.jasper.compiler.ErrorDispatcher.dispatch(ErrorDispatcher.java:407)
	at org.apache.jasper.compiler.ErrorDispatcher.jspError(ErrorDispatcher.java:102)
	at org.apache.jasper.compiler.Validator$ValidateVisitor.visit(Validator.java:728)
	at org.apache.jasper.compiler.Node$ELExpression.accept(Node.java:954)
	at org.apache.jasper.compiler.Node$Nodes.visit(Node.java:2376)
	at org.apache.jasper.compiler.Node$Visitor.visitBody(Node.java:2428)
	at org.apache.jasper.compiler.Validator$ValidateVisitor.visit(Validator.java:889)
	at org.apache.jasper.compiler.Node$CustomTag.accept(Node.java:1539)
	at org.apache.jasper.compiler.Node$Nodes.visit(Node.java:2376)
	at org.apache.jasper.compiler.Node$Visitor.visitBody(Node.java:2428)
	at org.apache.jasper.compiler.Validator$ValidateVisitor.visit(Validator.java:889)
	at org.apache.jasper.compiler.Node$CustomTag.accept(Node.java:1539)
	at org.apache.jasper.compiler.Node$Nodes.visit(Node.java:2376)
	at org.apache.jasper.compiler.Node$Visitor.visitBody(Node.java:2428)
	at org.apache.jasper.compiler.Node$Visitor.visit(Node.java:2434)
	at org.apache.jasper.compiler.Node$Root.accept(Node.java:475)
	at org.apache.jasper.compiler.Node$Nodes.visit(Node.java:2376)
	at org.apache.jasper.compiler.Validator.validateExDirectives(Validator.java:1789)
	at org.apache.jasper.compiler.Compiler.generateJava(Compiler.java:217)
	at org.apache.jasper.compiler.Compiler.compile(Compiler.java:373)
	at org.apache.jasper.compiler.Compiler.compile(Compiler.java:353)
	at org.apache.jasper.compiler.Compiler.compile(Compiler.java:340)
	at org.apache.jasper.JspCompilationContext.compile(JspCompilationContext.java:644)
	at org.apache.jasper.servlet.JspServletWrapper.service(JspServletWrapper.java:358)
	at org.apache.jasper.servlet.JspServlet.serviceJspFile(JspServlet.java:389)
	at org.apache.jasper.servlet.JspServlet.service(JspServlet.java:333)
	at javax.servlet.http.HttpServlet.service(HttpServlet.java:722)
	at org.apache.catalina.core.ApplicationFilterChain.internalDoFilter(ApplicationFilterChain.java:304)
	at org.apache.catalina.core.ApplicationFilterChain.doFilter(ApplicationFilterChain.java:210)
	at org.apache.catalina.core.ApplicationDispatcher.invoke(ApplicationDispatcher.java:684)
	at org.apache.catalina.core.ApplicationDispatcher.processRequest(ApplicationDispatcher.java:471)
	at org.apache.catalina.core.ApplicationDispatcher.doForward(ApplicationDispatcher.java:402)
	at org.apache.catalina.core.ApplicationDispatcher.forward(ApplicationDispatcher.java:329)
	at com.sun.faces.context.ExternalContextImpl.dispatch(ExternalContextImpl.java:410)
	at com.sun.faces.application.ViewHandlerImpl.executePageToBuildView(ViewHandlerImpl.java:468)
	at com.sun.faces.application.ViewHandlerImpl.renderView(ViewHandlerImpl.java:140)
	at org.ajax4jsf.application.ViewHandlerWrapper.renderView(ViewHandlerWrapper.java:100)
	at org.ajax4jsf.application.AjaxViewHandler.renderView(AjaxViewHandler.java:176)
	at com.sun.faces.lifecycle.RenderResponsePhase.execute(RenderResponsePhase.java:110)
	at com.sun.faces.lifecycle.Phase.doPhase(Phase.java:100)
	at com.sun.faces.lifecycle.LifecycleImpl.render(LifecycleImpl.java:139)
	at javax.faces.webapp.FacesServlet.service(FacesServlet.java:266)
	at org.apache.catalina.core.ApplicationFilterChain.internalDoFilter(ApplicationFilterChain.java:304)
	at org.apache.catalina.core.ApplicationFilterChain.doFilter(ApplicationFilterChain.java:210)
	at org.ajax4jsf.webapp.BaseXMLFilter.doXmlFilter(BaseXMLFilter.java:206)
	at org.ajax4jsf.webapp.BaseFilter.handleRequest(BaseFilter.java:290)
	at org.ajax4jsf.webapp.BaseFilter.processUploadsAndHandleRequest(BaseFilter.java:388)
	at org.ajax4jsf.webapp.BaseFilter.doFilter(BaseFilter.java:515)
	at org.apache.catalina.core.ApplicationFilterChain.internalDoFilter(ApplicationFilterChain.java:243)
	at org.apache.catalina.core.ApplicationFilterChain.doFilter(ApplicationFilterChain.java:210)
	at org.apache.catalina.core.StandardWrapperValve.invoke(StandardWrapperValve.java:224)
	at org.apache.catalina.core.StandardContextValve.invoke(StandardContextValve.java:175)
	at org.apache.catalina.authenticator.AuthenticatorBase.invoke(AuthenticatorBase.java:462)
	at org.apache.catalina.core.StandardHostValve.invoke(StandardHostValve.java:164)
	at org.apache.catalina.valves.ErrorReportValve.invoke(ErrorReportValve.java:100)
	at org.apache.catalina.valves.AccessLogValve.invoke(AccessLogValve.java:851)
	at org.apache.catalina.core.StandardEngineValve.invoke(StandardEngineValve.java:118)
	at org.apache.catalina.connector.CoyoteAdapter.service(CoyoteAdapter.java:405)
	at org.apache.coyote.http11.Http11Processor.process(Http11Processor.java:278)
	at org.apache.coyote.AbstractProtocol$AbstractConnectionHandler.process(AbstractProtocol.java:515)
	at org.apache.tomcat.util.net.JIoEndpoint$SocketProcessor.run(JIoEndpoint.java:300)
	at java.util.concurrent.ThreadPoolExecutor$Worker.runTask(ThreadPoolExecutor.java:886)
	at java.util.concurrent.ThreadPoolExecutor$Worker.run(ThreadPoolExecutor.java:908)
	at java.lang.Thread.run(Thread.java:662)
25/11/2011 19:11:23 org.apache.catalina.core.ApplicationContext log
INFO: SessionListener: contextDestroyed()
25/11/2011 19:11:23 org.apache.catalina.core.ApplicationContext log
INFO: ContextListener: contextDestroyed()
25/11/2011 19:11:42 org.apache.catalina.core.ApplicationContext log
INFO: ContextListener: contextInitialized()
25/11/2011 19:11:42 org.apache.catalina.core.ApplicationContext log
INFO: SessionListener: contextInitialized()
25/11/2011 19:11:42 org.apache.catalina.core.ApplicationContext log
INFO: ContextListener: attributeAdded('org.apache.jasper.compiler.TldLocationsCache', 'org.apache.jasper.compiler.TldLocationsCache@196eed5')
25/11/2011 19:12:37 org.apache.catalina.core.ApplicationContext log
INFO: SessionListener: contextDestroyed()
25/11/2011 19:12:37 org.apache.catalina.core.ApplicationContext log
INFO: ContextListener: contextDestroyed()
25/11/2011 19:23:37 org.apache.catalina.core.ApplicationContext log
INFO: ContextListener: contextInitialized()
25/11/2011 19:23:37 org.apache.catalina.core.ApplicationContext log
INFO: SessionListener: contextInitialized()
25/11/2011 19:23:37 org.apache.catalina.core.ApplicationContext log
INFO: ContextListener: attributeAdded('org.apache.jasper.compiler.TldLocationsCache', 'org.apache.jasper.compiler.TldLocationsCache@1eeba19')
25/11/2011 20:49:01 org.apache.catalina.core.ApplicationContext log
INFO: SessionListener: contextDestroyed()
25/11/2011 20:49:01 org.apache.catalina.core.ApplicationContext log
INFO: ContextListener: contextDestroyed()
25/11/2011 21:03:10 org.apache.catalina.core.ApplicationContext log
INFO: ContextListener: contextInitialized()
25/11/2011 21:03:10 org.apache.catalina.core.ApplicationContext log
INFO: SessionListener: contextInitialized()
25/11/2011 21:03:11 org.apache.catalina.core.ApplicationContext log
INFO: ContextListener: attributeAdded('org.apache.jasper.compiler.TldLocationsCache', 'org.apache.jasper.compiler.TldLocationsCache@10794d4')
25/11/2011 21:10:21 org.apache.catalina.core.ApplicationContext log
INFO: SessionListener: contextDestroyed()
25/11/2011 21:10:21 org.apache.catalina.core.ApplicationContext log
INFO: ContextListener: contextDestroyed()
25/11/2011 21:10:42 org.apache.catalina.core.ApplicationContext log
INFO: ContextListener: contextInitialized()
25/11/2011 21:10:42 org.apache.catalina.core.ApplicationContext log
INFO: SessionListener: contextInitialized()
25/11/2011 21:10:42 org.apache.catalina.core.ApplicationContext log
INFO: ContextListener: attributeAdded('org.apache.jasper.compiler.TldLocationsCache', 'org.apache.jasper.compiler.TldLocationsCache@856d3b')
25/11/2011 21:59:11 org.apache.catalina.core.ApplicationContext log
INFO: SessionListener: contextDestroyed()
25/11/2011 21:59:11 org.apache.catalina.core.ApplicationContext log
INFO: ContextListener: contextDestroyed()
25/11/2011 21:59:34 org.apache.catalina.core.ApplicationContext log
INFO: ContextListener: contextInitialized()
25/11/2011 21:59:34 org.apache.catalina.core.ApplicationContext log
INFO: SessionListener: contextInitialized()
25/11/2011 21:59:34 org.apache.catalina.core.ApplicationContext log
INFO: ContextListener: attributeAdded('org.apache.jasper.compiler.TldLocationsCache', 'org.apache.jasper.compiler.TldLocationsCache@1a05bdb')
25/11/2011 22:27:18 org.apache.catalina.core.ApplicationContext log
INFO: SessionListener: contextDestroyed()
25/11/2011 22:27:18 org.apache.catalina.core.ApplicationContext log
INFO: ContextListener: contextDestroyed()
25/11/2011 22:28:30 org.apache.catalina.core.ApplicationContext log
INFO: ContextListener: contextInitialized()
25/11/2011 22:28:30 org.apache.catalina.core.ApplicationContext log
INFO: SessionListener: contextInitialized()
25/11/2011 22:28:30 org.apache.catalina.core.ApplicationContext log
INFO: ContextListener: attributeAdded('org.apache.jasper.compiler.TldLocationsCache', 'org.apache.jasper.compiler.TldLocationsCache@171b4ca')
25/11/2011 22:28:37 org.apache.catalina.core.ApplicationContext log
INFO: SessionListener: contextDestroyed()
25/11/2011 22:28:37 org.apache.catalina.core.ApplicationContext log
INFO: ContextListener: contextDestroyed()
25/11/2011 22:32:31 org.apache.catalina.core.ApplicationContext log
INFO: ContextListener: contextInitialized()
25/11/2011 22:32:31 org.apache.catalina.core.ApplicationContext log
INFO: SessionListener: contextInitialized()
25/11/2011 22:32:31 org.apache.catalina.core.ApplicationContext log
INFO: ContextListener: attributeAdded('org.apache.jasper.compiler.TldLocationsCache', 'org.apache.jasper.compiler.TldLocationsCache@31db04')
25/11/2011 22:34:50 org.apache.catalina.core.ApplicationContext log
INFO: SessionListener: contextDestroyed()
25/11/2011 22:34:50 org.apache.catalina.core.ApplicationContext log
INFO: ContextListener: contextDestroyed()
25/11/2011 22:35:54 org.apache.catalina.core.ApplicationContext log
INFO: ContextListener: contextInitialized()
25/11/2011 22:35:54 org.apache.catalina.core.ApplicationContext log
INFO: SessionListener: contextInitialized()
25/11/2011 22:35:54 org.apache.catalina.core.ApplicationContext log
INFO: ContextListener: attributeAdded('org.apache.jasper.compiler.TldLocationsCache', 'org.apache.jasper.compiler.TldLocationsCache@6c08b2')
25/11/2011 22:37:26 org.apache.catalina.core.ApplicationContext log
INFO: SessionListener: contextDestroyed()
25/11/2011 22:37:26 org.apache.catalina.core.ApplicationContext log
INFO: ContextListener: contextDestroyed()
25/11/2011 22:39:01 org.apache.catalina.core.ApplicationContext log
INFO: ContextListener: contextInitialized()
25/11/2011 22:39:01 org.apache.catalina.core.ApplicationContext log
INFO: SessionListener: contextInitialized()
25/11/2011 22:39:01 org.apache.catalina.core.ApplicationContext log
INFO: ContextListener: attributeAdded('org.apache.jasper.compiler.TldLocationsCache', 'org.apache.jasper.compiler.TldLocationsCache@1eb717e')
25/11/2011 22:49:02 org.apache.catalina.core.ApplicationContext log
INFO: SessionListener: contextDestroyed()
25/11/2011 22:49:02 org.apache.catalina.core.ApplicationContext log
INFO: ContextListener: contextDestroyed()
25/11/2011 22:50:20 org.apache.catalina.core.ApplicationContext log
INFO: ContextListener: contextInitialized()
25/11/2011 22:50:20 org.apache.catalina.core.ApplicationContext log
INFO: SessionListener: contextInitialized()
25/11/2011 22:50:20 org.apache.catalina.core.ApplicationContext log
INFO: ContextListener: attributeAdded('org.apache.jasper.compiler.TldLocationsCache', 'org.apache.jasper.compiler.TldLocationsCache@1e2793d')
