MPASM  5.14                       CODBASE.ASM   3-21-2011  21:38:25         PAGE  1


LOC  OBJECT CODE     LINE SOURCE TEXT
  VALUE

                      00001 
                      00002 ;RODRIGO DOS REIS ROCHA                 RA:0805500
                      00003 
                      00004 
                      00005 ;CÓDIGO BASE
                      00006 ;PIC16F628A
                      00007 ;OSCILADOR INTERNO 4MHZ
                      00008 ;PROF. IVAIR TEIXERA
                      00009 
                      00010 ; ******************************************************************************
                      00011 ;                         CONFIGURAÇÃO DO MICROCONTROLADOR.
                      00012 ; ******************************************************************************
                      00013     LIST                P=16F628A                 ;INFORMA O PIC UTILIZADO. 
                      00014     INCLUDE     <P16F628A.INC>            ;INCLUSÃO DA BIBLIOTECA.
                      00001         LIST
                      00002 ; P16F628A.INC  Standard Header File, Version 1.10    Microchip Technology, Inc.
                      00265         LIST
                      00266 
2007   3F18           00015     __CONFIG    _CP_OFF & _WDT_OFF & _PWRTE_OFF & _BODEN_OFF & _MCLRE_OFF   &   _INTRC_OSC_NOCLKOUT   & 
                              _LVP_OFF 
                      00016                 ;ATENÇÃO O CONFIG TEM QUE SER EM UMA ÚNICA LINHA.
                      00017     ERRORLEVEL  -302                      ;RETIRA MSG OPERAÇÃO NO BANCO 1.
                      00018 
                      00019 ; ******************************************************************************
                      00020 ;                          DECLARAÇÃO DE VARIÁVEIS E CONSTANTES.
                      00021 ; ******************************************************************************
                      00022     
                      00023     CBLOCK 0X20                         ;0X20 É O INÍCIO DA MEMÓRIA RAM
  00000020            00024         T1                                  ;T1 NO ENDEREÇO 0X20
  00000021            00025         T2                                  ;T2 NO ENDEREÇO 0X21
  00000022            00026                 AUX_D
  00000023            00027                 AUX_E
                      00028     ENDC
                      00029     #DEFINE     BTN_D PORTA,1        ;DEFINE QUE BTN_D = PORTA,0
                      00030         #DEFINE         BTN_E PORTA,0            ;DEFINE QUE BTN_E = PORTA,1 
                      00031 
                      00032 ; ******************************************************************************
                      00033 ;                          VETORES DE RESET E INTERRUPÇÃO.
                      00034 ; ******************************************************************************
                      00035 
0000                  00036     ORG 0X00                                    ;A EXECUÇÃO INICIA NESSE ENDEREÇO.
0000   2829           00037     GOTO           INICIO                   ;VAI PARA A SUB-ROTINA INÍCIO. 
                      00038         
0004                  00039     ORG 0X04                            ;VEM NESSE ENDEREÇO COM A INTERRUPÇÃO.
0004   0009           00040     RETFIE                                  ;RETORNA DA INTERRUPÇÃO.
                      00041 
                      00042 ; ******************************************************************************
                      00043 ;                                 ROTINAS GERAIS.
                      00044 ; ******************************************************************************
0005                  00045 INICIALIZA
0005   300A           00046         MOVLW   .10
0006   00A2           00047         MOVWF   AUX_D
0007   3005           00048         MOVLW   .5
MPASM  5.14                       CODBASE.ASM   3-21-2011  21:38:25         PAGE  2


LOC  OBJECT CODE     LINE SOURCE TEXT
  VALUE

0008   00A3           00049         MOVWF   AUX_E
                      00050 
                      00051                 
                      00052 
0009                  00053 TESTA_BTN
0009   1C85           00054         BTFSS   BTN_D                                   
000A   280E           00055         GOTO    DIREITA
000B   1C05           00056         BTFSS   BTN_E
000C   2817           00057         GOTO    ESQUERDA 
000D   2809           00058         GOTO    TESTA_BTN
                      00059 
000E                  00060 DIREITA
000E   30F0           00061         MOVLW   B'11110000'
000F   0086           00062         MOVWF   PORTB
0010   2020           00063         CALL    TEMPO
0011   3000           00064         MOVLW   B'00000000'
0012   0086           00065         MOVWF   PORTB
0013   2020           00066         CALL    TEMPO   
0014   0BA2           00067         DECFSZ  AUX_D,F
0015   280E           00068         GOTO    DIREITA
0016   2805           00069         GOTO    INICIALIZA
                      00070 
0017                  00071 ESQUERDA
0017   300F           00072         MOVLW   B'00001111'
0018   0086           00073         MOVWF   PORTB
0019   2020           00074         CALL    TEMPO
001A   3000           00075         MOVLW   B'00000000'
001B   0086           00076         MOVWF   PORTB
001C   2020           00077         CALL    TEMPO   
001D   0BA3           00078         DECFSZ  AUX_E,F
001E   2817           00079         GOTO    ESQUERDA
001F   2805           00080         GOTO    INICIALIZA
                      00081         
                      00082 ; ******************************************************************************
                      00083 ;                                 ROTINAS DE TEMPORIZAÇÃO.
                      00084 ; ******************************************************************************
                      00085 
0020                  00086 TEMPO                               ;TEMPO DE 196MS
0020   30FF           00087     MOVLW       .255
0021   00A1           00088     MOVWF       T2                                  ;INICIALIZA T2 COM 255
0022   30FF           00089     MOVLW       .255
0023   00A0           00090     MOVWF       T1                      ;INICIALIZA T1 COM 255
0024   0BA0           00091     DECFSZ      T1, F                           ;DECREMENTA T1 E SALTA SE T1 = 0
0025   2824           00092     GOTO        $-1                                 ;VOLTA UMA LINHA
0026   0BA1           00093     DECFSZ      T2, F
0027   2822           00094     GOTO        $-5
0028   0008           00095     RETURN                                          ;RETORNA DA CHAMADA CALL
                      00096 
                      00097 ; ******************************************************************************
                      00098 ;                               CONFIGURAÇÃO INICIAL.
                      00099 ; ******************************************************************************
0029                  00100 INICIO
0029   1683           00101     BSF     STATUS,RP0                      ;VAI PARA O BANCO 1
MPASM  5.14                       CODBASE.ASM   3-21-2011  21:38:25         PAGE  3


LOC  OBJECT CODE     LINE SOURCE TEXT
  VALUE

002A   3003           00102     MOVLW   B'00000011'                         ;0=SAÍDA    1=ENTRADA
002B   0085           00103     MOVWF   TRISA                                   ;PORTA,0 ENTRADA RESTANTE SAÍDA
002C   3000           00104     MOVLW   B'00000000'                         ;0=SAÍDA    1=ENTRADA
002D   0086           00105     MOVWF   TRISB                                   ;PORTB TODO SAÍDA
002E   1283           00106     BCF     STATUS,RP0                  ;VOLTA PARA O BANCO 0
002F   3007           00107     MOVLW   B'00000111'                 ;MOVE 00000111 PARA W
0030   009F           00108     MOVWF   CMCON                   ;DESABILITA OS COMPARADORES ANALÓGICOS
0031   0185           00109     CLRF    PORTA                           ;INICIALIZA PORTA COM 0
0032   0186           00110     CLRF    PORTB                               
0033   2805           00111     GOTO    INICIALIZA                          ;VAI PARA A ROTINA PRINCIPAL    
                      00112 
                      00113     END
MPASM  5.14                       CODBASE.ASM   3-21-2011  21:38:25         PAGE  4


SYMBOL TABLE
  LABEL                             VALUE 

ADEN                              00000003
AUX_D                             00000022
AUX_E                             00000023
BRGH                              00000002
BTN_D                             PORTA,1
BTN_E                             PORTA,0
C                                 00000000
C1INV                             00000004
C1OUT                             00000006
C2INV                             00000005
C2OUT                             00000007
CCP1CON                           00000017
CCP1IE                            00000002
CCP1IF                            00000002
CCP1M0                            00000000
CCP1M1                            00000001
CCP1M2                            00000002
CCP1M3                            00000003
CCP1X                             00000005
CCP1Y                             00000004
CCPR1H                            00000016
CCPR1L                            00000015
CIS                               00000003
CM0                               00000000
CM1                               00000001
CM2                               00000002
CMCON                             0000001F
CMIE                              00000006
CMIF                              00000006
CREN                              00000004
CSRC                              00000007
DC                                00000001
DIREITA                           0000000E
EEADR                             0000009B
EECON1                            0000009C
EECON2                            0000009D
EEDATA                            0000009A
EEIE                              00000007
EEIF                              00000007
ESQUERDA                          00000017
F                                 00000001
FERR                              00000002
FSR                               00000004
GIE                               00000007
INDF                              00000000
INICIALIZA                        00000005
INICIO                            00000029
INTCON                            0000000B
INTE                              00000004
INTEDG                            00000006
INTF                              00000001
IRP                               00000007
NOT_BO                            00000000
MPASM  5.14                       CODBASE.ASM   3-21-2011  21:38:25         PAGE  5


SYMBOL TABLE
  LABEL                             VALUE 

NOT_BOD                           00000000
NOT_BOR                           00000000
NOT_PD                            00000003
NOT_POR                           00000001
NOT_RBPU                          00000007
NOT_T1SYNC                        00000002
NOT_TO                            00000004
OERR                              00000001
OPTION_REG                        00000081
OSCF                              00000003
PCL                               00000002
PCLATH                            0000000A
PCON                              0000008E
PEIE                              00000006
PIE1                              0000008C
PIR1                              0000000C
PORTA                             00000005
PORTB                             00000006
PR2                               00000092
PS0                               00000000
PS1                               00000001
PS2                               00000002
PSA                               00000003
RBIE                              00000003
RBIF                              00000000
RCIE                              00000005
RCIF                              00000005
RCREG                             0000001A
RCSTA                             00000018
RD                                00000000
RP0                               00000005
RP1                               00000006
RX9                               00000006
RX9D                              00000000
SPBRG                             00000099
SPEN                              00000007
SREN                              00000005
STATUS                            00000003
SYNC                              00000004
T0CS                              00000005
T0IE                              00000005
T0IF                              00000002
T0SE                              00000004
T1                                00000020
T1CKPS0                           00000004
T1CKPS1                           00000005
T1CON                             00000010
T1OSCEN                           00000003
T2                                00000021
T2CKPS0                           00000000
T2CKPS1                           00000001
T2CON                             00000012
TEMPO                             00000020
MPASM  5.14                       CODBASE.ASM   3-21-2011  21:38:25         PAGE  6


SYMBOL TABLE
  LABEL                             VALUE 

TESTA_BTN                         00000009
TMR0                              00000001
TMR1CS                            00000001
TMR1H                             0000000F
TMR1IE                            00000000
TMR1IF                            00000000
TMR1L                             0000000E
TMR1ON                            00000000
TMR2                              00000011
TMR2IE                            00000001
TMR2IF                            00000001
TMR2ON                            00000002
TOUTPS0                           00000003
TOUTPS1                           00000004
TOUTPS2                           00000005
TOUTPS3                           00000006
TRISA                             00000085
TRISB                             00000086
TRMT                              00000001
TX9                               00000006
TX9D                              00000000
TXEN                              00000005
TXIE                              00000004
TXIF                              00000004
TXREG                             00000019
TXSTA                             00000098
VR0                               00000000
VR1                               00000001
VR2                               00000002
VR3                               00000003
VRCON                             0000009F
VREN                              00000007
VROE                              00000006
VRR                               00000005
W                                 00000000
WR                                00000001
WREN                              00000002
WRERR                             00000003
Z                                 00000002
_BODEN_OFF                        00003FBF
_BODEN_ON                         00003FFF
_BOREN_OFF                        00003FBF
_BOREN_ON                         00003FFF
_CP_OFF                           00003FFF
_CP_ON                            00001FFF
_DATA_CP_OFF                      00003FFF
_DATA_CP_ON                       00003EFF
_ER_OSC_CLKOUT                    00003FFF
_ER_OSC_NOCLKOUT                  00003FFE
_EXTCLK_OSC                       00003FEF
_HS_OSC                           00003FEE
_INTOSC_OSC_CLKOUT                00003FFD
_INTOSC_OSC_NOCLKOUT              00003FFC
MPASM  5.14                       CODBASE.ASM   3-21-2011  21:38:25         PAGE  7


SYMBOL TABLE
  LABEL                             VALUE 

_INTRC_OSC_CLKOUT                 00003FFD
_INTRC_OSC_NOCLKOUT               00003FFC
_LP_OSC                           00003FEC
_LVP_OFF                          00003F7F
_LVP_ON                           00003FFF
_MCLRE_OFF                        00003FDF
_MCLRE_ON                         00003FFF
_PWRTE_OFF                        00003FFF
_PWRTE_ON                         00003FF7
_RC_OSC_CLKOUT                    00003FFF
_RC_OSC_NOCLKOUT                  00003FFE
_WDT_OFF                          00003FFB
_WDT_ON                           00003FFF
_XT_OSC                           00003FED
__16F628A                         00000001


MEMORY USAGE MAP ('X' = Used,  '-' = Unused)

0000 : X---XXXXXXXXXXXX XXXXXXXXXXXXXXXX XXXXXXXXXXXXXXXX XXXX------------
2000 : -------X-------- ---------------- ---------------- ----------------

All other memory blocks unused.

Program Memory Words Used:    49
Program Memory Words Free:  1999


Errors   :     0
Warnings :     0 reported,     0 suppressed
Messages :     0 reported,     2 suppressed

