MPASM  5.14                  ENVIA_RECEBE.ASM   5-2-2011  21:45:58         PAGE  1


LOC  OBJECT CODE     LINE SOURCE TEXT
  VALUE

                      00001 ;CÓDIGO BASE
                      00002 ;PIC16F628A
                      00003 ;OSCILADOR INTERNO 4MHZ
                      00004 ;PROF. IVAIR TEIXERA
                      00005 
                      00006 ; ******************************************************************************
                      00007 ;                         CONFIGURAÇÃO DO MICROCONTROLADOR.
                      00008 ; ******************************************************************************
                      00009     LIST                P=16F628A                 ;INFORMA O PIC UTILIZADO. 
                      00010     INCLUDE     <P16F628A.INC>            ;INCLUSÃO DA BIBLIOTECA.
                      00001         LIST
                      00002 ; P16F628A.INC  Standard Header File, Version 1.10    Microchip Technology, Inc.
                      00265         LIST
                      00266 
2007   3F18           00011     __CONFIG    _CP_OFF & _WDT_OFF & _PWRTE_OFF & _BODEN_OFF & _MCLRE_OFF   &   _INTRC_OSC_NOCLKOUT   & 
                              _LVP_OFF 
                      00012                 ;ATENÇÃO O CONFIG TEM QUE SER EM UMA ÚNICA LINHA.
                      00013     ERRORLEVEL  -302                      ;RETIRA MSG OPERAÇÃO NO BANCO 1.
                      00014 
                      00015 ; ******************************************************************************
                      00016 ;                          DECLARAÇÃO DE VARIÁVEIS E CONSTANTES.
                      00017 ; ******************************************************************************
                      00018     
                      00019     CBLOCK 0X20                         ;0X20 É O INÍCIO DA MEMÓRIA RAM
  00000020            00020         T1                                      ;T1 NO ENDEREÇO 0X20
  00000021            00021                 T2
  00000022            00022         AUX                             
                      00023     ENDC
Warning[207]: Found label after column 1. (V1)
  00000025            00024                 V1 EQU 0X25
Warning[207]: Found label after column 1. (V2)
  00000026            00025                 V2 EQU 0X26
Warning[207]: Found label after column 1. (V3)
  00000027            00026                 V3 EQU 0X27
                      00027 
                      00028 ; ******************************************************************************
                      00029 ;                          VETORES DE RESET E INTERRUPÇÃO.
                      00030 ; ******************************************************************************
                      00031 
0000                  00032     ORG 0X00                                    ;A EXECUÇÃO INICIA NESSE ENDEREÇO.
0000   2829           00033     GOTO           INICIO                   ;VAI PARA A SUB-ROTINA INÍCIO. 
                      00034         
0004                  00035     ORG 0X04                            ;VEM NESSE ENDEREÇO COM A INTERRUPÇÃO.
0004   0009           00036     RETFIE                                  ;RETORNA DA INTERRUPÇÃO.
                      00037 
                      00038 ; ******************************************************************************
                      00039 ;                                 ROTINAS GERAIS.
                      00040 ; ******************************************************************************
0005                  00041 INICIALIZA
0005   3025           00042         MOVLW 0X25
0006   0084           00043         MOVWF FSR
0007   2808           00044         GOTO PRINCIPAL
                      00045 
MPASM  5.14                  ENVIA_RECEBE.ASM   5-2-2011  21:45:58         PAGE  2


LOC  OBJECT CODE     LINE SOURCE TEXT
  VALUE

0008                  00046 PRINCIPAL
0008   1E8C           00047         BTFSS   PIR1,RCIF
0009   2808           00048         GOTO    $-1
000A   200F           00049         CALL    RX_SERIAL
000B   2012           00050         CALL    TX_SERIAL
000C   2017           00051         CALL    CONVERTE
000D   201A           00052         CALL    SALVA
000E   2808           00053         GOTO    PRINCIPAL
                      00054 
000F                  00055 RX_SERIAL
000F   081A           00056         MOVF    RCREG,W
0010   00A2           00057         MOVWF   AUX
0011   0008           00058         RETURN
                      00059 
0012                  00060 TX_SERIAL
0012   0822           00061         MOVF    AUX,W
0013   0099           00062         MOVWF   TXREG
0014   1E0C           00063         BTFSS   PIR1,TXIF
0015   2814           00064         GOTO    $-1
0016   0008           00065         RETURN
                      00066 
0017                  00067 CONVERTE
0017   3030           00068         MOVLW   .48
0018   02A2           00069         SUBWF   AUX,F
0019   0008           00070         RETURN
                      00071 
001A                  00072 SALVA
001A   3025           00073         MOVLW   0X25
001B   0084           00074         MOVWF   FSR
001C   0822           00075         MOVF    AUX,W
001D   0080           00076         MOVWF   INDF
Message[305]: Using default destination of 1 (file).
001E   0A84           00077         INCF    FSR
001F   0008           00078         RETURN
                      00079 
                      00080 ; ******************************************************************************
                      00081 ;                                 ROTINAS DE TEMPORIZAÇÃO.
                      00082 ; ******************************************************************************
                      00083 
0020                  00084 TEMPO                               ;TEMPO DE 196MS
0020   30FF           00085     MOVLW       .255
0021   00A1           00086     MOVWF       T2                                  ;INICIALIZA T2 COM 255
0022   30FF           00087     MOVLW       .255
0023   00A0           00088     MOVWF       T1                      ;INICIALIZA T1 COM 255
0024   0BA0           00089     DECFSZ      T1, F                           ;DECREMENTA T1 E SALTA SE T1 = 0
0025   2824           00090     GOTO        $-1                                 ;VOLTA UMA LINHA
0026   0BA1           00091     DECFSZ      T2, F
0027   2822           00092     GOTO        $-5
0028   0008           00093     RETURN                                          ;RETORNA DA CHAMADA CALL
                      00094 
                      00095 ; ******************************************************************************
                      00096 ;                               CONFIGURAÇÃO INICIAL.
                      00097 ; ******************************************************************************
MPASM  5.14                  ENVIA_RECEBE.ASM   5-2-2011  21:45:58         PAGE  3


LOC  OBJECT CODE     LINE SOURCE TEXT
  VALUE

0029                  00098 INICIO
0029   1683           00099         BSF STATUS,RP0 ;MUDA PARA O BANCO 1
002A   0185           00100         CLRF PORTA ;PORTA TODO SAÍDA
002B   3002           00101         MOVLW B'00000010'
002C   0086           00102         MOVWF TRISB ;PORTB,1 ENTRADA, RESTANTE SAÍDA
002D   1698           00103         BSF TXSTA, TXEN ;HABILITA A TRANSMISSÃO SERIAL
002E   1498           00104         BSF TXSTA, TRMT ;LIMPA O REGISTRADOR DE TRANSMISSÃO
002F   1518           00105         BSF TXSTA, BRGH ;MODO ALTA VELOCIDADE
0030   3019           00106         MOVLW .25 ;BAUD RATE PARA 9.600 BPS
0031   0099           00107         MOVWF SPBRG ;
0032   1283           00108         BCF STATUS,RP0 ;VOLTA PARA O BANCO 0
0033   3007           00109         MOVLW B'00000111' ;DESABILITA OS...
0034   009F           00110         MOVWF CMCON ;... COMPARADORES ANALÓGICOS
0035   1798           00111         BSF RCSTA,SPEN ;HABILITA A COMUNICAÇÃO SERIAL
0036   1618           00112         BSF RCSTA,CREN ;HABILITA A RECEPÇÃO CONTÍNUA
0037   0185           00113         CLRF    PORTA                       ;INICIALIZA PORTA COM 0
0038   0186           00114     CLRF    PORTB                               
0039   2805           00115     GOTO    INICIALIZA                          ;VAI PARA A ROTINA PRINCIPAL    
                      00116     END
MPASM  5.14                  ENVIA_RECEBE.ASM   5-2-2011  21:45:58         PAGE  4


SYMBOL TABLE
  LABEL                             VALUE 

ADEN                              00000003
AUX                               00000022
BRGH                              00000002
C                                 00000000
C1INV                             00000004
C1OUT                             00000006
C2INV                             00000005
C2OUT                             00000007
CCP1CON                           00000017
CCP1IE                            00000002
CCP1IF                            00000002
CCP1M0                            00000000
CCP1M1                            00000001
CCP1M2                            00000002
CCP1M3                            00000003
CCP1X                             00000005
CCP1Y                             00000004
CCPR1H                            00000016
CCPR1L                            00000015
CIS                               00000003
CM0                               00000000
CM1                               00000001
CM2                               00000002
CMCON                             0000001F
CMIE                              00000006
CMIF                              00000006
CONVERTE                          00000017
CREN                              00000004
CSRC                              00000007
DC                                00000001
EEADR                             0000009B
EECON1                            0000009C
EECON2                            0000009D
EEDATA                            0000009A
EEIE                              00000007
EEIF                              00000007
F                                 00000001
FERR                              00000002
FSR                               00000004
GIE                               00000007
INDF                              00000000
INICIALIZA                        00000005
INICIO                            00000029
INTCON                            0000000B
INTE                              00000004
INTEDG                            00000006
INTF                              00000001
IRP                               00000007
NOT_BO                            00000000
NOT_BOD                           00000000
NOT_BOR                           00000000
NOT_PD                            00000003
NOT_POR                           00000001
MPASM  5.14                  ENVIA_RECEBE.ASM   5-2-2011  21:45:58         PAGE  5


SYMBOL TABLE
  LABEL                             VALUE 

NOT_RBPU                          00000007
NOT_T1SYNC                        00000002
NOT_TO                            00000004
OERR                              00000001
OPTION_REG                        00000081
OSCF                              00000003
PCL                               00000002
PCLATH                            0000000A
PCON                              0000008E
PEIE                              00000006
PIE1                              0000008C
PIR1                              0000000C
PORTA                             00000005
PORTB                             00000006
PR2                               00000092
PRINCIPAL                         00000008
PS0                               00000000
PS1                               00000001
PS2                               00000002
PSA                               00000003
RBIE                              00000003
RBIF                              00000000
RCIE                              00000005
RCIF                              00000005
RCREG                             0000001A
RCSTA                             00000018
RD                                00000000
RP0                               00000005
RP1                               00000006
RX9                               00000006
RX9D                              00000000
RX_SERIAL                         0000000F
SALVA                             0000001A
SPBRG                             00000099
SPEN                              00000007
SREN                              00000005
STATUS                            00000003
SYNC                              00000004
T0CS                              00000005
T0IE                              00000005
T0IF                              00000002
T0SE                              00000004
T1                                00000020
T1CKPS0                           00000004
T1CKPS1                           00000005
T1CON                             00000010
T1OSCEN                           00000003
T2                                00000021
T2CKPS0                           00000000
T2CKPS1                           00000001
T2CON                             00000012
TEMPO                             00000020
TMR0                              00000001
MPASM  5.14                  ENVIA_RECEBE.ASM   5-2-2011  21:45:58         PAGE  6


SYMBOL TABLE
  LABEL                             VALUE 

TMR1CS                            00000001
TMR1H                             0000000F
TMR1IE                            00000000
TMR1IF                            00000000
TMR1L                             0000000E
TMR1ON                            00000000
TMR2                              00000011
TMR2IE                            00000001
TMR2IF                            00000001
TMR2ON                            00000002
TOUTPS0                           00000003
TOUTPS1                           00000004
TOUTPS2                           00000005
TOUTPS3                           00000006
TRISA                             00000085
TRISB                             00000086
TRMT                              00000001
TX9                               00000006
TX9D                              00000000
TXEN                              00000005
TXIE                              00000004
TXIF                              00000004
TXREG                             00000019
TXSTA                             00000098
TX_SERIAL                         00000012
V1                                00000025
V2                                00000026
V3                                00000027
VR0                               00000000
VR1                               00000001
VR2                               00000002
VR3                               00000003
VRCON                             0000009F
VREN                              00000007
VROE                              00000006
VRR                               00000005
W                                 00000000
WR                                00000001
WREN                              00000002
WRERR                             00000003
Z                                 00000002
_BODEN_OFF                        00003FBF
_BODEN_ON                         00003FFF
_BOREN_OFF                        00003FBF
_BOREN_ON                         00003FFF
_CP_OFF                           00003FFF
_CP_ON                            00001FFF
_DATA_CP_OFF                      00003FFF
_DATA_CP_ON                       00003EFF
_ER_OSC_CLKOUT                    00003FFF
_ER_OSC_NOCLKOUT                  00003FFE
_EXTCLK_OSC                       00003FEF
_HS_OSC                           00003FEE
MPASM  5.14                  ENVIA_RECEBE.ASM   5-2-2011  21:45:58         PAGE  7


SYMBOL TABLE
  LABEL                             VALUE 

_INTOSC_OSC_CLKOUT                00003FFD
_INTOSC_OSC_NOCLKOUT              00003FFC
_INTRC_OSC_CLKOUT                 00003FFD
_INTRC_OSC_NOCLKOUT               00003FFC
_LP_OSC                           00003FEC
_LVP_OFF                          00003F7F
_LVP_ON                           00003FFF
_MCLRE_OFF                        00003FDF
_MCLRE_ON                         00003FFF
_PWRTE_OFF                        00003FFF
_PWRTE_ON                         00003FF7
_RC_OSC_CLKOUT                    00003FFF
_RC_OSC_NOCLKOUT                  00003FFE
_WDT_OFF                          00003FFB
_WDT_ON                           00003FFF
_XT_OSC                           00003FED
__16F628A                         00000001


MEMORY USAGE MAP ('X' = Used,  '-' = Unused)

0000 : X---XXXXXXXXXXXX XXXXXXXXXXXXXXXX XXXXXXXXXXXXXXXX XXXXXXXXXX------
2000 : -------X-------- ---------------- ---------------- ----------------

All other memory blocks unused.

Program Memory Words Used:    55
Program Memory Words Free:  1993


Errors   :     0
Warnings :     3 reported,     0 suppressed
Messages :     1 reported,     5 suppressed

