20/07/2011 16:36:05 org.apache.catalina.core.AprLifecycleListener init
INFO: The APR based Apache Tomcat Native library which allows optimal performance in production environments was not found on the java.library.path: C:\Program Files\Java\jdk1.6.0_23\bin;.;C:\Windows\Sun\Java\bin;C:\Windows\system32;C:\Windows;C:\Program Files\Common Files\Microsoft Shared\Windows Live;C:\Windows\system32;C:\Windows;C:\Windows\System32\Wbem;D:\Programacao\Android\android-sdk-windows\tools;C:\Program Files\TortoiseSVN\bin;C:\Program Files\Java\jdk1.6.0_23\bin;C:\Program Files\Windows Live\Shared;C:\Windows\System32\WindowsPowerShell\v1.0\
20/07/2011 16:36:06 org.apache.coyote.AbstractProtocol init
INFO: Initializing ProtocolHandler ["http-bio-8080"]
20/07/2011 16:36:06 org.apache.coyote.AbstractProtocol init
INFO: Initializing ProtocolHandler ["ajp-bio-8009"]
20/07/2011 16:36:06 org.apache.catalina.startup.Catalina load
INFO: Initialization processed in 797 ms
20/07/2011 16:36:06 org.apache.catalina.core.StandardService startInternal
INFO: Starting service Catalina
20/07/2011 16:36:06 org.apache.catalina.core.StandardEngine startInternal
INFO: Starting Servlet Engine: Apache Tomcat/7.0.19
20/07/2011 16:36:06 org.apache.catalina.startup.HostConfig deployDirectory
INFO: Deploying web application directory alarmeAndroid
20/07/2011 16:36:07 com.sun.faces.config.ConfigureListener contextInitialized
INFO: Initializing Mojarra (1.2_14-b01-FCS) for context '/alarmeAndroid'
20/07/2011 16:36:07 com.sun.faces.spi.InjectionProviderFactory createInstance
INFO: JSF1048: PostConstruct/PreDestroy annotations present.  ManagedBeans methods marked with these annotations will have said annotations processed.
20/07/2011 16:36:08 org.apache.catalina.startup.HostConfig deployDirectory
INFO: Deploying web application directory docs
20/07/2011 16:36:08 org.apache.catalina.startup.HostConfig deployDirectory
INFO: Deploying web application directory examples
20/07/2011 16:36:08 org.apache.catalina.startup.HostConfig deployDirectory
INFO: Deploying web application directory host-manager
20/07/2011 16:36:08 org.apache.catalina.startup.HostConfig deployDirectory
INFO: Deploying web application directory manager
20/07/2011 16:36:08 org.apache.catalina.startup.HostConfig deployDirectory
INFO: Deploying web application directory ROOT
20/07/2011 16:36:08 org.apache.coyote.AbstractProtocol start
INFO: Starting ProtocolHandler ["http-bio-8080"]
20/07/2011 16:36:08 org.apache.coyote.AbstractProtocol start
INFO: Starting ProtocolHandler ["ajp-bio-8009"]
20/07/2011 16:36:08 org.apache.catalina.startup.Catalina start
INFO: Server startup in 1957 ms
20/07/2011 16:36:16 org.apache.jasper.compiler.TldLocationsCache tldScanJar
INFO: At least one JAR was scanned for TLDs yet contained no TLDs. Enable debug logging for this logger for a complete list of JARs that were scanned but no TLDs were found in them. Skipping unneeded JARs during scanning can improve startup time and JSP compilation time.
20/07/2011 16:45:20 org.apache.catalina.core.AprLifecycleListener init
INFO: The APR based Apache Tomcat Native library which allows optimal performance in production environments was not found on the java.library.path: C:\Program Files\Java\jdk1.6.0_23\bin;.;C:\Windows\Sun\Java\bin;C:\Windows\system32;C:\Windows;C:\Program Files\Common Files\Microsoft Shared\Windows Live;C:\Windows\system32;C:\Windows;C:\Windows\System32\Wbem;D:\Programacao\Android\android-sdk-windows\tools;C:\Program Files\TortoiseSVN\bin;C:\Program Files\Java\jdk1.6.0_23\bin;C:\Program Files\Windows Live\Shared;C:\Windows\System32\WindowsPowerShell\v1.0\
20/07/2011 16:45:20 org.apache.coyote.AbstractProtocol init
INFO: Initializing ProtocolHandler ["http-bio-8080"]
20/07/2011 16:45:20 org.apache.coyote.AbstractProtocol init
INFO: Initializing ProtocolHandler ["ajp-bio-8009"]
20/07/2011 16:45:20 org.apache.catalina.startup.Catalina load
INFO: Initialization processed in 648 ms
20/07/2011 16:45:20 org.apache.catalina.core.StandardService startInternal
INFO: Starting service Catalina
20/07/2011 16:45:20 org.apache.catalina.core.StandardEngine startInternal
INFO: Starting Servlet Engine: Apache Tomcat/7.0.19
20/07/2011 16:45:20 org.apache.catalina.startup.HostConfig deployDirectory
INFO: Deploying web application directory alarmeAndroid
20/07/2011 16:45:21 com.sun.faces.config.ConfigureListener contextInitialized
INFO: Initializing Mojarra (1.2_08-b06-FCS) for context '/alarmeAndroid'
20/07/2011 16:45:21 com.sun.faces.spi.InjectionProviderFactory createInstance
INFO: JSF1048: PostConstruct/PreDestroy annotations present.  ManagedBeans methods marked with these annotations will have said annotations processed.
20/07/2011 16:45:21 org.apache.catalina.startup.HostConfig deployDirectory
INFO: Deploying web application directory docs
20/07/2011 16:45:22 org.apache.catalina.startup.HostConfig deployDirectory
INFO: Deploying web application directory examples
20/07/2011 16:45:22 org.apache.catalina.startup.HostConfig deployDirectory
INFO: Deploying web application directory host-manager
20/07/2011 16:45:22 org.apache.catalina.startup.HostConfig deployDirectory
INFO: Deploying web application directory manager
20/07/2011 16:45:22 org.apache.catalina.startup.HostConfig deployDirectory
INFO: Deploying web application directory ROOT
20/07/2011 16:45:22 org.apache.coyote.AbstractProtocol start
INFO: Starting ProtocolHandler ["http-bio-8080"]
20/07/2011 16:45:22 org.apache.coyote.AbstractProtocol start
INFO: Starting ProtocolHandler ["ajp-bio-8009"]
20/07/2011 16:45:22 org.apache.catalina.startup.Catalina start
INFO: Server startup in 2009 ms
20/07/2011 16:45:24 com.sun.faces.lifecycle.Phase doPhase
GRAVE: JSF1054: (Phase ID: RENDER_RESPONSE 6, View ID: /Teste.jsp) Exception thrown during phase execution: javax.faces.event.PhaseEvent[source=com.sun.faces.lifecycle.LifecycleImpl@1a5e68a]
20/07/2011 16:45:25 com.sun.faces.lifecycle.Phase doPhase
GRAVE: JSF1054: (Phase ID: RENDER_RESPONSE 6, View ID: /Teste.jsp) Exception thrown during phase execution: javax.faces.event.PhaseEvent[source=com.sun.faces.lifecycle.LifecycleImpl@1a5e68a]
20/07/2011 16:45:25 com.sun.faces.lifecycle.Phase doPhase
GRAVE: JSF1054: (Phase ID: RENDER_RESPONSE 6, View ID: /Teste.jsp) Exception thrown during phase execution: javax.faces.event.PhaseEvent[source=com.sun.faces.lifecycle.LifecycleImpl@1a5e68a]
20/07/2011 16:45:25 com.sun.faces.lifecycle.Phase doPhase
GRAVE: JSF1054: (Phase ID: RENDER_RESPONSE 6, View ID: /Teste.jsp) Exception thrown during phase execution: javax.faces.event.PhaseEvent[source=com.sun.faces.lifecycle.LifecycleImpl@1a5e68a]
20/07/2011 16:45:26 com.sun.faces.lifecycle.Phase doPhase
GRAVE: JSF1054: (Phase ID: RENDER_RESPONSE 6, View ID: /Teste.jsp) Exception thrown during phase execution: javax.faces.event.PhaseEvent[source=com.sun.faces.lifecycle.LifecycleImpl@1a5e68a]
20/07/2011 16:45:26 com.sun.faces.lifecycle.Phase doPhase
GRAVE: JSF1054: (Phase ID: RENDER_RESPONSE 6, View ID: /Teste.jsp) Exception thrown during phase execution: javax.faces.event.PhaseEvent[source=com.sun.faces.lifecycle.LifecycleImpl@1a5e68a]
20/07/2011 16:45:26 com.sun.faces.lifecycle.Phase doPhase
GRAVE: JSF1054: (Phase ID: RENDER_RESPONSE 6, View ID: /Teste.jsp) Exception thrown during phase execution: javax.faces.event.PhaseEvent[source=com.sun.faces.lifecycle.LifecycleImpl@1a5e68a]
20/07/2011 16:45:26 com.sun.faces.lifecycle.Phase doPhase
GRAVE: JSF1054: (Phase ID: RENDER_RESPONSE 6, View ID: /Teste.jsp) Exception thrown during phase execution: javax.faces.event.PhaseEvent[source=com.sun.faces.lifecycle.LifecycleImpl@1a5e68a]
20/07/2011 16:45:26 com.sun.faces.lifecycle.Phase doPhase
GRAVE: JSF1054: (Phase ID: RENDER_RESPONSE 6, View ID: /Teste.jsp) Exception thrown during phase execution: javax.faces.event.PhaseEvent[source=com.sun.faces.lifecycle.LifecycleImpl@1a5e68a]
20/07/2011 16:45:27 com.sun.faces.lifecycle.Phase doPhase
GRAVE: JSF1054: (Phase ID: RENDER_RESPONSE 6, View ID: /Teste.jsp) Exception thrown during phase execution: javax.faces.event.PhaseEvent[source=com.sun.faces.lifecycle.LifecycleImpl@1a5e68a]
20/07/2011 16:45:27 com.sun.faces.lifecycle.Phase doPhase
GRAVE: JSF1054: (Phase ID: RENDER_RESPONSE 6, View ID: /Teste.jsp) Exception thrown during phase execution: javax.faces.event.PhaseEvent[source=com.sun.faces.lifecycle.LifecycleImpl@1a5e68a]
20/07/2011 16:45:27 com.sun.faces.lifecycle.Phase doPhase
GRAVE: JSF1054: (Phase ID: RENDER_RESPONSE 6, View ID: /Teste.jsp) Exception thrown during phase execution: javax.faces.event.PhaseEvent[source=com.sun.faces.lifecycle.LifecycleImpl@1a5e68a]
20/07/2011 16:46:45 org.apache.jasper.compiler.TldLocationsCache tldScanJar
INFO: At least one JAR was scanned for TLDs yet contained no TLDs. Enable debug logging for this logger for a complete list of JARs that were scanned but no TLDs were found in them. Skipping unneeded JARs during scanning can improve startup time and JSP compilation time.
20/07/2011 16:53:28 org.apache.catalina.core.AprLifecycleListener init
INFO: The APR based Apache Tomcat Native library which allows optimal performance in production environments was not found on the java.library.path: C:\Program Files\Java\jdk1.6.0_23\bin;.;C:\Windows\Sun\Java\bin;C:\Windows\system32;C:\Windows;C:\Program Files\Common Files\Microsoft Shared\Windows Live;C:\Windows\system32;C:\Windows;C:\Windows\System32\Wbem;D:\Programacao\Android\android-sdk-windows\tools;C:\Program Files\TortoiseSVN\bin;C:\Program Files\Java\jdk1.6.0_23\bin;C:\Program Files\Windows Live\Shared;C:\Windows\System32\WindowsPowerShell\v1.0\
20/07/2011 16:53:28 org.apache.coyote.AbstractProtocol init
INFO: Initializing ProtocolHandler ["http-bio-8080"]
20/07/2011 16:53:28 org.apache.coyote.AbstractProtocol init
INFO: Initializing ProtocolHandler ["ajp-bio-8009"]
20/07/2011 16:53:28 org.apache.catalina.startup.Catalina load
INFO: Initialization processed in 710 ms
20/07/2011 16:53:28 org.apache.catalina.core.StandardService startInternal
INFO: Starting service Catalina
20/07/2011 16:53:28 org.apache.catalina.core.StandardEngine startInternal
INFO: Starting Servlet Engine: Apache Tomcat/7.0.19
20/07/2011 16:53:28 org.apache.catalina.startup.HostConfig deployDirectory
INFO: Deploying web application directory alarmeAndroid
20/07/2011 16:53:30 com.sun.faces.config.ConfigureListener contextInitialized
INFO: Initializing Mojarra (1.2_08-b06-FCS) for context '/alarmeAndroid'
20/07/2011 16:53:30 org.apache.catalina.core.StandardContext startInternal
GRAVE: Error listenerStart
20/07/2011 16:53:30 org.apache.catalina.core.StandardContext startInternal
GRAVE: Context [/alarmeAndroid] startup failed due to previous errors
20/07/2011 16:53:30 org.apache.catalina.startup.HostConfig deployDirectory
INFO: Deploying web application directory docs
20/07/2011 16:53:30 org.apache.catalina.startup.HostConfig deployDirectory
INFO: Deploying web application directory examples
20/07/2011 16:53:30 org.apache.catalina.startup.HostConfig deployDirectory
INFO: Deploying web application directory host-manager
20/07/2011 16:53:31 org.apache.catalina.startup.HostConfig deployDirectory
INFO: Deploying web application directory manager
20/07/2011 16:53:31 org.apache.catalina.startup.HostConfig deployDirectory
INFO: Deploying web application directory ROOT
20/07/2011 16:53:31 org.apache.coyote.AbstractProtocol start
INFO: Starting ProtocolHandler ["http-bio-8080"]
20/07/2011 16:53:31 org.apache.coyote.AbstractProtocol start
INFO: Starting ProtocolHandler ["ajp-bio-8009"]
20/07/2011 16:53:31 org.apache.catalina.startup.Catalina start
INFO: Server startup in 2344 ms
20/07/2011 16:56:41 org.apache.catalina.startup.HostConfig checkResources
INFO: Reloading context [/alarmeAndroid]
20/07/2011 16:56:42 com.sun.faces.config.ConfigureListener$WebXmlProcessor scanForFacesServlet
AVISO: Unable to process deployment descriptor for context '/alarmeAndroid'
20/07/2011 16:56:42 com.sun.faces.config.ConfigureListener contextInitialized
INFO: Initializing Mojarra (1.2_08-b06-FCS) for context '/alarmeAndroid'
20/07/2011 16:56:42 org.apache.catalina.core.StandardContext startInternal
GRAVE: Error listenerStart
20/07/2011 16:56:42 org.apache.catalina.core.StandardContext startInternal
GRAVE: Context [/alarmeAndroid] startup failed due to previous errors
20/07/2011 17:05:20 org.apache.catalina.core.AprLifecycleListener init
INFO: The APR based Apache Tomcat Native library which allows optimal performance in production environments was not found on the java.library.path: C:\Program Files\Java\jdk1.6.0_23\bin;.;C:\Windows\Sun\Java\bin;C:\Windows\system32;C:\Windows;C:\Program Files\Common Files\Microsoft Shared\Windows Live;C:\Windows\system32;C:\Windows;C:\Windows\System32\Wbem;D:\Programacao\Android\android-sdk-windows\tools;C:\Program Files\TortoiseSVN\bin;C:\Program Files\Java\jdk1.6.0_23\bin;C:\Program Files\Windows Live\Shared;C:\Windows\System32\WindowsPowerShell\v1.0\
20/07/2011 17:05:21 org.apache.coyote.AbstractProtocol init
INFO: Initializing ProtocolHandler ["http-bio-8080"]
20/07/2011 17:05:21 org.apache.coyote.AbstractProtocol init
INFO: Initializing ProtocolHandler ["ajp-bio-8009"]
20/07/2011 17:05:21 org.apache.catalina.startup.Catalina load
INFO: Initialization processed in 642 ms
20/07/2011 17:05:21 org.apache.catalina.core.StandardService startInternal
INFO: Starting service Catalina
20/07/2011 17:05:21 org.apache.catalina.core.StandardEngine startInternal
INFO: Starting Servlet Engine: Apache Tomcat/7.0.19
20/07/2011 17:05:21 org.apache.catalina.startup.HostConfig deployDirectory
INFO: Deploying web application directory alarmeAndroid
20/07/2011 17:05:22 com.sun.faces.config.ConfigureListener contextInitialized
INFO: Initializing Mojarra (1.2_08-b06-FCS) for context '/alarmeAndroid'
20/07/2011 17:05:22 com.sun.faces.spi.InjectionProviderFactory createInstance
INFO: JSF1048: PostConstruct/PreDestroy annotations present.  ManagedBeans methods marked with these annotations will have said annotations processed.
20/07/2011 17:05:22 org.apache.catalina.startup.HostConfig deployDirectory
INFO: Deploying web application directory docs
20/07/2011 17:05:22 org.apache.catalina.startup.HostConfig deployDirectory
INFO: Deploying web application directory examples
20/07/2011 17:05:22 org.apache.catalina.startup.HostConfig deployDirectory
INFO: Deploying web application directory host-manager
20/07/2011 17:05:22 org.apache.catalina.startup.HostConfig deployDirectory
INFO: Deploying web application directory manager
20/07/2011 17:05:22 org.apache.catalina.startup.HostConfig deployDirectory
INFO: Deploying web application directory ROOT
20/07/2011 17:05:23 org.apache.coyote.AbstractProtocol start
INFO: Starting ProtocolHandler ["http-bio-8080"]
20/07/2011 17:05:23 org.apache.coyote.AbstractProtocol start
INFO: Starting ProtocolHandler ["ajp-bio-8009"]
20/07/2011 17:05:23 org.apache.catalina.startup.Catalina start
INFO: Server startup in 1809 ms
20/07/2011 17:05:41 org.apache.jasper.compiler.TldLocationsCache tldScanJar
INFO: At least one JAR was scanned for TLDs yet contained no TLDs. Enable debug logging for this logger for a complete list of JARs that were scanned but no TLDs were found in them. Skipping unneeded JARs during scanning can improve startup time and JSP compilation time.
20/07/2011 17:08:09 org.apache.catalina.startup.Catalina stopServer
GRAVE: Catalina.stop: 
java.net.ConnectException: Connection refused: connect
	at java.net.PlainSocketImpl.socketConnect(Native Method)
	at java.net.PlainSocketImpl.doConnect(PlainSocketImpl.java:333)
	at java.net.PlainSocketImpl.connectToAddress(PlainSocketImpl.java:195)
	at java.net.PlainSocketImpl.connect(PlainSocketImpl.java:182)
	at java.net.SocksSocketImpl.connect(SocksSocketImpl.java:366)
	at java.net.Socket.connect(Socket.java:529)
	at java.net.Socket.connect(Socket.java:478)
	at java.net.Socket.<init>(Socket.java:375)
	at java.net.Socket.<init>(Socket.java:189)
	at org.apache.catalina.startup.Catalina.stopServer(Catalina.java:457)
	at sun.reflect.NativeMethodAccessorImpl.invoke0(Native Method)
	at sun.reflect.NativeMethodAccessorImpl.invoke(NativeMethodAccessorImpl.java:39)
	at sun.reflect.DelegatingMethodAccessorImpl.invoke(DelegatingMethodAccessorImpl.java:25)
	at java.lang.reflect.Method.invoke(Method.java:597)
	at org.apache.catalina.startup.Bootstrap.stopServer(Bootstrap.java:371)
	at org.apache.catalina.startup.Bootstrap.main(Bootstrap.java:452)
20/07/2011 17:08:11 org.apache.catalina.core.AprLifecycleListener init
INFO: The APR based Apache Tomcat Native library which allows optimal performance in production environments was not found on the java.library.path: C:\Program Files\Java\jdk1.6.0_23\bin;.;C:\Windows\Sun\Java\bin;C:\Windows\system32;C:\Windows;C:\Program Files\Common Files\Microsoft Shared\Windows Live;C:\Windows\system32;C:\Windows;C:\Windows\System32\Wbem;D:\Programacao\Android\android-sdk-windows\tools;C:\Program Files\TortoiseSVN\bin;C:\Program Files\Java\jdk1.6.0_23\bin;C:\Program Files\Windows Live\Shared;C:\Windows\System32\WindowsPowerShell\v1.0\
20/07/2011 17:08:11 org.apache.coyote.AbstractProtocol init
INFO: Initializing ProtocolHandler ["http-bio-8080"]
20/07/2011 17:08:11 org.apache.coyote.AbstractProtocol init
INFO: Initializing ProtocolHandler ["ajp-bio-8009"]
20/07/2011 17:08:11 org.apache.catalina.startup.Catalina load
INFO: Initialization processed in 650 ms
20/07/2011 17:08:11 org.apache.catalina.core.StandardService startInternal
INFO: Starting service Catalina
20/07/2011 17:08:11 org.apache.catalina.core.StandardEngine startInternal
INFO: Starting Servlet Engine: Apache Tomcat/7.0.19
20/07/2011 17:08:11 org.apache.catalina.startup.HostConfig deployDirectory
INFO: Deploying web application directory alarmeAndroid
20/07/2011 17:08:12 com.sun.faces.config.ConfigureListener contextInitialized
INFO: Initializing Mojarra (1.2_08-b06-FCS) for context '/alarmeAndroid'
20/07/2011 17:08:12 com.sun.faces.spi.InjectionProviderFactory createInstance
INFO: JSF1048: PostConstruct/PreDestroy annotations present.  ManagedBeans methods marked with these annotations will have said annotations processed.
20/07/2011 17:08:12 org.apache.catalina.startup.HostConfig deployDirectory
INFO: Deploying web application directory alarmeAndroid2
20/07/2011 17:08:13 com.sun.faces.config.ConfigureListener contextInitialized
INFO: Initializing Mojarra (1.2_08-b06-FCS) for context '/alarmeAndroid2'
20/07/2011 17:08:13 com.sun.faces.spi.InjectionProviderFactory createInstance
INFO: JSF1048: PostConstruct/PreDestroy annotations present.  ManagedBeans methods marked with these annotations will have said annotations processed.
20/07/2011 17:08:13 org.apache.catalina.startup.HostConfig deployDirectory
INFO: Deploying web application directory docs
20/07/2011 17:08:13 org.apache.catalina.startup.HostConfig deployDirectory
INFO: Deploying web application directory examples
20/07/2011 17:08:13 org.apache.catalina.startup.HostConfig deployDirectory
INFO: Deploying web application directory host-manager
20/07/2011 17:08:13 org.apache.catalina.startup.HostConfig deployDirectory
INFO: Deploying web application directory manager
20/07/2011 17:08:13 org.apache.catalina.startup.HostConfig deployDirectory
INFO: Deploying web application directory ROOT
20/07/2011 17:08:13 org.apache.coyote.AbstractProtocol start
INFO: Starting ProtocolHandler ["http-bio-8080"]
20/07/2011 17:08:13 org.apache.coyote.AbstractProtocol start
INFO: Starting ProtocolHandler ["ajp-bio-8009"]
20/07/2011 17:08:13 org.apache.catalina.startup.Catalina start
INFO: Server startup in 2543 ms
20/07/2011 17:08:21 org.apache.jasper.compiler.TldLocationsCache tldScanJar
INFO: At least one JAR was scanned for TLDs yet contained no TLDs. Enable debug logging for this logger for a complete list of JARs that were scanned but no TLDs were found in them. Skipping unneeded JARs during scanning can improve startup time and JSP compilation time.
20/07/2011 17:09:11 org.apache.catalina.core.StandardServer await
INFO: A valid shutdown command was received via the shutdown port. Stopping the Server instance.
20/07/2011 17:09:11 org.apache.coyote.AbstractProtocol pause
INFO: Pausing ProtocolHandler ["http-bio-8080"]
20/07/2011 17:09:12 org.apache.coyote.AbstractProtocol pause
INFO: Pausing ProtocolHandler ["ajp-bio-8009"]
20/07/2011 17:09:13 org.apache.catalina.core.StandardService stopInternal
INFO: Stopping service Catalina
20/07/2011 17:09:13 org.apache.coyote.AbstractProtocol stop
INFO: Stopping ProtocolHandler ["http-bio-8080"]
20/07/2011 17:09:13 org.apache.coyote.AbstractProtocol stop
INFO: Stopping ProtocolHandler ["ajp-bio-8009"]
20/07/2011 17:09:13 org.apache.coyote.AbstractProtocol destroy
INFO: Destroying ProtocolHandler ["http-bio-8080"]
20/07/2011 17:09:13 org.apache.coyote.AbstractProtocol destroy
INFO: Destroying ProtocolHandler ["ajp-bio-8009"]
20/07/2011 17:09:59 org.apache.catalina.core.AprLifecycleListener init
INFO: The APR based Apache Tomcat Native library which allows optimal performance in production environments was not found on the java.library.path: C:\Program Files\Java\jdk1.6.0_23\bin;.;C:\Windows\Sun\Java\bin;C:\Windows\system32;C:\Windows;C:\Program Files\Common Files\Microsoft Shared\Windows Live;C:\Windows\system32;C:\Windows;C:\Windows\System32\Wbem;D:\Programacao\Android\android-sdk-windows\tools;C:\Program Files\TortoiseSVN\bin;C:\Program Files\Java\jdk1.6.0_23\bin;C:\Program Files\Windows Live\Shared;C:\Windows\System32\WindowsPowerShell\v1.0\
20/07/2011 17:09:59 org.apache.coyote.AbstractProtocol init
INFO: Initializing ProtocolHandler ["http-bio-8080"]
20/07/2011 17:09:59 org.apache.coyote.AbstractProtocol init
INFO: Initializing ProtocolHandler ["ajp-bio-8009"]
20/07/2011 17:09:59 org.apache.catalina.startup.Catalina load
INFO: Initialization processed in 638 ms
20/07/2011 17:09:59 org.apache.catalina.core.StandardService startInternal
INFO: Starting service Catalina
20/07/2011 17:09:59 org.apache.catalina.core.StandardEngine startInternal
INFO: Starting Servlet Engine: Apache Tomcat/7.0.19
20/07/2011 17:09:59 org.apache.catalina.startup.HostConfig deployDirectory
INFO: Deploying web application directory alarmeAndroid
20/07/2011 17:10:00 com.sun.faces.config.ConfigureListener contextInitialized
INFO: Initializing Mojarra (1.2_08-b06-FCS) for context '/alarmeAndroid'
20/07/2011 17:10:01 com.sun.faces.spi.InjectionProviderFactory createInstance
INFO: JSF1048: PostConstruct/PreDestroy annotations present.  ManagedBeans methods marked with these annotations will have said annotations processed.
20/07/2011 17:10:01 org.apache.catalina.startup.HostConfig deployDirectory
INFO: Deploying web application directory alarmeAndroid2
20/07/2011 17:10:02 com.sun.faces.config.ConfigureListener contextInitialized
INFO: Initializing Mojarra (1.2_08-b06-FCS) for context '/alarmeAndroid2'
20/07/2011 17:10:02 org.apache.catalina.core.StandardContext startInternal
GRAVE: Error listenerStart
20/07/2011 17:10:02 org.apache.catalina.core.StandardContext startInternal
GRAVE: Context [/alarmeAndroid2] startup failed due to previous errors
20/07/2011 17:10:02 org.apache.catalina.startup.HostConfig deployDirectory
INFO: Deploying web application directory docs
20/07/2011 17:10:02 org.apache.catalina.startup.HostConfig deployDirectory
INFO: Deploying web application directory examples
20/07/2011 17:10:03 org.apache.catalina.startup.HostConfig deployDirectory
INFO: Deploying web application directory host-manager
20/07/2011 17:10:03 org.apache.catalina.startup.HostConfig deployDirectory
INFO: Deploying web application directory manager
20/07/2011 17:10:03 org.apache.catalina.startup.HostConfig deployDirectory
INFO: Deploying web application directory ROOT
20/07/2011 17:10:03 org.apache.coyote.AbstractProtocol start
INFO: Starting ProtocolHandler ["http-bio-8080"]
20/07/2011 17:10:03 org.apache.coyote.AbstractProtocol start
INFO: Starting ProtocolHandler ["ajp-bio-8009"]
20/07/2011 17:10:03 org.apache.catalina.startup.Catalina start
INFO: Server startup in 3408 ms
20/07/2011 17:11:21 org.apache.catalina.core.StandardServer await
INFO: A valid shutdown command was received via the shutdown port. Stopping the Server instance.
20/07/2011 17:11:21 org.apache.coyote.AbstractProtocol pause
INFO: Pausing ProtocolHandler ["http-bio-8080"]
20/07/2011 17:11:22 org.apache.coyote.AbstractProtocol pause
INFO: Pausing ProtocolHandler ["ajp-bio-8009"]
20/07/2011 17:11:23 org.apache.catalina.core.StandardService stopInternal
INFO: Stopping service Catalina
20/07/2011 17:11:23 org.apache.catalina.util.LifecycleBase stop
INFO: The stop() method was called on component [StandardEngine[Catalina].StandardHost[localhost].StandardContext[/alarmeAndroid2]] after stop() had already been called. The second call will be ignored.
20/07/2011 17:11:23 org.apache.coyote.AbstractProtocol stop
INFO: Stopping ProtocolHandler ["http-bio-8080"]
20/07/2011 17:11:23 org.apache.coyote.AbstractProtocol stop
INFO: Stopping ProtocolHandler ["ajp-bio-8009"]
20/07/2011 17:11:23 org.apache.coyote.AbstractProtocol destroy
INFO: Destroying ProtocolHandler ["http-bio-8080"]
20/07/2011 17:11:23 org.apache.coyote.AbstractProtocol destroy
INFO: Destroying ProtocolHandler ["ajp-bio-8009"]
20/07/2011 17:11:24 org.apache.catalina.core.AprLifecycleListener init
INFO: The APR based Apache Tomcat Native library which allows optimal performance in production environments was not found on the java.library.path: C:\Program Files\Java\jdk1.6.0_23\bin;.;C:\Windows\Sun\Java\bin;C:\Windows\system32;C:\Windows;C:\Program Files\Common Files\Microsoft Shared\Windows Live;C:\Windows\system32;C:\Windows;C:\Windows\System32\Wbem;D:\Programacao\Android\android-sdk-windows\tools;C:\Program Files\TortoiseSVN\bin;C:\Program Files\Java\jdk1.6.0_23\bin;C:\Program Files\Windows Live\Shared;C:\Windows\System32\WindowsPowerShell\v1.0\
20/07/2011 17:11:24 org.apache.coyote.AbstractProtocol init
INFO: Initializing ProtocolHandler ["http-bio-8080"]
20/07/2011 17:11:25 org.apache.coyote.AbstractProtocol init
INFO: Initializing ProtocolHandler ["ajp-bio-8009"]
20/07/2011 17:11:25 org.apache.catalina.startup.Catalina load
INFO: Initialization processed in 645 ms
20/07/2011 17:11:25 org.apache.catalina.core.StandardService startInternal
INFO: Starting service Catalina
20/07/2011 17:11:25 org.apache.catalina.core.StandardEngine startInternal
INFO: Starting Servlet Engine: Apache Tomcat/7.0.19
20/07/2011 17:11:25 org.apache.catalina.startup.HostConfig deployDirectory
INFO: Deploying web application directory alarmeAndroid
20/07/2011 17:11:25 com.sun.faces.config.ConfigureListener contextInitialized
INFO: Initializing Mojarra (1.2_08-b06-FCS) for context '/alarmeAndroid'
20/07/2011 17:11:26 com.sun.faces.spi.InjectionProviderFactory createInstance
INFO: JSF1048: PostConstruct/PreDestroy annotations present.  ManagedBeans methods marked with these annotations will have said annotations processed.
20/07/2011 17:11:26 org.apache.catalina.startup.HostConfig deployDirectory
INFO: Deploying web application directory alarmeAndroid2
20/07/2011 17:11:27 com.sun.faces.config.ConfigureListener contextInitialized
INFO: Initializing Mojarra (1.2_08-b06-FCS) for context '/alarmeAndroid2'
20/07/2011 17:11:28 com.sun.faces.spi.InjectionProviderFactory createInstance
INFO: JSF1048: PostConstruct/PreDestroy annotations present.  ManagedBeans methods marked with these annotations will have said annotations processed.
20/07/2011 17:11:28 org.apache.catalina.startup.HostConfig deployDirectory
INFO: Deploying web application directory docs
20/07/2011 17:11:29 org.apache.catalina.startup.HostConfig deployDirectory
INFO: Deploying web application directory examples
20/07/2011 17:11:29 org.apache.catalina.startup.HostConfig deployDirectory
INFO: Deploying web application directory host-manager
20/07/2011 17:11:29 org.apache.catalina.startup.HostConfig deployDirectory
INFO: Deploying web application directory manager
20/07/2011 17:11:29 org.apache.catalina.startup.HostConfig deployDirectory
INFO: Deploying web application directory ROOT
20/07/2011 17:11:29 org.apache.coyote.AbstractProtocol start
INFO: Starting ProtocolHandler ["http-bio-8080"]
20/07/2011 17:11:29 org.apache.coyote.AbstractProtocol start
INFO: Starting ProtocolHandler ["ajp-bio-8009"]
20/07/2011 17:11:29 org.apache.catalina.startup.Catalina start
INFO: Server startup in 4339 ms
20/07/2011 17:12:19 org.apache.catalina.startup.HostConfig checkResources
INFO: Reloading context [/alarmeAndroid2]
20/07/2011 17:12:19 org.apache.catalina.core.StandardServer await
INFO: A valid shutdown command was received via the shutdown port. Stopping the Server instance.
20/07/2011 17:12:19 org.apache.coyote.AbstractProtocol pause
INFO: Pausing ProtocolHandler ["http-bio-8080"]
20/07/2011 17:12:20 org.apache.coyote.AbstractProtocol pause
INFO: Pausing ProtocolHandler ["ajp-bio-8009"]
20/07/2011 17:12:20 com.sun.faces.config.ConfigureListener contextInitialized
INFO: Initializing Mojarra (1.2_08-b06-FCS) for context '/alarmeAndroid2'
20/07/2011 17:12:21 com.sun.faces.spi.InjectionProviderFactory createInstance
INFO: JSF1048: PostConstruct/PreDestroy annotations present.  ManagedBeans methods marked with these annotations will have said annotations processed.
20/07/2011 17:12:21 org.apache.catalina.core.StandardService stopInternal
INFO: Stopping service Catalina
20/07/2011 17:12:22 org.ajax4jsf.cache.CacheManager getCacheFactory
INFO: Selected [org.ajax4jsf.cache.LRUMapCacheFactory] cache factory
20/07/2011 17:12:22 org.ajax4jsf.cache.LRUMapCacheFactory createCache
INFO: Creating LRUMap cache instance using parameters: {facelets.DEVELOPMENT=true, org.richfaces.SKIN=blueSky, facelets.REFRESH_PERIOD=2, javax.faces.STATE_SAVING_METHOD=server, javax.faces.DEFAULT_SUFFIX=.xhtml}
20/07/2011 17:12:22 org.ajax4jsf.cache.LRUMapCacheFactory createCache
INFO: Creating LRUMap cache instance of default capacity
20/07/2011 17:12:22 org.apache.catalina.core.AprLifecycleListener init
INFO: The APR based Apache Tomcat Native library which allows optimal performance in production environments was not found on the java.library.path: C:\Program Files\Java\jdk1.6.0_23\bin;.;C:\Windows\Sun\Java\bin;C:\Windows\system32;C:\Windows;C:\Program Files\Common Files\Microsoft Shared\Windows Live;C:\Windows\system32;C:\Windows;C:\Windows\System32\Wbem;D:\Programacao\Android\android-sdk-windows\tools;C:\Program Files\TortoiseSVN\bin;C:\Program Files\Java\jdk1.6.0_23\bin;C:\Program Files\Windows Live\Shared;C:\Windows\System32\WindowsPowerShell\v1.0\
20/07/2011 17:12:22 org.ajax4jsf.cache.CacheManager getCacheFactory
INFO: Selected [org.ajax4jsf.cache.LRUMapCacheFactory] cache factory
20/07/2011 17:12:22 org.ajax4jsf.cache.LRUMapCacheFactory createCache
INFO: Creating LRUMap cache instance using parameters: {facelets.DEVELOPMENT=true, org.richfaces.SKIN=blueSky, facelets.REFRESH_PERIOD=2, javax.faces.STATE_SAVING_METHOD=server, javax.faces.DEFAULT_SUFFIX=.xhtml}
20/07/2011 17:12:22 org.ajax4jsf.cache.LRUMapCacheFactory createCache
INFO: Creating LRUMap cache instance of default capacity
20/07/2011 17:12:22 org.apache.coyote.AbstractProtocol stop
INFO: Stopping ProtocolHandler ["http-bio-8080"]
20/07/2011 17:12:22 org.apache.coyote.AbstractProtocol stop
INFO: Stopping ProtocolHandler ["ajp-bio-8009"]
20/07/2011 17:12:22 org.apache.coyote.AbstractProtocol destroy
INFO: Destroying ProtocolHandler ["http-bio-8080"]
20/07/2011 17:12:22 org.apache.coyote.AbstractProtocol destroy
INFO: Destroying ProtocolHandler ["ajp-bio-8009"]
20/07/2011 17:12:22 org.apache.coyote.AbstractProtocol init
INFO: Initializing ProtocolHandler ["http-bio-8080"]
20/07/2011 17:12:22 org.apache.coyote.AbstractProtocol init
INFO: Initializing ProtocolHandler ["ajp-bio-8009"]
20/07/2011 17:12:22 org.apache.catalina.startup.Catalina load
INFO: Initialization processed in 785 ms
20/07/2011 17:12:23 org.apache.catalina.core.StandardService startInternal
INFO: Starting service Catalina
20/07/2011 17:12:23 org.apache.catalina.core.StandardEngine startInternal
INFO: Starting Servlet Engine: Apache Tomcat/7.0.19
20/07/2011 17:12:23 org.apache.catalina.startup.HostConfig deployDirectory
INFO: Deploying web application directory alarmeAndroid
20/07/2011 17:12:23 com.sun.faces.config.ConfigureListener contextInitialized
INFO: Initializing Mojarra (1.2_08-b06-FCS) for context '/alarmeAndroid'
20/07/2011 17:12:24 com.sun.faces.spi.InjectionProviderFactory createInstance
INFO: JSF1048: PostConstruct/PreDestroy annotations present.  ManagedBeans methods marked with these annotations will have said annotations processed.
20/07/2011 17:12:24 org.apache.catalina.startup.HostConfig deployDirectory
INFO: Deploying web application directory alarmeAndroid2
20/07/2011 17:12:25 com.sun.faces.config.ConfigureListener contextInitialized
INFO: Initializing Mojarra (1.2_08-b06-FCS) for context '/alarmeAndroid2'
20/07/2011 17:12:26 com.sun.faces.spi.InjectionProviderFactory createInstance
INFO: JSF1048: PostConstruct/PreDestroy annotations present.  ManagedBeans methods marked with these annotations will have said annotations processed.
20/07/2011 17:12:26 org.ajax4jsf.cache.CacheManager getCacheFactory
INFO: Selected [org.ajax4jsf.cache.LRUMapCacheFactory] cache factory
20/07/2011 17:12:26 org.ajax4jsf.cache.LRUMapCacheFactory createCache
INFO: Creating LRUMap cache instance using parameters: {facelets.DEVELOPMENT=true, org.richfaces.SKIN=blueSky, facelets.REFRESH_PERIOD=2, javax.faces.STATE_SAVING_METHOD=server, javax.faces.DEFAULT_SUFFIX=.xhtml}
20/07/2011 17:12:26 org.ajax4jsf.cache.LRUMapCacheFactory createCache
INFO: Creating LRUMap cache instance of default capacity
20/07/2011 17:12:26 org.ajax4jsf.cache.CacheManager getCacheFactory
INFO: Selected [org.ajax4jsf.cache.LRUMapCacheFactory] cache factory
20/07/2011 17:12:26 org.ajax4jsf.cache.LRUMapCacheFactory createCache
INFO: Creating LRUMap cache instance using parameters: {facelets.DEVELOPMENT=true, org.richfaces.SKIN=blueSky, facelets.REFRESH_PERIOD=2, javax.faces.STATE_SAVING_METHOD=server, javax.faces.DEFAULT_SUFFIX=.xhtml}
20/07/2011 17:12:26 org.ajax4jsf.cache.LRUMapCacheFactory createCache
INFO: Creating LRUMap cache instance of default capacity
20/07/2011 17:12:26 org.apache.catalina.startup.HostConfig deployDirectory
INFO: Deploying web application directory docs
20/07/2011 17:12:26 org.apache.catalina.startup.HostConfig deployDirectory
INFO: Deploying web application directory examples
20/07/2011 17:12:26 org.apache.catalina.startup.HostConfig deployDirectory
INFO: Deploying web application directory host-manager
20/07/2011 17:12:27 org.apache.catalina.startup.HostConfig deployDirectory
INFO: Deploying web application directory manager
20/07/2011 17:12:27 org.apache.catalina.startup.HostConfig deployDirectory
INFO: Deploying web application directory ROOT
20/07/2011 17:12:27 org.apache.coyote.AbstractProtocol start
INFO: Starting ProtocolHandler ["http-bio-8080"]
20/07/2011 17:12:27 org.apache.coyote.AbstractProtocol start
INFO: Starting ProtocolHandler ["ajp-bio-8009"]
20/07/2011 17:12:27 org.apache.catalina.startup.Catalina start
INFO: Server startup in 4134 ms
20/07/2011 17:13:07 org.apache.catalina.startup.HostConfig checkResources
INFO: Reloading context [/alarmeAndroid2]
20/07/2011 17:13:07 org.apache.catalina.core.StandardServer await
INFO: A valid shutdown command was received via the shutdown port. Stopping the Server instance.
20/07/2011 17:13:07 org.apache.coyote.AbstractProtocol pause
INFO: Pausing ProtocolHandler ["http-bio-8080"]
20/07/2011 17:13:08 com.sun.faces.config.ConfigureListener contextInitialized
INFO: Initializing Mojarra (1.2_08-b06-FCS) for context '/alarmeAndroid2'
20/07/2011 17:13:08 org.apache.coyote.AbstractProtocol pause
INFO: Pausing ProtocolHandler ["ajp-bio-8009"]
20/07/2011 17:13:09 com.sun.faces.spi.InjectionProviderFactory createInstance
INFO: JSF1048: PostConstruct/PreDestroy annotations present.  ManagedBeans methods marked with these annotations will have said annotations processed.
20/07/2011 17:13:09 org.ajax4jsf.cache.CacheManager getCacheFactory
INFO: Selected [org.ajax4jsf.cache.LRUMapCacheFactory] cache factory
20/07/2011 17:13:09 org.ajax4jsf.cache.LRUMapCacheFactory createCache
INFO: Creating LRUMap cache instance using parameters: {facelets.DEVELOPMENT=true, org.richfaces.SKIN=blueSky, facelets.REFRESH_PERIOD=2, javax.faces.STATE_SAVING_METHOD=server, javax.faces.DEFAULT_SUFFIX=.jsf}
20/07/2011 17:13:09 org.ajax4jsf.cache.LRUMapCacheFactory createCache
INFO: Creating LRUMap cache instance of default capacity
20/07/2011 17:13:09 org.ajax4jsf.cache.CacheManager getCacheFactory
INFO: Selected [org.ajax4jsf.cache.LRUMapCacheFactory] cache factory
20/07/2011 17:13:09 org.ajax4jsf.cache.LRUMapCacheFactory createCache
INFO: Creating LRUMap cache instance using parameters: {facelets.DEVELOPMENT=true, org.richfaces.SKIN=blueSky, facelets.REFRESH_PERIOD=2, javax.faces.STATE_SAVING_METHOD=server, javax.faces.DEFAULT_SUFFIX=.jsf}
20/07/2011 17:13:09 org.ajax4jsf.cache.LRUMapCacheFactory createCache
INFO: Creating LRUMap cache instance of default capacity
20/07/2011 17:13:09 org.apache.catalina.core.StandardService stopInternal
INFO: Stopping service Catalina
20/07/2011 17:13:09 org.apache.coyote.AbstractProtocol stop
INFO: Stopping ProtocolHandler ["http-bio-8080"]
20/07/2011 17:13:10 org.apache.coyote.AbstractProtocol stop
INFO: Stopping ProtocolHandler ["ajp-bio-8009"]
20/07/2011 17:13:10 org.apache.coyote.AbstractProtocol destroy
INFO: Destroying ProtocolHandler ["http-bio-8080"]
20/07/2011 17:13:10 org.apache.coyote.AbstractProtocol destroy
INFO: Destroying ProtocolHandler ["ajp-bio-8009"]
20/07/2011 17:13:14 org.apache.catalina.core.AprLifecycleListener init
INFO: The APR based Apache Tomcat Native library which allows optimal performance in production environments was not found on the java.library.path: C:\Program Files\Java\jdk1.6.0_23\bin;.;C:\Windows\Sun\Java\bin;C:\Windows\system32;C:\Windows;C:\Program Files\Common Files\Microsoft Shared\Windows Live;C:\Windows\system32;C:\Windows;C:\Windows\System32\Wbem;D:\Programacao\Android\android-sdk-windows\tools;C:\Program Files\TortoiseSVN\bin;C:\Program Files\Java\jdk1.6.0_23\bin;C:\Program Files\Windows Live\Shared;C:\Windows\System32\WindowsPowerShell\v1.0\
20/07/2011 17:13:14 org.apache.coyote.AbstractProtocol init
INFO: Initializing ProtocolHandler ["http-bio-8080"]
20/07/2011 17:13:14 org.apache.coyote.AbstractProtocol init
INFO: Initializing ProtocolHandler ["ajp-bio-8009"]
20/07/2011 17:13:14 org.apache.catalina.startup.Catalina load
INFO: Initialization processed in 722 ms
20/07/2011 17:13:14 org.apache.catalina.core.StandardService startInternal
INFO: Starting service Catalina
20/07/2011 17:13:14 org.apache.catalina.core.StandardEngine startInternal
INFO: Starting Servlet Engine: Apache Tomcat/7.0.19
20/07/2011 17:13:14 org.apache.catalina.startup.HostConfig deployDirectory
INFO: Deploying web application directory alarmeAndroid
20/07/2011 17:13:15 com.sun.faces.config.ConfigureListener contextInitialized
INFO: Initializing Mojarra (1.2_08-b06-FCS) for context '/alarmeAndroid'
20/07/2011 17:13:16 com.sun.faces.spi.InjectionProviderFactory createInstance
INFO: JSF1048: PostConstruct/PreDestroy annotations present.  ManagedBeans methods marked with these annotations will have said annotations processed.
20/07/2011 17:13:16 org.apache.catalina.startup.HostConfig deployDirectory
INFO: Deploying web application directory alarmeAndroid2
20/07/2011 17:13:17 com.sun.faces.config.ConfigureListener contextInitialized
INFO: Initializing Mojarra (1.2_08-b06-FCS) for context '/alarmeAndroid2'
20/07/2011 17:13:17 com.sun.faces.spi.InjectionProviderFactory createInstance
INFO: JSF1048: PostConstruct/PreDestroy annotations present.  ManagedBeans methods marked with these annotations will have said annotations processed.
20/07/2011 17:13:18 org.ajax4jsf.cache.CacheManager getCacheFactory
INFO: Selected [org.ajax4jsf.cache.LRUMapCacheFactory] cache factory
20/07/2011 17:13:18 org.ajax4jsf.cache.LRUMapCacheFactory createCache
INFO: Creating LRUMap cache instance using parameters: {facelets.DEVELOPMENT=true, org.richfaces.SKIN=blueSky, facelets.REFRESH_PERIOD=2, javax.faces.STATE_SAVING_METHOD=server, javax.faces.DEFAULT_SUFFIX=.jsf}
20/07/2011 17:13:18 org.ajax4jsf.cache.LRUMapCacheFactory createCache
INFO: Creating LRUMap cache instance of default capacity
20/07/2011 17:13:18 org.ajax4jsf.cache.CacheManager getCacheFactory
INFO: Selected [org.ajax4jsf.cache.LRUMapCacheFactory] cache factory
20/07/2011 17:13:18 org.ajax4jsf.cache.LRUMapCacheFactory createCache
INFO: Creating LRUMap cache instance using parameters: {facelets.DEVELOPMENT=true, org.richfaces.SKIN=blueSky, facelets.REFRESH_PERIOD=2, javax.faces.STATE_SAVING_METHOD=server, javax.faces.DEFAULT_SUFFIX=.jsf}
20/07/2011 17:13:18 org.ajax4jsf.cache.LRUMapCacheFactory createCache
INFO: Creating LRUMap cache instance of default capacity
20/07/2011 17:13:18 org.apache.catalina.startup.HostConfig deployDirectory
INFO: Deploying web application directory docs
20/07/2011 17:13:18 org.apache.catalina.startup.HostConfig deployDirectory
INFO: Deploying web application directory examples
20/07/2011 17:13:18 org.apache.catalina.startup.HostConfig deployDirectory
INFO: Deploying web application directory host-manager
20/07/2011 17:13:18 org.apache.catalina.startup.HostConfig deployDirectory
INFO: Deploying web application directory manager
20/07/2011 17:13:18 org.apache.catalina.startup.HostConfig deployDirectory
INFO: Deploying web application directory ROOT
20/07/2011 17:13:19 org.apache.coyote.AbstractProtocol start
INFO: Starting ProtocolHandler ["http-bio-8080"]
20/07/2011 17:13:19 org.apache.coyote.AbstractProtocol start
INFO: Starting ProtocolHandler ["ajp-bio-8009"]
20/07/2011 17:13:19 org.apache.catalina.startup.Catalina start
INFO: Server startup in 4213 ms
20/07/2011 17:15:19 org.apache.catalina.startup.Catalina stopServer
GRAVE: Catalina.stop: 
java.net.ConnectException: Connection refused: connect
	at java.net.PlainSocketImpl.socketConnect(Native Method)
	at java.net.PlainSocketImpl.doConnect(PlainSocketImpl.java:333)
	at java.net.PlainSocketImpl.connectToAddress(PlainSocketImpl.java:195)
	at java.net.PlainSocketImpl.connect(PlainSocketImpl.java:182)
	at java.net.SocksSocketImpl.connect(SocksSocketImpl.java:366)
	at java.net.Socket.connect(Socket.java:529)
	at java.net.Socket.connect(Socket.java:478)
	at java.net.Socket.<init>(Socket.java:375)
	at java.net.Socket.<init>(Socket.java:189)
	at org.apache.catalina.startup.Catalina.stopServer(Catalina.java:457)
	at sun.reflect.NativeMethodAccessorImpl.invoke0(Native Method)
	at sun.reflect.NativeMethodAccessorImpl.invoke(NativeMethodAccessorImpl.java:39)
	at sun.reflect.DelegatingMethodAccessorImpl.invoke(DelegatingMethodAccessorImpl.java:25)
	at java.lang.reflect.Method.invoke(Method.java:597)
	at org.apache.catalina.startup.Bootstrap.stopServer(Bootstrap.java:371)
	at org.apache.catalina.startup.Bootstrap.main(Bootstrap.java:452)
20/07/2011 17:15:23 org.apache.catalina.core.AprLifecycleListener init
INFO: The APR based Apache Tomcat Native library which allows optimal performance in production environments was not found on the java.library.path: C:\Program Files\Java\jdk1.6.0_23\bin;.;C:\Windows\Sun\Java\bin;C:\Windows\system32;C:\Windows;C:\Program Files\Common Files\Microsoft Shared\Windows Live;C:\Windows\system32;C:\Windows;C:\Windows\System32\Wbem;D:\Programacao\Android\android-sdk-windows\tools;C:\Program Files\TortoiseSVN\bin;C:\Program Files\Java\jdk1.6.0_23\bin;C:\Program Files\Windows Live\Shared;C:\Windows\System32\WindowsPowerShell\v1.0\
20/07/2011 17:15:24 org.apache.coyote.AbstractProtocol init
INFO: Initializing ProtocolHandler ["http-bio-8080"]
20/07/2011 17:15:24 org.apache.coyote.AbstractProtocol init
INFO: Initializing ProtocolHandler ["ajp-bio-8009"]
20/07/2011 17:15:24 org.apache.catalina.startup.Catalina load
INFO: Initialization processed in 638 ms
20/07/2011 17:15:24 org.apache.catalina.core.StandardService startInternal
INFO: Starting service Catalina
20/07/2011 17:15:24 org.apache.catalina.core.StandardEngine startInternal
INFO: Starting Servlet Engine: Apache Tomcat/7.0.19
20/07/2011 17:15:24 org.apache.catalina.startup.HostConfig deployDirectory
INFO: Deploying web application directory alarmeAndroid
20/07/2011 17:15:25 com.sun.faces.config.ConfigureListener contextInitialized
INFO: Initializing Mojarra (1.2_08-b06-FCS) for context '/alarmeAndroid'
20/07/2011 17:15:25 com.sun.faces.spi.InjectionProviderFactory createInstance
INFO: JSF1048: PostConstruct/PreDestroy annotations present.  ManagedBeans methods marked with these annotations will have said annotations processed.
20/07/2011 17:15:25 org.apache.catalina.startup.HostConfig deployDirectory
INFO: Deploying web application directory alarmeAndroid2
20/07/2011 17:15:26 com.sun.faces.config.ConfigureListener contextInitialized
INFO: Initializing Mojarra (1.2_08-b06-FCS) for context '/alarmeAndroid2'
20/07/2011 17:15:27 com.sun.faces.spi.InjectionProviderFactory createInstance
INFO: JSF1048: PostConstruct/PreDestroy annotations present.  ManagedBeans methods marked with these annotations will have said annotations processed.
20/07/2011 17:15:27 org.ajax4jsf.cache.CacheManager getCacheFactory
INFO: Selected [org.ajax4jsf.cache.LRUMapCacheFactory] cache factory
20/07/2011 17:15:27 org.ajax4jsf.cache.LRUMapCacheFactory createCache
INFO: Creating LRUMap cache instance using parameters: {facelets.DEVELOPMENT=true, org.richfaces.SKIN=blueSky, facelets.REFRESH_PERIOD=2, javax.faces.STATE_SAVING_METHOD=server, javax.faces.DEFAULT_SUFFIX=.jsf}
20/07/2011 17:15:27 org.ajax4jsf.cache.LRUMapCacheFactory createCache
INFO: Creating LRUMap cache instance of default capacity
20/07/2011 17:15:27 org.ajax4jsf.cache.CacheManager getCacheFactory
INFO: Selected [org.ajax4jsf.cache.LRUMapCacheFactory] cache factory
20/07/2011 17:15:27 org.ajax4jsf.cache.LRUMapCacheFactory createCache
INFO: Creating LRUMap cache instance using parameters: {facelets.DEVELOPMENT=true, org.richfaces.SKIN=blueSky, facelets.REFRESH_PERIOD=2, javax.faces.STATE_SAVING_METHOD=server, javax.faces.DEFAULT_SUFFIX=.jsf}
20/07/2011 17:15:27 org.ajax4jsf.cache.LRUMapCacheFactory createCache
INFO: Creating LRUMap cache instance of default capacity
20/07/2011 17:15:27 org.apache.catalina.startup.HostConfig deployDirectory
INFO: Deploying web application directory docs
20/07/2011 17:15:28 org.apache.catalina.startup.HostConfig deployDirectory
INFO: Deploying web application directory examples
20/07/2011 17:15:28 org.apache.catalina.startup.HostConfig deployDirectory
INFO: Deploying web application directory host-manager
20/07/2011 17:15:28 org.apache.catalina.startup.HostConfig deployDirectory
INFO: Deploying web application directory manager
20/07/2011 17:15:28 org.apache.catalina.startup.HostConfig deployDirectory
INFO: Deploying web application directory ROOT
20/07/2011 17:15:28 org.apache.coyote.AbstractProtocol start
INFO: Starting ProtocolHandler ["http-bio-8080"]
20/07/2011 17:15:28 org.apache.coyote.AbstractProtocol start
INFO: Starting ProtocolHandler ["ajp-bio-8009"]
20/07/2011 17:15:28 org.apache.catalina.startup.Catalina start
INFO: Server startup in 4154 ms
20/07/2011 17:16:58 org.apache.catalina.startup.HostConfig checkResources
INFO: Reloading context [/alarmeAndroid2]
20/07/2011 17:16:58 org.apache.catalina.core.StandardWrapper unload
INFO: Waiting for 677 instance(s) to be deallocated
20/07/2011 17:16:59 org.apache.catalina.core.StandardWrapper unload
INFO: Waiting for 677 instance(s) to be deallocated
20/07/2011 17:17:00 org.apache.catalina.core.StandardWrapper unload
INFO: Waiting for 677 instance(s) to be deallocated
20/07/2011 17:17:00 org.apache.catalina.core.StandardServer await
INFO: A valid shutdown command was received via the shutdown port. Stopping the Server instance.
20/07/2011 17:17:00 org.apache.coyote.AbstractProtocol pause
INFO: Pausing ProtocolHandler ["http-bio-8080"]
20/07/2011 17:17:01 com.sun.faces.config.ConfigureListener contextInitialized
INFO: Initializing Mojarra (1.2_08-b06-FCS) for context '/alarmeAndroid2'
20/07/2011 17:17:01 org.apache.coyote.AbstractProtocol pause
INFO: Pausing ProtocolHandler ["ajp-bio-8009"]
20/07/2011 17:17:01 com.sun.faces.spi.InjectionProviderFactory createInstance
INFO: JSF1048: PostConstruct/PreDestroy annotations present.  ManagedBeans methods marked with these annotations will have said annotations processed.
20/07/2011 17:17:02 org.apache.catalina.core.StandardService stopInternal
INFO: Stopping service Catalina
20/07/2011 17:17:03 org.ajax4jsf.cache.CacheManager getCacheFactory
INFO: Selected [org.ajax4jsf.cache.LRUMapCacheFactory] cache factory
20/07/2011 17:17:03 org.ajax4jsf.cache.LRUMapCacheFactory createCache
INFO: Creating LRUMap cache instance using parameters: {facelets.DEVELOPMENT=true, org.richfaces.SKIN=blueSky, facelets.REFRESH_PERIOD=2, javax.faces.STATE_SAVING_METHOD=server, javax.faces.DEFAULT_SUFFIX=.xhtml}
20/07/2011 17:17:03 org.ajax4jsf.cache.LRUMapCacheFactory createCache
INFO: Creating LRUMap cache instance of default capacity
20/07/2011 17:17:03 org.ajax4jsf.cache.CacheManager getCacheFactory
INFO: Selected [org.ajax4jsf.cache.LRUMapCacheFactory] cache factory
20/07/2011 17:17:03 org.ajax4jsf.cache.LRUMapCacheFactory createCache
INFO: Creating LRUMap cache instance using parameters: {facelets.DEVELOPMENT=true, org.richfaces.SKIN=blueSky, facelets.REFRESH_PERIOD=2, javax.faces.STATE_SAVING_METHOD=server, javax.faces.DEFAULT_SUFFIX=.xhtml}
20/07/2011 17:17:03 org.ajax4jsf.cache.LRUMapCacheFactory createCache
INFO: Creating LRUMap cache instance of default capacity
20/07/2011 17:17:03 org.apache.coyote.AbstractProtocol stop
INFO: Stopping ProtocolHandler ["http-bio-8080"]
20/07/2011 17:17:03 org.apache.coyote.AbstractProtocol stop
INFO: Stopping ProtocolHandler ["ajp-bio-8009"]
20/07/2011 17:17:03 org.apache.coyote.AbstractProtocol destroy
INFO: Destroying ProtocolHandler ["http-bio-8080"]
20/07/2011 17:17:03 org.apache.coyote.AbstractProtocol destroy
INFO: Destroying ProtocolHandler ["ajp-bio-8009"]
20/07/2011 17:17:03 org.apache.catalina.core.AprLifecycleListener init
INFO: The APR based Apache Tomcat Native library which allows optimal performance in production environments was not found on the java.library.path: C:\Program Files\Java\jdk1.6.0_23\bin;.;C:\Windows\Sun\Java\bin;C:\Windows\system32;C:\Windows;C:\Program Files\Common Files\Microsoft Shared\Windows Live;C:\Windows\system32;C:\Windows;C:\Windows\System32\Wbem;D:\Programacao\Android\android-sdk-windows\tools;C:\Program Files\TortoiseSVN\bin;C:\Program Files\Java\jdk1.6.0_23\bin;C:\Program Files\Windows Live\Shared;C:\Windows\System32\WindowsPowerShell\v1.0\
20/07/2011 17:17:03 org.apache.coyote.AbstractProtocol init
INFO: Initializing ProtocolHandler ["http-bio-8080"]
20/07/2011 17:17:03 org.apache.coyote.AbstractProtocol init
INFO: Initializing ProtocolHandler ["ajp-bio-8009"]
20/07/2011 17:17:03 org.apache.catalina.startup.Catalina load
INFO: Initialization processed in 790 ms
20/07/2011 17:17:03 org.apache.catalina.core.StandardService startInternal
INFO: Starting service Catalina
20/07/2011 17:17:03 org.apache.catalina.core.StandardEngine startInternal
INFO: Starting Servlet Engine: Apache Tomcat/7.0.19
20/07/2011 17:17:03 org.apache.catalina.startup.HostConfig deployDirectory
INFO: Deploying web application directory alarmeAndroid
20/07/2011 17:17:04 com.sun.faces.config.ConfigureListener contextInitialized
INFO: Initializing Mojarra (1.2_08-b06-FCS) for context '/alarmeAndroid'
20/07/2011 17:17:05 com.sun.faces.spi.InjectionProviderFactory createInstance
INFO: JSF1048: PostConstruct/PreDestroy annotations present.  ManagedBeans methods marked with these annotations will have said annotations processed.
20/07/2011 17:17:05 org.apache.catalina.startup.HostConfig deployDirectory
INFO: Deploying web application directory alarmeAndroid2
20/07/2011 17:17:06 com.sun.faces.config.ConfigureListener contextInitialized
INFO: Initializing Mojarra (1.2_08-b06-FCS) for context '/alarmeAndroid2'
20/07/2011 17:17:06 com.sun.faces.spi.InjectionProviderFactory createInstance
INFO: JSF1048: PostConstruct/PreDestroy annotations present.  ManagedBeans methods marked with these annotations will have said annotations processed.
20/07/2011 17:17:07 org.ajax4jsf.cache.CacheManager getCacheFactory
INFO: Selected [org.ajax4jsf.cache.LRUMapCacheFactory] cache factory
20/07/2011 17:17:07 org.ajax4jsf.cache.LRUMapCacheFactory createCache
INFO: Creating LRUMap cache instance using parameters: {facelets.DEVELOPMENT=true, org.richfaces.SKIN=blueSky, facelets.REFRESH_PERIOD=2, javax.faces.STATE_SAVING_METHOD=server, javax.faces.DEFAULT_SUFFIX=.xhtml}
20/07/2011 17:17:07 org.ajax4jsf.cache.LRUMapCacheFactory createCache
INFO: Creating LRUMap cache instance of default capacity
20/07/2011 17:17:07 org.ajax4jsf.cache.CacheManager getCacheFactory
INFO: Selected [org.ajax4jsf.cache.LRUMapCacheFactory] cache factory
20/07/2011 17:17:07 org.ajax4jsf.cache.LRUMapCacheFactory createCache
INFO: Creating LRUMap cache instance using parameters: {facelets.DEVELOPMENT=true, org.richfaces.SKIN=blueSky, facelets.REFRESH_PERIOD=2, javax.faces.STATE_SAVING_METHOD=server, javax.faces.DEFAULT_SUFFIX=.xhtml}
20/07/2011 17:17:07 org.ajax4jsf.cache.LRUMapCacheFactory createCache
INFO: Creating LRUMap cache instance of default capacity
20/07/2011 17:17:07 org.apache.catalina.startup.HostConfig deployDirectory
INFO: Deploying web application directory docs
20/07/2011 17:17:07 org.apache.catalina.startup.HostConfig deployDirectory
INFO: Deploying web application directory examples
20/07/2011 17:17:07 org.apache.catalina.startup.HostConfig deployDirectory
INFO: Deploying web application directory host-manager
20/07/2011 17:17:08 org.apache.catalina.startup.HostConfig deployDirectory
INFO: Deploying web application directory manager
20/07/2011 17:17:08 org.apache.catalina.startup.HostConfig deployDirectory
INFO: Deploying web application directory ROOT
20/07/2011 17:17:08 org.apache.coyote.AbstractProtocol start
INFO: Starting ProtocolHandler ["http-bio-8080"]
20/07/2011 17:17:08 org.apache.coyote.AbstractProtocol start
INFO: Starting ProtocolHandler ["ajp-bio-8009"]
20/07/2011 17:17:08 org.apache.catalina.startup.Catalina start
INFO: Server startup in 4209 ms
20/07/2011 17:18:08 org.apache.catalina.startup.HostConfig checkResources
INFO: Reloading context [/alarmeAndroid2]
20/07/2011 17:18:09 com.sun.faces.config.ConfigureListener contextInitialized
INFO: Initializing Mojarra (1.2_08-b06-FCS) for context '/alarmeAndroid2'
20/07/2011 17:18:10 com.sun.faces.spi.InjectionProviderFactory createInstance
INFO: JSF1048: PostConstruct/PreDestroy annotations present.  ManagedBeans methods marked with these annotations will have said annotations processed.
20/07/2011 17:18:11 org.apache.catalina.core.StandardServer await
INFO: A valid shutdown command was received via the shutdown port. Stopping the Server instance.
20/07/2011 17:18:11 org.apache.coyote.AbstractProtocol pause
INFO: Pausing ProtocolHandler ["http-bio-8080"]
20/07/2011 17:18:11 org.ajax4jsf.cache.CacheManager getCacheFactory
INFO: Selected [org.ajax4jsf.cache.LRUMapCacheFactory] cache factory
20/07/2011 17:18:11 org.ajax4jsf.cache.LRUMapCacheFactory createCache
INFO: Creating LRUMap cache instance using parameters: {facelets.DEVELOPMENT=true, org.richfaces.SKIN=blueSky, facelets.REFRESH_PERIOD=2, javax.faces.STATE_SAVING_METHOD=server, javax.faces.DEFAULT_SUFFIX=.jsf}
20/07/2011 17:18:11 org.ajax4jsf.cache.LRUMapCacheFactory createCache
INFO: Creating LRUMap cache instance of default capacity
20/07/2011 17:18:11 org.ajax4jsf.cache.CacheManager getCacheFactory
INFO: Selected [org.ajax4jsf.cache.LRUMapCacheFactory] cache factory
20/07/2011 17:18:11 org.ajax4jsf.cache.LRUMapCacheFactory createCache
INFO: Creating LRUMap cache instance using parameters: {facelets.DEVELOPMENT=true, org.richfaces.SKIN=blueSky, facelets.REFRESH_PERIOD=2, javax.faces.STATE_SAVING_METHOD=server, javax.faces.DEFAULT_SUFFIX=.jsf}
20/07/2011 17:18:11 org.ajax4jsf.cache.LRUMapCacheFactory createCache
INFO: Creating LRUMap cache instance of default capacity
20/07/2011 17:18:12 org.apache.coyote.AbstractProtocol pause
INFO: Pausing ProtocolHandler ["ajp-bio-8009"]
20/07/2011 17:18:12 org.apache.catalina.core.AprLifecycleListener init
INFO: The APR based Apache Tomcat Native library which allows optimal performance in production environments was not found on the java.library.path: C:\Program Files\Java\jdk1.6.0_23\bin;.;C:\Windows\Sun\Java\bin;C:\Windows\system32;C:\Windows;C:\Program Files\Common Files\Microsoft Shared\Windows Live;C:\Windows\system32;C:\Windows;C:\Windows\System32\Wbem;D:\Programacao\Android\android-sdk-windows\tools;C:\Program Files\TortoiseSVN\bin;C:\Program Files\Java\jdk1.6.0_23\bin;C:\Program Files\Windows Live\Shared;C:\Windows\System32\WindowsPowerShell\v1.0\
20/07/2011 17:18:13 org.apache.catalina.core.StandardService stopInternal
INFO: Stopping service Catalina
20/07/2011 17:18:13 org.apache.coyote.AbstractProtocol init
INFO: Initializing ProtocolHandler ["http-bio-8080"]
20/07/2011 17:18:13 org.apache.coyote.AbstractProtocol stop
INFO: Stopping ProtocolHandler ["http-bio-8080"]
20/07/2011 17:18:13 org.apache.coyote.AbstractProtocol stop
INFO: Stopping ProtocolHandler ["ajp-bio-8009"]
20/07/2011 17:18:13 org.apache.coyote.AbstractProtocol destroy
INFO: Destroying ProtocolHandler ["http-bio-8080"]
20/07/2011 17:18:13 org.apache.coyote.AbstractProtocol destroy
INFO: Destroying ProtocolHandler ["ajp-bio-8009"]
20/07/2011 17:18:13 org.apache.coyote.AbstractProtocol init
INFO: Initializing ProtocolHandler ["ajp-bio-8009"]
20/07/2011 17:18:13 org.apache.catalina.startup.Catalina load
INFO: Initialization processed in 773 ms
20/07/2011 17:18:13 org.apache.catalina.core.StandardService startInternal
INFO: Starting service Catalina
20/07/2011 17:18:13 org.apache.catalina.core.StandardEngine startInternal
INFO: Starting Servlet Engine: Apache Tomcat/7.0.19
20/07/2011 17:18:13 org.apache.catalina.startup.HostConfig deployDirectory
INFO: Deploying web application directory alarmeAndroid
20/07/2011 17:18:14 com.sun.faces.config.ConfigureListener contextInitialized
INFO: Initializing Mojarra (1.2_08-b06-FCS) for context '/alarmeAndroid'
20/07/2011 17:18:14 com.sun.faces.spi.InjectionProviderFactory createInstance
INFO: JSF1048: PostConstruct/PreDestroy annotations present.  ManagedBeans methods marked with these annotations will have said annotations processed.
20/07/2011 17:18:14 org.apache.catalina.startup.HostConfig deployDirectory
INFO: Deploying web application directory alarmeAndroid2
20/07/2011 17:18:15 com.sun.faces.config.ConfigureListener contextInitialized
INFO: Initializing Mojarra (1.2_08-b06-FCS) for context '/alarmeAndroid2'
20/07/2011 17:18:16 com.sun.faces.spi.InjectionProviderFactory createInstance
INFO: JSF1048: PostConstruct/PreDestroy annotations present.  ManagedBeans methods marked with these annotations will have said annotations processed.
20/07/2011 17:18:17 org.ajax4jsf.cache.CacheManager getCacheFactory
INFO: Selected [org.ajax4jsf.cache.LRUMapCacheFactory] cache factory
20/07/2011 17:18:17 org.ajax4jsf.cache.LRUMapCacheFactory createCache
INFO: Creating LRUMap cache instance using parameters: {facelets.DEVELOPMENT=true, org.richfaces.SKIN=blueSky, facelets.REFRESH_PERIOD=2, javax.faces.STATE_SAVING_METHOD=server, javax.faces.DEFAULT_SUFFIX=.jsf}
20/07/2011 17:18:17 org.ajax4jsf.cache.LRUMapCacheFactory createCache
INFO: Creating LRUMap cache instance of default capacity
20/07/2011 17:18:17 org.ajax4jsf.cache.CacheManager getCacheFactory
INFO: Selected [org.ajax4jsf.cache.LRUMapCacheFactory] cache factory
20/07/2011 17:18:17 org.ajax4jsf.cache.LRUMapCacheFactory createCache
INFO: Creating LRUMap cache instance using parameters: {facelets.DEVELOPMENT=true, org.richfaces.SKIN=blueSky, facelets.REFRESH_PERIOD=2, javax.faces.STATE_SAVING_METHOD=server, javax.faces.DEFAULT_SUFFIX=.jsf}
20/07/2011 17:18:17 org.ajax4jsf.cache.LRUMapCacheFactory createCache
INFO: Creating LRUMap cache instance of default capacity
20/07/2011 17:18:17 org.apache.catalina.startup.HostConfig deployDirectory
INFO: Deploying web application directory docs
20/07/2011 17:18:17 org.apache.catalina.startup.HostConfig deployDirectory
INFO: Deploying web application directory examples
20/07/2011 17:18:17 org.apache.catalina.startup.HostConfig deployDirectory
INFO: Deploying web application directory host-manager
20/07/2011 17:18:17 org.apache.catalina.startup.HostConfig deployDirectory
INFO: Deploying web application directory manager
20/07/2011 17:18:17 org.apache.catalina.startup.HostConfig deployDirectory
INFO: Deploying web application directory ROOT
20/07/2011 17:18:17 org.apache.coyote.AbstractProtocol start
INFO: Starting ProtocolHandler ["http-bio-8080"]
20/07/2011 17:18:17 org.apache.coyote.AbstractProtocol start
INFO: Starting ProtocolHandler ["ajp-bio-8009"]
20/07/2011 17:18:17 org.apache.catalina.startup.Catalina start
INFO: Server startup in 4222 ms
20/07/2011 17:19:06 org.apache.catalina.core.AprLifecycleListener init
INFO: The APR based Apache Tomcat Native library which allows optimal performance in production environments was not found on the java.library.path: C:\Program Files\Java\jdk1.6.0_23\bin;.;C:\Windows\Sun\Java\bin;C:\Windows\system32;C:\Windows;C:\Program Files\Common Files\Microsoft Shared\Windows Live;C:\Windows\system32;C:\Windows;C:\Windows\System32\Wbem;D:\Programacao\Android\android-sdk-windows\tools;C:\Program Files\TortoiseSVN\bin;C:\Program Files\Java\jdk1.6.0_23\bin;C:\Program Files\Windows Live\Shared;C:\Windows\System32\WindowsPowerShell\v1.0\
20/07/2011 17:19:06 org.apache.coyote.AbstractProtocol init
INFO: Initializing ProtocolHandler ["http-bio-8080"]
20/07/2011 17:19:06 org.apache.coyote.AbstractProtocol init
INFO: Initializing ProtocolHandler ["ajp-bio-8009"]
20/07/2011 17:19:06 org.apache.catalina.startup.Catalina load
INFO: Initialization processed in 641 ms
20/07/2011 17:19:06 org.apache.catalina.core.StandardService startInternal
INFO: Starting service Catalina
20/07/2011 17:19:06 org.apache.catalina.core.StandardEngine startInternal
INFO: Starting Servlet Engine: Apache Tomcat/7.0.19
20/07/2011 17:19:06 org.apache.catalina.startup.HostConfig deployDirectory
INFO: Deploying web application directory alarmeAndroid
20/07/2011 17:19:07 com.sun.faces.config.ConfigureListener contextInitialized
INFO: Initializing Mojarra (1.2_08-b06-FCS) for context '/alarmeAndroid'
20/07/2011 17:19:07 com.sun.faces.spi.InjectionProviderFactory createInstance
INFO: JSF1048: PostConstruct/PreDestroy annotations present.  ManagedBeans methods marked with these annotations will have said annotations processed.
20/07/2011 17:19:07 org.apache.catalina.startup.HostConfig deployDirectory
INFO: Deploying web application directory alarmeAndroid2
20/07/2011 17:19:08 com.sun.faces.config.ConfigureListener contextInitialized
INFO: Initializing Mojarra (1.2_08-b06-FCS) for context '/alarmeAndroid2'
20/07/2011 17:19:08 com.sun.faces.spi.InjectionProviderFactory createInstance
INFO: JSF1048: PostConstruct/PreDestroy annotations present.  ManagedBeans methods marked with these annotations will have said annotations processed.
20/07/2011 17:19:09 org.ajax4jsf.cache.CacheManager getCacheFactory
INFO: Selected [org.ajax4jsf.cache.LRUMapCacheFactory] cache factory
20/07/2011 17:19:09 org.ajax4jsf.cache.LRUMapCacheFactory createCache
INFO: Creating LRUMap cache instance using parameters: {facelets.DEVELOPMENT=true, org.richfaces.SKIN=blueSky, facelets.REFRESH_PERIOD=2, javax.faces.STATE_SAVING_METHOD=server, javax.faces.DEFAULT_SUFFIX=.xhtml}
20/07/2011 17:19:09 org.ajax4jsf.cache.LRUMapCacheFactory createCache
INFO: Creating LRUMap cache instance of default capacity
20/07/2011 17:19:09 org.ajax4jsf.cache.CacheManager getCacheFactory
INFO: Selected [org.ajax4jsf.cache.LRUMapCacheFactory] cache factory
20/07/2011 17:19:09 org.ajax4jsf.cache.LRUMapCacheFactory createCache
INFO: Creating LRUMap cache instance using parameters: {facelets.DEVELOPMENT=true, org.richfaces.SKIN=blueSky, facelets.REFRESH_PERIOD=2, javax.faces.STATE_SAVING_METHOD=server, javax.faces.DEFAULT_SUFFIX=.xhtml}
20/07/2011 17:19:09 org.ajax4jsf.cache.LRUMapCacheFactory createCache
INFO: Creating LRUMap cache instance of default capacity
20/07/2011 17:19:09 org.apache.catalina.startup.HostConfig deployDirectory
INFO: Deploying web application directory docs
20/07/2011 17:19:09 org.apache.catalina.startup.HostConfig deployDirectory
INFO: Deploying web application directory examples
20/07/2011 17:19:09 org.apache.catalina.startup.HostConfig deployDirectory
INFO: Deploying web application directory host-manager
20/07/2011 17:19:09 org.apache.catalina.startup.HostConfig deployDirectory
INFO: Deploying web application directory manager
20/07/2011 17:19:09 org.apache.catalina.startup.HostConfig deployDirectory
INFO: Deploying web application directory ROOT
20/07/2011 17:19:09 org.apache.coyote.AbstractProtocol start
INFO: Starting ProtocolHandler ["http-bio-8080"]
20/07/2011 17:19:09 org.apache.coyote.AbstractProtocol start
INFO: Starting ProtocolHandler ["ajp-bio-8009"]
20/07/2011 17:19:09 org.apache.catalina.startup.Catalina start
INFO: Server startup in 3422 ms
20/07/2011 17:19:43 org.apache.catalina.core.StandardServer await
INFO: A valid shutdown command was received via the shutdown port. Stopping the Server instance.
20/07/2011 17:19:43 org.apache.coyote.AbstractProtocol pause
INFO: Pausing ProtocolHandler ["http-bio-8080"]
20/07/2011 17:19:44 org.apache.coyote.AbstractProtocol pause
INFO: Pausing ProtocolHandler ["ajp-bio-8009"]
20/07/2011 17:19:45 org.apache.catalina.core.StandardService stopInternal
INFO: Stopping service Catalina
20/07/2011 17:19:45 org.apache.coyote.AbstractProtocol stop
INFO: Stopping ProtocolHandler ["http-bio-8080"]
20/07/2011 17:19:45 org.apache.coyote.AbstractProtocol stop
INFO: Stopping ProtocolHandler ["ajp-bio-8009"]
20/07/2011 17:19:45 org.apache.coyote.AbstractProtocol destroy
INFO: Destroying ProtocolHandler ["http-bio-8080"]
20/07/2011 17:19:45 org.apache.coyote.AbstractProtocol destroy
INFO: Destroying ProtocolHandler ["ajp-bio-8009"]
20/07/2011 17:19:49 org.apache.catalina.core.AprLifecycleListener init
INFO: The APR based Apache Tomcat Native library which allows optimal performance in production environments was not found on the java.library.path: C:\Program Files\Java\jdk1.6.0_23\bin;.;C:\Windows\Sun\Java\bin;C:\Windows\system32;C:\Windows;C:\Program Files\Common Files\Microsoft Shared\Windows Live;C:\Windows\system32;C:\Windows;C:\Windows\System32\Wbem;D:\Programacao\Android\android-sdk-windows\tools;C:\Program Files\TortoiseSVN\bin;C:\Program Files\Java\jdk1.6.0_23\bin;C:\Program Files\Windows Live\Shared;C:\Windows\System32\WindowsPowerShell\v1.0\
20/07/2011 17:19:49 org.apache.coyote.AbstractProtocol init
INFO: Initializing ProtocolHandler ["http-bio-8080"]
20/07/2011 17:19:49 org.apache.coyote.AbstractProtocol init
INFO: Initializing ProtocolHandler ["ajp-bio-8009"]
20/07/2011 17:19:49 org.apache.catalina.startup.Catalina load
INFO: Initialization processed in 717 ms
20/07/2011 17:19:49 org.apache.catalina.core.StandardService startInternal
INFO: Starting service Catalina
20/07/2011 17:19:49 org.apache.catalina.core.StandardEngine startInternal
INFO: Starting Servlet Engine: Apache Tomcat/7.0.19
20/07/2011 17:19:49 org.apache.catalina.startup.HostConfig deployDirectory
INFO: Deploying web application directory alarmeAndroid
20/07/2011 17:19:50 com.sun.faces.config.ConfigureListener contextInitialized
INFO: Initializing Mojarra (1.2_08-b06-FCS) for context '/alarmeAndroid'
20/07/2011 17:19:50 com.sun.faces.spi.InjectionProviderFactory createInstance
INFO: JSF1048: PostConstruct/PreDestroy annotations present.  ManagedBeans methods marked with these annotations will have said annotations processed.
20/07/2011 17:19:50 org.apache.catalina.startup.HostConfig deployDirectory
INFO: Deploying web application directory alarmeAndroid2
20/07/2011 17:19:51 com.sun.faces.config.ConfigureListener contextInitialized
INFO: Initializing Mojarra (1.2_08-b06-FCS) for context '/alarmeAndroid2'
20/07/2011 17:19:51 com.sun.faces.spi.InjectionProviderFactory createInstance
INFO: JSF1048: PostConstruct/PreDestroy annotations present.  ManagedBeans methods marked with these annotations will have said annotations processed.
20/07/2011 17:19:52 org.ajax4jsf.cache.CacheManager getCacheFactory
INFO: Selected [org.ajax4jsf.cache.LRUMapCacheFactory] cache factory
20/07/2011 17:19:52 org.ajax4jsf.cache.LRUMapCacheFactory createCache
INFO: Creating LRUMap cache instance using parameters: {facelets.DEVELOPMENT=true, org.richfaces.SKIN=blueSky, facelets.REFRESH_PERIOD=2, javax.faces.STATE_SAVING_METHOD=server, javax.faces.DEFAULT_SUFFIX=.xhtml}
20/07/2011 17:19:52 org.ajax4jsf.cache.LRUMapCacheFactory createCache
INFO: Creating LRUMap cache instance of default capacity
20/07/2011 17:19:52 org.ajax4jsf.cache.CacheManager getCacheFactory
INFO: Selected [org.ajax4jsf.cache.LRUMapCacheFactory] cache factory
20/07/2011 17:19:52 org.ajax4jsf.cache.LRUMapCacheFactory createCache
INFO: Creating LRUMap cache instance using parameters: {facelets.DEVELOPMENT=true, org.richfaces.SKIN=blueSky, facelets.REFRESH_PERIOD=2, javax.faces.STATE_SAVING_METHOD=server, javax.faces.DEFAULT_SUFFIX=.xhtml}
20/07/2011 17:19:52 org.ajax4jsf.cache.LRUMapCacheFactory createCache
INFO: Creating LRUMap cache instance of default capacity
20/07/2011 17:19:52 org.apache.catalina.startup.HostConfig deployDirectory
INFO: Deploying web application directory docs
20/07/2011 17:19:52 org.apache.catalina.startup.HostConfig deployDirectory
INFO: Deploying web application directory examples
20/07/2011 17:19:52 org.apache.catalina.startup.HostConfig deployDirectory
INFO: Deploying web application directory host-manager
20/07/2011 17:19:52 org.apache.catalina.startup.HostConfig deployDirectory
INFO: Deploying web application directory manager
20/07/2011 17:19:52 org.apache.catalina.startup.HostConfig deployDirectory
INFO: Deploying web application directory ROOT
20/07/2011 17:19:52 org.apache.coyote.AbstractProtocol start
INFO: Starting ProtocolHandler ["http-bio-8080"]
20/07/2011 17:19:52 org.apache.coyote.AbstractProtocol start
INFO: Starting ProtocolHandler ["ajp-bio-8009"]
20/07/2011 17:19:52 org.apache.catalina.startup.Catalina start
INFO: Server startup in 3499 ms
20/07/2011 17:20:32 org.apache.catalina.startup.HostConfig checkResources
INFO: Reloading context [/alarmeAndroid2]
20/07/2011 17:20:34 com.sun.faces.config.ConfigureListener contextInitialized
INFO: Initializing Mojarra (1.2_08-b06-FCS) for context '/alarmeAndroid2'
20/07/2011 17:20:34 com.sun.faces.spi.InjectionProviderFactory createInstance
INFO: JSF1048: PostConstruct/PreDestroy annotations present.  ManagedBeans methods marked with these annotations will have said annotations processed.
20/07/2011 17:20:35 org.ajax4jsf.cache.CacheManager getCacheFactory
INFO: Selected [org.ajax4jsf.cache.LRUMapCacheFactory] cache factory
20/07/2011 17:20:35 org.ajax4jsf.cache.LRUMapCacheFactory createCache
INFO: Creating LRUMap cache instance using parameters: {facelets.DEVELOPMENT=true, org.richfaces.SKIN=blueSky, facelets.REFRESH_PERIOD=2, javax.faces.STATE_SAVING_METHOD=server, javax.faces.DEFAULT_SUFFIX=.jsp}
20/07/2011 17:20:35 org.ajax4jsf.cache.LRUMapCacheFactory createCache
INFO: Creating LRUMap cache instance of default capacity
20/07/2011 17:20:35 org.ajax4jsf.cache.CacheManager getCacheFactory
INFO: Selected [org.ajax4jsf.cache.LRUMapCacheFactory] cache factory
20/07/2011 17:20:35 org.ajax4jsf.cache.LRUMapCacheFactory createCache
INFO: Creating LRUMap cache instance using parameters: {facelets.DEVELOPMENT=true, org.richfaces.SKIN=blueSky, facelets.REFRESH_PERIOD=2, javax.faces.STATE_SAVING_METHOD=server, javax.faces.DEFAULT_SUFFIX=.jsp}
20/07/2011 17:20:35 org.ajax4jsf.cache.LRUMapCacheFactory createCache
INFO: Creating LRUMap cache instance of default capacity
20/07/2011 17:20:44 org.apache.catalina.core.StandardServer await
INFO: A valid shutdown command was received via the shutdown port. Stopping the Server instance.
20/07/2011 17:20:44 org.apache.coyote.AbstractProtocol pause
INFO: Pausing ProtocolHandler ["http-bio-8080"]
20/07/2011 17:20:45 org.apache.coyote.AbstractProtocol pause
INFO: Pausing ProtocolHandler ["ajp-bio-8009"]
20/07/2011 17:20:46 org.apache.catalina.core.StandardService stopInternal
INFO: Stopping service Catalina
20/07/2011 17:20:46 org.apache.catalina.core.AprLifecycleListener init
INFO: The APR based Apache Tomcat Native library which allows optimal performance in production environments was not found on the java.library.path: C:\Program Files\Java\jdk1.6.0_23\bin;.;C:\Windows\Sun\Java\bin;C:\Windows\system32;C:\Windows;C:\Program Files\Common Files\Microsoft Shared\Windows Live;C:\Windows\system32;C:\Windows;C:\Windows\System32\Wbem;D:\Programacao\Android\android-sdk-windows\tools;C:\Program Files\TortoiseSVN\bin;C:\Program Files\Java\jdk1.6.0_23\bin;C:\Program Files\Windows Live\Shared;C:\Windows\System32\WindowsPowerShell\v1.0\
20/07/2011 17:20:46 org.apache.coyote.AbstractProtocol stop
INFO: Stopping ProtocolHandler ["http-bio-8080"]
20/07/2011 17:20:46 org.apache.coyote.AbstractProtocol stop
INFO: Stopping ProtocolHandler ["ajp-bio-8009"]
20/07/2011 17:20:46 org.apache.coyote.AbstractProtocol destroy
INFO: Destroying ProtocolHandler ["http-bio-8080"]
20/07/2011 17:20:46 org.apache.coyote.AbstractProtocol destroy
INFO: Destroying ProtocolHandler ["ajp-bio-8009"]
20/07/2011 17:20:46 org.apache.coyote.AbstractProtocol init
INFO: Initializing ProtocolHandler ["http-bio-8080"]
20/07/2011 17:20:46 org.apache.coyote.AbstractProtocol init
INFO: Initializing ProtocolHandler ["ajp-bio-8009"]
20/07/2011 17:20:46 org.apache.catalina.startup.Catalina load
INFO: Initialization processed in 937 ms
20/07/2011 17:20:46 org.apache.catalina.core.StandardService startInternal
INFO: Starting service Catalina
20/07/2011 17:20:46 org.apache.catalina.core.StandardEngine startInternal
INFO: Starting Servlet Engine: Apache Tomcat/7.0.19
20/07/2011 17:20:46 org.apache.catalina.startup.HostConfig deployDirectory
INFO: Deploying web application directory alarmeAndroid
20/07/2011 17:20:47 com.sun.faces.config.ConfigureListener contextInitialized
INFO: Initializing Mojarra (1.2_08-b06-FCS) for context '/alarmeAndroid'
20/07/2011 17:20:48 com.sun.faces.spi.InjectionProviderFactory createInstance
INFO: JSF1048: PostConstruct/PreDestroy annotations present.  ManagedBeans methods marked with these annotations will have said annotations processed.
20/07/2011 17:20:48 org.apache.catalina.startup.HostConfig deployDirectory
INFO: Deploying web application directory alarmeAndroid2
20/07/2011 17:20:49 com.sun.faces.config.ConfigureListener contextInitialized
INFO: Initializing Mojarra (1.2_08-b06-FCS) for context '/alarmeAndroid2'
20/07/2011 17:20:49 com.sun.faces.spi.InjectionProviderFactory createInstance
INFO: JSF1048: PostConstruct/PreDestroy annotations present.  ManagedBeans methods marked with these annotations will have said annotations processed.
20/07/2011 17:20:50 org.ajax4jsf.cache.CacheManager getCacheFactory
INFO: Selected [org.ajax4jsf.cache.LRUMapCacheFactory] cache factory
20/07/2011 17:20:50 org.ajax4jsf.cache.LRUMapCacheFactory createCache
INFO: Creating LRUMap cache instance using parameters: {facelets.DEVELOPMENT=true, org.richfaces.SKIN=blueSky, facelets.REFRESH_PERIOD=2, javax.faces.STATE_SAVING_METHOD=server, javax.faces.DEFAULT_SUFFIX=.jsp}
20/07/2011 17:20:50 org.ajax4jsf.cache.LRUMapCacheFactory createCache
INFO: Creating LRUMap cache instance of default capacity
20/07/2011 17:20:50 org.ajax4jsf.cache.CacheManager getCacheFactory
INFO: Selected [org.ajax4jsf.cache.LRUMapCacheFactory] cache factory
20/07/2011 17:20:50 org.ajax4jsf.cache.LRUMapCacheFactory createCache
INFO: Creating LRUMap cache instance using parameters: {facelets.DEVELOPMENT=true, org.richfaces.SKIN=blueSky, facelets.REFRESH_PERIOD=2, javax.faces.STATE_SAVING_METHOD=server, javax.faces.DEFAULT_SUFFIX=.jsp}
20/07/2011 17:20:50 org.ajax4jsf.cache.LRUMapCacheFactory createCache
INFO: Creating LRUMap cache instance of default capacity
20/07/2011 17:20:50 org.apache.catalina.startup.HostConfig deployDirectory
INFO: Deploying web application directory docs
20/07/2011 17:20:50 org.apache.catalina.startup.HostConfig deployDirectory
INFO: Deploying web application directory examples
20/07/2011 17:20:50 org.apache.catalina.startup.HostConfig deployDirectory
INFO: Deploying web application directory host-manager
20/07/2011 17:20:50 org.apache.catalina.startup.HostConfig deployDirectory
INFO: Deploying web application directory manager
20/07/2011 17:20:51 org.apache.catalina.startup.HostConfig deployDirectory
INFO: Deploying web application directory ROOT
20/07/2011 17:20:51 org.apache.coyote.AbstractProtocol start
INFO: Starting ProtocolHandler ["http-bio-8080"]
20/07/2011 17:20:51 org.apache.coyote.AbstractProtocol start
INFO: Starting ProtocolHandler ["ajp-bio-8009"]
20/07/2011 17:20:51 org.apache.catalina.startup.Catalina start
INFO: Server startup in 4335 ms
20/07/2011 17:20:58 org.apache.jasper.compiler.TldLocationsCache tldScanJar
INFO: At least one JAR was scanned for TLDs yet contained no TLDs. Enable debug logging for this logger for a complete list of JARs that were scanned but no TLDs were found in them. Skipping unneeded JARs during scanning can improve startup time and JSP compilation time.
20/07/2011 17:43:06 org.apache.catalina.core.AprLifecycleListener init
INFO: The APR based Apache Tomcat Native library which allows optimal performance in production environments was not found on the java.library.path: C:\Program Files\Java\jdk1.6.0_23\bin;.;C:\Windows\Sun\Java\bin;C:\Windows\system32;C:\Windows;C:\Program Files\Common Files\Microsoft Shared\Windows Live;C:\Windows\system32;C:\Windows;C:\Windows\System32\Wbem;D:\Programacao\Android\android-sdk-windows\tools;C:\Program Files\TortoiseSVN\bin;C:\Program Files\Java\jdk1.6.0_23\bin;C:\Program Files\Windows Live\Shared;C:\Windows\System32\WindowsPowerShell\v1.0\
20/07/2011 17:43:06 org.apache.coyote.AbstractProtocol init
INFO: Initializing ProtocolHandler ["http-bio-8080"]
20/07/2011 17:43:06 org.apache.coyote.AbstractProtocol init
INFO: Initializing ProtocolHandler ["ajp-bio-8009"]
20/07/2011 17:43:06 org.apache.catalina.startup.Catalina load
INFO: Initialization processed in 685 ms
20/07/2011 17:43:06 org.apache.catalina.core.StandardService startInternal
INFO: Starting service Catalina
20/07/2011 17:43:06 org.apache.catalina.core.StandardEngine startInternal
INFO: Starting Servlet Engine: Apache Tomcat/7.0.19
20/07/2011 17:43:06 org.apache.catalina.startup.HostConfig deployDirectory
INFO: Deploying web application directory alarmeAndroid
20/07/2011 17:43:07 com.sun.faces.config.ConfigureListener contextInitialized
INFO: Initializing Mojarra (1.2_08-b06-FCS) for context '/alarmeAndroid'
20/07/2011 17:43:07 com.sun.faces.spi.InjectionProviderFactory createInstance
INFO: JSF1048: PostConstruct/PreDestroy annotations present.  ManagedBeans methods marked with these annotations will have said annotations processed.
20/07/2011 17:43:08 org.apache.catalina.startup.HostConfig deployDirectory
INFO: Deploying web application directory alarmeAndroid2
20/07/2011 17:43:09 com.sun.faces.config.ConfigureListener contextInitialized
INFO: Initializing Mojarra (1.2_08-b06-FCS) for context '/alarmeAndroid2'
20/07/2011 17:43:09 com.sun.faces.spi.InjectionProviderFactory createInstance
INFO: JSF1048: PostConstruct/PreDestroy annotations present.  ManagedBeans methods marked with these annotations will have said annotations processed.
20/07/2011 17:43:10 org.ajax4jsf.cache.CacheManager getCacheFactory
INFO: Selected [org.ajax4jsf.cache.LRUMapCacheFactory] cache factory
20/07/2011 17:43:10 org.ajax4jsf.cache.LRUMapCacheFactory createCache
INFO: Creating LRUMap cache instance using parameters: {facelets.DEVELOPMENT=true, org.richfaces.SKIN=blueSky, facelets.REFRESH_PERIOD=2, javax.faces.STATE_SAVING_METHOD=server, javax.faces.DEFAULT_SUFFIX=.jsp}
20/07/2011 17:43:10 org.ajax4jsf.cache.LRUMapCacheFactory createCache
INFO: Creating LRUMap cache instance of default capacity
20/07/2011 17:43:10 org.ajax4jsf.cache.CacheManager getCacheFactory
INFO: Selected [org.ajax4jsf.cache.LRUMapCacheFactory] cache factory
20/07/2011 17:43:10 org.ajax4jsf.cache.LRUMapCacheFactory createCache
INFO: Creating LRUMap cache instance using parameters: {facelets.DEVELOPMENT=true, org.richfaces.SKIN=blueSky, facelets.REFRESH_PERIOD=2, javax.faces.STATE_SAVING_METHOD=server, javax.faces.DEFAULT_SUFFIX=.jsp}
20/07/2011 17:43:10 org.ajax4jsf.cache.LRUMapCacheFactory createCache
INFO: Creating LRUMap cache instance of default capacity
20/07/2011 17:43:10 org.apache.catalina.startup.HostConfig deployDirectory
INFO: Deploying web application directory docs
20/07/2011 17:43:10 org.apache.catalina.startup.HostConfig deployDirectory
INFO: Deploying web application directory examples
20/07/2011 17:43:11 org.apache.catalina.startup.HostConfig deployDirectory
INFO: Deploying web application directory host-manager
20/07/2011 17:43:11 org.apache.catalina.startup.HostConfig deployDirectory
INFO: Deploying web application directory manager
20/07/2011 17:43:11 org.apache.catalina.startup.HostConfig deployDirectory
INFO: Deploying web application directory ROOT
20/07/2011 17:43:11 org.apache.coyote.AbstractProtocol start
INFO: Starting ProtocolHandler ["http-bio-8080"]
20/07/2011 17:43:11 org.apache.coyote.AbstractProtocol start
INFO: Starting ProtocolHandler ["ajp-bio-8009"]
20/07/2011 17:43:11 org.apache.catalina.startup.Catalina start
INFO: Server startup in 4622 ms
20/07/2011 17:43:18 org.apache.jasper.compiler.TldLocationsCache tldScanJar
INFO: At least one JAR was scanned for TLDs yet contained no TLDs. Enable debug logging for this logger for a complete list of JARs that were scanned but no TLDs were found in them. Skipping unneeded JARs during scanning can improve startup time and JSP compilation time.
