30/09/2011 17:43:03 org.apache.catalina.core.AprLifecycleListener init
INFO: The APR based Apache Tomcat Native library which allows optimal performance in production environments was not found on the java.library.path: C:\Program Files\Java\jdk1.6.0_23\bin;.;C:\Windows\Sun\Java\bin;C:\Windows\system32;C:\Windows;C:\Program Files\Common Files\Microsoft Shared\Windows Live;C:\Windows\system32;C:\Windows;C:\Windows\System32\Wbem;D:\Programacao\Android\android-sdk-windows\tools;C:\Program Files\TortoiseSVN\bin;C:\Program Files\Java\jdk1.6.0_23\bin;C:\Program Files\Windows Live\Shared;C:\Windows\System32\WindowsPowerShell\v1.0\
30/09/2011 17:43:05 org.apache.coyote.AbstractProtocol init
INFO: Initializing ProtocolHandler ["http-bio-8080"]
30/09/2011 17:43:05 org.apache.coyote.AbstractProtocol init
INFO: Initializing ProtocolHandler ["ajp-bio-8009"]
30/09/2011 17:43:05 org.apache.catalina.startup.Catalina load
INFO: Initialization processed in 3070 ms
30/09/2011 17:43:05 org.apache.catalina.core.StandardService startInternal
INFO: Starting service Catalina
30/09/2011 17:43:05 org.apache.catalina.core.StandardEngine startInternal
INFO: Starting Servlet Engine: Apache Tomcat/7.0.19
30/09/2011 17:43:05 org.apache.catalina.startup.HostConfig deployDirectory
INFO: Deploying web application directory AlarmeAndroid
30/09/2011 17:43:08 com.sun.faces.config.ConfigureListener contextInitialized
INFO: Initializing Mojarra (1.2_14-b01-FCS) for context '/AlarmeAndroid'
30/09/2011 17:43:09 com.sun.faces.spi.InjectionProviderFactory createInstance
INFO: JSF1048: PostConstruct/PreDestroy annotations present.  ManagedBeans methods marked with these annotations will have said annotations processed.
30/09/2011 17:43:10 com.sun.faces.config.processor.NavigationConfigProcessor addNavigationRules
AVISO: JSF1057: The resource referred to by from-view-id, 'rastrear.jsp', does not start with '/'.  This will be added for you, but it should be corrected. 
30/09/2011 17:43:10 com.sun.faces.config.processor.NavigationConfigProcessor addNavigationCasesForRule
AVISO: JSF1058: The resource referred to by to-view-id, 'resultadoRastrear.jsp', for navigation from '/rastrear.jsp', does not start with '/'.  This will be added for you, but it should be corrected.
30/09/2011 17:43:10 com.sun.faces.config.processor.NavigationConfigProcessor addNavigationCasesForRule
AVISO: JSF1058: The resource referred to by to-view-id, 'erroRastrear.jsp', for navigation from '/rastrear.jsp', does not start with '/'.  This will be added for you, but it should be corrected.
30/09/2011 17:43:10 com.sun.faces.config.processor.NavigationConfigProcessor addNavigationRules
AVISO: JSF1057: The resource referred to by from-view-id, 'resultadoRastrear.jsp', does not start with '/'.  This will be added for you, but it should be corrected. 
30/09/2011 17:43:10 com.sun.faces.config.processor.NavigationConfigProcessor addNavigationCasesForRule
AVISO: JSF1058: The resource referred to by to-view-id, 'rastrear.jsp', for navigation from '/resultadoRastrear.jsp', does not start with '/'.  This will be added for you, but it should be corrected.
30/09/2011 17:43:10 com.sun.faces.config.processor.NavigationConfigProcessor addNavigationRules
AVISO: JSF1057: The resource referred to by from-view-id, 'erroRastrear.jsp', does not start with '/'.  This will be added for you, but it should be corrected. 
30/09/2011 17:43:10 com.sun.faces.config.processor.NavigationConfigProcessor addNavigationCasesForRule
AVISO: JSF1058: The resource referred to by to-view-id, 'rastrear.jsp', for navigation from '/erroRastrear.jsp', does not start with '/'.  This will be added for you, but it should be corrected.
30/09/2011 17:43:11 org.ajax4jsf.cache.CacheManager getCacheFactory
INFO: Selected [org.ajax4jsf.cache.LRUMapCacheFactory] cache factory
30/09/2011 17:43:11 org.ajax4jsf.cache.LRUMapCacheFactory createCache
INFO: Creating LRUMap cache instance using parameters: {facelets.DEVELOPMENT=true, org.richfaces.SKIN=blueSky, facelets.REFRESH_PERIOD=2, javax.faces.STATE_SAVING_METHOD=server, javax.faces.DEFAULT_SUFFIX=.jsp}
30/09/2011 17:43:11 org.ajax4jsf.cache.LRUMapCacheFactory createCache
INFO: Creating LRUMap cache instance of default capacity
30/09/2011 17:43:11 org.ajax4jsf.cache.CacheManager getCacheFactory
INFO: Selected [org.ajax4jsf.cache.LRUMapCacheFactory] cache factory
30/09/2011 17:43:11 org.ajax4jsf.cache.LRUMapCacheFactory createCache
INFO: Creating LRUMap cache instance using parameters: {facelets.DEVELOPMENT=true, org.richfaces.SKIN=blueSky, facelets.REFRESH_PERIOD=2, javax.faces.STATE_SAVING_METHOD=server, javax.faces.DEFAULT_SUFFIX=.jsp}
30/09/2011 17:43:11 org.ajax4jsf.cache.LRUMapCacheFactory createCache
INFO: Creating LRUMap cache instance of default capacity
30/09/2011 17:43:11 org.apache.catalina.startup.HostConfig deployDirectory
INFO: Deploying web application directory alarmeAndroid2
30/09/2011 17:43:12 com.sun.faces.config.ConfigureListener contextInitialized
INFO: Initializing Mojarra (1.2_08-b06-FCS) for context '/alarmeAndroid2'
30/09/2011 17:43:14 com.sun.faces.spi.InjectionProviderFactory createInstance
INFO: JSF1048: PostConstruct/PreDestroy annotations present.  ManagedBeans methods marked with these annotations will have said annotations processed.
30/09/2011 17:43:15 org.ajax4jsf.cache.CacheManager getCacheFactory
INFO: Selected [org.ajax4jsf.cache.LRUMapCacheFactory] cache factory
30/09/2011 17:43:15 org.ajax4jsf.cache.LRUMapCacheFactory createCache
INFO: Creating LRUMap cache instance using parameters: {facelets.DEVELOPMENT=true, org.richfaces.SKIN=blueSky, facelets.REFRESH_PERIOD=2, javax.faces.STATE_SAVING_METHOD=server, javax.faces.DEFAULT_SUFFIX=.jsp}
30/09/2011 17:43:15 org.ajax4jsf.cache.LRUMapCacheFactory createCache
INFO: Creating LRUMap cache instance of default capacity
30/09/2011 17:43:15 org.ajax4jsf.cache.CacheManager getCacheFactory
INFO: Selected [org.ajax4jsf.cache.LRUMapCacheFactory] cache factory
30/09/2011 17:43:15 org.ajax4jsf.cache.LRUMapCacheFactory createCache
INFO: Creating LRUMap cache instance using parameters: {facelets.DEVELOPMENT=true, org.richfaces.SKIN=blueSky, facelets.REFRESH_PERIOD=2, javax.faces.STATE_SAVING_METHOD=server, javax.faces.DEFAULT_SUFFIX=.jsp}
30/09/2011 17:43:15 org.ajax4jsf.cache.LRUMapCacheFactory createCache
INFO: Creating LRUMap cache instance of default capacity
30/09/2011 17:43:15 org.apache.catalina.startup.HostConfig deployDirectory
INFO: Deploying web application directory alarmeAndroid3
30/09/2011 17:43:17 com.sun.faces.config.ConfigureListener contextInitialized
INFO: Initializing Mojarra (1.2_08-b06-FCS) for context '/alarmeAndroid3'
30/09/2011 17:43:17 com.sun.faces.spi.InjectionProviderFactory createInstance
INFO: JSF1048: PostConstruct/PreDestroy annotations present.  ManagedBeans methods marked with these annotations will have said annotations processed.
30/09/2011 17:43:19 org.ajax4jsf.cache.CacheManager getCacheFactory
INFO: Selected [org.ajax4jsf.cache.LRUMapCacheFactory] cache factory
30/09/2011 17:43:19 org.ajax4jsf.cache.LRUMapCacheFactory createCache
INFO: Creating LRUMap cache instance using parameters: {facelets.DEVELOPMENT=true, org.richfaces.SKIN=blueSky, facelets.REFRESH_PERIOD=2, javax.faces.STATE_SAVING_METHOD=server, javax.faces.DEFAULT_SUFFIX=.jsp}
30/09/2011 17:43:19 org.ajax4jsf.cache.LRUMapCacheFactory createCache
INFO: Creating LRUMap cache instance of default capacity
30/09/2011 17:43:19 org.ajax4jsf.cache.CacheManager getCacheFactory
INFO: Selected [org.ajax4jsf.cache.LRUMapCacheFactory] cache factory
30/09/2011 17:43:19 org.ajax4jsf.cache.LRUMapCacheFactory createCache
INFO: Creating LRUMap cache instance using parameters: {facelets.DEVELOPMENT=true, org.richfaces.SKIN=blueSky, facelets.REFRESH_PERIOD=2, javax.faces.STATE_SAVING_METHOD=server, javax.faces.DEFAULT_SUFFIX=.jsp}
30/09/2011 17:43:19 org.ajax4jsf.cache.LRUMapCacheFactory createCache
INFO: Creating LRUMap cache instance of default capacity
30/09/2011 17:43:19 org.apache.catalina.startup.HostConfig deployDirectory
INFO: Deploying web application directory AlarmeAndroid4
30/09/2011 17:43:20 com.sun.faces.config.ConfigureListener contextInitialized
INFO: Initializing Mojarra (1.2_14-b01-FCS) for context '/AlarmeAndroid4'
30/09/2011 17:43:21 com.sun.faces.spi.InjectionProviderFactory createInstance
INFO: JSF1048: PostConstruct/PreDestroy annotations present.  ManagedBeans methods marked with these annotations will have said annotations processed.
30/09/2011 17:43:22 org.ajax4jsf.cache.CacheManager getCacheFactory
INFO: Selected [org.ajax4jsf.cache.LRUMapCacheFactory] cache factory
30/09/2011 17:43:22 org.ajax4jsf.cache.LRUMapCacheFactory createCache
INFO: Creating LRUMap cache instance using parameters: {facelets.DEVELOPMENT=true, org.richfaces.SKIN=blueSky, facelets.REFRESH_PERIOD=2, javax.faces.STATE_SAVING_METHOD=server, javax.faces.DEFAULT_SUFFIX=.jsp}
30/09/2011 17:43:22 org.ajax4jsf.cache.LRUMapCacheFactory createCache
INFO: Creating LRUMap cache instance of default capacity
30/09/2011 17:43:22 org.ajax4jsf.cache.CacheManager getCacheFactory
INFO: Selected [org.ajax4jsf.cache.LRUMapCacheFactory] cache factory
30/09/2011 17:43:22 org.ajax4jsf.cache.LRUMapCacheFactory createCache
INFO: Creating LRUMap cache instance using parameters: {facelets.DEVELOPMENT=true, org.richfaces.SKIN=blueSky, facelets.REFRESH_PERIOD=2, javax.faces.STATE_SAVING_METHOD=server, javax.faces.DEFAULT_SUFFIX=.jsp}
30/09/2011 17:43:22 org.ajax4jsf.cache.LRUMapCacheFactory createCache
INFO: Creating LRUMap cache instance of default capacity
30/09/2011 17:43:22 org.apache.catalina.startup.HostConfig deployDirectory
INFO: Deploying web application directory docs
30/09/2011 17:43:22 org.apache.catalina.startup.HostConfig deployDirectory
INFO: Deploying web application directory examples
30/09/2011 17:43:22 org.apache.catalina.startup.HostConfig deployDirectory
INFO: Deploying web application directory host-manager
30/09/2011 17:43:22 org.apache.catalina.startup.HostConfig deployDirectory
INFO: Deploying web application directory manager
30/09/2011 17:43:22 org.apache.catalina.startup.HostConfig deployDirectory
INFO: Deploying web application directory ROOT
30/09/2011 17:43:22 org.apache.coyote.AbstractProtocol start
INFO: Starting ProtocolHandler ["http-bio-8080"]
30/09/2011 17:43:22 org.apache.coyote.AbstractProtocol start
INFO: Starting ProtocolHandler ["ajp-bio-8009"]
30/09/2011 17:43:22 org.apache.catalina.startup.Catalina start
INFO: Server startup in 17474 ms
30/09/2011 17:44:47 com.sun.faces.application.ActionListenerImpl processAction
GRAVE: java.lang.NullPointerException
javax.faces.el.EvaluationException: java.lang.NullPointerException
	at javax.faces.component.MethodBindingMethodExpressionAdapter.invoke(MethodBindingMethodExpressionAdapter.java:102)
	at com.sun.faces.application.ActionListenerImpl.processAction(ActionListenerImpl.java:102)
	at javax.faces.component.UICommand.broadcast(UICommand.java:387)
	at org.ajax4jsf.component.AjaxViewRoot.processEvents(AjaxViewRoot.java:329)
	at org.ajax4jsf.component.AjaxViewRoot.broadcastEventsForPhase(AjaxViewRoot.java:304)
	at org.ajax4jsf.component.AjaxViewRoot.processPhase(AjaxViewRoot.java:261)
	at org.ajax4jsf.component.AjaxViewRoot.processApplication(AjaxViewRoot.java:474)
	at com.sun.faces.lifecycle.InvokeApplicationPhase.execute(InvokeApplicationPhase.java:82)
	at com.sun.faces.lifecycle.Phase.doPhase(Phase.java:100)
	at com.sun.faces.lifecycle.LifecycleImpl.execute(LifecycleImpl.java:118)
	at javax.faces.webapp.FacesServlet.service(FacesServlet.java:265)
	at org.apache.catalina.core.ApplicationFilterChain.internalDoFilter(ApplicationFilterChain.java:304)
	at org.apache.catalina.core.ApplicationFilterChain.doFilter(ApplicationFilterChain.java:210)
	at org.ajax4jsf.webapp.BaseXMLFilter.doXmlFilter(BaseXMLFilter.java:206)
	at org.ajax4jsf.webapp.BaseFilter.handleRequest(BaseFilter.java:290)
	at org.ajax4jsf.webapp.BaseFilter.processUploadsAndHandleRequest(BaseFilter.java:388)
	at org.ajax4jsf.webapp.BaseFilter.doFilter(BaseFilter.java:515)
	at org.apache.catalina.core.ApplicationFilterChain.internalDoFilter(ApplicationFilterChain.java:243)
	at org.apache.catalina.core.ApplicationFilterChain.doFilter(ApplicationFilterChain.java:210)
	at org.apache.catalina.core.StandardWrapperValve.invoke(StandardWrapperValve.java:224)
	at org.apache.catalina.core.StandardContextValve.invoke(StandardContextValve.java:175)
	at org.apache.catalina.authenticator.AuthenticatorBase.invoke(AuthenticatorBase.java:462)
	at org.apache.catalina.core.StandardHostValve.invoke(StandardHostValve.java:164)
	at org.apache.catalina.valves.ErrorReportValve.invoke(ErrorReportValve.java:100)
	at org.apache.catalina.valves.AccessLogValve.invoke(AccessLogValve.java:851)
	at org.apache.catalina.core.StandardEngineValve.invoke(StandardEngineValve.java:118)
	at org.apache.catalina.connector.CoyoteAdapter.service(CoyoteAdapter.java:405)
	at org.apache.coyote.http11.Http11Processor.process(Http11Processor.java:278)
	at org.apache.coyote.AbstractProtocol$AbstractConnectionHandler.process(AbstractProtocol.java:515)
	at org.apache.tomcat.util.net.JIoEndpoint$SocketProcessor.run(JIoEndpoint.java:302)
	at java.util.concurrent.ThreadPoolExecutor$Worker.runTask(ThreadPoolExecutor.java:886)
	at java.util.concurrent.ThreadPoolExecutor$Worker.run(ThreadPoolExecutor.java:908)
	at java.lang.Thread.run(Thread.java:662)
Caused by: java.lang.NullPointerException
	at br.fav.alarme.android.jdbc.RastreamentoJDBC.obterUltimoRegistro(RastreamentoJDBC.java:37)
	at br.fav.alarme.android.service.RastreamentoService.obterUltimoRegistro(RastreamentoService.java:18)
	at br.fav.alarme.android.web.controller.RastrearBean.consultarUltimaLocalizacao(RastrearBean.java:49)
	at sun.reflect.NativeMethodAccessorImpl.invoke0(Native Method)
	at sun.reflect.NativeMethodAccessorImpl.invoke(NativeMethodAccessorImpl.java:39)
	at sun.reflect.DelegatingMethodAccessorImpl.invoke(DelegatingMethodAccessorImpl.java:25)
	at java.lang.reflect.Method.invoke(Method.java:597)
	at org.apache.el.parser.AstValue.invoke(AstValue.java:262)
	at org.apache.el.MethodExpressionImpl.invoke(MethodExpressionImpl.java:278)
	at org.apache.jasper.el.JspMethodExpression.invoke(JspMethodExpression.java:70)
	at javax.faces.component.MethodBindingMethodExpressionAdapter.invoke(MethodBindingMethodExpressionAdapter.java:88)
	... 32 more
30/09/2011 17:44:47 com.sun.faces.lifecycle.InvokeApplicationPhase execute
AVISO: #{RastrearBean.consultarUltimaLocalizacao }: java.lang.NullPointerException
javax.faces.FacesException: #{RastrearBean.consultarUltimaLocalizacao }: java.lang.NullPointerException
	at com.sun.faces.application.ActionListenerImpl.processAction(ActionListenerImpl.java:118)
	at javax.faces.component.UICommand.broadcast(UICommand.java:387)
	at org.ajax4jsf.component.AjaxViewRoot.processEvents(AjaxViewRoot.java:329)
	at org.ajax4jsf.component.AjaxViewRoot.broadcastEventsForPhase(AjaxViewRoot.java:304)
	at org.ajax4jsf.component.AjaxViewRoot.processPhase(AjaxViewRoot.java:261)
	at org.ajax4jsf.component.AjaxViewRoot.processApplication(AjaxViewRoot.java:474)
	at com.sun.faces.lifecycle.InvokeApplicationPhase.execute(InvokeApplicationPhase.java:82)
	at com.sun.faces.lifecycle.Phase.doPhase(Phase.java:100)
	at com.sun.faces.lifecycle.LifecycleImpl.execute(LifecycleImpl.java:118)
	at javax.faces.webapp.FacesServlet.service(FacesServlet.java:265)
	at org.apache.catalina.core.ApplicationFilterChain.internalDoFilter(ApplicationFilterChain.java:304)
	at org.apache.catalina.core.ApplicationFilterChain.doFilter(ApplicationFilterChain.java:210)
	at org.ajax4jsf.webapp.BaseXMLFilter.doXmlFilter(BaseXMLFilter.java:206)
	at org.ajax4jsf.webapp.BaseFilter.handleRequest(BaseFilter.java:290)
	at org.ajax4jsf.webapp.BaseFilter.processUploadsAndHandleRequest(BaseFilter.java:388)
	at org.ajax4jsf.webapp.BaseFilter.doFilter(BaseFilter.java:515)
	at org.apache.catalina.core.ApplicationFilterChain.internalDoFilter(ApplicationFilterChain.java:243)
	at org.apache.catalina.core.ApplicationFilterChain.doFilter(ApplicationFilterChain.java:210)
	at org.apache.catalina.core.StandardWrapperValve.invoke(StandardWrapperValve.java:224)
	at org.apache.catalina.core.StandardContextValve.invoke(StandardContextValve.java:175)
	at org.apache.catalina.authenticator.AuthenticatorBase.invoke(AuthenticatorBase.java:462)
	at org.apache.catalina.core.StandardHostValve.invoke(StandardHostValve.java:164)
	at org.apache.catalina.valves.ErrorReportValve.invoke(ErrorReportValve.java:100)
	at org.apache.catalina.valves.AccessLogValve.invoke(AccessLogValve.java:851)
	at org.apache.catalina.core.StandardEngineValve.invoke(StandardEngineValve.java:118)
	at org.apache.catalina.connector.CoyoteAdapter.service(CoyoteAdapter.java:405)
	at org.apache.coyote.http11.Http11Processor.process(Http11Processor.java:278)
	at org.apache.coyote.AbstractProtocol$AbstractConnectionHandler.process(AbstractProtocol.java:515)
	at org.apache.tomcat.util.net.JIoEndpoint$SocketProcessor.run(JIoEndpoint.java:302)
	at java.util.concurrent.ThreadPoolExecutor$Worker.runTask(ThreadPoolExecutor.java:886)
	at java.util.concurrent.ThreadPoolExecutor$Worker.run(ThreadPoolExecutor.java:908)
	at java.lang.Thread.run(Thread.java:662)
Caused by: javax.faces.el.EvaluationException: java.lang.NullPointerException
	at javax.faces.component.MethodBindingMethodExpressionAdapter.invoke(MethodBindingMethodExpressionAdapter.java:102)
	at com.sun.faces.application.ActionListenerImpl.processAction(ActionListenerImpl.java:102)
	... 31 more
Caused by: java.lang.NullPointerException
	at br.fav.alarme.android.jdbc.RastreamentoJDBC.obterUltimoRegistro(RastreamentoJDBC.java:37)
	at br.fav.alarme.android.service.RastreamentoService.obterUltimoRegistro(RastreamentoService.java:18)
	at br.fav.alarme.android.web.controller.RastrearBean.consultarUltimaLocalizacao(RastrearBean.java:49)
	at sun.reflect.NativeMethodAccessorImpl.invoke0(Native Method)
	at sun.reflect.NativeMethodAccessorImpl.invoke(NativeMethodAccessorImpl.java:39)
	at sun.reflect.DelegatingMethodAccessorImpl.invoke(DelegatingMethodAccessorImpl.java:25)
	at java.lang.reflect.Method.invoke(Method.java:597)
	at org.apache.el.parser.AstValue.invoke(AstValue.java:262)
	at org.apache.el.MethodExpressionImpl.invoke(MethodExpressionImpl.java:278)
	at org.apache.jasper.el.JspMethodExpression.invoke(JspMethodExpression.java:70)
	at javax.faces.component.MethodBindingMethodExpressionAdapter.invoke(MethodBindingMethodExpressionAdapter.java:88)
	... 32 more
30/09/2011 17:44:48 com.sun.faces.lifecycle.Phase doPhase
GRAVE: JSF1054: (Phase ID: INVOKE_APPLICATION 5, View ID: /rastrear.jsp) Exception thrown during phase execution: javax.faces.event.PhaseEvent[source=com.sun.faces.lifecycle.LifecycleImpl@f942c4]
30/09/2011 17:44:48 org.ajax4jsf.webapp.BaseXMLFilter doXmlFilter
GRAVE: Exception in the filter chain
javax.servlet.ServletException: #{RastrearBean.consultarUltimaLocalizacao }: java.lang.NullPointerException
	at javax.faces.webapp.FacesServlet.service(FacesServlet.java:277)
	at org.apache.catalina.core.ApplicationFilterChain.internalDoFilter(ApplicationFilterChain.java:304)
	at org.apache.catalina.core.ApplicationFilterChain.doFilter(ApplicationFilterChain.java:210)
	at org.ajax4jsf.webapp.BaseXMLFilter.doXmlFilter(BaseXMLFilter.java:206)
	at org.ajax4jsf.webapp.BaseFilter.handleRequest(BaseFilter.java:290)
	at org.ajax4jsf.webapp.BaseFilter.processUploadsAndHandleRequest(BaseFilter.java:388)
	at org.ajax4jsf.webapp.BaseFilter.doFilter(BaseFilter.java:515)
	at org.apache.catalina.core.ApplicationFilterChain.internalDoFilter(ApplicationFilterChain.java:243)
	at org.apache.catalina.core.ApplicationFilterChain.doFilter(ApplicationFilterChain.java:210)
	at org.apache.catalina.core.StandardWrapperValve.invoke(StandardWrapperValve.java:224)
	at org.apache.catalina.core.StandardContextValve.invoke(StandardContextValve.java:175)
	at org.apache.catalina.authenticator.AuthenticatorBase.invoke(AuthenticatorBase.java:462)
	at org.apache.catalina.core.StandardHostValve.invoke(StandardHostValve.java:164)
	at org.apache.catalina.valves.ErrorReportValve.invoke(ErrorReportValve.java:100)
	at org.apache.catalina.valves.AccessLogValve.invoke(AccessLogValve.java:851)
	at org.apache.catalina.core.StandardEngineValve.invoke(StandardEngineValve.java:118)
	at org.apache.catalina.connector.CoyoteAdapter.service(CoyoteAdapter.java:405)
	at org.apache.coyote.http11.Http11Processor.process(Http11Processor.java:278)
	at org.apache.coyote.AbstractProtocol$AbstractConnectionHandler.process(AbstractProtocol.java:515)
	at org.apache.tomcat.util.net.JIoEndpoint$SocketProcessor.run(JIoEndpoint.java:302)
	at java.util.concurrent.ThreadPoolExecutor$Worker.runTask(ThreadPoolExecutor.java:886)
	at java.util.concurrent.ThreadPoolExecutor$Worker.run(ThreadPoolExecutor.java:908)
	at java.lang.Thread.run(Thread.java:662)
Caused by: javax.faces.FacesException: #{RastrearBean.consultarUltimaLocalizacao }: java.lang.NullPointerException
	at com.sun.faces.application.ActionListenerImpl.processAction(ActionListenerImpl.java:118)
	at javax.faces.component.UICommand.broadcast(UICommand.java:387)
	at org.ajax4jsf.component.AjaxViewRoot.processEvents(AjaxViewRoot.java:329)
	at org.ajax4jsf.component.AjaxViewRoot.broadcastEventsForPhase(AjaxViewRoot.java:304)
	at org.ajax4jsf.component.AjaxViewRoot.processPhase(AjaxViewRoot.java:261)
	at org.ajax4jsf.component.AjaxViewRoot.processApplication(AjaxViewRoot.java:474)
	at com.sun.faces.lifecycle.InvokeApplicationPhase.execute(InvokeApplicationPhase.java:82)
	at com.sun.faces.lifecycle.Phase.doPhase(Phase.java:100)
	at com.sun.faces.lifecycle.LifecycleImpl.execute(LifecycleImpl.java:118)
	at javax.faces.webapp.FacesServlet.service(FacesServlet.java:265)
	... 22 more
Caused by: javax.faces.el.EvaluationException: java.lang.NullPointerException
	at javax.faces.component.MethodBindingMethodExpressionAdapter.invoke(MethodBindingMethodExpressionAdapter.java:102)
	at com.sun.faces.application.ActionListenerImpl.processAction(ActionListenerImpl.java:102)
	... 31 more
Caused by: java.lang.NullPointerException
	at br.fav.alarme.android.jdbc.RastreamentoJDBC.obterUltimoRegistro(RastreamentoJDBC.java:37)
	at br.fav.alarme.android.service.RastreamentoService.obterUltimoRegistro(RastreamentoService.java:18)
	at br.fav.alarme.android.web.controller.RastrearBean.consultarUltimaLocalizacao(RastrearBean.java:49)
	at sun.reflect.NativeMethodAccessorImpl.invoke0(Native Method)
	at sun.reflect.NativeMethodAccessorImpl.invoke(NativeMethodAccessorImpl.java:39)
	at sun.reflect.DelegatingMethodAccessorImpl.invoke(DelegatingMethodAccessorImpl.java:25)
	at java.lang.reflect.Method.invoke(Method.java:597)
	at org.apache.el.parser.AstValue.invoke(AstValue.java:262)
	at org.apache.el.MethodExpressionImpl.invoke(MethodExpressionImpl.java:278)
	at org.apache.jasper.el.JspMethodExpression.invoke(JspMethodExpression.java:70)
	at javax.faces.component.MethodBindingMethodExpressionAdapter.invoke(MethodBindingMethodExpressionAdapter.java:88)
	... 32 more
30/09/2011 17:45:55 com.sun.faces.application.ActionListenerImpl processAction
GRAVE: java.lang.NumberFormatException: For input string: ""
javax.faces.el.EvaluationException: java.lang.NumberFormatException: For input string: ""
	at javax.faces.component.MethodBindingMethodExpressionAdapter.invoke(MethodBindingMethodExpressionAdapter.java:102)
	at com.sun.faces.application.ActionListenerImpl.processAction(ActionListenerImpl.java:102)
	at javax.faces.component.UICommand.broadcast(UICommand.java:387)
	at org.ajax4jsf.component.AjaxViewRoot.processEvents(AjaxViewRoot.java:329)
	at org.ajax4jsf.component.AjaxViewRoot.broadcastEventsForPhase(AjaxViewRoot.java:304)
	at org.ajax4jsf.component.AjaxViewRoot.processPhase(AjaxViewRoot.java:261)
	at org.ajax4jsf.component.AjaxViewRoot.processApplication(AjaxViewRoot.java:474)
	at com.sun.faces.lifecycle.InvokeApplicationPhase.execute(InvokeApplicationPhase.java:82)
	at com.sun.faces.lifecycle.Phase.doPhase(Phase.java:100)
	at com.sun.faces.lifecycle.LifecycleImpl.execute(LifecycleImpl.java:118)
	at javax.faces.webapp.FacesServlet.service(FacesServlet.java:265)
	at org.apache.catalina.core.ApplicationFilterChain.internalDoFilter(ApplicationFilterChain.java:304)
	at org.apache.catalina.core.ApplicationFilterChain.doFilter(ApplicationFilterChain.java:210)
	at org.ajax4jsf.webapp.BaseXMLFilter.doXmlFilter(BaseXMLFilter.java:206)
	at org.ajax4jsf.webapp.BaseFilter.handleRequest(BaseFilter.java:290)
	at org.ajax4jsf.webapp.BaseFilter.processUploadsAndHandleRequest(BaseFilter.java:388)
	at org.ajax4jsf.webapp.BaseFilter.doFilter(BaseFilter.java:515)
	at org.apache.catalina.core.ApplicationFilterChain.internalDoFilter(ApplicationFilterChain.java:243)
	at org.apache.catalina.core.ApplicationFilterChain.doFilter(ApplicationFilterChain.java:210)
	at org.apache.catalina.core.StandardWrapperValve.invoke(StandardWrapperValve.java:224)
	at org.apache.catalina.core.StandardContextValve.invoke(StandardContextValve.java:175)
	at org.apache.catalina.authenticator.AuthenticatorBase.invoke(AuthenticatorBase.java:462)
	at org.apache.catalina.core.StandardHostValve.invoke(StandardHostValve.java:164)
	at org.apache.catalina.valves.ErrorReportValve.invoke(ErrorReportValve.java:100)
	at org.apache.catalina.valves.AccessLogValve.invoke(AccessLogValve.java:851)
	at org.apache.catalina.core.StandardEngineValve.invoke(StandardEngineValve.java:118)
	at org.apache.catalina.connector.CoyoteAdapter.service(CoyoteAdapter.java:405)
	at org.apache.coyote.http11.Http11Processor.process(Http11Processor.java:278)
	at org.apache.coyote.AbstractProtocol$AbstractConnectionHandler.process(AbstractProtocol.java:515)
	at org.apache.tomcat.util.net.JIoEndpoint$SocketProcessor.run(JIoEndpoint.java:302)
	at java.util.concurrent.ThreadPoolExecutor$Worker.runTask(ThreadPoolExecutor.java:886)
	at java.util.concurrent.ThreadPoolExecutor$Worker.run(ThreadPoolExecutor.java:908)
	at java.lang.Thread.run(Thread.java:662)
Caused by: java.lang.NumberFormatException: For input string: ""
	at java.lang.NumberFormatException.forInputString(NumberFormatException.java:48)
	at java.lang.Integer.parseInt(Integer.java:470)
	at java.lang.Integer.parseInt(Integer.java:499)
	at br.fav.alarme.android.web.controller.RastrearBean.consultarUltimaLocalizacao(RastrearBean.java:49)
	at sun.reflect.NativeMethodAccessorImpl.invoke0(Native Method)
	at sun.reflect.NativeMethodAccessorImpl.invoke(NativeMethodAccessorImpl.java:39)
	at sun.reflect.DelegatingMethodAccessorImpl.invoke(DelegatingMethodAccessorImpl.java:25)
	at java.lang.reflect.Method.invoke(Method.java:597)
	at org.apache.el.parser.AstValue.invoke(AstValue.java:262)
	at org.apache.el.MethodExpressionImpl.invoke(MethodExpressionImpl.java:278)
	at org.apache.jasper.el.JspMethodExpression.invoke(JspMethodExpression.java:70)
	at javax.faces.component.MethodBindingMethodExpressionAdapter.invoke(MethodBindingMethodExpressionAdapter.java:88)
	... 32 more
30/09/2011 17:45:55 com.sun.faces.lifecycle.InvokeApplicationPhase execute
AVISO: #{RastrearBean.consultarUltimaLocalizacao }: java.lang.NumberFormatException: For input string: ""
javax.faces.FacesException: #{RastrearBean.consultarUltimaLocalizacao }: java.lang.NumberFormatException: For input string: ""
	at com.sun.faces.application.ActionListenerImpl.processAction(ActionListenerImpl.java:118)
	at javax.faces.component.UICommand.broadcast(UICommand.java:387)
	at org.ajax4jsf.component.AjaxViewRoot.processEvents(AjaxViewRoot.java:329)
	at org.ajax4jsf.component.AjaxViewRoot.broadcastEventsForPhase(AjaxViewRoot.java:304)
	at org.ajax4jsf.component.AjaxViewRoot.processPhase(AjaxViewRoot.java:261)
	at org.ajax4jsf.component.AjaxViewRoot.processApplication(AjaxViewRoot.java:474)
	at com.sun.faces.lifecycle.InvokeApplicationPhase.execute(InvokeApplicationPhase.java:82)
	at com.sun.faces.lifecycle.Phase.doPhase(Phase.java:100)
	at com.sun.faces.lifecycle.LifecycleImpl.execute(LifecycleImpl.java:118)
	at javax.faces.webapp.FacesServlet.service(FacesServlet.java:265)
	at org.apache.catalina.core.ApplicationFilterChain.internalDoFilter(ApplicationFilterChain.java:304)
	at org.apache.catalina.core.ApplicationFilterChain.doFilter(ApplicationFilterChain.java:210)
	at org.ajax4jsf.webapp.BaseXMLFilter.doXmlFilter(BaseXMLFilter.java:206)
	at org.ajax4jsf.webapp.BaseFilter.handleRequest(BaseFilter.java:290)
	at org.ajax4jsf.webapp.BaseFilter.processUploadsAndHandleRequest(BaseFilter.java:388)
	at org.ajax4jsf.webapp.BaseFilter.doFilter(BaseFilter.java:515)
	at org.apache.catalina.core.ApplicationFilterChain.internalDoFilter(ApplicationFilterChain.java:243)
	at org.apache.catalina.core.ApplicationFilterChain.doFilter(ApplicationFilterChain.java:210)
	at org.apache.catalina.core.StandardWrapperValve.invoke(StandardWrapperValve.java:224)
	at org.apache.catalina.core.StandardContextValve.invoke(StandardContextValve.java:175)
	at org.apache.catalina.authenticator.AuthenticatorBase.invoke(AuthenticatorBase.java:462)
	at org.apache.catalina.core.StandardHostValve.invoke(StandardHostValve.java:164)
	at org.apache.catalina.valves.ErrorReportValve.invoke(ErrorReportValve.java:100)
	at org.apache.catalina.valves.AccessLogValve.invoke(AccessLogValve.java:851)
	at org.apache.catalina.core.StandardEngineValve.invoke(StandardEngineValve.java:118)
	at org.apache.catalina.connector.CoyoteAdapter.service(CoyoteAdapter.java:405)
	at org.apache.coyote.http11.Http11Processor.process(Http11Processor.java:278)
	at org.apache.coyote.AbstractProtocol$AbstractConnectionHandler.process(AbstractProtocol.java:515)
	at org.apache.tomcat.util.net.JIoEndpoint$SocketProcessor.run(JIoEndpoint.java:302)
	at java.util.concurrent.ThreadPoolExecutor$Worker.runTask(ThreadPoolExecutor.java:886)
	at java.util.concurrent.ThreadPoolExecutor$Worker.run(ThreadPoolExecutor.java:908)
	at java.lang.Thread.run(Thread.java:662)
Caused by: javax.faces.el.EvaluationException: java.lang.NumberFormatException: For input string: ""
	at javax.faces.component.MethodBindingMethodExpressionAdapter.invoke(MethodBindingMethodExpressionAdapter.java:102)
	at com.sun.faces.application.ActionListenerImpl.processAction(ActionListenerImpl.java:102)
	... 31 more
Caused by: java.lang.NumberFormatException: For input string: ""
	at java.lang.NumberFormatException.forInputString(NumberFormatException.java:48)
	at java.lang.Integer.parseInt(Integer.java:470)
	at java.lang.Integer.parseInt(Integer.java:499)
	at br.fav.alarme.android.web.controller.RastrearBean.consultarUltimaLocalizacao(RastrearBean.java:49)
	at sun.reflect.NativeMethodAccessorImpl.invoke0(Native Method)
	at sun.reflect.NativeMethodAccessorImpl.invoke(NativeMethodAccessorImpl.java:39)
	at sun.reflect.DelegatingMethodAccessorImpl.invoke(DelegatingMethodAccessorImpl.java:25)
	at java.lang.reflect.Method.invoke(Method.java:597)
	at org.apache.el.parser.AstValue.invoke(AstValue.java:262)
	at org.apache.el.MethodExpressionImpl.invoke(MethodExpressionImpl.java:278)
	at org.apache.jasper.el.JspMethodExpression.invoke(JspMethodExpression.java:70)
	at javax.faces.component.MethodBindingMethodExpressionAdapter.invoke(MethodBindingMethodExpressionAdapter.java:88)
	... 32 more
30/09/2011 17:45:55 com.sun.faces.lifecycle.Phase doPhase
GRAVE: JSF1054: (Phase ID: INVOKE_APPLICATION 5, View ID: /rastrear.jsp) Exception thrown during phase execution: javax.faces.event.PhaseEvent[source=com.sun.faces.lifecycle.LifecycleImpl@f942c4]
30/09/2011 17:45:55 org.ajax4jsf.webapp.BaseXMLFilter doXmlFilter
GRAVE: Exception in the filter chain
javax.servlet.ServletException: #{RastrearBean.consultarUltimaLocalizacao }: java.lang.NumberFormatException: For input string: ""
	at javax.faces.webapp.FacesServlet.service(FacesServlet.java:277)
	at org.apache.catalina.core.ApplicationFilterChain.internalDoFilter(ApplicationFilterChain.java:304)
	at org.apache.catalina.core.ApplicationFilterChain.doFilter(ApplicationFilterChain.java:210)
	at org.ajax4jsf.webapp.BaseXMLFilter.doXmlFilter(BaseXMLFilter.java:206)
	at org.ajax4jsf.webapp.BaseFilter.handleRequest(BaseFilter.java:290)
	at org.ajax4jsf.webapp.BaseFilter.processUploadsAndHandleRequest(BaseFilter.java:388)
	at org.ajax4jsf.webapp.BaseFilter.doFilter(BaseFilter.java:515)
	at org.apache.catalina.core.ApplicationFilterChain.internalDoFilter(ApplicationFilterChain.java:243)
	at org.apache.catalina.core.ApplicationFilterChain.doFilter(ApplicationFilterChain.java:210)
	at org.apache.catalina.core.StandardWrapperValve.invoke(StandardWrapperValve.java:224)
	at org.apache.catalina.core.StandardContextValve.invoke(StandardContextValve.java:175)
	at org.apache.catalina.authenticator.AuthenticatorBase.invoke(AuthenticatorBase.java:462)
	at org.apache.catalina.core.StandardHostValve.invoke(StandardHostValve.java:164)
	at org.apache.catalina.valves.ErrorReportValve.invoke(ErrorReportValve.java:100)
	at org.apache.catalina.valves.AccessLogValve.invoke(AccessLogValve.java:851)
	at org.apache.catalina.core.StandardEngineValve.invoke(StandardEngineValve.java:118)
	at org.apache.catalina.connector.CoyoteAdapter.service(CoyoteAdapter.java:405)
	at org.apache.coyote.http11.Http11Processor.process(Http11Processor.java:278)
	at org.apache.coyote.AbstractProtocol$AbstractConnectionHandler.process(AbstractProtocol.java:515)
	at org.apache.tomcat.util.net.JIoEndpoint$SocketProcessor.run(JIoEndpoint.java:302)
	at java.util.concurrent.ThreadPoolExecutor$Worker.runTask(ThreadPoolExecutor.java:886)
	at java.util.concurrent.ThreadPoolExecutor$Worker.run(ThreadPoolExecutor.java:908)
	at java.lang.Thread.run(Thread.java:662)
Caused by: javax.faces.FacesException: #{RastrearBean.consultarUltimaLocalizacao }: java.lang.NumberFormatException: For input string: ""
	at com.sun.faces.application.ActionListenerImpl.processAction(ActionListenerImpl.java:118)
	at javax.faces.component.UICommand.broadcast(UICommand.java:387)
	at org.ajax4jsf.component.AjaxViewRoot.processEvents(AjaxViewRoot.java:329)
	at org.ajax4jsf.component.AjaxViewRoot.broadcastEventsForPhase(AjaxViewRoot.java:304)
	at org.ajax4jsf.component.AjaxViewRoot.processPhase(AjaxViewRoot.java:261)
	at org.ajax4jsf.component.AjaxViewRoot.processApplication(AjaxViewRoot.java:474)
	at com.sun.faces.lifecycle.InvokeApplicationPhase.execute(InvokeApplicationPhase.java:82)
	at com.sun.faces.lifecycle.Phase.doPhase(Phase.java:100)
	at com.sun.faces.lifecycle.LifecycleImpl.execute(LifecycleImpl.java:118)
	at javax.faces.webapp.FacesServlet.service(FacesServlet.java:265)
	... 22 more
Caused by: javax.faces.el.EvaluationException: java.lang.NumberFormatException: For input string: ""
	at javax.faces.component.MethodBindingMethodExpressionAdapter.invoke(MethodBindingMethodExpressionAdapter.java:102)
	at com.sun.faces.application.ActionListenerImpl.processAction(ActionListenerImpl.java:102)
	... 31 more
Caused by: java.lang.NumberFormatException: For input string: ""
	at java.lang.NumberFormatException.forInputString(NumberFormatException.java:48)
	at java.lang.Integer.parseInt(Integer.java:470)
	at java.lang.Integer.parseInt(Integer.java:499)
	at br.fav.alarme.android.web.controller.RastrearBean.consultarUltimaLocalizacao(RastrearBean.java:49)
	at sun.reflect.NativeMethodAccessorImpl.invoke0(Native Method)
	at sun.reflect.NativeMethodAccessorImpl.invoke(NativeMethodAccessorImpl.java:39)
	at sun.reflect.DelegatingMethodAccessorImpl.invoke(DelegatingMethodAccessorImpl.java:25)
	at java.lang.reflect.Method.invoke(Method.java:597)
	at org.apache.el.parser.AstValue.invoke(AstValue.java:262)
	at org.apache.el.MethodExpressionImpl.invoke(MethodExpressionImpl.java:278)
	at org.apache.jasper.el.JspMethodExpression.invoke(JspMethodExpression.java:70)
	at javax.faces.component.MethodBindingMethodExpressionAdapter.invoke(MethodBindingMethodExpressionAdapter.java:88)
	... 32 more
30/09/2011 17:46:04 com.sun.faces.application.ActionListenerImpl processAction
GRAVE: java.lang.NullPointerException
javax.faces.el.EvaluationException: java.lang.NullPointerException
	at javax.faces.component.MethodBindingMethodExpressionAdapter.invoke(MethodBindingMethodExpressionAdapter.java:102)
	at com.sun.faces.application.ActionListenerImpl.processAction(ActionListenerImpl.java:102)
	at javax.faces.component.UICommand.broadcast(UICommand.java:387)
	at org.ajax4jsf.component.AjaxViewRoot.processEvents(AjaxViewRoot.java:329)
	at org.ajax4jsf.component.AjaxViewRoot.broadcastEventsForPhase(AjaxViewRoot.java:304)
	at org.ajax4jsf.component.AjaxViewRoot.processPhase(AjaxViewRoot.java:261)
	at org.ajax4jsf.component.AjaxViewRoot.processApplication(AjaxViewRoot.java:474)
	at com.sun.faces.lifecycle.InvokeApplicationPhase.execute(InvokeApplicationPhase.java:82)
	at com.sun.faces.lifecycle.Phase.doPhase(Phase.java:100)
	at com.sun.faces.lifecycle.LifecycleImpl.execute(LifecycleImpl.java:118)
	at javax.faces.webapp.FacesServlet.service(FacesServlet.java:265)
	at org.apache.catalina.core.ApplicationFilterChain.internalDoFilter(ApplicationFilterChain.java:304)
	at org.apache.catalina.core.ApplicationFilterChain.doFilter(ApplicationFilterChain.java:210)
	at org.ajax4jsf.webapp.BaseXMLFilter.doXmlFilter(BaseXMLFilter.java:206)
	at org.ajax4jsf.webapp.BaseFilter.handleRequest(BaseFilter.java:290)
	at org.ajax4jsf.webapp.BaseFilter.processUploadsAndHandleRequest(BaseFilter.java:388)
	at org.ajax4jsf.webapp.BaseFilter.doFilter(BaseFilter.java:515)
	at org.apache.catalina.core.ApplicationFilterChain.internalDoFilter(ApplicationFilterChain.java:243)
	at org.apache.catalina.core.ApplicationFilterChain.doFilter(ApplicationFilterChain.java:210)
	at org.apache.catalina.core.StandardWrapperValve.invoke(StandardWrapperValve.java:224)
	at org.apache.catalina.core.StandardContextValve.invoke(StandardContextValve.java:175)
	at org.apache.catalina.authenticator.AuthenticatorBase.invoke(AuthenticatorBase.java:462)
	at org.apache.catalina.core.StandardHostValve.invoke(StandardHostValve.java:164)
	at org.apache.catalina.valves.ErrorReportValve.invoke(ErrorReportValve.java:100)
	at org.apache.catalina.valves.AccessLogValve.invoke(AccessLogValve.java:851)
	at org.apache.catalina.core.StandardEngineValve.invoke(StandardEngineValve.java:118)
	at org.apache.catalina.connector.CoyoteAdapter.service(CoyoteAdapter.java:405)
	at org.apache.coyote.http11.Http11Processor.process(Http11Processor.java:278)
	at org.apache.coyote.AbstractProtocol$AbstractConnectionHandler.process(AbstractProtocol.java:515)
	at org.apache.tomcat.util.net.JIoEndpoint$SocketProcessor.run(JIoEndpoint.java:302)
	at java.util.concurrent.ThreadPoolExecutor$Worker.runTask(ThreadPoolExecutor.java:886)
	at java.util.concurrent.ThreadPoolExecutor$Worker.run(ThreadPoolExecutor.java:908)
	at java.lang.Thread.run(Thread.java:662)
Caused by: java.lang.NullPointerException
	at br.fav.alarme.android.jdbc.RastreamentoJDBC.obterUltimoRegistro(RastreamentoJDBC.java:37)
	at br.fav.alarme.android.service.RastreamentoService.obterUltimoRegistro(RastreamentoService.java:18)
	at br.fav.alarme.android.web.controller.RastrearBean.consultarUltimaLocalizacao(RastrearBean.java:49)
	at sun.reflect.NativeMethodAccessorImpl.invoke0(Native Method)
	at sun.reflect.NativeMethodAccessorImpl.invoke(NativeMethodAccessorImpl.java:39)
	at sun.reflect.DelegatingMethodAccessorImpl.invoke(DelegatingMethodAccessorImpl.java:25)
	at java.lang.reflect.Method.invoke(Method.java:597)
	at org.apache.el.parser.AstValue.invoke(AstValue.java:262)
	at org.apache.el.MethodExpressionImpl.invoke(MethodExpressionImpl.java:278)
	at org.apache.jasper.el.JspMethodExpression.invoke(JspMethodExpression.java:70)
	at javax.faces.component.MethodBindingMethodExpressionAdapter.invoke(MethodBindingMethodExpressionAdapter.java:88)
	... 32 more
30/09/2011 17:46:04 com.sun.faces.lifecycle.InvokeApplicationPhase execute
AVISO: #{RastrearBean.consultarUltimaLocalizacao }: java.lang.NullPointerException
javax.faces.FacesException: #{RastrearBean.consultarUltimaLocalizacao }: java.lang.NullPointerException
	at com.sun.faces.application.ActionListenerImpl.processAction(ActionListenerImpl.java:118)
	at javax.faces.component.UICommand.broadcast(UICommand.java:387)
	at org.ajax4jsf.component.AjaxViewRoot.processEvents(AjaxViewRoot.java:329)
	at org.ajax4jsf.component.AjaxViewRoot.broadcastEventsForPhase(AjaxViewRoot.java:304)
	at org.ajax4jsf.component.AjaxViewRoot.processPhase(AjaxViewRoot.java:261)
	at org.ajax4jsf.component.AjaxViewRoot.processApplication(AjaxViewRoot.java:474)
	at com.sun.faces.lifecycle.InvokeApplicationPhase.execute(InvokeApplicationPhase.java:82)
	at com.sun.faces.lifecycle.Phase.doPhase(Phase.java:100)
	at com.sun.faces.lifecycle.LifecycleImpl.execute(LifecycleImpl.java:118)
	at javax.faces.webapp.FacesServlet.service(FacesServlet.java:265)
	at org.apache.catalina.core.ApplicationFilterChain.internalDoFilter(ApplicationFilterChain.java:304)
	at org.apache.catalina.core.ApplicationFilterChain.doFilter(ApplicationFilterChain.java:210)
	at org.ajax4jsf.webapp.BaseXMLFilter.doXmlFilter(BaseXMLFilter.java:206)
	at org.ajax4jsf.webapp.BaseFilter.handleRequest(BaseFilter.java:290)
	at org.ajax4jsf.webapp.BaseFilter.processUploadsAndHandleRequest(BaseFilter.java:388)
	at org.ajax4jsf.webapp.BaseFilter.doFilter(BaseFilter.java:515)
	at org.apache.catalina.core.ApplicationFilterChain.internalDoFilter(ApplicationFilterChain.java:243)
	at org.apache.catalina.core.ApplicationFilterChain.doFilter(ApplicationFilterChain.java:210)
	at org.apache.catalina.core.StandardWrapperValve.invoke(StandardWrapperValve.java:224)
	at org.apache.catalina.core.StandardContextValve.invoke(StandardContextValve.java:175)
	at org.apache.catalina.authenticator.AuthenticatorBase.invoke(AuthenticatorBase.java:462)
	at org.apache.catalina.core.StandardHostValve.invoke(StandardHostValve.java:164)
	at org.apache.catalina.valves.ErrorReportValve.invoke(ErrorReportValve.java:100)
	at org.apache.catalina.valves.AccessLogValve.invoke(AccessLogValve.java:851)
	at org.apache.catalina.core.StandardEngineValve.invoke(StandardEngineValve.java:118)
	at org.apache.catalina.connector.CoyoteAdapter.service(CoyoteAdapter.java:405)
	at org.apache.coyote.http11.Http11Processor.process(Http11Processor.java:278)
	at org.apache.coyote.AbstractProtocol$AbstractConnectionHandler.process(AbstractProtocol.java:515)
	at org.apache.tomcat.util.net.JIoEndpoint$SocketProcessor.run(JIoEndpoint.java:302)
	at java.util.concurrent.ThreadPoolExecutor$Worker.runTask(ThreadPoolExecutor.java:886)
	at java.util.concurrent.ThreadPoolExecutor$Worker.run(ThreadPoolExecutor.java:908)
	at java.lang.Thread.run(Thread.java:662)
Caused by: javax.faces.el.EvaluationException: java.lang.NullPointerException
	at javax.faces.component.MethodBindingMethodExpressionAdapter.invoke(MethodBindingMethodExpressionAdapter.java:102)
	at com.sun.faces.application.ActionListenerImpl.processAction(ActionListenerImpl.java:102)
	... 31 more
Caused by: java.lang.NullPointerException
	at br.fav.alarme.android.jdbc.RastreamentoJDBC.obterUltimoRegistro(RastreamentoJDBC.java:37)
	at br.fav.alarme.android.service.RastreamentoService.obterUltimoRegistro(RastreamentoService.java:18)
	at br.fav.alarme.android.web.controller.RastrearBean.consultarUltimaLocalizacao(RastrearBean.java:49)
	at sun.reflect.NativeMethodAccessorImpl.invoke0(Native Method)
	at sun.reflect.NativeMethodAccessorImpl.invoke(NativeMethodAccessorImpl.java:39)
	at sun.reflect.DelegatingMethodAccessorImpl.invoke(DelegatingMethodAccessorImpl.java:25)
	at java.lang.reflect.Method.invoke(Method.java:597)
	at org.apache.el.parser.AstValue.invoke(AstValue.java:262)
	at org.apache.el.MethodExpressionImpl.invoke(MethodExpressionImpl.java:278)
	at org.apache.jasper.el.JspMethodExpression.invoke(JspMethodExpression.java:70)
	at javax.faces.component.MethodBindingMethodExpressionAdapter.invoke(MethodBindingMethodExpressionAdapter.java:88)
	... 32 more
30/09/2011 17:46:04 com.sun.faces.lifecycle.Phase doPhase
GRAVE: JSF1054: (Phase ID: INVOKE_APPLICATION 5, View ID: /rastrear.jsp) Exception thrown during phase execution: javax.faces.event.PhaseEvent[source=com.sun.faces.lifecycle.LifecycleImpl@f942c4]
30/09/2011 17:46:04 org.ajax4jsf.webapp.BaseXMLFilter doXmlFilter
GRAVE: Exception in the filter chain
javax.servlet.ServletException: #{RastrearBean.consultarUltimaLocalizacao }: java.lang.NullPointerException
	at javax.faces.webapp.FacesServlet.service(FacesServlet.java:277)
	at org.apache.catalina.core.ApplicationFilterChain.internalDoFilter(ApplicationFilterChain.java:304)
	at org.apache.catalina.core.ApplicationFilterChain.doFilter(ApplicationFilterChain.java:210)
	at org.ajax4jsf.webapp.BaseXMLFilter.doXmlFilter(BaseXMLFilter.java:206)
	at org.ajax4jsf.webapp.BaseFilter.handleRequest(BaseFilter.java:290)
	at org.ajax4jsf.webapp.BaseFilter.processUploadsAndHandleRequest(BaseFilter.java:388)
	at org.ajax4jsf.webapp.BaseFilter.doFilter(BaseFilter.java:515)
	at org.apache.catalina.core.ApplicationFilterChain.internalDoFilter(ApplicationFilterChain.java:243)
	at org.apache.catalina.core.ApplicationFilterChain.doFilter(ApplicationFilterChain.java:210)
	at org.apache.catalina.core.StandardWrapperValve.invoke(StandardWrapperValve.java:224)
	at org.apache.catalina.core.StandardContextValve.invoke(StandardContextValve.java:175)
	at org.apache.catalina.authenticator.AuthenticatorBase.invoke(AuthenticatorBase.java:462)
	at org.apache.catalina.core.StandardHostValve.invoke(StandardHostValve.java:164)
	at org.apache.catalina.valves.ErrorReportValve.invoke(ErrorReportValve.java:100)
	at org.apache.catalina.valves.AccessLogValve.invoke(AccessLogValve.java:851)
	at org.apache.catalina.core.StandardEngineValve.invoke(StandardEngineValve.java:118)
	at org.apache.catalina.connector.CoyoteAdapter.service(CoyoteAdapter.java:405)
	at org.apache.coyote.http11.Http11Processor.process(Http11Processor.java:278)
	at org.apache.coyote.AbstractProtocol$AbstractConnectionHandler.process(AbstractProtocol.java:515)
	at org.apache.tomcat.util.net.JIoEndpoint$SocketProcessor.run(JIoEndpoint.java:302)
	at java.util.concurrent.ThreadPoolExecutor$Worker.runTask(ThreadPoolExecutor.java:886)
	at java.util.concurrent.ThreadPoolExecutor$Worker.run(ThreadPoolExecutor.java:908)
	at java.lang.Thread.run(Thread.java:662)
Caused by: javax.faces.FacesException: #{RastrearBean.consultarUltimaLocalizacao }: java.lang.NullPointerException
	at com.sun.faces.application.ActionListenerImpl.processAction(ActionListenerImpl.java:118)
	at javax.faces.component.UICommand.broadcast(UICommand.java:387)
	at org.ajax4jsf.component.AjaxViewRoot.processEvents(AjaxViewRoot.java:329)
	at org.ajax4jsf.component.AjaxViewRoot.broadcastEventsForPhase(AjaxViewRoot.java:304)
	at org.ajax4jsf.component.AjaxViewRoot.processPhase(AjaxViewRoot.java:261)
	at org.ajax4jsf.component.AjaxViewRoot.processApplication(AjaxViewRoot.java:474)
	at com.sun.faces.lifecycle.InvokeApplicationPhase.execute(InvokeApplicationPhase.java:82)
	at com.sun.faces.lifecycle.Phase.doPhase(Phase.java:100)
	at com.sun.faces.lifecycle.LifecycleImpl.execute(LifecycleImpl.java:118)
	at javax.faces.webapp.FacesServlet.service(FacesServlet.java:265)
	... 22 more
Caused by: javax.faces.el.EvaluationException: java.lang.NullPointerException
	at javax.faces.component.MethodBindingMethodExpressionAdapter.invoke(MethodBindingMethodExpressionAdapter.java:102)
	at com.sun.faces.application.ActionListenerImpl.processAction(ActionListenerImpl.java:102)
	... 31 more
Caused by: java.lang.NullPointerException
	at br.fav.alarme.android.jdbc.RastreamentoJDBC.obterUltimoRegistro(RastreamentoJDBC.java:37)
	at br.fav.alarme.android.service.RastreamentoService.obterUltimoRegistro(RastreamentoService.java:18)
	at br.fav.alarme.android.web.controller.RastrearBean.consultarUltimaLocalizacao(RastrearBean.java:49)
	at sun.reflect.NativeMethodAccessorImpl.invoke0(Native Method)
	at sun.reflect.NativeMethodAccessorImpl.invoke(NativeMethodAccessorImpl.java:39)
	at sun.reflect.DelegatingMethodAccessorImpl.invoke(DelegatingMethodAccessorImpl.java:25)
	at java.lang.reflect.Method.invoke(Method.java:597)
	at org.apache.el.parser.AstValue.invoke(AstValue.java:262)
	at org.apache.el.MethodExpressionImpl.invoke(MethodExpressionImpl.java:278)
	at org.apache.jasper.el.JspMethodExpression.invoke(JspMethodExpression.java:70)
	at javax.faces.component.MethodBindingMethodExpressionAdapter.invoke(MethodBindingMethodExpressionAdapter.java:88)
	... 32 more
