
ROM used: 909 (11%)
          909 (11%) including unused fragments

          1 Average locations per line
          4 Average locations per statement

RAM used: 112 (30%) at main() level
          124 (34%) worst case

Stack used: 5 worst case (out of 7 total available)

Lines Stmts  %   Files
----- ----- ---  -----
  288   163  69  main.c
   18     0   0  main.h
  313     0   0  C:\Arquivos de programas\PICC\devices\16F877A.h
  193    73  31  LCD.C
----- -----
  812   236 Total

Page ROM  %  RAM   Vol Diff  Functions:
---- --- --- ---   --- ----  ----------
0     20   2   1             @delay_ms1
0      8   1   0             @const58
 Inline        3   463  4.3  lcd_read_byte
0     16   2   1   134  2.2  lcd_send_nibble
0     89  10   3   317  4.3  lcd_send_byte
0     66   7   2   422  4.7  lcd_init
0     40   4   4   341  6.0  lcd_gotoxy
0      8   1   0             @goto10091
0     64   7   1   370  6.0  lcd_putc
0     25   3   0   223  2.7  RB_isr
0     37   4   2   300  4.6  RDA_isr
0    427  47   2  3665  8.4  MAIN
0     28   3   0             @const105
0      8   1   0             @goto10302
0      5   1   0    74  1.6  clear_botao
0      8   1   0    66  2.0  limpa_serial

Program metrics:
    Functions               11
    Statements              236
    Comments                258
    Volume (V)              9079
    Difficilty (D)          47.2
    Effort to implement (E) 428239
    Time to implement (T)   6 hours, 37 minutes
    Est Delivered Bugs (B)  2
    Cyclomatic Complexity   39
    Maintainability (MI)    133

 Segment     Used  Free
-----------  ----  ----
00000-00003     4  0  
00004-0003B    56  0  
0003C-007FF   849  1139  
00800-00FFF     0  2048  
01000-017FF     0  2048  
01800-01FFF     0  2048  



